14:28:49 INFO  : Launching XSDB server: xsdb.bat C:/Xilinx/SDK/2015.4/scripts/xsdb/xsdb/xsdb-server.tcl
14:28:51 INFO  : XSDB server has started successfully.
14:28:51 INFO  : Processing command line option -hwspec E:/AX7010/labs/vdma_test/vdma_test.sdk/system_wrapper.hdf.
14:35:13 INFO  : Connected to target on host '127.0.0.1' and port '3121'.
14:35:14 INFO  : 'targets -set -filter {jtag_cable_name =~ "Digilent JTAG-HS1 210249854655" && level==0} -index 1' command is executed.
14:35:16 INFO  : FPGA configured successfully with bitstream "E:/AX7010/labs/vdma_test/vdma_test.sdk/system_wrapper_hw_platform_0/system_wrapper.bit"
14:35:26 INFO  : 'targets -set -filter {jtag_cable_name =~ "Digilent JTAG-HS1 210249854655" && level==0} -index 1' command is executed.
14:35:26 INFO  : 'fpga -state' command is executed.
14:35:26 INFO  : Connected to target on host '127.0.0.1' and port '3121'.
14:35:26 INFO  : Sourcing of 'E:/AX7010/labs/vdma_test/vdma_test.sdk/system_wrapper_hw_platform_0/ps7_init.tcl' is done.
14:35:26 INFO  : 'targets -set -filter {name =~"APU" && jtag_cable_name =~ "Digilent JTAG-HS1 210249854655"} -index 0' command is executed.
14:35:26 INFO  : Hardware design information is loaded from 'E:/AX7010/labs/vdma_test/vdma_test.sdk/system_wrapper_hw_platform_0/system.hdf'.
14:35:27 INFO  : 'targets -set -filter {name =~"APU" && jtag_cable_name =~ "Digilent JTAG-HS1 210249854655"} -index 0' command is executed.
14:35:27 INFO  : 'stop' command is executed.
14:35:27 INFO  : 'ps7_init' command is executed.
14:35:27 INFO  : 'ps7_post_config' command is executed.
14:35:28 INFO  : 'con' command is executed.
14:35:28 INFO  : Context for processor 'ps7_cortexa9_0' is selected.
14:35:28 INFO  : Processor reset is completed for 'ps7_cortexa9_0'.
14:35:28 INFO  : Context for processor 'ps7_cortexa9_0' is selected.
14:35:32 INFO  : The application 'E:/AX7010/labs/vdma_test/vdma_test.sdk/vdma_test/Debug/vdma_test.elf' is downloaded to processor 'ps7_cortexa9_0'.
14:35:32 INFO  : ----------------XSDB Script----------------
connect -url tcp:127.0.0.1:3121
source E:/AX7010/labs/vdma_test/vdma_test.sdk/system_wrapper_hw_platform_0/ps7_init.tcl
targets -set -filter {name =~"APU" && jtag_cable_name =~ "Digilent JTAG-HS1 210249854655"} -index 0
loadhw E:/AX7010/labs/vdma_test/vdma_test.sdk/system_wrapper_hw_platform_0/system.hdf
targets -set -filter {name =~"APU" && jtag_cable_name =~ "Digilent JTAG-HS1 210249854655"} -index 0
stop
ps7_init
ps7_post_config
con
targets -set -nocase -filter {name =~ "ARM*#0" && jtag_cable_name =~ "Digilent JTAG-HS1 210249854655"} -index 0
rst -processor
targets -set -nocase -filter {name =~ "ARM*#0" && jtag_cable_name =~ "Digilent JTAG-HS1 210249854655"} -index 0
dow E:/AX7010/labs/vdma_test/vdma_test.sdk/vdma_test/Debug/vdma_test.elf
----------------End of Script----------------

14:35:32 INFO  : Memory regions updated for context APU
14:35:32 INFO  : Context for processor 'ps7_cortexa9_0' is selected.
14:35:32 INFO  : 'con' command is executed.
14:35:32 INFO  : ----------------XSDB Script (After Launch)----------------
targets -set -nocase -filter {name =~ "ARM*#0" && jtag_cable_name =~ "Digilent JTAG-HS1 210249854655"} -index 0
con
----------------End of Script----------------

14:36:08 INFO  : Disconnected from the channel tcfchan#1.
14:36:08 INFO  : 'targets -set -filter {jtag_cable_name =~ "Digilent JTAG-HS1 210249854655" && level==0} -index 1' command is executed.
14:36:08 INFO  : 'fpga -state' command is executed.
14:36:08 INFO  : Connected to target on host '127.0.0.1' and port '3121'.
14:36:08 INFO  : Sourcing of 'E:/AX7010/labs/vdma_test/vdma_test.sdk/system_wrapper_hw_platform_0/ps7_init.tcl' is done.
14:36:09 INFO  : 'targets -set -filter {name =~"APU" && jtag_cable_name =~ "Digilent JTAG-HS1 210249854655"} -index 0' command is executed.
14:36:09 INFO  : Hardware design information is loaded from 'E:/AX7010/labs/vdma_test/vdma_test.sdk/system_wrapper_hw_platform_0/system.hdf'.
14:36:09 INFO  : 'targets -set -filter {name =~"APU" && jtag_cable_name =~ "Digilent JTAG-HS1 210249854655"} -index 0' command is executed.
14:36:09 INFO  : 'stop' command is executed.
14:36:10 INFO  : 'ps7_init' command is executed.
14:36:10 INFO  : 'ps7_post_config' command is executed.
14:36:10 INFO  : 'con' command is executed.
14:36:10 INFO  : Context for processor 'ps7_cortexa9_0' is selected.
14:36:10 INFO  : Processor reset is completed for 'ps7_cortexa9_0'.
14:36:10 INFO  : Context for processor 'ps7_cortexa9_0' is selected.
14:36:15 INFO  : The application 'E:/AX7010/labs/vdma_test/vdma_test.sdk/vdma_test/Debug/vdma_test.elf' is downloaded to processor 'ps7_cortexa9_0'.
14:36:15 INFO  : ----------------XSDB Script----------------
connect -url tcp:127.0.0.1:3121
source E:/AX7010/labs/vdma_test/vdma_test.sdk/system_wrapper_hw_platform_0/ps7_init.tcl
targets -set -filter {name =~"APU" && jtag_cable_name =~ "Digilent JTAG-HS1 210249854655"} -index 0
loadhw E:/AX7010/labs/vdma_test/vdma_test.sdk/system_wrapper_hw_platform_0/system.hdf
targets -set -filter {name =~"APU" && jtag_cable_name =~ "Digilent JTAG-HS1 210249854655"} -index 0
stop
ps7_init
ps7_post_config
con
targets -set -nocase -filter {name =~ "ARM*#0" && jtag_cable_name =~ "Digilent JTAG-HS1 210249854655"} -index 0
rst -processor
targets -set -nocase -filter {name =~ "ARM*#0" && jtag_cable_name =~ "Digilent JTAG-HS1 210249854655"} -index 0
dow E:/AX7010/labs/vdma_test/vdma_test.sdk/vdma_test/Debug/vdma_test.elf
----------------End of Script----------------

14:36:15 INFO  : Memory regions updated for context APU
14:36:15 INFO  : Context for processor 'ps7_cortexa9_0' is selected.
14:36:15 INFO  : 'con' command is executed.
14:36:15 INFO  : ----------------XSDB Script (After Launch)----------------
targets -set -nocase -filter {name =~ "ARM*#0" && jtag_cable_name =~ "Digilent JTAG-HS1 210249854655"} -index 0
con
----------------End of Script----------------

14:36:45 INFO  : Connected to target on host '127.0.0.1' and port '3121'.
14:36:45 INFO  : 'targets -set -filter {jtag_cable_name =~ "Digilent JTAG-HS1 210249854655" && level==0} -index 1' command is executed.
14:36:47 INFO  : FPGA configured successfully with bitstream "E:/AX7010/labs/vdma_test/vdma_test.sdk/system_wrapper_hw_platform_0/system_wrapper.bit"
14:36:58 INFO  : Disconnected from the channel tcfchan#2.
14:36:59 INFO  : 'targets -set -filter {jtag_cable_name =~ "Digilent JTAG-HS1 210249854655" && level==0} -index 1' command is executed.
14:36:59 INFO  : 'fpga -state' command is executed.
14:36:59 INFO  : Connected to target on host '127.0.0.1' and port '3121'.
14:36:59 INFO  : Sourcing of 'E:/AX7010/labs/vdma_test/vdma_test.sdk/system_wrapper_hw_platform_0/ps7_init.tcl' is done.
14:37:00 INFO  : 'targets -set -filter {name =~"APU" && jtag_cable_name =~ "Digilent JTAG-HS1 210249854655"} -index 0' command is executed.
14:37:00 INFO  : Hardware design information is loaded from 'E:/AX7010/labs/vdma_test/vdma_test.sdk/system_wrapper_hw_platform_0/system.hdf'.
14:37:00 INFO  : 'targets -set -filter {name =~"APU" && jtag_cable_name =~ "Digilent JTAG-HS1 210249854655"} -index 0' command is executed.
14:37:00 INFO  : 'stop' command is executed.
14:37:00 INFO  : 'ps7_init' command is executed.
14:37:00 INFO  : 'ps7_post_config' command is executed.
14:37:01 INFO  : 'con' command is executed.
14:37:01 INFO  : Context for processor 'ps7_cortexa9_0' is selected.
14:37:01 INFO  : Processor reset is completed for 'ps7_cortexa9_0'.
14:37:01 INFO  : Context for processor 'ps7_cortexa9_0' is selected.
14:37:05 INFO  : The application 'E:/AX7010/labs/vdma_test/vdma_test.sdk/vdma_test/Debug/vdma_test.elf' is downloaded to processor 'ps7_cortexa9_0'.
14:37:05 INFO  : ----------------XSDB Script----------------
connect -url tcp:127.0.0.1:3121
source E:/AX7010/labs/vdma_test/vdma_test.sdk/system_wrapper_hw_platform_0/ps7_init.tcl
targets -set -filter {name =~"APU" && jtag_cable_name =~ "Digilent JTAG-HS1 210249854655"} -index 0
loadhw E:/AX7010/labs/vdma_test/vdma_test.sdk/system_wrapper_hw_platform_0/system.hdf
targets -set -filter {name =~"APU" && jtag_cable_name =~ "Digilent JTAG-HS1 210249854655"} -index 0
stop
ps7_init
ps7_post_config
con
targets -set -nocase -filter {name =~ "ARM*#0" && jtag_cable_name =~ "Digilent JTAG-HS1 210249854655"} -index 0
rst -processor
targets -set -nocase -filter {name =~ "ARM*#0" && jtag_cable_name =~ "Digilent JTAG-HS1 210249854655"} -index 0
dow E:/AX7010/labs/vdma_test/vdma_test.sdk/vdma_test/Debug/vdma_test.elf
----------------End of Script----------------

14:37:05 INFO  : Memory regions updated for context APU
14:37:05 INFO  : Context for processor 'ps7_cortexa9_0' is selected.
14:37:05 INFO  : 'con' command is executed.
14:37:05 INFO  : ----------------XSDB Script (After Launch)----------------
targets -set -nocase -filter {name =~ "ARM*#0" && jtag_cable_name =~ "Digilent JTAG-HS1 210249854655"} -index 0
con
----------------End of Script----------------

14:37:40 INFO  : Disconnected from the channel tcfchan#3.
14:37:40 INFO  : 'targets -set -filter {jtag_cable_name =~ "Digilent JTAG-HS1 210249854655" && level==0} -index 1' command is executed.
14:37:40 INFO  : 'fpga -state' command is executed.
14:37:40 INFO  : Connected to target on host '127.0.0.1' and port '3121'.
14:37:41 INFO  : Sourcing of 'E:/AX7010/labs/vdma_test/vdma_test.sdk/system_wrapper_hw_platform_0/ps7_init.tcl' is done.
14:37:41 INFO  : 'targets -set -filter {name =~"APU" && jtag_cable_name =~ "Digilent JTAG-HS1 210249854655"} -index 0' command is executed.
14:37:41 INFO  : Hardware design information is loaded from 'E:/AX7010/labs/vdma_test/vdma_test.sdk/system_wrapper_hw_platform_0/system.hdf'.
14:37:41 INFO  : 'targets -set -filter {name =~"APU" && jtag_cable_name =~ "Digilent JTAG-HS1 210249854655"} -index 0' command is executed.
14:37:41 INFO  : 'stop' command is executed.
14:37:42 INFO  : 'ps7_init' command is executed.
14:37:42 INFO  : 'ps7_post_config' command is executed.
14:37:42 INFO  : 'con' command is executed.
14:37:42 INFO  : Context for processor 'ps7_cortexa9_0' is selected.
14:37:42 INFO  : Processor reset is completed for 'ps7_cortexa9_0'.
14:37:43 INFO  : Context for processor 'ps7_cortexa9_0' is selected.
14:37:47 INFO  : The application 'E:/AX7010/labs/vdma_test/vdma_test.sdk/vdma_test/Debug/vdma_test.elf' is downloaded to processor 'ps7_cortexa9_0'.
14:37:47 INFO  : ----------------XSDB Script----------------
connect -url tcp:127.0.0.1:3121
source E:/AX7010/labs/vdma_test/vdma_test.sdk/system_wrapper_hw_platform_0/ps7_init.tcl
targets -set -filter {name =~"APU" && jtag_cable_name =~ "Digilent JTAG-HS1 210249854655"} -index 0
loadhw E:/AX7010/labs/vdma_test/vdma_test.sdk/system_wrapper_hw_platform_0/system.hdf
targets -set -filter {name =~"APU" && jtag_cable_name =~ "Digilent JTAG-HS1 210249854655"} -index 0
stop
ps7_init
ps7_post_config
con
targets -set -nocase -filter {name =~ "ARM*#0" && jtag_cable_name =~ "Digilent JTAG-HS1 210249854655"} -index 0
rst -processor
targets -set -nocase -filter {name =~ "ARM*#0" && jtag_cable_name =~ "Digilent JTAG-HS1 210249854655"} -index 0
dow E:/AX7010/labs/vdma_test/vdma_test.sdk/vdma_test/Debug/vdma_test.elf
----------------End of Script----------------

14:37:47 INFO  : Memory regions updated for context APU
14:37:47 INFO  : Context for processor 'ps7_cortexa9_0' is selected.
14:37:47 INFO  : 'con' command is executed.
14:37:47 INFO  : ----------------XSDB Script (After Launch)----------------
targets -set -nocase -filter {name =~ "ARM*#0" && jtag_cable_name =~ "Digilent JTAG-HS1 210249854655"} -index 0
con
----------------End of Script----------------

14:38:06 INFO  : Connected to target on host '127.0.0.1' and port '3121'.
14:38:06 INFO  : 'targets -set -filter {jtag_cable_name =~ "Digilent JTAG-HS1 210249854655" && level==0} -index 1' command is executed.
14:38:08 INFO  : FPGA configured successfully with bitstream "E:/AX7010/labs/vdma_test/vdma_test.sdk/system_wrapper_hw_platform_0/system_wrapper.bit"
14:38:19 INFO  : Disconnected from the channel tcfchan#4.
14:38:19 INFO  : 'targets -set -filter {jtag_cable_name =~ "Digilent JTAG-HS1 210249854655" && level==0} -index 1' command is executed.
14:38:19 INFO  : 'fpga -state' command is executed.
14:38:20 INFO  : Connected to target on host '127.0.0.1' and port '3121'.
14:38:20 INFO  : Sourcing of 'E:/AX7010/labs/vdma_test/vdma_test.sdk/system_wrapper_hw_platform_0/ps7_init.tcl' is done.
14:38:20 INFO  : 'targets -set -filter {name =~"APU" && jtag_cable_name =~ "Digilent JTAG-HS1 210249854655"} -index 0' command is executed.
14:38:20 INFO  : Hardware design information is loaded from 'E:/AX7010/labs/vdma_test/vdma_test.sdk/system_wrapper_hw_platform_0/system.hdf'.
14:38:21 INFO  : 'targets -set -filter {name =~"APU" && jtag_cable_name =~ "Digilent JTAG-HS1 210249854655"} -index 0' command is executed.
14:38:21 INFO  : 'stop' command is executed.
14:38:21 INFO  : 'ps7_init' command is executed.
14:38:22 INFO  : 'ps7_post_config' command is executed.
14:38:22 INFO  : 'con' command is executed.
14:38:22 INFO  : Context for processor 'ps7_cortexa9_0' is selected.
14:38:22 INFO  : Processor reset is completed for 'ps7_cortexa9_0'.
14:38:22 INFO  : Context for processor 'ps7_cortexa9_0' is selected.
14:38:26 INFO  : The application 'E:/AX7010/labs/vdma_test/vdma_test.sdk/vdma_test/Debug/vdma_test.elf' is downloaded to processor 'ps7_cortexa9_0'.
14:38:26 INFO  : ----------------XSDB Script----------------
connect -url tcp:127.0.0.1:3121
source E:/AX7010/labs/vdma_test/vdma_test.sdk/system_wrapper_hw_platform_0/ps7_init.tcl
targets -set -filter {name =~"APU" && jtag_cable_name =~ "Digilent JTAG-HS1 210249854655"} -index 0
loadhw E:/AX7010/labs/vdma_test/vdma_test.sdk/system_wrapper_hw_platform_0/system.hdf
targets -set -filter {name =~"APU" && jtag_cable_name =~ "Digilent JTAG-HS1 210249854655"} -index 0
stop
ps7_init
ps7_post_config
con
targets -set -nocase -filter {name =~ "ARM*#0" && jtag_cable_name =~ "Digilent JTAG-HS1 210249854655"} -index 0
rst -processor
targets -set -nocase -filter {name =~ "ARM*#0" && jtag_cable_name =~ "Digilent JTAG-HS1 210249854655"} -index 0
dow E:/AX7010/labs/vdma_test/vdma_test.sdk/vdma_test/Debug/vdma_test.elf
----------------End of Script----------------

14:38:26 INFO  : Memory regions updated for context APU
14:38:26 INFO  : Context for processor 'ps7_cortexa9_0' is selected.
14:38:27 INFO  : 'con' command is executed.
14:38:27 INFO  : ----------------XSDB Script (After Launch)----------------
targets -set -nocase -filter {name =~ "ARM*#0" && jtag_cable_name =~ "Digilent JTAG-HS1 210249854655"} -index 0
con
----------------End of Script----------------

09:29:15 WARN  : Unexpected exception occurred.
java.io.IOException: Command [C 408 xsdb eval "disconnect tcfchan#5"] aborted
	at org.eclipse.tcf.core.AbstractChannel$9.run(AbstractChannel.java:753)
	at org.eclipse.tcf.EventQueue.run(EventQueue.java:95)
	at java.lang.Thread.run(Thread.java:745)
Caused by: java.net.SocketException: Connection reset
	at java.net.SocketInputStream.read(SocketInputStream.java:209)
	at java.net.SocketInputStream.read(SocketInputStream.java:141)
	at java.io.BufferedInputStream.read1(BufferedInputStream.java:284)
	at java.io.BufferedInputStream.read(BufferedInputStream.java:345)
	at java.io.FilterInputStream.read(FilterInputStream.java:107)
	at org.eclipse.tcf.core.ChannelTCP.get(ChannelTCP.java:162)
	at org.eclipse.tcf.core.StreamChannel.read(StreamChannel.java:84)
	at org.eclipse.tcf.core.AbstractChannel$1.run(AbstractChannel.java:254)
09:34:43 INFO  : Launching XSDB server: xsdb.bat C:/Xilinx/SDK/2015.4/scripts/xsdb/xsdb/xsdb-server.tcl
09:34:46 INFO  : XSDB server has started successfully.
09:34:47 INFO  : Processing command line option -hwspec E:/AX7010/labs/vdma_test/vdma_test.sdk/system_wrapper.hdf.
09:34:47 INFO  : Checking for hwspec changes in the project system_wrapper_hw_platform_0.
09:40:35 INFO  : Invoking Bootgen: bootgen -image output.bif -o E:\AX7010\labs\vdma_test\BOOT.bin
09:40:35 INFO  : Creating new bif file E:\AX7010\labs\vdma_test\output.bif
09:40:36 INFO  : Bootgen command execution is done.
10:00:00 INFO  : Launching XSDB server: xsdb.bat C:/Xilinx/SDK/2015.4/scripts/xsdb/xsdb/xsdb-server.tcl
10:00:02 INFO  : XSDB server has started successfully.
10:00:02 INFO  : Processing command line option -hwspec E:/AX7010/labs/vdma_test/vdma_test.sdk/system_wrapper.hdf.
10:00:03 INFO  : Checking for hwspec changes in the project system_wrapper_hw_platform_0.
10:00:47 INFO  : Invoking Bootgen: bootgen -image vdma_test.bif -o E:\AX7010\labs\vdma_test\vdma_test.sdk\vdma_test\bootimage\BOOT.bin
10:00:47 INFO  : Creating new bif file E:\AX7010\labs\vdma_test\vdma_test.sdk\vdma_test\bootimage\vdma_test.bif
10:00:48 INFO  : Bootgen command execution is done.
10:06:19 INFO  : Invoking Bootgen: bootgen -image fsbl.bif -o E:\AX7010\labs\vdma_test\vdma_test.sdk\fsbl\bootimage\BOOT.bin
10:06:19 INFO  : Creating new bif file E:\AX7010\labs\vdma_test\vdma_test.sdk\fsbl\bootimage\fsbl.bif
10:06:20 INFO  : Bootgen command execution is done.
10:12:04 INFO  : Invoking Bootgen: bootgen -image fsbl.bif -o E:\AX7010\labs\vdma_test\vdma_test.sdk\fsbl\bootimage\BOOT.bin -w on
10:12:04 INFO  : Bootgen command execution is done.
10:55:00 INFO  : Launching XSDB server: xsdb.bat C:/Xilinx/SDK/2015.4/scripts/xsdb/xsdb/xsdb-server.tcl
10:55:02 INFO  : XSDB server has started successfully.
10:55:06 INFO  : Processing command line option -hwspec E:/AX7010/labs/vdma_test/vdma_test.sdk/system_wrapper.hdf.
10:55:07 INFO  : Checking for hwspec changes in the project system_wrapper_hw_platform_0.
10:55:07 INFO  : SDK has detected change in the last modified timestamps for source hardware specification file Source:1477623076653,  Project:1477548766893
10:55:07 INFO  : The hardware specification for project 'system_wrapper_hw_platform_0' is different from E:/AX7010/labs/vdma_test/vdma_test.sdk/system_wrapper.hdf.
10:55:07 INFO  : Copied contents of E:/AX7010/labs/vdma_test/vdma_test.sdk/system_wrapper.hdf into \system_wrapper_hw_platform_0\system.hdf.
10:55:10 INFO  : Synchronizing projects in the workspace with the hardware platform specification changes.
10:55:17 INFO  : 
10:55:18 INFO  : 
10:55:19 INFO  : Updating hardware inferred compiler options for fsbl.
10:55:20 INFO  : Updating hardware inferred compiler options for vdma_test.
10:55:20 INFO  : Clearing existing target manager status.
10:56:30 INFO  : Invoking Bootgen: bootgen -image output.bif -o E:\AX7010\labs\vdma_test\BOOT.bin -w on
10:56:31 INFO  : Bootgen command execution is done.
11:07:16 INFO  : 'targets -set -filter {jtag_cable_name =~ "Digilent JTAG-HS1 210249854655" && level==0} -index 1' command is executed.
11:07:16 INFO  : 'fpga -state' command is executed.
11:07:16 INFO  : Connected to target on host '127.0.0.1' and port '3121'.
11:07:17 INFO  : Sourcing of 'E:/AX7010/labs/vdma_test/vdma_test.sdk/system_wrapper_hw_platform_0/ps7_init.tcl' is done.
11:07:17 INFO  : 'targets -set -filter {name =~"APU" && jtag_cable_name =~ "Digilent JTAG-HS1 210249854655"} -index 0' command is executed.
11:07:17 INFO  : Hardware design information is loaded from 'E:/AX7010/labs/vdma_test/vdma_test.sdk/system_wrapper_hw_platform_0/system.hdf'.
11:07:17 INFO  : 'targets -set -filter {name =~"APU" && jtag_cable_name =~ "Digilent JTAG-HS1 210249854655"} -index 0' command is executed.
11:07:17 INFO  : 'stop' command is executed.
11:07:18 INFO  : 'ps7_init' command is executed.
11:07:18 INFO  : 'ps7_post_config' command is executed.
11:07:18 INFO  : 'con' command is executed.
11:07:18 INFO  : Context for processor 'ps7_cortexa9_0' is selected.
11:07:18 INFO  : Processor reset is completed for 'ps7_cortexa9_0'.
11:07:19 INFO  : Context for processor 'ps7_cortexa9_0' is selected.
11:07:19 INFO  : The application 'E:/AX7010/labs/vdma_test/vdma_test.sdk/fsbl/Debug/fsbl.elf' is downloaded to processor 'ps7_cortexa9_0'.
11:07:19 INFO  : ----------------XSDB Script----------------
connect -url tcp:127.0.0.1:3121
source E:/AX7010/labs/vdma_test/vdma_test.sdk/system_wrapper_hw_platform_0/ps7_init.tcl
targets -set -filter {name =~"APU" && jtag_cable_name =~ "Digilent JTAG-HS1 210249854655"} -index 0
loadhw E:/AX7010/labs/vdma_test/vdma_test.sdk/system_wrapper_hw_platform_0/system.hdf
targets -set -filter {name =~"APU" && jtag_cable_name =~ "Digilent JTAG-HS1 210249854655"} -index 0
stop
ps7_init
ps7_post_config
con
targets -set -nocase -filter {name =~ "ARM*#0" && jtag_cable_name =~ "Digilent JTAG-HS1 210249854655"} -index 0
rst -processor
targets -set -nocase -filter {name =~ "ARM*#0" && jtag_cable_name =~ "Digilent JTAG-HS1 210249854655"} -index 0
dow E:/AX7010/labs/vdma_test/vdma_test.sdk/fsbl/Debug/fsbl.elf
----------------End of Script----------------

11:07:19 INFO  : Memory regions updated for context APU
11:07:19 INFO  : Context for processor 'ps7_cortexa9_0' is selected.
11:07:19 INFO  : 'con' command is executed.
11:07:19 INFO  : ----------------XSDB Script (After Launch)----------------
targets -set -nocase -filter {name =~ "ARM*#0" && jtag_cable_name =~ "Digilent JTAG-HS1 210249854655"} -index 0
con
----------------End of Script----------------

11:14:12 INFO  : Disconnected from the channel tcfchan#1.
11:14:12 INFO  : 'targets -set -filter {jtag_cable_name =~ "Digilent JTAG-HS1 210249854655" && level==0} -index 1' command is executed.
11:14:12 INFO  : 'fpga -state' command is executed.
11:14:13 INFO  : Connected to target on host '127.0.0.1' and port '3121'.
11:14:13 INFO  : Sourcing of 'E:/AX7010/labs/vdma_test/vdma_test.sdk/system_wrapper_hw_platform_0/ps7_init.tcl' is done.
11:14:14 INFO  : 'targets -set -filter {name =~"APU" && jtag_cable_name =~ "Digilent JTAG-HS1 210249854655"} -index 0' command is executed.
11:14:14 INFO  : Hardware design information is loaded from 'E:/AX7010/labs/vdma_test/vdma_test.sdk/system_wrapper_hw_platform_0/system.hdf'.
11:14:14 INFO  : 'targets -set -filter {name =~"APU" && jtag_cable_name =~ "Digilent JTAG-HS1 210249854655"} -index 0' command is executed.
11:14:14 INFO  : 'stop' command is executed.
11:14:15 INFO  : 'ps7_init' command is executed.
11:14:15 INFO  : 'ps7_post_config' command is executed.
11:14:15 INFO  : 'con' command is executed.
11:14:15 INFO  : Context for processor 'ps7_cortexa9_0' is selected.
11:14:15 INFO  : Processor reset is completed for 'ps7_cortexa9_0'.
11:14:15 INFO  : Context for processor 'ps7_cortexa9_0' is selected.
11:14:16 INFO  : The application 'E:/AX7010/labs/vdma_test/vdma_test.sdk/fsbl/Debug/fsbl.elf' is downloaded to processor 'ps7_cortexa9_0'.
11:14:16 INFO  : ----------------XSDB Script----------------
connect -url tcp:127.0.0.1:3121
source E:/AX7010/labs/vdma_test/vdma_test.sdk/system_wrapper_hw_platform_0/ps7_init.tcl
targets -set -filter {name =~"APU" && jtag_cable_name =~ "Digilent JTAG-HS1 210249854655"} -index 0
loadhw E:/AX7010/labs/vdma_test/vdma_test.sdk/system_wrapper_hw_platform_0/system.hdf
targets -set -filter {name =~"APU" && jtag_cable_name =~ "Digilent JTAG-HS1 210249854655"} -index 0
stop
ps7_init
ps7_post_config
con
targets -set -nocase -filter {name =~ "ARM*#0" && jtag_cable_name =~ "Digilent JTAG-HS1 210249854655"} -index 0
rst -processor
targets -set -nocase -filter {name =~ "ARM*#0" && jtag_cable_name =~ "Digilent JTAG-HS1 210249854655"} -index 0
dow E:/AX7010/labs/vdma_test/vdma_test.sdk/fsbl/Debug/fsbl.elf
----------------End of Script----------------

11:14:16 INFO  : Memory regions updated for context APU
11:14:16 INFO  : Context for processor 'ps7_cortexa9_0' is selected.
11:14:16 INFO  : 'con' command is executed.
11:14:16 INFO  : ----------------XSDB Script (After Launch)----------------
targets -set -nocase -filter {name =~ "ARM*#0" && jtag_cable_name =~ "Digilent JTAG-HS1 210249854655"} -index 0
con
----------------End of Script----------------

11:17:10 INFO  : Invoking Bootgen: bootgen -image fsbl.bif -o E:\AX7010\labs\vdma_test\vdma_test.sdk\fsbl\bootimage\BOOT.bin -w on
11:17:10 INFO  : Overwriting existing bif file E:\AX7010\labs\vdma_test\vdma_test.sdk\fsbl\bootimage\fsbl.bif
11:17:11 INFO  : Bootgen command execution is done.
11:18:55 INFO  : Disconnected from the channel tcfchan#2.
11:18:56 INFO  : 'targets -set -filter {jtag_cable_name =~ "Digilent JTAG-HS1 210249854655" && level==0} -index 1' command is executed.
11:18:56 INFO  : 'fpga -state' command is executed.
11:18:57 INFO  : Connected to target on host '127.0.0.1' and port '3121'.
11:18:57 INFO  : Sourcing of 'E:/AX7010/labs/vdma_test/vdma_test.sdk/system_wrapper_hw_platform_0/ps7_init.tcl' is done.
11:18:57 INFO  : 'targets -set -filter {name =~"APU" && jtag_cable_name =~ "Digilent JTAG-HS1 210249854655"} -index 0' command is executed.
11:18:57 INFO  : Hardware design information is loaded from 'E:/AX7010/labs/vdma_test/vdma_test.sdk/system_wrapper_hw_platform_0/system.hdf'.
11:18:58 INFO  : 'targets -set -filter {name =~"APU" && jtag_cable_name =~ "Digilent JTAG-HS1 210249854655"} -index 0' command is executed.
11:18:58 INFO  : 'stop' command is executed.
11:18:58 INFO  : 'ps7_init' command is executed.
11:18:58 INFO  : 'ps7_post_config' command is executed.
11:18:58 INFO  : 'con' command is executed.
11:18:59 INFO  : Context for processor 'ps7_cortexa9_0' is selected.
11:18:59 INFO  : Processor reset is completed for 'ps7_cortexa9_0'.
11:18:59 INFO  : Context for processor 'ps7_cortexa9_0' is selected.
11:18:59 INFO  : The application 'E:/AX7010/labs/vdma_test/vdma_test.sdk/fsbl/Debug/fsbl.elf' is downloaded to processor 'ps7_cortexa9_0'.
11:18:59 INFO  : ----------------XSDB Script----------------
connect -url tcp:127.0.0.1:3121
source E:/AX7010/labs/vdma_test/vdma_test.sdk/system_wrapper_hw_platform_0/ps7_init.tcl
targets -set -filter {name =~"APU" && jtag_cable_name =~ "Digilent JTAG-HS1 210249854655"} -index 0
loadhw E:/AX7010/labs/vdma_test/vdma_test.sdk/system_wrapper_hw_platform_0/system.hdf
targets -set -filter {name =~"APU" && jtag_cable_name =~ "Digilent JTAG-HS1 210249854655"} -index 0
stop
ps7_init
ps7_post_config
con
targets -set -nocase -filter {name =~ "ARM*#0" && jtag_cable_name =~ "Digilent JTAG-HS1 210249854655"} -index 0
rst -processor
targets -set -nocase -filter {name =~ "ARM*#0" && jtag_cable_name =~ "Digilent JTAG-HS1 210249854655"} -index 0
dow E:/AX7010/labs/vdma_test/vdma_test.sdk/fsbl/Debug/fsbl.elf
----------------End of Script----------------

11:18:59 INFO  : Memory regions updated for context APU
11:18:59 INFO  : Context for processor 'ps7_cortexa9_0' is selected.
11:18:59 INFO  : 'con' command is executed.
11:18:59 INFO  : ----------------XSDB Script (After Launch)----------------
targets -set -nocase -filter {name =~ "ARM*#0" && jtag_cable_name =~ "Digilent JTAG-HS1 210249854655"} -index 0
con
----------------End of Script----------------

11:19:46 ERROR : Failed to call write_mss 
Reason: ERROR: [Common 17-176] Overwrite of existing file isn't enabled.  Please specify -force to overwrite file  [E:/AX7010/labs/vdma_test/vdma_test.sdk/fsbl_bsp/system.mss]

11:21:11 WARN  : Unexpected exception occurred.
java.io.IOException: Command [C 2615 xsdb eval "disconnect tcfchan#3"] aborted
	at org.eclipse.tcf.core.AbstractChannel$9.run(AbstractChannel.java:753)
	at org.eclipse.tcf.EventQueue.run(EventQueue.java:95)
	at java.lang.Thread.run(Thread.java:745)
Caused by: java.net.SocketException: Connection reset
	at java.net.SocketInputStream.read(SocketInputStream.java:209)
	at java.net.SocketInputStream.read(SocketInputStream.java:141)
	at java.io.BufferedInputStream.read1(BufferedInputStream.java:284)
	at java.io.BufferedInputStream.read(BufferedInputStream.java:345)
	at java.io.FilterInputStream.read(FilterInputStream.java:107)
	at org.eclipse.tcf.core.ChannelTCP.get(ChannelTCP.java:162)
	at org.eclipse.tcf.core.StreamChannel.read(StreamChannel.java:84)
	at org.eclipse.tcf.core.AbstractChannel$1.run(AbstractChannel.java:254)
11:24:13 INFO  : Launching XSDB server: xsdb.bat C:/Xilinx/SDK/2015.4/scripts/xsdb/xsdb/xsdb-server.tcl
11:24:15 INFO  : XSDB server has started successfully.
11:24:15 INFO  : Processing command line option -hwspec E:/AX7010/labs/vdma_test/vdma_test.sdk/system_wrapper.hdf.
11:24:18 INFO  : Checking for hwspec changes in the project system_wrapper_hw_platform_0.
11:26:45 INFO  : Launching XSDB server: xsdb.bat C:/Xilinx/SDK/2015.4/scripts/xsdb/xsdb/xsdb-server.tcl
11:26:47 INFO  : XSDB server has started successfully.
11:26:50 INFO  : Processing command line option -hwspec E:/AX7010/labs/vdma_test/vdma_test.sdk/system_wrapper.hdf.
11:26:51 INFO  : Checking for hwspec changes in the project system_wrapper_hw_platform_0.
11:28:20 INFO  : Invoking Bootgen: bootgen -image output.bif -o E:\AX7010\labs\vdma_test\BOOT.bin -w on
11:28:20 INFO  : Bootgen command execution is done.
11:29:18 INFO  : Invoking Bootgen: bootgen -image output.bif -o E:\AX7010\labs\vdma_test\BOOT.bin -w on
11:29:19 INFO  : Bootgen command execution is done.
20:13:22 INFO  : Launching XSDB server: xsdb.bat C:/Xilinx/SDK/2015.4/scripts/xsdb/xsdb/xsdb-server.tcl
20:13:24 INFO  : XSDB server has started successfully.
20:13:24 INFO  : Processing command line option -hwspec E:/AX7010/labs/vdma_test/vdma_test.sdk/system_wrapper.hdf.
20:13:24 INFO  : Checking for hwspec changes in the project system_wrapper_hw_platform_0.
20:13:25 INFO  : SDK has detected change in the last modified timestamps for source hardware specification file Source:1477915989226,  Project:1477623076653
20:13:25 INFO  : The hardware specification for project 'system_wrapper_hw_platform_0' is different from E:/AX7010/labs/vdma_test/vdma_test.sdk/system_wrapper.hdf.
20:13:25 INFO  : Copied contents of E:/AX7010/labs/vdma_test/vdma_test.sdk/system_wrapper.hdf into \system_wrapper_hw_platform_0\system.hdf.
20:13:28 INFO  : Synchronizing projects in the workspace with the hardware platform specification changes.
20:13:36 INFO  : 
20:13:38 INFO  : 
20:13:38 INFO  : Updating hardware inferred compiler options for fsbl.
20:13:39 INFO  : Updating hardware inferred compiler options for vdma_test.
20:13:39 INFO  : Clearing existing target manager status.
20:14:14 ERROR : Unexpected error while parsing XMD response ?: com.google.gson.JsonSyntaxException: com.google.gson.stream.MalformedJsonException: invalid number or unquoted string near 
10:48:07 INFO  : Launching XSDB server: xsdb.bat C:/Xilinx/SDK/2015.4/scripts/xsdb/xsdb/xsdb-server.tcl
10:48:09 INFO  : XSDB server has started successfully.
10:48:13 INFO  : Processing command line option -hwspec E:/AX7010/labs/vdma_test/vdma_test.sdk/system_wrapper.hdf.
10:48:14 INFO  : Checking for hwspec changes in the project system_wrapper_hw_platform_0.
10:33:23 INFO  : Launching XSDB server: xsdb.bat C:/Xilinx/SDK/2015.4/scripts/xsdb/xsdb/xsdb-server.tcl
10:33:25 INFO  : XSDB server has started successfully.
10:33:29 INFO  : Processing command line option -hwspec E:/AX7010/labs/linux_hw/linux_hw.sdk/system_wrapper.hdf.
10:35:10 ERROR : Failed to call GENERATE_APP 
java.io.IOException: Command [C 52 xsdb eval "::hsi::utils::generate_app_template -hw E:/AX7010/labs/...] aborted
	at org.eclipse.tcf.core.AbstractChannel$9.run(AbstractChannel.java:753)
	at org.eclipse.tcf.EventQueue.run(EventQueue.java:95)
	at java.lang.Thread.run(Thread.java:745)
Caused by: java.net.SocketException: Connection reset
	at java.net.SocketInputStream.read(SocketInputStream.java:209)
	at java.net.SocketInputStream.read(SocketInputStream.java:141)
	at java.io.BufferedInputStream.read1(BufferedInputStream.java:284)
	at java.io.BufferedInputStream.read(BufferedInputStream.java:345)
	at java.io.FilterInputStream.read(FilterInputStream.java:107)
	at org.eclipse.tcf.core.ChannelTCP.get(ChannelTCP.java:162)
	at org.eclipse.tcf.core.StreamChannel.read(StreamChannel.java:84)
	at org.eclipse.tcf.core.AbstractChannel$1.run(AbstractChannel.java:254)
10:35:10 ERROR : 
java.lang.RuntimeException: Failed to call GENERATE_APP 
	at com.xilinx.sdk.xsdb.XsdbCommandUtils.handleResult(XsdbCommandUtils.java:306)
	at com.xilinx.sdk.xsdb.XsdbCommandUtils.executeAndRespond(XsdbCommandUtils.java:256)
	at com.xilinx.sdk.appwiz.internal.AppGen.generate(AppGen.java:555)
	at com.xilinx.sdk.appwiz.core.StandaloneProjectHandler.createCoreApp(StandaloneProjectHandler.java:85)
	at com.xilinx.sdk.appwiz.core.AppCreationHandler.createApplication(AppCreationHandler.java:123)
	at com.xilinx.sdk.appwiz.core.AppCreationHandler$1.run(AppCreationHandler.java:62)
	at org.eclipse.core.internal.resources.Workspace.run(Workspace.java:2345)
	at org.eclipse.core.internal.resources.Workspace.run(Workspace.java:2327)
	at com.xilinx.sdk.appwiz.core.AppCreationHandler.execute(AppCreationHandler.java:58)
	at com.xilinx.sdk.appwiz.ApplicationWizard.createNewProject(ApplicationWizard.java:120)
	at org.eclipse.cdt.ui.wizards.NewCProjectWizard.doRun(NewCProjectWizard.java:293)
	at org.eclipse.cdt.ui.wizards.NewCProjectWizard$1$1$1.run(NewCProjectWizard.java:235)
	at org.eclipse.ui.actions.WorkspaceModifyDelegatingOperation.execute(WorkspaceModifyDelegatingOperation.java:69)
	at org.eclipse.ui.actions.WorkspaceModifyOperation$1.run(WorkspaceModifyOperation.java:106)
	at org.eclipse.core.internal.resources.Workspace.run(Workspace.java:2345)
	at org.eclipse.ui.actions.WorkspaceModifyOperation.run(WorkspaceModifyOperation.java:118)
	at org.eclipse.jface.operation.ModalContext.runInCurrentThread(ModalContext.java:464)
	at org.eclipse.jface.operation.ModalContext.run(ModalContext.java:372)
	at org.eclipse.jface.wizard.WizardDialog.run(WizardDialog.java:1028)
	at org.eclipse.cdt.ui.wizards.NewCProjectWizard$1$1.run(NewCProjectWizard.java:245)
	at org.eclipse.ui.internal.UILockListener.doPendingWork(UILockListener.java:164)
	at org.eclipse.ui.internal.UISynchronizer$3.run(UISynchronizer.java:158)
	at org.eclipse.swt.widgets.RunnableLock.run(RunnableLock.java:35)
	at org.eclipse.swt.widgets.Synchronizer.runAsyncMessages(Synchronizer.java:135)
	at org.eclipse.swt.widgets.Display.runAsyncMessages(Display.java:4145)
	at org.eclipse.swt.widgets.Display.readAndDispatch(Display.java:3762)
	at org.eclipse.jface.operation.ModalContext$ModalContextThread.block(ModalContext.java:173)
	at org.eclipse.jface.operation.ModalContext.run(ModalContext.java:388)
	at org.eclipse.jface.wizard.WizardDialog.run(WizardDialog.java:1028)
	at org.eclipse.cdt.ui.wizards.NewCProjectWizard.invokeRunnable(NewCProjectWizard.java:272)
	at org.eclipse.cdt.ui.wizards.NewCProjectWizard.performFinish(NewCProjectWizard.java:162)
	at org.eclipse.jface.wizard.WizardDialog.finishPressed(WizardDialog.java:827)
	at org.eclipse.jface.wizard.WizardDialog.buttonPressed(WizardDialog.java:432)
	at org.eclipse.jface.dialogs.Dialog$2.widgetSelected(Dialog.java:628)
	at org.eclipse.swt.widgets.TypedListener.handleEvent(TypedListener.java:248)
	at org.eclipse.swt.widgets.EventTable.sendEvent(EventTable.java:84)
	at org.eclipse.swt.widgets.Widget.sendEvent(Widget.java:1057)
	at org.eclipse.swt.widgets.Display.runDeferredEvents(Display.java:4170)
	at org.eclipse.swt.widgets.Display.readAndDispatch(Display.java:3759)
	at org.eclipse.jface.window.Window.runEventLoop(Window.java:826)
	at org.eclipse.jface.window.Window.open(Window.java:802)
	at org.eclipse.ui.internal.actions.NewWizardShortcutAction.run(NewWizardShortcutAction.java:135)
	at org.eclipse.jface.action.Action.runWithEvent(Action.java:499)
	at org.eclipse.jface.action.ActionContributionItem.handleWidgetSelection(ActionContributionItem.java:584)
	at org.eclipse.jface.action.ActionContributionItem.access$2(ActionContributionItem.java:501)
	at org.eclipse.jface.action.ActionContributionItem$5.handleEvent(ActionContributionItem.java:411)
	at org.eclipse.swt.widgets.EventTable.sendEvent(EventTable.java:84)
	at org.eclipse.swt.widgets.Widget.sendEvent(Widget.java:1057)
	at org.eclipse.swt.widgets.Display.runDeferredEvents(Display.java:4170)
	at org.eclipse.swt.widgets.Display.readAndDispatch(Display.java:3759)
	at org.eclipse.e4.ui.internal.workbench.swt.PartRenderingEngine$9.run(PartRenderingEngine.java:1113)
	at org.eclipse.core.databinding.observable.Realm.runWithDefault(Realm.java:332)
	at org.eclipse.e4.ui.internal.workbench.swt.PartRenderingEngine.run(PartRenderingEngine.java:997)
	at org.eclipse.e4.ui.internal.workbench.E4Workbench.createAndRunUI(E4Workbench.java:140)
	at org.eclipse.ui.internal.Workbench$5.run(Workbench.java:611)
	at org.eclipse.core.databinding.observable.Realm.runWithDefault(Realm.java:332)
	at org.eclipse.ui.internal.Workbench.createAndRunWorkbench(Workbench.java:567)
	at org.eclipse.ui.PlatformUI.createAndRunWorkbench(PlatformUI.java:150)
	at org.eclipse.ui.internal.ide.application.IDEApplication.start(IDEApplication.java:124)
	at org.eclipse.equinox.internal.app.EclipseAppHandle.run(EclipseAppHandle.java:196)
	at org.eclipse.core.runtime.internal.adaptor.EclipseAppLauncher.runApplication(EclipseAppLauncher.java:110)
	at org.eclipse.core.runtime.internal.adaptor.EclipseAppLauncher.start(EclipseAppLauncher.java:79)
	at org.eclipse.core.runtime.adaptor.EclipseStarter.run(EclipseStarter.java:354)
	at org.eclipse.core.runtime.adaptor.EclipseStarter.run(EclipseStarter.java:181)
	at sun.reflect.NativeMethodAccessorImpl.invoke0(Native Method)
	at sun.reflect.NativeMethodAccessorImpl.invoke(NativeMethodAccessorImpl.java:62)
	at sun.reflect.DelegatingMethodAccessorImpl.invoke(DelegatingMethodAccessorImpl.java:43)
	at java.lang.reflect.Method.invoke(Method.java:497)
	at org.eclipse.equinox.launcher.Main.invokeFramework(Main.java:636)
	at org.eclipse.equinox.launcher.Main.basicRun(Main.java:591)
	at org.eclipse.equinox.launcher.Main.run(Main.java:1450)
Caused by: java.io.IOException: Command [C 52 xsdb eval "::hsi::utils::generate_app_template -hw E:/AX7010/labs/...] aborted
	at org.eclipse.tcf.core.AbstractChannel$9.run(AbstractChannel.java:753)
	at org.eclipse.tcf.EventQueue.run(EventQueue.java:95)
	at java.lang.Thread.run(Thread.java:745)
Caused by: java.net.SocketException: Connection reset
	at java.net.SocketInputStream.read(SocketInputStream.java:209)
	at java.net.SocketInputStream.read(SocketInputStream.java:141)
	at java.io.BufferedInputStream.read1(BufferedInputStream.java:284)
	at java.io.BufferedInputStream.read(BufferedInputStream.java:345)
	at java.io.FilterInputStream.read(FilterInputStream.java:107)
	at org.eclipse.tcf.core.ChannelTCP.get(ChannelTCP.java:162)
	at org.eclipse.tcf.core.StreamChannel.read(StreamChannel.java:84)
	at org.eclipse.tcf.core.AbstractChannel$1.run(AbstractChannel.java:254)
10:35:11 INFO  : Launching XSDB server: xsdb.bat C:/Xilinx/SDK/2015.4/scripts/xsdb/xsdb/xsdb-server.tcl
10:38:11 ERROR : Timed out. 180 seconds have elapsed while waiting for XSDB server to launch.
10:38:12 ERROR : Failed to call get_files
java.lang.Exception: java.lang.Error: Channel is waiting for Hello message
	at org.eclipse.tcf.core.Command.<init>(Command.java:83)
	at com.xilinx.sdk.xsdb.XSDBCommandManager$8.<init>(XSDBCommandManager.java:384)
	at com.xilinx.sdk.xsdb.XSDBCommandManager.issueTcfCmd(XSDBCommandManager.java:384)
	at com.xilinx.sdk.xsdb.XSDBCommandManager.access$4(XSDBCommandManager.java:381)
	at com.xilinx.sdk.xsdb.XSDBCommandManager$7.run(XSDBCommandManager.java:376)
	at org.eclipse.tcf.EventQueue.run(EventQueue.java:95)
	at java.lang.Thread.run(Thread.java:745)
Caused by: java.lang.Error: Channel is waiting for Hello message
	at org.eclipse.tcf.core.AbstractChannel.sendCommand(AbstractChannel.java:874)
	at org.eclipse.tcf.core.Command.<init>(Command.java:79)
	... 6 more
10:38:40 INFO  : Launching XSDB server: xsdb.bat C:/Xilinx/SDK/2015.4/scripts/xsdb/xsdb/xsdb-server.tcl
10:41:15 INFO  : Launching XSDB server: xsdb.bat C:/Xilinx/SDK/2015.4/scripts/xsdb/xsdb/xsdb-server.tcl
10:41:17 INFO  : XSDB server has started successfully.
10:41:18 INFO  : Processing command line option -hwspec E:/AX7010/labs/linux_hw/linux_hw.sdk/system_wrapper.hdf.
10:41:19 INFO  : Checking for hwspec changes in the project system_wrapper_hw_platform_1.
11:05:22 INFO  : Invoking Bootgen: bootgen -image output.bif -o E:\AX7010\labs\linux_hw\BOOT.bin
11:05:22 INFO  : Creating new bif file E:\AX7010\labs\linux_hw\output.bif
11:05:23 INFO  : Bootgen command execution is done.
19:50:10 INFO  : Launching XSDB server: xsdb.bat C:/Xilinx/SDK/2015.4/scripts/xsdb/xsdb/xsdb-server.tcl
19:50:12 INFO  : XSDB server has started successfully.
19:50:12 INFO  : Processing command line option -hwspec E:/AX7010/labs/linux_hw/linux_hw.sdk/system_wrapper.hdf.
19:50:12 INFO  : Checking for hwspec changes in the project system_wrapper_hw_platform_1.
19:50:14 INFO  : SDK has detected change in the last modified timestamps for source hardware specification file Source:1478346579340,  Project:1478226771872
19:50:14 INFO  : The hardware specification for project 'system_wrapper_hw_platform_1' is different from E:/AX7010/labs/linux_hw/linux_hw.sdk/system_wrapper.hdf.
19:50:14 INFO  : Copied contents of E:/AX7010/labs/linux_hw/linux_hw.sdk/system_wrapper.hdf into \system_wrapper_hw_platform_1\system.hdf.
19:50:17 INFO  : Synchronizing projects in the workspace with the hardware platform specification changes.
19:50:26 INFO  : 
19:50:27 INFO  : Updating hardware inferred compiler options for fsbl.
19:50:27 INFO  : Clearing existing target manager status.
19:52:43 INFO  : Invoking Bootgen: bootgen -image output.bif -o E:\AX7010\labs\linux_hw\BOOT.bin -w on
19:52:44 INFO  : Bootgen command execution is done.
19:59:24 ERROR : Unexpected error while parsing XMD response ?: com.google.gson.JsonSyntaxException: com.google.gson.stream.MalformedJsonException: invalid number or unquoted string near 
10:49:05 INFO  : Launching XSDB server: xsdb.bat C:/Xilinx/SDK/2015.4/scripts/xsdb/xsdb/xsdb-server.tcl
10:49:06 INFO  : XSDB server has started successfully.
10:49:11 INFO  : Processing command line option -hwspec Y:/project/AX/AX7010/AX7010_CD/02_source/vivado_project/10_linux_hw/linux_hw.sdk/system_wrapper.hdf.
10:49:58 ERROR : (XSDB Server)ERROR: [Hsi 55-1403] Y:/project/AX/AX7010/AX7010_CD/02_source/vivado_project/10_linux_hw/linux_hw.sdk/vdma_test_bsp/system.mss line 27 - No IP instance named axi_gpio_0 present in hardware design

10:49:58 ERROR : (XSDB Server)ERROR: [Hsi 55-1452] Error: running open_sw_design.

10:49:58 ERROR :  [Common 17-39] 'hsi::open_sw_design' failed due to earlier errors.
10:49:58 ERROR : (XSDB Server)ERROR: [Hsi 55-1403] Y:/project/AX/AX7010/AX7010_CD/02_source/vivado_project/10_linux_hw/linux_hw.sdk/vdma_test_bsp/system.mss line 27 - No IP instance named axi_gpio_0 present in hardware design
ERROR: [Hsi 55-1452] Error: running open_sw_design.

10:49:59 INFO  : Unable to read in MSS file Y:\project\AX\AX7010\AX7010_CD\02_source\vivado_project\10_linux_hw\linux_hw.sdk\vdma_test_bsp\system.mss : null
10:49:59 ERROR : (XSDB Server)ERROR: [Hsi 55-1403] Y:/project/AX/AX7010/AX7010_CD/02_source/vivado_project/10_linux_hw/linux_hw.sdk/vdma_test_bsp/system.mss line 27 - No IP instance named axi_gpio_0 present in hardware design

10:49:59 ERROR : (XSDB Server)ERROR: [Hsi 55-1452] Error: running open_sw_design.

10:49:59 ERROR : (XSDB Server)ERROR: [Hsi 55-1403] Y:/project/AX/AX7010/AX7010_CD/02_source/vivado_project/10_linux_hw/linux_hw.sdk/vdma_test_bsp/system.mss line 27 - No IP instance named axi_gpio_0 present in hardware design

10:49:59 ERROR : (XSDB Server)ERROR: [Hsi 55-1452] Error: running open_sw_design.

10:49:59 ERROR : Failed to get_connected_periphs
Reason: ERROR: [Common 17-55] 'get_property' expects at least one object.
Resolution: If [get_<value>] was used to populate the object, check to make sure this command returns at least one valid object.

10:49:59 ERROR : (XSDB Server)ERROR: [Hsi 55-1403] Y:/project/AX/AX7010/AX7010_CD/02_source/vivado_project/10_linux_hw/linux_hw.sdk/vdma_test_bsp/system.mss line 27 - No IP instance named axi_gpio_0 present in hardware design

10:49:59 ERROR : (XSDB Server)ERROR: [Hsi 55-1452] Error: running open_sw_design.

10:49:59 ERROR :  [Common 17-39] 'hsi::open_sw_design' failed due to earlier errors.
10:49:59 ERROR : (XSDB Server)ERROR: [Hsi 55-1403] Y:/project/AX/AX7010/AX7010_CD/02_source/vivado_project/10_linux_hw/linux_hw.sdk/vdma_test_bsp/system.mss line 27 - No IP instance named axi_gpio_0 present in hardware design

10:49:59 ERROR : (XSDB Server)ERROR: [Hsi 55-1452] Error: running open_sw_design.

10:49:59 INFO  : Unable to read in MSS file Y:\project\AX\AX7010\AX7010_CD\02_source\vivado_project\10_linux_hw\linux_hw.sdk\vdma_test_bsp\system.mss : null
10:49:59 ERROR : (XSDB Server)ERROR: [Hsi 55-1403] Y:/project/AX/AX7010/AX7010_CD/02_source/vivado_project/10_linux_hw/linux_hw.sdk/vdma_test_bsp/system.mss line 27 - No IP instance named axi_gpio_0 present in hardware design

10:49:59 ERROR : (XSDB Server)ERROR: [Hsi 55-1452] Error: running open_sw_design.

10:50:00 ERROR : (XSDB Server)ERROR: [Hsi 55-1403] Y:/project/AX/AX7010/AX7010_CD/02_source/vivado_project/10_linux_hw/linux_hw.sdk/vdma_test_bsp/system.mss line 27 - No IP instance named axi_gpio_0 present in hardware design

10:50:00 ERROR : (XSDB Server)ERROR: [Hsi 55-1452] Error: running open_sw_design.

10:50:00 ERROR : Failed to get_connected_periphs
Reason: ERROR: [Common 17-55] 'get_property' expects at least one object.
Resolution: If [get_<value>] was used to populate the object, check to make sure this command returns at least one valid object.

10:50:02 ERROR : (XSDB Server)ERROR: [Hsi 55-1403] Y:/project/AX/AX7010/AX7010_CD/02_source/vivado_project/10_linux_hw/linux_hw.sdk/vdma_test_bsp/system.mss line 27 - No IP instance named axi_gpio_0 present in hardware design

10:50:02 ERROR : (XSDB Server)ERROR: [Hsi 55-1452] Error: running open_sw_design.

10:50:02 ERROR :  [Common 17-39] 'hsi::open_sw_design' failed due to earlier errors.
10:50:02 ERROR : (XSDB Server)ERROR: [Hsi 55-1403] Y:/project/AX/AX7010/AX7010_CD/02_source/vivado_project/10_linux_hw/linux_hw.sdk/vdma_test_bsp/system.mss line 27 - No IP instance named axi_gpio_0 present in hardware design

10:50:02 ERROR : (XSDB Server)ERROR: [Hsi 55-1452] Error: running open_sw_design.

10:50:02 INFO  : Unable to read in MSS file Y:\project\AX\AX7010\AX7010_CD\02_source\vivado_project\10_linux_hw\linux_hw.sdk\vdma_test_bsp\system.mss : null
10:50:02 ERROR : (XSDB Server)ERROR: [Hsi 55-1403] Y:/project/AX/AX7010/AX7010_CD/02_source/vivado_project/10_linux_hw/linux_hw.sdk/vdma_test_bsp/system.mss line 27 - No IP instance named axi_gpio_0 present in hardware design

10:50:02 ERROR : (XSDB Server)ERROR: [Hsi 55-1452] Error: running open_sw_design.

10:50:02 ERROR : (XSDB Server)ERROR: [Hsi 55-1403] Y:/project/AX/AX7010/AX7010_CD/02_source/vivado_project/10_linux_hw/linux_hw.sdk/vdma_test_bsp/system.mss line 27 - No IP instance named axi_gpio_0 present in hardware design

10:50:02 ERROR : (XSDB Server)ERROR: [Hsi 55-1452] Error: running open_sw_design.

10:50:02 ERROR : Failed to get_connected_periphs
Reason: ERROR: [Common 17-55] 'get_property' expects at least one object.
Resolution: If [get_<value>] was used to populate the object, check to make sure this command returns at least one valid object.

05:04:49 INFO  : Launching XSCT server: xsct.bat -interactive H:\FPGA\VGA\AX7010\SRC\course_s1\Linux14_1\Linux14_1.sdk\temp_xsdb_launch_script.tcl
05:05:03 INFO  : XSCT server has started successfully.
05:05:26 INFO  : Successfully done setting XSCT server connection channel  
05:05:26 INFO  : Successfully done setting SDK workspace  
05:05:47 ERROR : (XSDB Server)ERROR: [Hsi 55-1594] Core cpu_cortexa9 of version 2.1 not found in repositories
ERROR: [Hsi 55-1594] Core gpio of version 4.0 not found in repositories

05:05:47 ERROR : (XSDB Server)ERROR: [Hsi 55-1594] Core gpio of version 4.0 not found in repositories
ERROR: [Hsi 55-1594] Core gpio of version 4.0 not found in repositories
ERROR: [Hsi 55-1594] Core axivdma of version 6.0 not found in repositories
ERROR: [Hsi 55-1594] Core coresightps_dcc of version 1.2 not found in repositories
ERROR: [Hsi 55-1594] Core devcfg of version 3.3 not found in repositories
ERROR: [Hsi 55-1594] Core dmaps of version 2.1 not found in repositories
ERROR: [Hsi 55-1594] Core dmaps of version 2.1 not found in repositories
ERROR: [Hsi 55-1594] Core emacps of version 3.1 not found in repositories
ERROR: [Hsi 55-1594] Core gpiops of version 3.1 not found in repositories
ERROR: [Hsi 55-1594] Core iicps of version 3.0 not found in repositories
ERROR: [Hsi 55-1594] Core iicps of version 3.0 not found in repositories
ERROR: [Hsi 55-1594] Core qspips of version 3.2 not found in repositories
ERROR: [Hsi 55-1594] Core scugic of version 3.1 not found in repositories
ERROR: [Hsi 55-1594] Core sdps of version 2.6 not found in repositories
ERROR: [Hsi 55-1594] Core uartps of version 3.1 not found in repositories
ERROR: [Hsi 55-1594] Core usbps of version 2.2 not found in repositories
ERROR: [Hsi 55-1594] Core standalone of version 5.3 not found in repositories
ERROR: [Hsi 55-1594] Core xilffs of version 3.1 not found in repositories
ERROR: [Hsi 55-1594] Core xilrsa of version 1.1 not found in repositories

05:05:47 ERROR : (XSDB Server)ERROR: [Hsi 55-1452] Error: running open_sw_design.

05:05:47 ERROR :  [Common 17-39] 'hsi::open_sw_design' failed due to earlier errors.
05:05:47 ERROR : (XSDB Server)ERROR: [Hsi 55-1594] Core cpu_cortexa9 of version 2.1 not found in repositories

05:05:47 ERROR : (XSDB Server)ERROR: [Hsi 55-1594] Core gpio of version 4.0 not found in repositories
ERROR: [Hsi 55-1594] Core gpio of version 4.0 not found in repositories
ERROR: [Hsi 55-1594] Core gpio of version 4.0 not found in repositories

05:05:47 ERROR : (XSDB Server)ERROR: [Hsi 55-1594] Core axivdma of version 6.0 not found in repositories

05:05:47 ERROR : (XSDB Server)ERROR: [Hsi 55-1594] Core coresightps_dcc of version 1.2 not found in repositories

05:05:47 ERROR : (XSDB Server)ERROR: [Hsi 55-1594] Core devcfg of version 3.3 not found in repositories

05:05:47 ERROR : (XSDB Server)ERROR: [Hsi 55-1594] Core dmaps of version 2.1 not found in repositories

05:05:47 ERROR : (XSDB Server)ERROR: [Hsi 55-1594] Core dmaps of version 2.1 not found in repositories

05:05:47 ERROR : (XSDB Server)ERROR: [Hsi 55-1594] Core emacps of version 3.1 not found in repositories
ERROR: [Hsi 55-1594] Core gpiops of version 3.1 not found in repositories

05:05:47 ERROR : (XSDB Server)ERROR: [Hsi 55-1594] Core iicps of version 3.0 not found in repositories

05:05:47 ERROR : (XSDB Server)ERROR: [Hsi 55-1594] Core iicps of version 3.0 not found in repositories

05:05:47 ERROR : (XSDB Server)ERROR: [Hsi 55-1594] Core qspips of version 3.2 not found in repositories

05:05:47 ERROR : (XSDB Server)ERROR: [Hsi 55-1594] Core scugic of version 3.1 not found in repositories

05:05:47 ERROR : (XSDB Server)ERROR: [Hsi 55-1594] Core sdps of version 2.6 not found in repositories

05:05:47 ERROR : (XSDB Server)ERROR: [Hsi 55-1594] Core uartps of version 3.1 not found in repositories

05:05:47 ERROR : (XSDB Server)ERROR: [Hsi 55-1594] Core usbps of version 2.2 not found in repositories

05:05:47 ERROR : (XSDB Server)ERROR: [Hsi 55-1594] Core standalone of version 5.3 not found in repositories

05:05:47 ERROR : (XSDB Server)ERROR: [Hsi 55-1594] Core xilffs of version 3.1 not found in repositories

05:05:47 ERROR : (XSDB Server)ERROR: [Hsi 55-1594] Core xilrsa of version 1.1 not found in repositories
ERROR: [Hsi 55-1452] Error: running open_sw_design.

05:05:47 INFO  : Unable to read in MSS file H:\FPGA\VGA\AX7010\SRC\course_s1\Linux14_1\Linux14_1.sdk\fsbl_bsp\system.mss : null
05:05:47 ERROR : (XSDB Server)ERROR: [Hsi 55-1594] Core cpu_cortexa9 of version 2.1 not found in repositories

05:05:47 ERROR : (XSDB Server)ERROR: [Hsi 55-1594] Core gpio of version 4.0 not found in repositories
ERROR: [Hsi 55-1594] Core gpio of version 4.0 not found in repositories
ERROR: [Hsi 55-1594] Core gpio of version 4.0 not found in repositories

05:05:47 ERROR : (XSDB Server)ERROR: [Hsi 55-1594] Core axivdma of version 6.0 not found in repositories

05:05:47 ERROR : (XSDB Server)ERROR: [Hsi 55-1594] Core coresightps_dcc of version 1.2 not found in repositories

05:05:47 ERROR : (XSDB Server)ERROR: [Hsi 55-1594] Core devcfg of version 3.3 not found in repositories

05:05:47 ERROR : (XSDB Server)ERROR: [Hsi 55-1594] Core dmaps of version 2.1 not found in repositories
ERROR: [Hsi 55-1594] Core dmaps of version 2.1 not found in repositories

05:05:47 ERROR : (XSDB Server)ERROR: [Hsi 55-1594] Core emacps of version 3.1 not found in repositories

05:05:47 ERROR : (XSDB Server)ERROR: [Hsi 55-1594] Core gpiops of version 3.1 not found in repositories
ERROR: [Hsi 55-1594] Core iicps of version 3.0 not found in repositories

05:05:47 ERROR : (XSDB Server)ERROR: [Hsi 55-1594] Core iicps of version 3.0 not found in repositories

05:05:47 ERROR : (XSDB Server)ERROR: [Hsi 55-1594] Core qspips of version 3.2 not found in repositories

05:05:47 ERROR : (XSDB Server)ERROR: [Hsi 55-1594] Core scugic of version 3.1 not found in repositories

05:05:47 ERROR : (XSDB Server)ERROR: [Hsi 55-1594] Core sdps of version 2.6 not found in repositories

05:05:47 ERROR : (XSDB Server)ERROR: [Hsi 55-1594] Core uartps of version 3.1 not found in repositories

05:05:47 ERROR : (XSDB Server)ERROR: [Hsi 55-1594] Core usbps of version 2.2 not found in repositories

05:05:47 ERROR : (XSDB Server)ERROR: [Hsi 55-1594] Core standalone of version 5.3 not found in repositories

05:05:47 ERROR : (XSDB Server)ERROR: [Hsi 55-1594] Core xilffs of version 3.1 not found in repositories
ERROR: [Hsi 55-1594] Core xilrsa of version 1.1 not found in repositories

05:05:47 ERROR : (XSDB Server)ERROR: [Hsi 55-1452] Error: running open_sw_design.

05:05:47 ERROR : (XSDB Server)ERROR: [Hsi 55-1594] Core cpu_cortexa9 of version 2.1 not found in repositories

05:05:47 ERROR : (XSDB Server)ERROR: [Hsi 55-1594] Core gpio of version 4.0 not found in repositories
ERROR: [Hsi 55-1594] Core gpio of version 4.0 not found in repositories
ERROR: [Hsi 55-1594] Core gpio of version 4.0 not found in repositories

05:05:47 ERROR : (XSDB Server)ERROR: [Hsi 55-1594] Core axivdma of version 6.0 not found in repositories

05:05:47 ERROR : (XSDB Server)ERROR: [Hsi 55-1594] Core coresightps_dcc of version 1.2 not found in repositories

05:05:47 ERROR : (XSDB Server)ERROR: [Hsi 55-1594] Core devcfg of version 3.3 not found in repositories
ERROR: [Hsi 55-1594] Core dmaps of version 2.1 not found in repositories

05:05:47 ERROR : (XSDB Server)ERROR: [Hsi 55-1594] Core dmaps of version 2.1 not found in repositories

05:05:47 ERROR : (XSDB Server)ERROR: [Hsi 55-1594] Core emacps of version 3.1 not found in repositories

05:05:47 ERROR : (XSDB Server)ERROR: [Hsi 55-1594] Core gpiops of version 3.1 not found in repositories
ERROR: [Hsi 55-1594] Core iicps of version 3.0 not found in repositories

05:05:47 ERROR : (XSDB Server)ERROR: [Hsi 55-1594] Core iicps of version 3.0 not found in repositories

05:05:47 ERROR : (XSDB Server)ERROR: [Hsi 55-1594] Core qspips of version 3.2 not found in repositories

05:05:47 ERROR : (XSDB Server)ERROR: [Hsi 55-1594] Core scugic of version 3.1 not found in repositories

05:05:47 ERROR : (XSDB Server)ERROR: [Hsi 55-1594] Core sdps of version 2.6 not found in repositories

05:05:47 ERROR : (XSDB Server)ERROR: [Hsi 55-1594] Core uartps of version 3.1 not found in repositories

05:05:47 ERROR : (XSDB Server)ERROR: [Hsi 55-1594] Core usbps of version 2.2 not found in repositories

05:05:47 ERROR : (XSDB Server)ERROR: [Hsi 55-1594] Core standalone of version 5.3 not found in repositories

05:05:47 ERROR : (XSDB Server)ERROR: [Hsi 55-1594] Core xilffs of version 3.1 not found in repositories

05:05:47 ERROR : (XSDB Server)ERROR: [Hsi 55-1594] Core xilrsa of version 1.1 not found in repositories

05:05:47 ERROR : (XSDB Server)ERROR: [Hsi 55-1452] Error: running open_sw_design.

05:05:49 ERROR : (XSDB Server)ERROR: [Hsi 55-1594] Core cpu_cortexa9 of version 2.1 not found in repositories

05:05:49 ERROR : (XSDB Server)ERROR: [Hsi 55-1594] Core gpio of version 4.0 not found in repositories
ERROR: [Hsi 55-1594] Core gpio of version 4.0 not found in repositories
ERROR: [Hsi 55-1594] Core gpio of version 4.0 not found in repositories
ERROR: [Hsi 55-1594] Core axivdma of version 6.0 not found in repositories
ERROR: [Hsi 55-1594] Core coresightps_dcc of version 1.2 not found in repositories
ERROR: [Hsi 55-1594] Core devcfg of version 3.3 not found in repositories
ERROR: [Hsi 55-1594] Core dmaps of version 2.1 not found in repositories
ERROR: [Hsi 55-1594] Core dmaps of version 2.1 not found in repositories
ERROR: [Hsi 55-1594] Core emacps of version 3.1 not found in repositories
ERROR: [Hsi 55-1594] Core gpiops of version 3.1 not found in repositories
ERROR: [Hsi 55-1594] Core iicps of version 3.0 not found in repositories
ERROR: [Hsi 55-1594] Core iicps of version 3.0 not found in repositories
ERROR: [Hsi 55-1594] Core qspips of version 3.2 not found in repositories
ERROR: [Hsi 55-1594] Core scugic of version 3.1 not found in repositories
ERROR: [Hsi 55-1594] Core sdps of version 2.6 not found in repositories
ERROR: [Hsi 55-1452] Error: running open_sw_design.

05:05:49 ERROR :  [Common 17-39] 'hsi::open_sw_design' failed due to earlier errors.
05:05:49 ERROR : (XSDB Server)ERROR: [Hsi 55-1452] Error: running open_sw_design.

05:05:49 INFO  : Unable to read in MSS file H:\FPGA\VGA\AX7010\SRC\course_s1\Linux14_1\Linux14_1.sdk\fsbl_bsp\system.mss : null
05:05:49 ERROR : (XSDB Server)ERROR: [Hsi 55-1452] Error: running open_sw_design.

05:05:49 ERROR : Failed to closesw "H:/FPGA/VGA/AX7010/SRC/course_s1/Linux14_1/Linux14_1.sdk/fsbl_bsp/system.mss"
Reason: Cannot close sw design 'H:/FPGA/VGA/AX7010/SRC/course_s1/Linux14_1/Linux14_1.sdk/fsbl_bsp/system.mss'.
Design is not opened in the current session.


05:05:52 INFO  : Registering command handlers for SDK TCF services
05:05:52 INFO  : Processing command line option -hwspec H:/FPGA/VGA/AX7010/SRC/course_s1/Linux14_1/Linux14_1.sdk/system_wrapper.hdf.
05:17:45 ERROR : (XSDB Server)ERROR: [Hsi 55-1403] H:/FPGA/VGA/AX7010/SRC/course_s1/Linux14_1/Linux14_1.sdk/vdma_test_bsp/system.mss line 27 - No IP instance named axi_gpio_0 present in hardware design

05:17:45 ERROR : (XSDB Server)ERROR: [Hsi 55-1452] Error: running open_sw_design.

05:17:45 ERROR :  [Common 17-39] 'hsi::open_sw_design' failed due to earlier errors.
05:17:45 ERROR : (XSDB Server)ERROR: [Hsi 55-1403] H:/FPGA/VGA/AX7010/SRC/course_s1/Linux14_1/Linux14_1.sdk/vdma_test_bsp/system.mss line 27 - No IP instance named axi_gpio_0 present in hardware design

05:17:45 ERROR : (XSDB Server)ERROR: [Hsi 55-1452] Error: running open_sw_design.

05:17:45 INFO  : Unable to read in MSS file H:\FPGA\VGA\AX7010\SRC\course_s1\Linux14_1\Linux14_1.sdk\vdma_test_bsp\system.mss : null
05:17:45 ERROR : (XSDB Server)ERROR: [Hsi 55-1403] H:/FPGA/VGA/AX7010/SRC/course_s1/Linux14_1/Linux14_1.sdk/vdma_test_bsp/system.mss line 27 - No IP instance named axi_gpio_0 present in hardware design

05:17:45 ERROR : (XSDB Server)ERROR: [Hsi 55-1452] Error: running open_sw_design.

05:17:45 ERROR : (XSDB Server)ERROR: [Hsi 55-1403] H:/FPGA/VGA/AX7010/SRC/course_s1/Linux14_1/Linux14_1.sdk/vdma_test_bsp/system.mss line 27 - No IP instance named axi_gpio_0 present in hardware design

05:17:45 ERROR : (XSDB Server)ERROR: [Hsi 55-1452] Error: running open_sw_design.

05:17:45 ERROR : Failed to get_connected_periphs
Reason: ERROR: [Common 17-55] 'get_property' expects at least one object.
Resolution: If [get_<value>] was used to populate the object, check to make sure this command returns at least one valid object.

