01:01:52 INFO  : Registering command handlers for SDK TCF services
01:01:56 INFO  : Launching XSCT server: xsct.bat -interactive E:\Linux14_1\142\temp_xsdb_launch_script.tcl
01:02:02 INFO  : XSCT server has started successfully.
01:02:07 INFO  : Successfully done setting XSCT server connection channel  
01:02:07 INFO  : Successfully done setting SDK workspace  
01:02:07 INFO  : Processing command line option -hwspec E:/Linux14_1/142/system_wrapper.hdf.
01:21:47 INFO  : Saving repository preferences.
01:21:47 INFO  : Reading in cores from local repositories: 
		 E:\device-tree-xlnx
01:21:48 INFO  : Cleaning BSP projects in the workspace.
01:21:56 INFO  : Saving repository preferences.
01:21:59 INFO  : Saving repository preferences.
01:25:40 INFO  : Refreshed build settings on project FSBL
01:28:31 INFO  : Invoking Bootgen: bootgen -image FSBL.bif -arch zynq -o E:\Linux14_1\142\FSBL\bootimage\BOOT.bin
01:28:31 INFO  : Creating new bif file E:\Linux14_1\142\FSBL\bootimage\FSBL.bif
01:28:32 INFO  : Bootgen command execution is done.
01:29:52 INFO  : Example project FSBL_bsp_xspips_selftest_example_1 has been created successfully.
13:03:12 INFO  : Registering command handlers for SDK TCF services
13:03:15 INFO  : Launching XSCT server: xsct.bat -interactive E:\Linux14_1\142\temp_xsdb_launch_script.tcl
13:03:21 INFO  : XSCT server has started successfully.
13:03:34 INFO  : Successfully done setting XSCT server connection channel  
13:03:34 INFO  : Successfully done setting SDK workspace  
13:03:34 INFO  : Restoring local repository preferences: 
		 E:\device-tree-xlnx
13:03:35 INFO  : Processing command line option -hwspec E:/Linux14_1/142/system_wrapper.hdf.
13:03:35 INFO  : Checking for hwspec changes in the project system_wrapper_hw_platform_0.
13:03:56 INFO  : BSP Project P/device_tree_bsp_0 has been successfully migrated.
18:22:54 INFO  : Registering command handlers for SDK TCF services
18:22:55 INFO  : Launching XSCT server: xsct.bat -interactive E:\Linux14_1\142\temp_xsdb_launch_script.tcl
18:23:00 INFO  : XSCT server has started successfully.
18:23:00 INFO  : Successfully done setting XSCT server connection channel  
18:23:07 INFO  : Successfully done setting SDK workspace  
18:23:07 INFO  : Restoring local repository preferences: 
		 E:\device-tree-xlnx
18:23:07 INFO  : Processing command line option -hwspec E:/Linux14_1/142/system_wrapper.hdf.
18:23:07 INFO  : Checking for hwspec changes in the project system_wrapper_hw_platform_0.
18:23:17 INFO  : SDK has detected change in the last modified timestamps for source hardware specification file Source:1711552485552,  Project:1709761257596
18:23:17 INFO  : The hardware specification for project 'system_wrapper_hw_platform_0' is different from E:/Linux14_1/142/system_wrapper.hdf.
18:23:18 INFO  : Copied contents of E:/Linux14_1/142/system_wrapper.hdf into \system_wrapper_hw_platform_0\system.hdf.
18:23:42 INFO  : BSP Project P/device_tree_bsp_0 has been successfully migrated.
18:23:45 INFO  : Synchronizing projects in the workspace with the hardware platform specification changes.
18:24:14 INFO  : 
18:24:19 INFO  : 
18:24:20 INFO  : Updating hardware inferred compiler options for FSBL.
18:24:20 INFO  : Updating hardware inferred compiler options for FSBL_bsp_xspips_selftest_example_1.
18:24:20 INFO  : Clearing existing target manager status.
19:15:46 INFO  : Refreshed build settings on project FSBL_ps2
19:17:02 INFO  : Refreshed build settings on project FSBL_ps2
20:32:38 INFO  : Invoking Bootgen: bootgen -image FSBL_ps2.bif -arch zynq -o E:\Linux14_1\142\FSBL_ps2\bootimage\BOOT.bin
20:32:38 INFO  : Creating new bif file E:\Linux14_1\142\FSBL_ps2\bootimage\FSBL_ps2.bif
20:32:42 INFO  : Bootgen command execution is done.
02:18:21 INFO  : Registering command handlers for SDK TCF services
02:18:22 INFO  : Launching XSCT server: xsct.bat -interactive E:\Linux14_1\142\temp_xsdb_launch_script.tcl
02:18:28 INFO  : XSCT server has started successfully.
02:18:32 INFO  : Successfully done setting XSCT server connection channel  
02:18:32 INFO  : Successfully done setting SDK workspace  
02:18:32 INFO  : Restoring local repository preferences: 
		 E:\device-tree-xlnx
02:18:48 INFO  : BSP Project P/device_tree_bsp_0 has been successfully migrated.
02:18:52 INFO  : BSP Project P/standalone_bsp_ps2 has been successfully migrated.
02:51:20 INFO  : Refreshed build settings on project mousedrv
14:47:31 INFO  : Launching XSCT server: xsct.bat -interactive E:\Linux14_1\142\temp_xsdb_launch_script.tcl
14:47:37 INFO  : XSCT server has started successfully.
14:47:40 INFO  : Successfully done setting XSCT server connection channel  
14:47:40 INFO  : Successfully done setting SDK workspace  
14:47:40 INFO  : Restoring local repository preferences: 
		 E:\device-tree-xlnx
14:47:55 INFO  : Registering command handlers for SDK TCF services
14:47:55 INFO  : Processing command line option -hwspec E:/Linux14_1/142/system_wrapper.hdf.
14:47:55 INFO  : Checking for hwspec changes in the project system_wrapper_hw_platform_0.
14:48:00 INFO  : BSP Project P/device_tree_bsp_0 has been successfully migrated.
14:48:04 INFO  : BSP Project P/standalone_bsp_ps2 has been successfully migrated.
