03:09:14 INFO  : Registering command handlers for SDK TCF services
03:09:17 INFO  : Launching XSCT server: xsct.bat -interactive H:\FPGA\VGA\Gen4\Gen4.sdk\temp_xsdb_launch_script.tcl
03:09:27 INFO  : XSCT server has started successfully.
03:09:27 INFO  : Successfully done setting XSCT server connection channel  
03:09:43 INFO  : Successfully done setting SDK workspace  
03:09:43 INFO  : Processing command line option -hwspec H:/FPGA/VGA/Gen4/Gen4.sdk/gener4_wrapper.hdf.
03:15:13 INFO  : Refreshed build settings on project G4oktober
03:29:49 INFO  : 'targets -set -filter {jtag_cable_name =~ "Platform Cable USB 00001abcffac01" && level==0} -index 1' command is executed.
03:29:49 INFO  : 'fpga -state' command is executed.
03:29:49 INFO  : Connected to target on host '127.0.0.1' and port '3121'.
03:29:50 INFO  : Jtag cable 'Platform Cable USB 00001abcffac01' is selected.
03:29:50 INFO  : 'jtag frequency' command is executed.
03:29:50 INFO  : Sourcing of 'H:/FPGA/VGA/Gen4/Gen4.sdk/gener4_wrapper_hw_platform_0/ps7_init.tcl' is done.
03:29:50 INFO  : Context for 'APU' is selected.
03:29:50 INFO  : Hardware design information is loaded from 'H:/FPGA/VGA/Gen4/Gen4.sdk/gener4_wrapper_hw_platform_0/system.hdf'.
03:29:50 INFO  : 'configparams force-mem-access 1' command is executed.
03:29:50 INFO  : Context for 'APU' is selected.
03:29:51 INFO  : 'stop' command is executed.
03:29:52 INFO  : 'ps7_init' command is executed.
03:29:52 INFO  : 'ps7_post_config' command is executed.
03:29:52 INFO  : Context for processor 'ps7_cortexa9_0' is selected.
03:29:52 INFO  : Processor reset is completed for 'ps7_cortexa9_0'.
03:29:52 INFO  : Context for processor 'ps7_cortexa9_0' is selected.
03:29:53 INFO  : The application 'H:/FPGA/VGA/Gen4/Gen4.sdk/G4oktober/Debug/G4oktober.elf' is downloaded to processor 'ps7_cortexa9_0'.
03:29:53 INFO  : 'configparams force-mem-access 0' command is executed.
03:29:53 INFO  : ----------------XSDB Script----------------
connect -url tcp:127.0.0.1:3121
source H:/FPGA/VGA/Gen4/Gen4.sdk/gener4_wrapper_hw_platform_0/ps7_init.tcl
targets -set -nocase -filter {name =~"APU*" && jtag_cable_name =~ "Platform Cable USB 00001abcffac01"} -index 0
loadhw -hw H:/FPGA/VGA/Gen4/Gen4.sdk/gener4_wrapper_hw_platform_0/system.hdf -mem-ranges [list {0x40000000 0xbfffffff}]
configparams force-mem-access 1
targets -set -nocase -filter {name =~"APU*" && jtag_cable_name =~ "Platform Cable USB 00001abcffac01"} -index 0
stop
ps7_init
ps7_post_config
targets -set -nocase -filter {name =~ "ARM*#0" && jtag_cable_name =~ "Platform Cable USB 00001abcffac01"} -index 0
rst -processor
targets -set -nocase -filter {name =~ "ARM*#0" && jtag_cable_name =~ "Platform Cable USB 00001abcffac01"} -index 0
dow H:/FPGA/VGA/Gen4/Gen4.sdk/G4oktober/Debug/G4oktober.elf
configparams force-mem-access 0
----------------End of Script----------------

03:29:53 INFO  : Memory regions updated for context APU
03:29:54 INFO  : Context for processor 'ps7_cortexa9_0' is selected.
03:29:54 INFO  : 'con' command is executed.
03:29:54 INFO  : ----------------XSDB Script (After Launch)----------------
targets -set -nocase -filter {name =~ "ARM*#0" && jtag_cable_name =~ "Platform Cable USB 00001abcffac01"} -index 0
con
----------------End of Script----------------

03:29:54 INFO  : Launch script is exported to file 'H:\FPGA\VGA\Gen4\Gen4.sdk\.sdk\launch_scripts\xilinx_c-c++_application_(system_debugger)\system_debugger_using_debug_g4oktober.elf_on_local.tcl'
03:30:12 INFO  : Connected to target on host '127.0.0.1' and port '3121'.
03:32:47 INFO  : Disconnected from the channel tcfchan#1.
03:33:17 INFO  : Connected to target on host '127.0.0.1' and port '3121'.
03:34:00 INFO  : Connected to target on host '127.0.0.1' and port '3121'.
03:34:31 INFO  : Connected to target on host '127.0.0.1' and port '3121'.
03:35:22 INFO  : 'targets -set -filter {jtag_cable_name =~ "Platform Cable USB 00001abcffac01" && level==0} -index 1' command is executed.
03:35:22 INFO  : 'fpga -state' command is executed.
03:35:30 INFO  : Connected to target on host '127.0.0.1' and port '3121'.
03:35:31 INFO  : Jtag cable 'Platform Cable USB 00001abcffac01' is selected.
03:35:31 INFO  : 'jtag frequency' command is executed.
03:35:31 INFO  : Sourcing of 'H:/FPGA/VGA/Gen4/Gen4.sdk/gener4_wrapper_hw_platform_0/ps7_init.tcl' is done.
03:35:31 INFO  : Context for 'APU' is selected.
03:35:35 INFO  : Hardware design information is loaded from 'H:/FPGA/VGA/Gen4/Gen4.sdk/gener4_wrapper_hw_platform_0/system.hdf'.
03:35:35 INFO  : 'configparams force-mem-access 1' command is executed.
03:35:35 INFO  : Context for 'APU' is selected.
03:35:35 INFO  : 'stop' command is executed.
03:35:36 INFO  : 'ps7_init' command is executed.
03:35:37 INFO  : 'ps7_post_config' command is executed.
03:35:37 INFO  : Context for processor 'ps7_cortexa9_0' is selected.
03:35:37 INFO  : Processor reset is completed for 'ps7_cortexa9_0'.
03:35:37 INFO  : Context for processor 'ps7_cortexa9_0' is selected.
03:35:38 INFO  : The application 'H:/FPGA/VGA/Gen4/Gen4.sdk/G4oktober/Release/G4oktober.elf' is downloaded to processor 'ps7_cortexa9_0'.
03:35:38 INFO  : 'configparams force-mem-access 0' command is executed.
03:35:38 INFO  : ----------------XSDB Script----------------
connect -url tcp:127.0.0.1:3121
source H:/FPGA/VGA/Gen4/Gen4.sdk/gener4_wrapper_hw_platform_0/ps7_init.tcl
targets -set -nocase -filter {name =~"APU*" && jtag_cable_name =~ "Platform Cable USB 00001abcffac01"} -index 0
loadhw -hw H:/FPGA/VGA/Gen4/Gen4.sdk/gener4_wrapper_hw_platform_0/system.hdf -mem-ranges [list {0x40000000 0xbfffffff}]
configparams force-mem-access 1
targets -set -nocase -filter {name =~"APU*" && jtag_cable_name =~ "Platform Cable USB 00001abcffac01"} -index 0
stop
ps7_init
ps7_post_config
targets -set -nocase -filter {name =~ "ARM*#0" && jtag_cable_name =~ "Platform Cable USB 00001abcffac01"} -index 0
rst -processor
targets -set -nocase -filter {name =~ "ARM*#0" && jtag_cable_name =~ "Platform Cable USB 00001abcffac01"} -index 0
dow H:/FPGA/VGA/Gen4/Gen4.sdk/G4oktober/Release/G4oktober.elf
configparams force-mem-access 0
----------------End of Script----------------

03:35:38 INFO  : Memory regions updated for context APU
03:35:38 INFO  : Context for processor 'ps7_cortexa9_0' is selected.
03:35:38 INFO  : 'con' command is executed.
03:35:38 INFO  : ----------------XSDB Script (After Launch)----------------
targets -set -nocase -filter {name =~ "ARM*#0" && jtag_cable_name =~ "Platform Cable USB 00001abcffac01"} -index 0
con
----------------End of Script----------------

03:35:38 INFO  : Launch script is exported to file 'H:\FPGA\VGA\Gen4\Gen4.sdk\.sdk\launch_scripts\xilinx_c-c++_application_(system_debugger)\system_debugger_using_release_g4oktober.elf_on_local.tcl'
03:37:14 INFO  : Connected to target on host '127.0.0.1' and port '3121'.
03:37:14 INFO  : 'targets -set -filter {jtag_cable_name =~ "Platform Cable USB 00001abcffac01" && level==0} -index 1' command is executed.
03:37:23 INFO  : FPGA configured successfully with bitstream "H:/FPGA/VGA/Gen4/Gen4.sdk/gener4_wrapper_hw_platform_0/gener4_wrapper.bit"
03:45:06 INFO  : Disconnected from the channel tcfchan#2.
03:45:50 INFO  : Connected to target on host '127.0.0.1' and port '3121'.
03:46:18 INFO  : Connected to target on host '127.0.0.1' and port '3121'.
03:46:44 INFO  : 'targets -set -filter {jtag_cable_name =~ "Platform Cable USB 00001abcffac01" && level==0} -index 1' command is executed.
03:46:44 INFO  : 'fpga -state' command is executed.
03:46:46 INFO  : Connected to target on host '127.0.0.1' and port '3121'.
03:46:47 INFO  : Jtag cable 'Platform Cable USB 00001abcffac01' is selected.
03:46:47 INFO  : 'jtag frequency' command is executed.
03:46:47 INFO  : Sourcing of 'H:/FPGA/VGA/Gen4/Gen4.sdk/gener4_wrapper_hw_platform_0/ps7_init.tcl' is done.
03:46:47 INFO  : Context for 'APU' is selected.
03:46:47 INFO  : Hardware design information is loaded from 'H:/FPGA/VGA/Gen4/Gen4.sdk/gener4_wrapper_hw_platform_0/system.hdf'.
03:46:47 INFO  : 'configparams force-mem-access 1' command is executed.
03:46:47 INFO  : Context for 'APU' is selected.
03:46:47 INFO  : 'stop' command is executed.
03:46:48 INFO  : 'ps7_init' command is executed.
03:46:48 INFO  : 'ps7_post_config' command is executed.
03:46:48 INFO  : Context for processor 'ps7_cortexa9_0' is selected.
03:46:49 INFO  : Processor reset is completed for 'ps7_cortexa9_0'.
03:46:49 INFO  : Context for processor 'ps7_cortexa9_0' is selected.
03:46:50 INFO  : The application 'H:/FPGA/VGA/Gen4/Gen4.sdk/G4oktober/Release/G4oktober.elf' is downloaded to processor 'ps7_cortexa9_0'.
03:46:50 INFO  : 'configparams force-mem-access 0' command is executed.
03:46:50 INFO  : ----------------XSDB Script----------------
connect -url tcp:127.0.0.1:3121
source H:/FPGA/VGA/Gen4/Gen4.sdk/gener4_wrapper_hw_platform_0/ps7_init.tcl
targets -set -nocase -filter {name =~"APU*" && jtag_cable_name =~ "Platform Cable USB 00001abcffac01"} -index 0
loadhw -hw H:/FPGA/VGA/Gen4/Gen4.sdk/gener4_wrapper_hw_platform_0/system.hdf -mem-ranges [list {0x40000000 0xbfffffff}]
configparams force-mem-access 1
targets -set -nocase -filter {name =~"APU*" && jtag_cable_name =~ "Platform Cable USB 00001abcffac01"} -index 0
stop
ps7_init
ps7_post_config
targets -set -nocase -filter {name =~ "ARM*#0" && jtag_cable_name =~ "Platform Cable USB 00001abcffac01"} -index 0
rst -processor
targets -set -nocase -filter {name =~ "ARM*#0" && jtag_cable_name =~ "Platform Cable USB 00001abcffac01"} -index 0
dow H:/FPGA/VGA/Gen4/Gen4.sdk/G4oktober/Release/G4oktober.elf
configparams force-mem-access 0
----------------End of Script----------------

03:46:50 INFO  : Memory regions updated for context APU
03:46:50 INFO  : Context for processor 'ps7_cortexa9_0' is selected.
03:46:50 INFO  : 'con' command is executed.
03:46:50 INFO  : ----------------XSDB Script (After Launch)----------------
targets -set -nocase -filter {name =~ "ARM*#0" && jtag_cable_name =~ "Platform Cable USB 00001abcffac01"} -index 0
con
----------------End of Script----------------

03:46:50 INFO  : Launch script is exported to file 'H:\FPGA\VGA\Gen4\Gen4.sdk\.sdk\launch_scripts\xilinx_c-c++_application_(system_debugger)\system_debugger_using_release_g4oktober.elf_on_local.tcl'
03:47:29 INFO  : Connected to target on host '127.0.0.1' and port '3121'.
03:47:29 INFO  : 'targets -set -filter {jtag_cable_name =~ "Platform Cable USB 00001abcffac01" && level==0} -index 1' command is executed.
03:47:37 INFO  : FPGA configured successfully with bitstream "H:/FPGA/VGA/Gen4/Gen4.sdk/gener4_wrapper_hw_platform_0/gener4_wrapper.bit"
03:59:14 INFO  : Connected to target on host '127.0.0.1' and port '3121'.
03:59:14 INFO  : 'targets -set -filter {jtag_cable_name =~ "Platform Cable USB 00001abcffac01" && level==0} -index 1' command is executed.
03:59:22 INFO  : FPGA configured successfully with bitstream "H:/FPGA/VGA/Gen4/Gen4.sdk/gener4_wrapper_hw_platform_0/gener4_wrapper.bit"
04:00:34 INFO  : Invoking Bootgen: bootgen -image G4oktober.bif -arch zynq -o H:\FPGA\VGA\Gen4\Gen4.sdk\G4oktober\bootimage\BOOT.bin
04:00:34 INFO  : Creating new bif file H:\FPGA\VGA\Gen4\Gen4.sdk\G4oktober\bootimage\G4oktober.bif
04:00:39 INFO  : Bootgen command execution is done.
04:07:59 INFO  : Connected to target on host '127.0.0.1' and port '3121'.
04:13:58 INFO  : Invoking Bootgen: bootgen -image fsBl4.bif -arch zynq -o H:\FPGA\VGA\Gen4\Gen4.sdk\fsBl4\bootimage\BOOT.bin
04:13:58 INFO  : Creating new bif file H:\FPGA\VGA\Gen4\Gen4.sdk\fsBl4\bootimage\fsBl4.bif
04:14:02 INFO  : Bootgen command execution is done.
04:21:32 INFO  : Disconnected from the channel tcfchan#3.
04:21:34 INFO  : 'targets -set -filter {jtag_cable_name =~ "Platform Cable USB 00001abcffac01" && level==0} -index 1' command is executed.
04:21:34 INFO  : 'fpga -state' command is executed.
04:21:34 INFO  : Connected to target on host '127.0.0.1' and port '3121'.
04:21:34 INFO  : Jtag cable 'Platform Cable USB 00001abcffac01' is selected.
04:21:34 INFO  : 'jtag frequency' command is executed.
04:21:34 INFO  : Sourcing of 'H:/FPGA/VGA/Gen4/Gen4.sdk/gener4_wrapper_hw_platform_0/ps7_init.tcl' is done.
04:21:34 INFO  : Context for 'APU' is selected.
04:21:39 INFO  : Hardware design information is loaded from 'H:/FPGA/VGA/Gen4/Gen4.sdk/gener4_wrapper_hw_platform_0/system.hdf'.
04:21:39 INFO  : 'configparams force-mem-access 1' command is executed.
04:21:39 INFO  : Context for 'APU' is selected.
04:21:39 INFO  : 'stop' command is executed.
04:21:40 INFO  : 'ps7_init' command is executed.
04:21:40 INFO  : 'ps7_post_config' command is executed.
04:21:40 INFO  : Context for processor 'ps7_cortexa9_0' is selected.
04:21:40 INFO  : Processor reset is completed for 'ps7_cortexa9_0'.
04:21:41 INFO  : Context for processor 'ps7_cortexa9_0' is selected.
04:21:41 INFO  : The application 'H:/FPGA/VGA/Gen4/Gen4.sdk/G4oktober/Release/G4oktober.elf' is downloaded to processor 'ps7_cortexa9_0'.
04:21:41 INFO  : 'configparams force-mem-access 0' command is executed.
04:21:41 INFO  : ----------------XSDB Script----------------
connect -url tcp:127.0.0.1:3121
source H:/FPGA/VGA/Gen4/Gen4.sdk/gener4_wrapper_hw_platform_0/ps7_init.tcl
targets -set -nocase -filter {name =~"APU*" && jtag_cable_name =~ "Platform Cable USB 00001abcffac01"} -index 0
loadhw -hw H:/FPGA/VGA/Gen4/Gen4.sdk/gener4_wrapper_hw_platform_0/system.hdf -mem-ranges [list {0x40000000 0xbfffffff}]
configparams force-mem-access 1
targets -set -nocase -filter {name =~"APU*" && jtag_cable_name =~ "Platform Cable USB 00001abcffac01"} -index 0
stop
ps7_init
ps7_post_config
targets -set -nocase -filter {name =~ "ARM*#0" && jtag_cable_name =~ "Platform Cable USB 00001abcffac01"} -index 0
rst -processor
targets -set -nocase -filter {name =~ "ARM*#0" && jtag_cable_name =~ "Platform Cable USB 00001abcffac01"} -index 0
dow H:/FPGA/VGA/Gen4/Gen4.sdk/G4oktober/Release/G4oktober.elf
configparams force-mem-access 0
----------------End of Script----------------

04:21:42 INFO  : Memory regions updated for context APU
04:21:42 INFO  : Context for processor 'ps7_cortexa9_0' is selected.
04:21:42 INFO  : 'con' command is executed.
04:21:42 INFO  : ----------------XSDB Script (After Launch)----------------
targets -set -nocase -filter {name =~ "ARM*#0" && jtag_cable_name =~ "Platform Cable USB 00001abcffac01"} -index 0
con
----------------End of Script----------------

04:21:42 INFO  : Launch script is exported to file 'H:\FPGA\VGA\Gen4\Gen4.sdk\.sdk\launch_scripts\xilinx_c-c++_application_(system_debugger)\system_debugger_using_release_g4oktober.elf_on_local.tcl'
04:42:38 INFO  : Invoking Bootgen: bootgen -image fsBl4.bif -arch zynq -o E:\BOOT.bin -w on
04:42:38 INFO  : Creating new bif file E:\fsBl4.bif
04:42:43 INFO  : Bootgen command execution is done.
04:45:04 INFO  : Invoking Bootgen: bootgen -image fsBl4.bif -arch zynq -o E:\BOOT.bin -w on
04:45:04 INFO  : Overwriting existing bif file E:\fsBl4.bif
04:45:12 INFO  : Bootgen command execution is done.
04:51:46 INFO  : Invoking Bootgen: bootgen -image fsBl4.bif -arch zynq -o E:\BOOT.bin -w on
04:51:46 INFO  : Overwriting existing bif file E:\fsBl4.bif
04:51:55 INFO  : Bootgen command execution is done.
04:56:55 INFO  : Disconnected from the channel tcfchan#4.
04:56:56 INFO  : 'targets -set -filter {jtag_cable_name =~ "Platform Cable USB 00001abcffac01" && level==0} -index 1' command is executed.
04:56:56 INFO  : 'fpga -state' command is executed.
04:56:56 INFO  : Connected to target on host '127.0.0.1' and port '3121'.
04:56:57 INFO  : Jtag cable 'Platform Cable USB 00001abcffac01' is selected.
04:56:57 INFO  : 'jtag frequency' command is executed.
04:56:57 INFO  : Sourcing of 'H:/FPGA/VGA/Gen4/Gen4.sdk/gener4_wrapper_hw_platform_0/ps7_init.tcl' is done.
04:56:57 INFO  : Context for 'APU' is selected.
04:57:01 INFO  : Hardware design information is loaded from 'H:/FPGA/VGA/Gen4/Gen4.sdk/gener4_wrapper_hw_platform_0/system.hdf'.
04:57:01 INFO  : 'configparams force-mem-access 1' command is executed.
04:57:01 INFO  : Context for 'APU' is selected.
04:57:01 INFO  : 'stop' command is executed.
04:57:02 INFO  : 'ps7_init' command is executed.
04:57:03 INFO  : 'ps7_post_config' command is executed.
04:57:03 INFO  : Context for processor 'ps7_cortexa9_0' is selected.
04:57:03 INFO  : Processor reset is completed for 'ps7_cortexa9_0'.
04:57:03 INFO  : Context for processor 'ps7_cortexa9_0' is selected.
04:57:04 INFO  : The application 'H:/FPGA/VGA/Gen4/Gen4.sdk/G4oktober/Release/G4oktober.elf' is downloaded to processor 'ps7_cortexa9_0'.
04:57:04 INFO  : 'configparams force-mem-access 0' command is executed.
04:57:04 INFO  : ----------------XSDB Script----------------
connect -url tcp:127.0.0.1:3121
source H:/FPGA/VGA/Gen4/Gen4.sdk/gener4_wrapper_hw_platform_0/ps7_init.tcl
targets -set -nocase -filter {name =~"APU*" && jtag_cable_name =~ "Platform Cable USB 00001abcffac01"} -index 0
loadhw -hw H:/FPGA/VGA/Gen4/Gen4.sdk/gener4_wrapper_hw_platform_0/system.hdf -mem-ranges [list {0x40000000 0xbfffffff}]
configparams force-mem-access 1
targets -set -nocase -filter {name =~"APU*" && jtag_cable_name =~ "Platform Cable USB 00001abcffac01"} -index 0
stop
ps7_init
ps7_post_config
targets -set -nocase -filter {name =~ "ARM*#0" && jtag_cable_name =~ "Platform Cable USB 00001abcffac01"} -index 0
rst -processor
targets -set -nocase -filter {name =~ "ARM*#0" && jtag_cable_name =~ "Platform Cable USB 00001abcffac01"} -index 0
dow H:/FPGA/VGA/Gen4/Gen4.sdk/G4oktober/Release/G4oktober.elf
configparams force-mem-access 0
----------------End of Script----------------

04:57:04 INFO  : Memory regions updated for context APU
04:57:04 INFO  : Context for processor 'ps7_cortexa9_0' is selected.
04:57:04 INFO  : 'con' command is executed.
04:57:04 INFO  : ----------------XSDB Script (After Launch)----------------
targets -set -nocase -filter {name =~ "ARM*#0" && jtag_cable_name =~ "Platform Cable USB 00001abcffac01"} -index 0
con
----------------End of Script----------------

04:57:04 INFO  : Launch script is exported to file 'H:\FPGA\VGA\Gen4\Gen4.sdk\.sdk\launch_scripts\xilinx_c-c++_application_(system_debugger)\system_debugger_using_release_g4oktober.elf_on_local.tcl'
05:00:00 INFO  : Disconnected from the channel tcfchan#5.
05:00:01 INFO  : 'targets -set -filter {jtag_cable_name =~ "Platform Cable USB 00001abcffac01" && level==0} -index 1' command is executed.
05:00:01 INFO  : 'fpga -state' command is executed.
05:00:13 INFO  : Connected to target on host '127.0.0.1' and port '3121'.
05:00:14 INFO  : Jtag cable 'Platform Cable USB 00001abcffac01' is selected.
05:00:14 INFO  : 'jtag frequency' command is executed.
05:00:14 INFO  : Sourcing of 'H:/FPGA/VGA/Gen4/Gen4.sdk/gener4_wrapper_hw_platform_0/ps7_init.tcl' is done.
05:00:14 INFO  : Context for 'APU' is selected.
05:00:17 INFO  : Hardware design information is loaded from 'H:/FPGA/VGA/Gen4/Gen4.sdk/gener4_wrapper_hw_platform_0/system.hdf'.
05:00:17 INFO  : 'configparams force-mem-access 1' command is executed.
05:00:17 INFO  : Context for 'APU' is selected.
05:00:18 INFO  : 'stop' command is executed.
05:00:19 INFO  : 'ps7_init' command is executed.
05:00:19 INFO  : 'ps7_post_config' command is executed.
05:00:19 INFO  : Context for processor 'ps7_cortexa9_0' is selected.
05:00:19 INFO  : Processor reset is completed for 'ps7_cortexa9_0'.
05:00:19 INFO  : Context for processor 'ps7_cortexa9_0' is selected.
05:00:20 INFO  : The application 'H:/FPGA/VGA/Gen4/Gen4.sdk/G4oktober/Release/G4oktober.elf' is downloaded to processor 'ps7_cortexa9_0'.
05:00:20 INFO  : 'configparams force-mem-access 0' command is executed.
05:00:20 INFO  : ----------------XSDB Script----------------
connect -url tcp:127.0.0.1:3121
source H:/FPGA/VGA/Gen4/Gen4.sdk/gener4_wrapper_hw_platform_0/ps7_init.tcl
targets -set -nocase -filter {name =~"APU*" && jtag_cable_name =~ "Platform Cable USB 00001abcffac01"} -index 0
loadhw -hw H:/FPGA/VGA/Gen4/Gen4.sdk/gener4_wrapper_hw_platform_0/system.hdf -mem-ranges [list {0x40000000 0xbfffffff}]
configparams force-mem-access 1
targets -set -nocase -filter {name =~"APU*" && jtag_cable_name =~ "Platform Cable USB 00001abcffac01"} -index 0
stop
ps7_init
ps7_post_config
targets -set -nocase -filter {name =~ "ARM*#0" && jtag_cable_name =~ "Platform Cable USB 00001abcffac01"} -index 0
rst -processor
targets -set -nocase -filter {name =~ "ARM*#0" && jtag_cable_name =~ "Platform Cable USB 00001abcffac01"} -index 0
dow H:/FPGA/VGA/Gen4/Gen4.sdk/G4oktober/Release/G4oktober.elf
configparams force-mem-access 0
----------------End of Script----------------

05:00:20 INFO  : Memory regions updated for context APU
05:00:20 INFO  : Context for processor 'ps7_cortexa9_0' is selected.
05:00:20 INFO  : 'con' command is executed.
05:00:20 INFO  : ----------------XSDB Script (After Launch)----------------
targets -set -nocase -filter {name =~ "ARM*#0" && jtag_cable_name =~ "Platform Cable USB 00001abcffac01"} -index 0
con
----------------End of Script----------------

05:00:20 INFO  : Launch script is exported to file 'H:\FPGA\VGA\Gen4\Gen4.sdk\.sdk\launch_scripts\xilinx_c-c++_application_(system_debugger)\system_debugger_using_release_g4oktober.elf_on_local.tcl'
05:00:37 INFO  : Connected to target on host '127.0.0.1' and port '3121'.
05:11:45 INFO  : Disconnected from the channel tcfchan#6.
05:12:07 INFO  : Connected to target on host '127.0.0.1' and port '3121'.
05:12:19 INFO  : 'targets -set -filter {jtag_cable_name =~ "Platform Cable USB 00001abcffac01" && level==0} -index 1' command is executed.
05:12:19 INFO  : 'fpga -state' command is executed.
05:12:21 INFO  : Connected to target on host '127.0.0.1' and port '3121'.
05:12:22 INFO  : Jtag cable 'Platform Cable USB 00001abcffac01' is selected.
05:12:22 INFO  : 'jtag frequency' command is executed.
05:12:22 INFO  : Sourcing of 'H:/FPGA/VGA/Gen4/Gen4.sdk/gener4_wrapper_hw_platform_0/ps7_init.tcl' is done.
05:12:22 INFO  : Context for 'APU' is selected.
05:12:26 INFO  : Hardware design information is loaded from 'H:/FPGA/VGA/Gen4/Gen4.sdk/gener4_wrapper_hw_platform_0/system.hdf'.
05:12:26 INFO  : 'configparams force-mem-access 1' command is executed.
05:12:26 INFO  : Context for 'APU' is selected.
05:12:26 INFO  : 'stop' command is executed.
05:12:27 INFO  : 'ps7_init' command is executed.
05:12:27 INFO  : 'ps7_post_config' command is executed.
05:12:27 INFO  : Context for processor 'ps7_cortexa9_0' is selected.
05:12:27 INFO  : Processor reset is completed for 'ps7_cortexa9_0'.
05:12:27 INFO  : Context for processor 'ps7_cortexa9_0' is selected.
05:12:29 INFO  : The application 'H:/FPGA/VGA/Gen4/Gen4.sdk/fsBl4/Debug/fsBl4.elf' is downloaded to processor 'ps7_cortexa9_0'.
05:12:29 INFO  : 'configparams force-mem-access 0' command is executed.
05:12:29 INFO  : ----------------XSDB Script----------------
connect -url tcp:127.0.0.1:3121
source H:/FPGA/VGA/Gen4/Gen4.sdk/gener4_wrapper_hw_platform_0/ps7_init.tcl
targets -set -nocase -filter {name =~"APU*" && jtag_cable_name =~ "Platform Cable USB 00001abcffac01"} -index 0
loadhw -hw H:/FPGA/VGA/Gen4/Gen4.sdk/gener4_wrapper_hw_platform_0/system.hdf -mem-ranges [list {0x40000000 0xbfffffff}]
configparams force-mem-access 1
targets -set -nocase -filter {name =~"APU*" && jtag_cable_name =~ "Platform Cable USB 00001abcffac01"} -index 0
stop
ps7_init
ps7_post_config
targets -set -nocase -filter {name =~ "ARM*#0" && jtag_cable_name =~ "Platform Cable USB 00001abcffac01"} -index 0
rst -processor
targets -set -nocase -filter {name =~ "ARM*#0" && jtag_cable_name =~ "Platform Cable USB 00001abcffac01"} -index 0
dow H:/FPGA/VGA/Gen4/Gen4.sdk/fsBl4/Debug/fsBl4.elf
configparams force-mem-access 0
----------------End of Script----------------

05:12:30 INFO  : Memory regions updated for context APU
05:12:30 INFO  : Context for processor 'ps7_cortexa9_0' is selected.
05:12:30 INFO  : 'con' command is executed.
05:12:30 INFO  : ----------------XSDB Script (After Launch)----------------
targets -set -nocase -filter {name =~ "ARM*#0" && jtag_cable_name =~ "Platform Cable USB 00001abcffac01"} -index 0
con
----------------End of Script----------------

05:12:30 INFO  : Launch script is exported to file 'H:\FPGA\VGA\Gen4\Gen4.sdk\.sdk\launch_scripts\xilinx_c-c++_application_(system_debugger)\system_debugger_using_debug_fsbl4.elf_on_local.tcl'
05:13:40 INFO  : Disconnected from the channel tcfchan#7.
05:13:41 INFO  : Connected to target on host '127.0.0.1' and port '3121'.
05:13:42 INFO  : Jtag cable 'Platform Cable USB 00001abcffac01' is selected.
05:13:42 INFO  : 'jtag frequency' command is executed.
05:13:42 INFO  : Sourcing of 'H:/FPGA/VGA/Gen4/Gen4.sdk/gener4_wrapper_hw_platform_0/ps7_init.tcl' is done.
05:13:42 INFO  : 'targets -set -filter {jtag_cable_name =~ "Platform Cable USB 00001abcffac01" && level==0} -index 1' command is executed.
05:13:50 INFO  : FPGA configured successfully with bitstream "H:/FPGA/VGA/Gen4/Gen4.sdk/gener4_wrapper_hw_platform_0/gener4_wrapper.bit"
05:13:50 INFO  : Context for 'APU' is selected.
05:13:54 INFO  : Hardware design information is loaded from 'H:/FPGA/VGA/Gen4/Gen4.sdk/gener4_wrapper_hw_platform_0/system.hdf'.
05:13:54 INFO  : 'configparams force-mem-access 1' command is executed.
05:13:54 INFO  : Context for 'APU' is selected.
05:13:54 INFO  : 'stop' command is executed.
05:13:55 INFO  : 'ps7_init' command is executed.
05:13:55 INFO  : 'ps7_post_config' command is executed.
05:13:55 INFO  : Context for processor 'ps7_cortexa9_0' is selected.
05:13:55 INFO  : Processor reset is completed for 'ps7_cortexa9_0'.
05:13:56 INFO  : Context for processor 'ps7_cortexa9_0' is selected.
05:13:58 INFO  : The application 'H:/FPGA/VGA/Gen4/Gen4.sdk/fsBl4/Debug/fsBl4.elf' is downloaded to processor 'ps7_cortexa9_0'.
05:13:58 INFO  : 'configparams force-mem-access 0' command is executed.
05:13:58 INFO  : ----------------XSDB Script----------------
connect -url tcp:127.0.0.1:3121
source H:/FPGA/VGA/Gen4/Gen4.sdk/gener4_wrapper_hw_platform_0/ps7_init.tcl
targets -set -filter {jtag_cable_name =~ "Platform Cable USB 00001abcffac01" && level==0} -index 1
fpga -file H:/FPGA/VGA/Gen4/Gen4.sdk/gener4_wrapper_hw_platform_0/gener4_wrapper.bit
targets -set -nocase -filter {name =~"APU*" && jtag_cable_name =~ "Platform Cable USB 00001abcffac01"} -index 0
loadhw -hw H:/FPGA/VGA/Gen4/Gen4.sdk/gener4_wrapper_hw_platform_0/system.hdf -mem-ranges [list {0x40000000 0xbfffffff}]
configparams force-mem-access 1
targets -set -nocase -filter {name =~"APU*" && jtag_cable_name =~ "Platform Cable USB 00001abcffac01"} -index 0
stop
ps7_init
ps7_post_config
targets -set -nocase -filter {name =~ "ARM*#0" && jtag_cable_name =~ "Platform Cable USB 00001abcffac01"} -index 0
rst -processor
targets -set -nocase -filter {name =~ "ARM*#0" && jtag_cable_name =~ "Platform Cable USB 00001abcffac01"} -index 0
dow H:/FPGA/VGA/Gen4/Gen4.sdk/fsBl4/Debug/fsBl4.elf
configparams force-mem-access 0
----------------End of Script----------------

05:13:58 INFO  : Memory regions updated for context APU
05:13:58 INFO  : Context for processor 'ps7_cortexa9_0' is selected.
05:13:58 INFO  : 'con' command is executed.
05:13:58 INFO  : ----------------XSDB Script (After Launch)----------------
targets -set -nocase -filter {name =~ "ARM*#0" && jtag_cable_name =~ "Platform Cable USB 00001abcffac01"} -index 0
con
----------------End of Script----------------

05:13:58 INFO  : Launch script is exported to file 'H:\FPGA\VGA\Gen4\Gen4.sdk\.sdk\launch_scripts\xilinx_c-c++_application_(system_debugger)\system_debugger_using_debug_fsbl4.elf_on_local.tcl'
05:16:39 INFO  : Invoking Bootgen: bootgen -image fsBl4.bif -arch zynq -o H:\FPGA\VGA\Gen4\Gen4.sdk\fsBl4\bootimage\BOOT.bin -w on
05:16:43 INFO  : Bootgen command execution is done.
05:21:41 INFO  : Disconnected from the channel tcfchan#8.
05:21:42 INFO  : Connected to target on host '127.0.0.1' and port '3121'.
05:21:43 INFO  : Jtag cable 'Platform Cable USB 00001abcffac01' is selected.
05:21:43 INFO  : 'jtag frequency' command is executed.
05:21:43 INFO  : Sourcing of 'H:/FPGA/VGA/Gen4/Gen4.sdk/gener4_wrapper_hw_platform_0/ps7_init.tcl' is done.
05:21:43 INFO  : 'targets -set -filter {jtag_cable_name =~ "Platform Cable USB 00001abcffac01" && level==0} -index 1' command is executed.
05:21:52 INFO  : FPGA configured successfully with bitstream "H:/FPGA/VGA/Gen4/Gen4.sdk/gener4_wrapper_hw_platform_0/gener4_wrapper.bit"
05:21:52 INFO  : Context for 'APU' is selected.
05:21:57 INFO  : Hardware design information is loaded from 'H:/FPGA/VGA/Gen4/Gen4.sdk/gener4_wrapper_hw_platform_0/system.hdf'.
05:21:57 INFO  : 'configparams force-mem-access 1' command is executed.
05:21:57 INFO  : Context for 'APU' is selected.
05:21:57 INFO  : 'stop' command is executed.
05:22:02 INFO  : 'ps7_init' command is executed.
05:22:02 INFO  : 'ps7_post_config' command is executed.
05:22:02 INFO  : Context for processor 'ps7_cortexa9_0' is selected.
05:22:02 INFO  : Processor reset is completed for 'ps7_cortexa9_0'.
05:22:02 INFO  : Context for processor 'ps7_cortexa9_0' is selected.
05:22:03 INFO  : The application 'H:/FPGA/VGA/Gen4/Gen4.sdk/G4oktober/Debug/G4oktober.elf' is downloaded to processor 'ps7_cortexa9_0'.
05:22:03 INFO  : 'configparams force-mem-access 0' command is executed.
05:22:03 INFO  : ----------------XSDB Script----------------
connect -url tcp:127.0.0.1:3121
source H:/FPGA/VGA/Gen4/Gen4.sdk/gener4_wrapper_hw_platform_0/ps7_init.tcl
targets -set -filter {jtag_cable_name =~ "Platform Cable USB 00001abcffac01" && level==0} -index 1
fpga -file H:/FPGA/VGA/Gen4/Gen4.sdk/gener4_wrapper_hw_platform_0/gener4_wrapper.bit
targets -set -nocase -filter {name =~"APU*" && jtag_cable_name =~ "Platform Cable USB 00001abcffac01"} -index 0
loadhw -hw H:/FPGA/VGA/Gen4/Gen4.sdk/gener4_wrapper_hw_platform_0/system.hdf -mem-ranges [list {0x40000000 0xbfffffff}]
configparams force-mem-access 1
targets -set -nocase -filter {name =~"APU*" && jtag_cable_name =~ "Platform Cable USB 00001abcffac01"} -index 0
stop
ps7_init
ps7_post_config
targets -set -nocase -filter {name =~ "ARM*#0" && jtag_cable_name =~ "Platform Cable USB 00001abcffac01"} -index 0
rst -processor
targets -set -nocase -filter {name =~ "ARM*#0" && jtag_cable_name =~ "Platform Cable USB 00001abcffac01"} -index 0
dow H:/FPGA/VGA/Gen4/Gen4.sdk/G4oktober/Debug/G4oktober.elf
configparams force-mem-access 0
----------------End of Script----------------

05:22:03 INFO  : Memory regions updated for context APU
05:22:03 INFO  : Context for processor 'ps7_cortexa9_0' is selected.
05:22:03 INFO  : 'con' command is executed.
05:22:03 INFO  : ----------------XSDB Script (After Launch)----------------
targets -set -nocase -filter {name =~ "ARM*#0" && jtag_cable_name =~ "Platform Cable USB 00001abcffac01"} -index 0
con
----------------End of Script----------------

05:22:03 INFO  : Launch script is exported to file 'H:\FPGA\VGA\Gen4\Gen4.sdk\.sdk\launch_scripts\xilinx_c-c++_application_(system_debugger)\system_debugger_using_debug_g4oktober.elf_on_local.tcl'
05:37:26 INFO  : Invoking Bootgen: bootgen -image G4oktober.bif -arch zynq -o H:\FPGA\VGA\Gen4\Gen4.sdk\G4oktober\bootimage\BOOT.bin -w on
05:37:26 INFO  : Overwriting existing bif file H:\FPGA\VGA\Gen4\Gen4.sdk\G4oktober\bootimage\G4oktober.bif
05:37:30 INFO  : Bootgen command execution is done.
05:49:54 INFO  : Disconnected from the channel tcfchan#9.
05:49:55 INFO  : Connected to target on host '127.0.0.1' and port '3121'.
05:49:56 INFO  : Jtag cable 'Platform Cable USB 00001abcffac01' is selected.
05:49:56 INFO  : 'jtag frequency' command is executed.
05:49:56 INFO  : Sourcing of 'H:/FPGA/VGA/Gen4/Gen4.sdk/gener4_wrapper_hw_platform_0/ps7_init.tcl' is done.
05:49:56 INFO  : 'targets -set -filter {jtag_cable_name =~ "Platform Cable USB 00001abcffac01" && level==0} -index 1' command is executed.
05:50:05 INFO  : FPGA configured successfully with bitstream "H:/FPGA/VGA/Gen4/Gen4.sdk/gener4_wrapper_hw_platform_0/gener4_wrapper.bit"
05:50:05 INFO  : Context for 'APU' is selected.
05:50:09 INFO  : Hardware design information is loaded from 'H:/FPGA/VGA/Gen4/Gen4.sdk/gener4_wrapper_hw_platform_0/system.hdf'.
05:50:09 INFO  : 'configparams force-mem-access 1' command is executed.
05:50:09 INFO  : Context for 'APU' is selected.
05:50:09 INFO  : 'stop' command is executed.
05:50:11 INFO  : 'ps7_init' command is executed.
05:50:11 INFO  : 'ps7_post_config' command is executed.
05:50:11 INFO  : Context for processor 'ps7_cortexa9_0' is selected.
05:50:11 INFO  : Processor reset is completed for 'ps7_cortexa9_0'.
05:50:11 INFO  : Context for processor 'ps7_cortexa9_0' is selected.
05:50:12 INFO  : The application 'H:/FPGA/VGA/Gen4/Gen4.sdk/G4oktober/Debug/G4oktober.elf' is downloaded to processor 'ps7_cortexa9_0'.
05:50:12 INFO  : 'configparams force-mem-access 0' command is executed.
05:50:12 INFO  : ----------------XSDB Script----------------
connect -url tcp:127.0.0.1:3121
source H:/FPGA/VGA/Gen4/Gen4.sdk/gener4_wrapper_hw_platform_0/ps7_init.tcl
targets -set -filter {jtag_cable_name =~ "Platform Cable USB 00001abcffac01" && level==0} -index 1
fpga -file H:/FPGA/VGA/Gen4/Gen4.sdk/gener4_wrapper_hw_platform_0/gener4_wrapper.bit
targets -set -nocase -filter {name =~"APU*" && jtag_cable_name =~ "Platform Cable USB 00001abcffac01"} -index 0
loadhw -hw H:/FPGA/VGA/Gen4/Gen4.sdk/gener4_wrapper_hw_platform_0/system.hdf -mem-ranges [list {0x40000000 0xbfffffff}]
configparams force-mem-access 1
targets -set -nocase -filter {name =~"APU*" && jtag_cable_name =~ "Platform Cable USB 00001abcffac01"} -index 0
stop
ps7_init
ps7_post_config
targets -set -nocase -filter {name =~ "ARM*#0" && jtag_cable_name =~ "Platform Cable USB 00001abcffac01"} -index 0
rst -processor
targets -set -nocase -filter {name =~ "ARM*#0" && jtag_cable_name =~ "Platform Cable USB 00001abcffac01"} -index 0
dow H:/FPGA/VGA/Gen4/Gen4.sdk/G4oktober/Debug/G4oktober.elf
configparams force-mem-access 0
----------------End of Script----------------

05:50:12 INFO  : Memory regions updated for context APU
05:50:12 INFO  : Context for processor 'ps7_cortexa9_0' is selected.
05:50:12 INFO  : 'con' command is executed.
05:50:12 INFO  : ----------------XSDB Script (After Launch)----------------
targets -set -nocase -filter {name =~ "ARM*#0" && jtag_cable_name =~ "Platform Cable USB 00001abcffac01"} -index 0
con
----------------End of Script----------------

05:50:12 INFO  : Launch script is exported to file 'H:\FPGA\VGA\Gen4\Gen4.sdk\.sdk\launch_scripts\xilinx_c-c++_application_(system_debugger)\system_debugger_using_debug_g4oktober.elf_on_local.tcl'
06:04:08 INFO  : SDK has detected change in the last modified timestamps for source hardware specification file Source:1696388600047,  Project:1696377958687
06:04:08 INFO  : Project gener4_wrapper_hw_platform_0's source hardware specification located at H:/FPGA/VGA/Gen4/Gen4.sdk/gener4_wrapper.hdf is now different from the local copy.
		 The local copy will be replaced with the source specification and your workspace will be updated.
06:04:24 INFO  : Copied contents of H:/FPGA/VGA/Gen4/Gen4.sdk/gener4_wrapper.hdf into \gener4_wrapper_hw_platform_0\system.hdf.
06:04:50 INFO  : Synchronizing projects in the workspace with the hardware platform specification changes.
06:05:06 INFO  : 
06:05:15 INFO  : 
06:05:16 INFO  : Updating hardware inferred compiler options for G4oktober.
06:05:17 INFO  : Updating hardware inferred compiler options for fsBl4.
06:05:17 INFO  : Clearing existing target manager status.
06:05:17 INFO  : Closing and re-opening the MSS file of ther project G4oktober_bsp
06:05:20 INFO  : Closing and re-opening the MSS file of ther project fsBl4_bsp
06:05:21 INFO  : Workspace synchronized with the new hardware specification file. Cleaning dependent projects...
06:05:30 WARN  : Linker script will not be updated automatically. Users need to update it manually.
06:08:17 INFO  : Inferring section assignments and sizes from elf file: H:\FPGA\VGA\Gen4\Gen4.sdk\G4oktober\Release\G4oktober.elf
06:08:28 INFO  : Successfully generated H:\FPGA\VGA\Gen4\Gen4.sdk\G4oktober\src\lscript.ld.
06:08:28 INFO  : Applying linker script to all configurations of project G4oktober.
06:08:28 INFO  : Setting rebuild state to true for all configurations of project G4oktober.
06:08:49 INFO  : Disconnected from the channel tcfchan#10.
06:08:51 INFO  : Connected to target on host '127.0.0.1' and port '3121'.
06:08:51 INFO  : Jtag cable 'Platform Cable USB 00001abcffac01' is selected.
06:08:51 INFO  : 'jtag frequency' command is executed.
06:08:51 INFO  : Sourcing of 'H:/FPGA/VGA/Gen4/Gen4.sdk/gener4_wrapper_hw_platform_0/ps7_init.tcl' is done.
06:08:51 INFO  : 'targets -set -filter {jtag_cable_name =~ "Platform Cable USB 00001abcffac01" && level==0} -index 1' command is executed.
06:09:00 INFO  : FPGA configured successfully with bitstream "H:/FPGA/VGA/Gen4/Gen4.sdk/gener4_wrapper_hw_platform_0/gener4_wrapper.bit"
06:09:00 INFO  : Context for 'APU' is selected.
06:09:00 INFO  : Hardware design information is loaded from 'H:/FPGA/VGA/Gen4/Gen4.sdk/gener4_wrapper_hw_platform_0/system.hdf'.
06:09:00 INFO  : 'configparams force-mem-access 1' command is executed.
06:09:00 INFO  : Context for 'APU' is selected.
06:09:01 INFO  : 'stop' command is executed.
06:09:02 INFO  : 'ps7_init' command is executed.
06:09:02 INFO  : 'ps7_post_config' command is executed.
06:09:02 INFO  : Context for processor 'ps7_cortexa9_0' is selected.
06:09:02 INFO  : Processor reset is completed for 'ps7_cortexa9_0'.
06:09:02 INFO  : Context for processor 'ps7_cortexa9_0' is selected.
06:09:03 INFO  : The application 'H:/FPGA/VGA/Gen4/Gen4.sdk/G4oktober/Debug/G4oktober.elf' is downloaded to processor 'ps7_cortexa9_0'.
06:09:03 INFO  : 'configparams force-mem-access 0' command is executed.
06:09:03 INFO  : ----------------XSDB Script----------------
connect -url tcp:127.0.0.1:3121
source H:/FPGA/VGA/Gen4/Gen4.sdk/gener4_wrapper_hw_platform_0/ps7_init.tcl
targets -set -filter {jtag_cable_name =~ "Platform Cable USB 00001abcffac01" && level==0} -index 1
fpga -file H:/FPGA/VGA/Gen4/Gen4.sdk/gener4_wrapper_hw_platform_0/gener4_wrapper.bit
targets -set -nocase -filter {name =~"APU*" && jtag_cable_name =~ "Platform Cable USB 00001abcffac01"} -index 0
loadhw -hw H:/FPGA/VGA/Gen4/Gen4.sdk/gener4_wrapper_hw_platform_0/system.hdf -mem-ranges [list {0x40000000 0xbfffffff}]
configparams force-mem-access 1
targets -set -nocase -filter {name =~"APU*" && jtag_cable_name =~ "Platform Cable USB 00001abcffac01"} -index 0
stop
ps7_init
ps7_post_config
targets -set -nocase -filter {name =~ "ARM*#0" && jtag_cable_name =~ "Platform Cable USB 00001abcffac01"} -index 0
rst -processor
targets -set -nocase -filter {name =~ "ARM*#0" && jtag_cable_name =~ "Platform Cable USB 00001abcffac01"} -index 0
dow H:/FPGA/VGA/Gen4/Gen4.sdk/G4oktober/Debug/G4oktober.elf
configparams force-mem-access 0
----------------End of Script----------------

06:09:03 INFO  : Memory regions updated for context APU
06:09:03 INFO  : Context for processor 'ps7_cortexa9_0' is selected.
06:09:03 INFO  : 'con' command is executed.
06:09:03 INFO  : ----------------XSDB Script (After Launch)----------------
targets -set -nocase -filter {name =~ "ARM*#0" && jtag_cable_name =~ "Platform Cable USB 00001abcffac01"} -index 0
con
----------------End of Script----------------

06:09:04 INFO  : Launch script is exported to file 'H:\FPGA\VGA\Gen4\Gen4.sdk\.sdk\launch_scripts\xilinx_c-c++_application_(system_debugger)\system_debugger_using_debug_g4oktober.elf_on_local.tcl'
06:24:12 INFO  : SDK has detected change in the last modified timestamps for source hardware specification file Source:1696389684653,  Project:1696388600047
06:24:12 INFO  : Project gener4_wrapper_hw_platform_0's source hardware specification located at H:/FPGA/VGA/Gen4/Gen4.sdk/gener4_wrapper.hdf is now different from the local copy.
		 The local copy will be replaced with the source specification and your workspace will be updated.
06:24:26 INFO  : Copied contents of H:/FPGA/VGA/Gen4/Gen4.sdk/gener4_wrapper.hdf into \gener4_wrapper_hw_platform_0\system.hdf.
06:24:33 INFO  : Synchronizing projects in the workspace with the hardware platform specification changes.
06:24:47 INFO  : 
06:24:53 INFO  : 
06:24:54 INFO  : Updating hardware inferred compiler options for G4oktober.
06:24:55 INFO  : Updating hardware inferred compiler options for fsBl4.
06:24:55 INFO  : Clearing existing target manager status.
06:24:55 INFO  : Closing and re-opening the MSS file of ther project G4oktober_bsp
06:24:57 INFO  : Closing and re-opening the MSS file of ther project fsBl4_bsp
06:25:02 INFO  : Workspace synchronized with the new hardware specification file. Cleaning dependent projects...
06:25:11 WARN  : Linker script will not be updated automatically. Users need to update it manually.
06:28:10 INFO  : Disconnected from the channel tcfchan#11.
06:28:11 INFO  : Connected to target on host '127.0.0.1' and port '3121'.
06:28:12 INFO  : Jtag cable 'Platform Cable USB 00001abcffac01' is selected.
06:28:12 INFO  : 'jtag frequency' command is executed.
06:28:12 INFO  : Sourcing of 'H:/FPGA/VGA/Gen4/Gen4.sdk/gener4_wrapper_hw_platform_0/ps7_init.tcl' is done.
06:28:12 INFO  : 'targets -set -filter {jtag_cable_name =~ "Platform Cable USB 00001abcffac01" && level==0} -index 1' command is executed.
06:28:21 INFO  : FPGA configured successfully with bitstream "H:/FPGA/VGA/Gen4/Gen4.sdk/gener4_wrapper_hw_platform_0/gener4_wrapper.bit"
06:28:21 INFO  : Context for 'APU' is selected.
06:28:21 INFO  : Hardware design information is loaded from 'H:/FPGA/VGA/Gen4/Gen4.sdk/gener4_wrapper_hw_platform_0/system.hdf'.
06:28:21 INFO  : 'configparams force-mem-access 1' command is executed.
06:28:21 INFO  : Context for 'APU' is selected.
06:28:21 INFO  : 'stop' command is executed.
06:28:23 INFO  : 'ps7_init' command is executed.
06:28:23 INFO  : 'ps7_post_config' command is executed.
06:28:23 INFO  : Context for processor 'ps7_cortexa9_0' is selected.
06:28:23 INFO  : Processor reset is completed for 'ps7_cortexa9_0'.
06:28:23 INFO  : Context for processor 'ps7_cortexa9_0' is selected.
06:28:24 INFO  : The application 'H:/FPGA/VGA/Gen4/Gen4.sdk/G4oktober/Debug/G4oktober.elf' is downloaded to processor 'ps7_cortexa9_0'.
06:28:24 INFO  : 'configparams force-mem-access 0' command is executed.
06:28:24 INFO  : ----------------XSDB Script----------------
connect -url tcp:127.0.0.1:3121
source H:/FPGA/VGA/Gen4/Gen4.sdk/gener4_wrapper_hw_platform_0/ps7_init.tcl
targets -set -filter {jtag_cable_name =~ "Platform Cable USB 00001abcffac01" && level==0} -index 1
fpga -file H:/FPGA/VGA/Gen4/Gen4.sdk/gener4_wrapper_hw_platform_0/gener4_wrapper.bit
targets -set -nocase -filter {name =~"APU*" && jtag_cable_name =~ "Platform Cable USB 00001abcffac01"} -index 0
loadhw -hw H:/FPGA/VGA/Gen4/Gen4.sdk/gener4_wrapper_hw_platform_0/system.hdf -mem-ranges [list {0x40000000 0xbfffffff}]
configparams force-mem-access 1
targets -set -nocase -filter {name =~"APU*" && jtag_cable_name =~ "Platform Cable USB 00001abcffac01"} -index 0
stop
ps7_init
ps7_post_config
targets -set -nocase -filter {name =~ "ARM*#0" && jtag_cable_name =~ "Platform Cable USB 00001abcffac01"} -index 0
rst -processor
targets -set -nocase -filter {name =~ "ARM*#0" && jtag_cable_name =~ "Platform Cable USB 00001abcffac01"} -index 0
dow H:/FPGA/VGA/Gen4/Gen4.sdk/G4oktober/Debug/G4oktober.elf
configparams force-mem-access 0
----------------End of Script----------------

06:28:24 INFO  : Memory regions updated for context APU
06:28:24 INFO  : Context for processor 'ps7_cortexa9_0' is selected.
06:28:24 INFO  : 'con' command is executed.
06:28:24 INFO  : ----------------XSDB Script (After Launch)----------------
targets -set -nocase -filter {name =~ "ARM*#0" && jtag_cable_name =~ "Platform Cable USB 00001abcffac01"} -index 0
con
----------------End of Script----------------

06:28:24 INFO  : Launch script is exported to file 'H:\FPGA\VGA\Gen4\Gen4.sdk\.sdk\launch_scripts\xilinx_c-c++_application_(system_debugger)\system_debugger_using_debug_g4oktober.elf_on_local.tcl'
06:30:51 INFO  : Disconnected from the channel tcfchan#12.
09:31:25 INFO  : Launching XSCT server: xsct.bat -interactive C:\Xilinx\Projects\Gen4\Gen4.sdk\temp_xsdb_launch_script.tcl
09:31:30 INFO  : XSCT server has started successfully.
09:31:41 INFO  : Successfully done setting XSCT server connection channel  
09:31:41 INFO  : Successfully done setting SDK workspace  
09:31:55 INFO  : Registering command handlers for SDK TCF services
09:31:56 INFO  : Processing command line option -hwspec C:/Xilinx/Projects/Gen4/Gen4.sdk/gener4_wrapper.hdf.
09:34:53 ERROR : (XSDB Server)ERROR: [Hsi 55-1545] Problem running tcl command ::sw_lwip202_v1_0::lwip_drc : ERROR: No Ethernet MAC cores are addressable from processor ps7_cortexa9_0.  lwIP requires atleast one EMAC (xps_ethernetlite | xps_ll_temac | axi_ethernet | axi_ethernet_buffer | axi_ethernetlite | ps7_ethernet | psu_ethernet ) core  with its interrupt pin connected to the interrupt controller.

    while executing
"error "ERROR: No Ethernet MAC cores are addressable from processor $cpuname.  lwIP requires atleast one EMAC (xps_ethernetlite | xps_ll_temac | axi_et..."
    (procedure "::sw_lwip202_v1_0::lwip_drc" line 65)
    invoked from within
"::sw_lwip202_v1_0::lwip_drc lwip202"
ERROR: [Hsi 55-1440] Error(s) while running DRCs.

09:34:53 ERROR : (XSDB Server)ERROR: [Hsi 55-1450] Error: running generate_bsp.

09:34:53 ERROR : Error generating bsp sources: Failed in generating sources
09:34:54 ERROR : Failed to regenerate sources for BSP project G4oktober_bsp
org.eclipse.core.runtime.CoreException: Internal error occurred while generating bsp sources. Please check the SDK Log view for further details.
	at com.xilinx.sdk.sw.ui.handlers.RegenBspSourcesHandler.internalGenerateBsp(RegenBspSourcesHandler.java:178)
	at com.xilinx.sdk.sw.ui.handlers.RegenBspSourcesHandler.access$2(RegenBspSourcesHandler.java:163)
	at com.xilinx.sdk.sw.ui.handlers.RegenBspSourcesHandler$1$1.run(RegenBspSourcesHandler.java:131)
	at org.eclipse.core.internal.resources.Workspace.run(Workspace.java:2240)
	at org.eclipse.core.internal.resources.Workspace.run(Workspace.java:2267)
	at com.xilinx.sdk.sw.ui.handlers.RegenBspSourcesHandler$1.run(RegenBspSourcesHandler.java:135)
	at org.eclipse.jface.operation.ModalContext$ModalContextThread.run(ModalContext.java:119)
09:34:59 INFO  : Refreshed build settings on project G4oktober
09:36:24 ERROR : (XSDB Server)ERROR: [Hsi 55-1545] Problem running tcl command ::sw_lwip202_v1_0::lwip_drc : ERROR: No Ethernet MAC cores are addressable from processor ps7_cortexa9_0.  lwIP requires atleast one EMAC (xps_ethernetlite | xps_ll_temac | axi_ethernet | axi_ethernet_buffer | axi_ethernetlite | ps7_ethernet | psu_ethernet ) core  with its interrupt pin connected to the interrupt controller.

    while executing
"error "ERROR: No Ethernet MAC cores are addressable from processor $cpuname.  lwIP requires atleast one EMAC (xps_ethernetlite | xps_ll_temac | axi_et..."
    (procedure "::sw_lwip202_v1_0::lwip_drc" line 65)
    invoked from within
"::sw_lwip202_v1_0::lwip_drc lwip202"

09:36:24 ERROR : Error generating bsp sources: Failed in generating sources
09:36:24 ERROR : (XSDB Server)ERROR: [Hsi 55-1440] Error(s) while running DRCs.
ERROR: [Hsi 55-1450] Error: running generate_bsp.

09:36:24 ERROR : Failed to regenerate sources for BSP project fsBl4_bsp
org.eclipse.core.runtime.CoreException: Internal error occurred while generating bsp sources. Please check the SDK Log view for further details.
	at com.xilinx.sdk.sw.ui.handlers.RegenBspSourcesHandler.internalGenerateBsp(RegenBspSourcesHandler.java:178)
	at com.xilinx.sdk.sw.ui.handlers.RegenBspSourcesHandler.access$2(RegenBspSourcesHandler.java:163)
	at com.xilinx.sdk.sw.ui.handlers.RegenBspSourcesHandler$1$1.run(RegenBspSourcesHandler.java:131)
	at org.eclipse.core.internal.resources.Workspace.run(Workspace.java:2240)
	at org.eclipse.core.internal.resources.Workspace.run(Workspace.java:2267)
	at com.xilinx.sdk.sw.ui.handlers.RegenBspSourcesHandler$1.run(RegenBspSourcesHandler.java:135)
	at org.eclipse.jface.operation.ModalContext$ModalContextThread.run(ModalContext.java:119)
09:36:28 INFO  : Refreshed build settings on project fsBl4
09:37:10 ERROR : (XSDB Server)ERROR: [Hsi 55-1545] Problem running tcl command ::sw_lwip202_v1_0::lwip_drc : ERROR: No Ethernet MAC cores are addressable from processor ps7_cortexa9_0.  lwIP requires atleast one EMAC (xps_ethernetlite | xps_ll_temac | axi_ethernet | axi_ethernet_buffer | axi_ethernetlite | ps7_ethernet | psu_ethernet ) core  with its interrupt pin connected to the interrupt controller.

    while executing
"error "ERROR: No Ethernet MAC cores are addressable from processor $cpuname.  lwIP requires atleast one EMAC (xps_ethernetlite | xps_ll_temac | axi_et..."
    (procedure "::sw_lwip202_v1_0::lwip_drc" line 65)
    invoked from within
"::sw_lwip202_v1_0::lwip_drc lwip202"

09:37:10 ERROR : (XSDB Server)ERROR: [Hsi 55-1440] Error(s) while running DRCs.

09:37:10 ERROR : (XSDB Server)ERROR: [Hsi 55-1450] Error: running generate_bsp.

09:37:10 ERROR : Error generating bsp sources: Failed in generating sources
09:37:10 ERROR : Failed to regenerate sources for BSP project fsBl4_bsp
org.eclipse.core.runtime.CoreException: Internal error occurred while generating bsp sources. Please check the SDK Log view for further details.
	at com.xilinx.sdk.sw.ui.handlers.RegenBspSourcesHandler.internalGenerateBsp(RegenBspSourcesHandler.java:178)
	at com.xilinx.sdk.sw.ui.handlers.RegenBspSourcesHandler.access$2(RegenBspSourcesHandler.java:163)
	at com.xilinx.sdk.sw.ui.handlers.RegenBspSourcesHandler$1$1.run(RegenBspSourcesHandler.java:131)
	at org.eclipse.core.internal.resources.Workspace.run(Workspace.java:2240)
	at org.eclipse.core.internal.resources.Workspace.run(Workspace.java:2267)
	at com.xilinx.sdk.sw.ui.handlers.RegenBspSourcesHandler$1.run(RegenBspSourcesHandler.java:135)
	at org.eclipse.jface.operation.ModalContext$ModalContextThread.run(ModalContext.java:119)
09:42:44 INFO  : Connected to target on host '127.0.0.1' and port '3121'.
09:43:22 INFO  : Connected to target on host '127.0.0.1' and port '3121'.
09:44:41 INFO  : Connected to target on host '127.0.0.1' and port '3121'.
09:45:34 INFO  : Connected to target on host '127.0.0.1' and port '3121'.
09:45:50 INFO  : 'targets -set -filter {jtag_cable_name =~ "Platform Cable USB 00001abcffac01" && level==0} -index 1' command is executed.
09:45:50 INFO  : 'fpga -state' command is executed.
09:45:54 INFO  : Connected to target on host '127.0.0.1' and port '3121'.
09:45:54 INFO  : Jtag cable 'Platform Cable USB 00001abcffac01' is selected.
09:45:54 INFO  : 'jtag frequency' command is executed.
09:45:54 INFO  : Sourcing of 'C:/Xilinx/Projects/Gen4/Gen4.sdk/gener4_wrapper_hw_platform_0/ps7_init.tcl' is done.
09:45:54 INFO  : Context for 'APU' is selected.
09:45:54 INFO  : Hardware design information is loaded from 'C:/Xilinx/Projects/Gen4/Gen4.sdk/gener4_wrapper_hw_platform_0/system.hdf'.
09:45:54 INFO  : 'configparams force-mem-access 1' command is executed.
09:45:54 INFO  : Context for 'APU' is selected.
09:45:54 INFO  : 'stop' command is executed.
09:45:55 INFO  : 'ps7_init' command is executed.
09:45:55 INFO  : 'ps7_post_config' command is executed.
09:45:55 INFO  : Context for processor 'ps7_cortexa9_0' is selected.
09:45:55 INFO  : Processor reset is completed for 'ps7_cortexa9_0'.
09:45:55 INFO  : Context for processor 'ps7_cortexa9_0' is selected.
09:45:56 INFO  : The application 'C:/Xilinx/Projects/Gen4/Gen4.sdk/G4oktober/Release/G4oktober.elf' is downloaded to processor 'ps7_cortexa9_0'.
09:45:56 INFO  : 'configparams force-mem-access 0' command is executed.
09:45:56 INFO  : ----------------XSDB Script----------------
connect -url tcp:127.0.0.1:3121
source C:/Xilinx/Projects/Gen4/Gen4.sdk/gener4_wrapper_hw_platform_0/ps7_init.tcl
targets -set -nocase -filter {name =~"APU*" && jtag_cable_name =~ "Platform Cable USB 00001abcffac01"} -index 0
loadhw -hw C:/Xilinx/Projects/Gen4/Gen4.sdk/gener4_wrapper_hw_platform_0/system.hdf -mem-ranges [list {0x40000000 0xbfffffff}]
configparams force-mem-access 1
targets -set -nocase -filter {name =~"APU*" && jtag_cable_name =~ "Platform Cable USB 00001abcffac01"} -index 0
stop
ps7_init
ps7_post_config
targets -set -nocase -filter {name =~ "ARM*#0" && jtag_cable_name =~ "Platform Cable USB 00001abcffac01"} -index 0
rst -processor
targets -set -nocase -filter {name =~ "ARM*#0" && jtag_cable_name =~ "Platform Cable USB 00001abcffac01"} -index 0
dow C:/Xilinx/Projects/Gen4/Gen4.sdk/G4oktober/Release/G4oktober.elf
configparams force-mem-access 0
----------------End of Script----------------

09:45:56 INFO  : Memory regions updated for context APU
09:45:56 INFO  : Context for processor 'ps7_cortexa9_0' is selected.
09:45:57 INFO  : 'con' command is executed.
09:45:57 INFO  : ----------------XSDB Script (After Launch)----------------
targets -set -nocase -filter {name =~ "ARM*#0" && jtag_cable_name =~ "Platform Cable USB 00001abcffac01"} -index 0
con
----------------End of Script----------------

09:45:57 INFO  : Launch script is exported to file 'C:\Xilinx\Projects\Gen4\Gen4.sdk\.sdk\launch_scripts\xilinx_c-c++_application_(system_debugger)\system_debugger_using_release_g4oktober.elf_on_local.tcl'
09:46:29 INFO  : Connected to target on host '127.0.0.1' and port '3121'.
09:46:30 INFO  : 'targets -set -filter {jtag_cable_name =~ "Platform Cable USB 00001abcffac01" && level==0} -index 1' command is executed.
09:46:38 INFO  : FPGA configured successfully with bitstream "C:/Xilinx/Projects/Gen4/Gen4.sdk/gener4_wrapper_hw_platform_0/gener4_wrapper.bit"
09:51:00 INFO  : Project 'gener4_wrapper_hw_platform_2' created. You can now create BSPs and application projects targeting this hardware platform.
09:53:23 INFO  : Refreshed build settings on project 4okt
09:56:00 INFO  : Connected to target on host '127.0.0.1' and port '3121'.
09:56:00 INFO  : Jtag cable 'Platform Cable USB 00001abcffac01' is selected.
09:56:00 INFO  : 'jtag frequency' command is executed.
09:56:00 INFO  : Sourcing of 'C:/Xilinx/Projects/Gen4/Gen4.sdk/gener4_wrapper_hw_platform_0/ps7_init.tcl' is done.
09:56:00 INFO  : 'targets -set -filter {jtag_cable_name =~ "Platform Cable USB 00001abcffac01" && level==0} -index 1' command is executed.
09:56:08 INFO  : FPGA configured successfully with bitstream "C:/Xilinx/Projects/Gen4/Gen4.sdk/gener4_wrapper_hw_platform_0/gener4_wrapper.bit"
09:56:08 INFO  : Context for 'APU' is selected.
09:56:08 INFO  : Hardware design information is loaded from 'C:/Xilinx/Projects/Gen4/Gen4.sdk/gener4_wrapper_hw_platform_0/system.hdf'.
09:56:09 INFO  : 'configparams force-mem-access 1' command is executed.
09:56:09 INFO  : Context for 'APU' is selected.
09:56:09 INFO  : 'stop' command is executed.
09:56:09 INFO  : 'ps7_init' command is executed.
09:56:09 INFO  : 'ps7_post_config' command is executed.
09:56:09 INFO  : 'configparams force-mem-access 0' command is executed.
09:56:09 INFO  : ----------------XSDB Script----------------
connect -url tcp:127.0.0.1:3121
source C:/Xilinx/Projects/Gen4/Gen4.sdk/gener4_wrapper_hw_platform_0/ps7_init.tcl
targets -set -filter {jtag_cable_name =~ "Platform Cable USB 00001abcffac01" && level==0} -index 1
fpga -file C:/Xilinx/Projects/Gen4/Gen4.sdk/gener4_wrapper_hw_platform_0/gener4_wrapper.bit
targets -set -nocase -filter {name =~"APU*" && jtag_cable_name =~ "Platform Cable USB 00001abcffac01"} -index 0
loadhw -hw C:/Xilinx/Projects/Gen4/Gen4.sdk/gener4_wrapper_hw_platform_0/system.hdf -mem-ranges [list {0x40000000 0xbfffffff}]
configparams force-mem-access 1
targets -set -nocase -filter {name =~"APU*" && jtag_cable_name =~ "Platform Cable USB 00001abcffac01"} -index 0
stop
ps7_init
ps7_post_config
configparams force-mem-access 0
----------------End of Script----------------

09:56:09 INFO  : Memory regions updated for context APU
09:56:09 INFO  : Launch script is exported to file 'C:\Xilinx\Projects\Gen4\Gen4.sdk\.sdk\launch_scripts\xilinx_c-c++_application_(system_debugger)\system_debugger_on_local.tcl'
09:57:25 INFO  : Disconnected from the channel tcfchan#1.
09:57:26 INFO  : 'targets -set -filter {jtag_cable_name =~ "Platform Cable USB 00001abcffac01" && level==0} -index 1' command is executed.
09:57:26 INFO  : 'fpga -state' command is executed.
09:57:26 INFO  : Connected to target on host '127.0.0.1' and port '3121'.
09:57:27 INFO  : Jtag cable 'Platform Cable USB 00001abcffac01' is selected.
09:57:27 INFO  : 'jtag frequency' command is executed.
09:57:27 INFO  : Sourcing of 'C:/Xilinx/Projects/Gen4/Gen4.sdk/gener4_wrapper_hw_platform_2/ps7_init.tcl' is done.
09:57:27 INFO  : Context for 'APU' is selected.
09:57:27 INFO  : Hardware design information is loaded from 'C:/Xilinx/Projects/Gen4/Gen4.sdk/gener4_wrapper_hw_platform_2/system.hdf'.
09:57:27 INFO  : 'configparams force-mem-access 1' command is executed.
09:57:27 INFO  : Context for 'APU' is selected.
09:57:27 INFO  : 'stop' command is executed.
09:57:28 INFO  : 'ps7_init' command is executed.
09:57:28 INFO  : 'ps7_post_config' command is executed.
09:57:28 INFO  : Context for processor 'ps7_cortexa9_0' is selected.
09:57:28 INFO  : Processor reset is completed for 'ps7_cortexa9_0'.
09:57:28 INFO  : Context for processor 'ps7_cortexa9_0' is selected.
09:57:29 INFO  : The application 'C:/Xilinx/Projects/Gen4/Gen4.sdk/4okt/Release/4okt.elf' is downloaded to processor 'ps7_cortexa9_0'.
09:57:29 INFO  : 'configparams force-mem-access 0' command is executed.
09:57:29 INFO  : ----------------XSDB Script----------------
connect -url tcp:127.0.0.1:3121
source C:/Xilinx/Projects/Gen4/Gen4.sdk/gener4_wrapper_hw_platform_2/ps7_init.tcl
targets -set -nocase -filter {name =~"APU*" && jtag_cable_name =~ "Platform Cable USB 00001abcffac01"} -index 0
loadhw -hw C:/Xilinx/Projects/Gen4/Gen4.sdk/gener4_wrapper_hw_platform_2/system.hdf -mem-ranges [list {0x40000000 0xbfffffff}]
configparams force-mem-access 1
targets -set -nocase -filter {name =~"APU*" && jtag_cable_name =~ "Platform Cable USB 00001abcffac01"} -index 0
stop
ps7_init
ps7_post_config
targets -set -nocase -filter {name =~ "ARM*#0" && jtag_cable_name =~ "Platform Cable USB 00001abcffac01"} -index 0
rst -processor
targets -set -nocase -filter {name =~ "ARM*#0" && jtag_cable_name =~ "Platform Cable USB 00001abcffac01"} -index 0
dow C:/Xilinx/Projects/Gen4/Gen4.sdk/4okt/Release/4okt.elf
configparams force-mem-access 0
----------------End of Script----------------

09:57:29 INFO  : Memory regions updated for context APU
09:57:29 INFO  : Context for processor 'ps7_cortexa9_0' is selected.
09:57:29 INFO  : 'con' command is executed.
09:57:29 INFO  : ----------------XSDB Script (After Launch)----------------
targets -set -nocase -filter {name =~ "ARM*#0" && jtag_cable_name =~ "Platform Cable USB 00001abcffac01"} -index 0
con
----------------End of Script----------------

09:57:29 INFO  : Launch script is exported to file 'C:\Xilinx\Projects\Gen4\Gen4.sdk\.sdk\launch_scripts\xilinx_c-c++_application_(system_debugger)\system_debugger_using_release_4okt.elf_on_local.tcl'
10:02:12 ERROR : Error while setting Hardware Specification Session Property
org.eclipse.core.internal.resources.ResourceException: Resource '/gener4_wrapper_hw_platform_1' does not exist.
	at org.eclipse.core.internal.resources.Resource.checkExists(Resource.java:335)
	at org.eclipse.core.internal.resources.Resource.checkAccessible(Resource.java:209)
	at org.eclipse.core.internal.resources.Project.checkAccessible(Project.java:141)
	at org.eclipse.core.internal.resources.Resource.checkAccessibleAndLocal(Resource.java:215)
	at org.eclipse.core.internal.resources.Resource.setSessionProperty(Resource.java:1754)
	at com.xilinx.sdk.hw.HwProjectUtil.setProjectHwSpec(HwProjectUtil.java:575)
	at com.xilinx.sdk.hw.HwProjectUtil.getProjectHwSpec(HwProjectUtil.java:629)
	at com.xilinx.sdk.hw.HwProjectUtil.getHwSpecForProject(HwProjectUtil.java:318)
	at com.xilinx.sdk.hw.sync.HwSpecChangeUtil.hasSpecChanged(HwSpecChangeUtil.java:297)
	at com.xilinx.sdk.hw.sync.HwSpecChangeUtil.hasChanges(HwSpecChangeUtil.java:72)
	at com.xilinx.sdk.hw.sync.HwPlatformMonitor.doMonitorTask(HwPlatformMonitor.java:52)
	at com.xilinx.sdk.hw.sync.HwPlatformMonitor.access$0(HwPlatformMonitor.java:41)
	at com.xilinx.sdk.hw.sync.HwPlatformMonitor$1.run(HwPlatformMonitor.java:33)
	at org.eclipse.swt.widgets.RunnableLock.run(RunnableLock.java:35)
	at org.eclipse.swt.widgets.Synchronizer.runAsyncMessages(Synchronizer.java:182)
	at org.eclipse.swt.widgets.Display.runAsyncMessages(Display.java:4203)
	at org.eclipse.swt.widgets.Display.readAndDispatch(Display.java:3819)
	at org.eclipse.jface.operation.ModalContext$ModalContextThread.block(ModalContext.java:165)
	at org.eclipse.jface.operation.ModalContext.run(ModalContext.java:369)
	at org.eclipse.ltk.internal.ui.refactoring.RefactoringWizardDialog2.run(RefactoringWizardDialog2.java:319)
	at org.eclipse.ltk.ui.refactoring.RefactoringWizard.internalPerformFinish(RefactoringWizard.java:636)
	at org.eclipse.ltk.ui.refactoring.UserInputWizardPage.performFinish(UserInputWizardPage.java:145)
	at org.eclipse.ltk.ui.refactoring.resource.DeleteResourcesWizard$DeleteResourcesRefactoringConfigurationPage.performFinish(DeleteResourcesWizard.java:202)
	at org.eclipse.ltk.ui.refactoring.RefactoringWizard.performFinish(RefactoringWizard.java:710)
	at org.eclipse.ltk.internal.ui.refactoring.RefactoringWizardDialog2.okPressed(RefactoringWizardDialog2.java:445)
	at org.eclipse.jface.dialogs.Dialog.buttonPressed(Dialog.java:466)
	at org.eclipse.jface.dialogs.Dialog$2.widgetSelected(Dialog.java:618)
	at org.eclipse.swt.widgets.TypedListener.handleEvent(TypedListener.java:249)
	at org.eclipse.swt.widgets.EventTable.sendEvent(EventTable.java:84)
	at org.eclipse.swt.widgets.Display.sendEvent(Display.java:4410)
	at org.eclipse.swt.widgets.Widget.sendEvent(Widget.java:1079)
	at org.eclipse.swt.widgets.Display.runDeferredEvents(Display.java:4228)
	at org.eclipse.swt.widgets.Display.readAndDispatch(Display.java:3816)
	at org.eclipse.jface.window.Window.runEventLoop(Window.java:818)
	at org.eclipse.jface.window.Window.open(Window.java:794)
	at org.eclipse.ltk.ui.refactoring.RefactoringWizardOpenOperation$1.run(RefactoringWizardOpenOperation.java:188)
	at org.eclipse.swt.custom.BusyIndicator.showWhile(BusyIndicator.java:70)
	at org.eclipse.ltk.ui.refactoring.RefactoringWizardOpenOperation.run(RefactoringWizardOpenOperation.java:203)
	at org.eclipse.ltk.ui.refactoring.RefactoringWizardOpenOperation.run(RefactoringWizardOpenOperation.java:122)
	at org.eclipse.ltk.internal.ui.refactoring.actions.DeleteResourcesHandler.execute(DeleteResourcesHandler.java:41)
	at org.eclipse.ui.internal.handlers.HandlerProxy.execute(HandlerProxy.java:295)
	at org.eclipse.ui.internal.handlers.E4HandlerProxy.execute(E4HandlerProxy.java:90)
	at sun.reflect.NativeMethodAccessorImpl.invoke0(Native Method)
	at sun.reflect.NativeMethodAccessorImpl.invoke(NativeMethodAccessorImpl.java:62)
	at sun.reflect.DelegatingMethodAccessorImpl.invoke(DelegatingMethodAccessorImpl.java:43)
	at java.lang.reflect.Method.invoke(Method.java:498)
	at org.eclipse.e4.core.internal.di.MethodRequestor.execute(MethodRequestor.java:55)
	at org.eclipse.e4.core.internal.di.InjectorImpl.invokeUsingClass(InjectorImpl.java:282)
	at org.eclipse.e4.core.internal.di.InjectorImpl.invoke(InjectorImpl.java:264)
	at org.eclipse.e4.core.contexts.ContextInjectionFactory.invoke(ContextInjectionFactory.java:132)
	at org.eclipse.e4.core.commands.internal.HandlerServiceHandler.execute(HandlerServiceHandler.java:152)
	at org.eclipse.core.commands.Command.executeWithChecks(Command.java:494)
	at org.eclipse.core.commands.ParameterizedCommand.executeWithChecks(ParameterizedCommand.java:488)
	at org.eclipse.e4.core.commands.internal.HandlerServiceImpl.executeHandler(HandlerServiceImpl.java:210)
	at org.eclipse.ui.internal.handlers.LegacyHandlerService.executeCommandInContext(LegacyHandlerService.java:405)
	at org.eclipse.ui.internal.ide.actions.LTKLauncher.runCommand(LTKLauncher.java:96)
	at org.eclipse.ui.internal.ide.actions.LTKLauncher.openDeleteWizard(LTKLauncher.java:48)
	at org.eclipse.ui.actions.DeleteResourceAction.run(DeleteResourceAction.java:445)
	at org.eclipse.ui.actions.BaseSelectionListenerAction.runWithEvent(BaseSelectionListenerAction.java:167)
	at org.eclipse.ui.actions.TextActionHandler$DeleteActionHandler.runWithEvent(TextActionHandler.java:169)
	at org.eclipse.jface.commands.ActionHandler.execute(ActionHandler.java:118)
	at org.eclipse.ui.internal.handlers.E4HandlerProxy.execute(E4HandlerProxy.java:90)
	at sun.reflect.NativeMethodAccessorImpl.invoke0(Native Method)
	at sun.reflect.NativeMethodAccessorImpl.invoke(NativeMethodAccessorImpl.java:62)
	at sun.reflect.DelegatingMethodAccessorImpl.invoke(DelegatingMethodAccessorImpl.java:43)
	at java.lang.reflect.Method.invoke(Method.java:498)
	at org.eclipse.e4.core.internal.di.MethodRequestor.execute(MethodRequestor.java:55)
	at org.eclipse.e4.core.internal.di.InjectorImpl.invokeUsingClass(InjectorImpl.java:282)
	at org.eclipse.e4.core.internal.di.InjectorImpl.invoke(InjectorImpl.java:264)
	at org.eclipse.e4.core.contexts.ContextInjectionFactory.invoke(ContextInjectionFactory.java:132)
	at org.eclipse.e4.core.commands.internal.HandlerServiceHandler.execute(HandlerServiceHandler.java:152)
	at org.eclipse.core.commands.Command.executeWithChecks(Command.java:494)
	at org.eclipse.core.commands.ParameterizedCommand.executeWithChecks(ParameterizedCommand.java:488)
	at org.eclipse.e4.core.commands.internal.HandlerServiceImpl.executeHandler(HandlerServiceImpl.java:210)
	at org.eclipse.e4.ui.bindings.keys.KeyBindingDispatcher.executeCommand(KeyBindingDispatcher.java:286)
	at org.eclipse.e4.ui.bindings.keys.KeyBindingDispatcher.press(KeyBindingDispatcher.java:507)
	at org.eclipse.e4.ui.bindings.keys.KeyBindingDispatcher.processKeyEvent(KeyBindingDispatcher.java:558)
	at org.eclipse.e4.ui.bindings.keys.OutOfOrderListener.handleEvent(OutOfOrderListener.java:72)
	at org.eclipse.swt.widgets.EventTable.sendEvent(EventTable.java:84)
	at org.eclipse.swt.widgets.Display.sendEvent(Display.java:4410)
	at org.eclipse.swt.widgets.Widget.sendEvent(Widget.java:1079)
	at org.eclipse.swt.widgets.Widget.sendEvent(Widget.java:1103)
	at org.eclipse.swt.widgets.Widget.sendEvent(Widget.java:1088)
	at org.eclipse.swt.widgets.Widget.sendKeyEvent(Widget.java:1130)
	at org.eclipse.swt.widgets.Widget.sendKeyEvent(Widget.java:1126)
	at org.eclipse.swt.widgets.Widget.wmKeyDown(Widget.java:1849)
	at org.eclipse.swt.widgets.Control.WM_KEYDOWN(Control.java:5164)
	at org.eclipse.swt.widgets.Tree.WM_KEYDOWN(Tree.java:6211)
	at org.eclipse.swt.widgets.Control.windowProc(Control.java:4823)
	at org.eclipse.swt.widgets.Tree.windowProc(Tree.java:6074)
	at org.eclipse.swt.widgets.Display.windowProc(Display.java:5115)
	at org.eclipse.swt.internal.win32.OS.DispatchMessageW(Native Method)
	at org.eclipse.swt.internal.win32.OS.DispatchMessage(OS.java:2552)
	at org.eclipse.swt.widgets.Display.readAndDispatch(Display.java:3814)
	at org.eclipse.e4.ui.internal.workbench.swt.PartRenderingEngine$4.run(PartRenderingEngine.java:1121)
	at org.eclipse.core.databinding.observable.Realm.runWithDefault(Realm.java:336)
	at org.eclipse.e4.ui.internal.workbench.swt.PartRenderingEngine.run(PartRenderingEngine.java:1022)
	at org.eclipse.e4.ui.internal.workbench.E4Workbench.createAndRunUI(E4Workbench.java:150)
	at org.eclipse.ui.internal.Workbench$5.run(Workbench.java:687)
	at org.eclipse.core.databinding.observable.Realm.runWithDefault(Realm.java:336)
	at org.eclipse.ui.internal.Workbench.createAndRunWorkbench(Workbench.java:604)
	at org.eclipse.ui.PlatformUI.createAndRunWorkbench(PlatformUI.java:148)
	at org.eclipse.ui.internal.ide.application.IDEApplication.start(IDEApplication.java:138)
	at org.eclipse.equinox.internal.app.EclipseAppHandle.run(EclipseAppHandle.java:196)
	at org.eclipse.core.runtime.internal.adaptor.EclipseAppLauncher.runApplication(EclipseAppLauncher.java:134)
	at org.eclipse.core.runtime.internal.adaptor.EclipseAppLauncher.start(EclipseAppLauncher.java:104)
	at org.eclipse.core.runtime.adaptor.EclipseStarter.run(EclipseStarter.java:388)
	at org.eclipse.core.runtime.adaptor.EclipseStarter.run(EclipseStarter.java:243)
	at sun.reflect.NativeMethodAccessorImpl.invoke0(Native Method)
	at sun.reflect.NativeMethodAccessorImpl.invoke(NativeMethodAccessorImpl.java:62)
	at sun.reflect.DelegatingMethodAccessorImpl.invoke(DelegatingMethodAccessorImpl.java:43)
	at java.lang.reflect.Method.invoke(Method.java:498)
	at org.eclipse.equinox.launcher.Main.invokeFramework(Main.java:673)
	at org.eclipse.equinox.launcher.Main.basicRun(Main.java:610)
	at org.eclipse.equinox.launcher.Main.run(Main.java:1519)
10:02:12 ERROR : Unexpected error while getting time stamp of source hardware specification file for project gener4_wrapper_hw_platform_1
org.eclipse.core.internal.resources.ResourceException: Resource '/gener4_wrapper_hw_platform_1' does not exist.
	at org.eclipse.core.internal.resources.Resource.checkExists(Resource.java:335)
	at org.eclipse.core.internal.resources.Resource.checkAccessible(Resource.java:209)
	at org.eclipse.core.internal.resources.Project.checkAccessible(Project.java:141)
	at org.eclipse.core.internal.resources.Resource.checkAccessibleAndLocal(Resource.java:215)
	at org.eclipse.core.internal.resources.Resource.getPersistentProperty(Resource.java:1151)
	at com.xilinx.sdk.hw.HwProjectUtil.getTimeModified(HwProjectUtil.java:761)
	at com.xilinx.sdk.hw.sync.HwSpecChangeUtil.hasSpecChanged(HwSpecChangeUtil.java:309)
	at com.xilinx.sdk.hw.sync.HwSpecChangeUtil.hasChanges(HwSpecChangeUtil.java:72)
	at com.xilinx.sdk.hw.sync.HwPlatformMonitor.doMonitorTask(HwPlatformMonitor.java:52)
	at com.xilinx.sdk.hw.sync.HwPlatformMonitor.access$0(HwPlatformMonitor.java:41)
	at com.xilinx.sdk.hw.sync.HwPlatformMonitor$1.run(HwPlatformMonitor.java:33)
	at org.eclipse.swt.widgets.RunnableLock.run(RunnableLock.java:35)
	at org.eclipse.swt.widgets.Synchronizer.runAsyncMessages(Synchronizer.java:182)
	at org.eclipse.swt.widgets.Display.runAsyncMessages(Display.java:4203)
	at org.eclipse.swt.widgets.Display.readAndDispatch(Display.java:3819)
	at org.eclipse.jface.operation.ModalContext$ModalContextThread.block(ModalContext.java:165)
	at org.eclipse.jface.operation.ModalContext.run(ModalContext.java:369)
	at org.eclipse.ltk.internal.ui.refactoring.RefactoringWizardDialog2.run(RefactoringWizardDialog2.java:319)
	at org.eclipse.ltk.ui.refactoring.RefactoringWizard.internalPerformFinish(RefactoringWizard.java:636)
	at org.eclipse.ltk.ui.refactoring.UserInputWizardPage.performFinish(UserInputWizardPage.java:145)
	at org.eclipse.ltk.ui.refactoring.resource.DeleteResourcesWizard$DeleteResourcesRefactoringConfigurationPage.performFinish(DeleteResourcesWizard.java:202)
	at org.eclipse.ltk.ui.refactoring.RefactoringWizard.performFinish(RefactoringWizard.java:710)
	at org.eclipse.ltk.internal.ui.refactoring.RefactoringWizardDialog2.okPressed(RefactoringWizardDialog2.java:445)
	at org.eclipse.jface.dialogs.Dialog.buttonPressed(Dialog.java:466)
	at org.eclipse.jface.dialogs.Dialog$2.widgetSelected(Dialog.java:618)
	at org.eclipse.swt.widgets.TypedListener.handleEvent(TypedListener.java:249)
	at org.eclipse.swt.widgets.EventTable.sendEvent(EventTable.java:84)
	at org.eclipse.swt.widgets.Display.sendEvent(Display.java:4410)
	at org.eclipse.swt.widgets.Widget.sendEvent(Widget.java:1079)
	at org.eclipse.swt.widgets.Display.runDeferredEvents(Display.java:4228)
	at org.eclipse.swt.widgets.Display.readAndDispatch(Display.java:3816)
	at org.eclipse.jface.window.Window.runEventLoop(Window.java:818)
	at org.eclipse.jface.window.Window.open(Window.java:794)
	at org.eclipse.ltk.ui.refactoring.RefactoringWizardOpenOperation$1.run(RefactoringWizardOpenOperation.java:188)
	at org.eclipse.swt.custom.BusyIndicator.showWhile(BusyIndicator.java:70)
	at org.eclipse.ltk.ui.refactoring.RefactoringWizardOpenOperation.run(RefactoringWizardOpenOperation.java:203)
	at org.eclipse.ltk.ui.refactoring.RefactoringWizardOpenOperation.run(RefactoringWizardOpenOperation.java:122)
	at org.eclipse.ltk.internal.ui.refactoring.actions.DeleteResourcesHandler.execute(DeleteResourcesHandler.java:41)
	at org.eclipse.ui.internal.handlers.HandlerProxy.execute(HandlerProxy.java:295)
	at org.eclipse.ui.internal.handlers.E4HandlerProxy.execute(E4HandlerProxy.java:90)
	at sun.reflect.NativeMethodAccessorImpl.invoke0(Native Method)
	at sun.reflect.NativeMethodAccessorImpl.invoke(NativeMethodAccessorImpl.java:62)
	at sun.reflect.DelegatingMethodAccessorImpl.invoke(DelegatingMethodAccessorImpl.java:43)
	at java.lang.reflect.Method.invoke(Method.java:498)
	at org.eclipse.e4.core.internal.di.MethodRequestor.execute(MethodRequestor.java:55)
	at org.eclipse.e4.core.internal.di.InjectorImpl.invokeUsingClass(InjectorImpl.java:282)
	at org.eclipse.e4.core.internal.di.InjectorImpl.invoke(InjectorImpl.java:264)
	at org.eclipse.e4.core.contexts.ContextInjectionFactory.invoke(ContextInjectionFactory.java:132)
	at org.eclipse.e4.core.commands.internal.HandlerServiceHandler.execute(HandlerServiceHandler.java:152)
	at org.eclipse.core.commands.Command.executeWithChecks(Command.java:494)
	at org.eclipse.core.commands.ParameterizedCommand.executeWithChecks(ParameterizedCommand.java:488)
	at org.eclipse.e4.core.commands.internal.HandlerServiceImpl.executeHandler(HandlerServiceImpl.java:210)
	at org.eclipse.ui.internal.handlers.LegacyHandlerService.executeCommandInContext(LegacyHandlerService.java:405)
	at org.eclipse.ui.internal.ide.actions.LTKLauncher.runCommand(LTKLauncher.java:96)
	at org.eclipse.ui.internal.ide.actions.LTKLauncher.openDeleteWizard(LTKLauncher.java:48)
	at org.eclipse.ui.actions.DeleteResourceAction.run(DeleteResourceAction.java:445)
	at org.eclipse.ui.actions.BaseSelectionListenerAction.runWithEvent(BaseSelectionListenerAction.java:167)
	at org.eclipse.ui.actions.TextActionHandler$DeleteActionHandler.runWithEvent(TextActionHandler.java:169)
	at org.eclipse.jface.commands.ActionHandler.execute(ActionHandler.java:118)
	at org.eclipse.ui.internal.handlers.E4HandlerProxy.execute(E4HandlerProxy.java:90)
	at sun.reflect.NativeMethodAccessorImpl.invoke0(Native Method)
	at sun.reflect.NativeMethodAccessorImpl.invoke(NativeMethodAccessorImpl.java:62)
	at sun.reflect.DelegatingMethodAccessorImpl.invoke(DelegatingMethodAccessorImpl.java:43)
	at java.lang.reflect.Method.invoke(Method.java:498)
	at org.eclipse.e4.core.internal.di.MethodRequestor.execute(MethodRequestor.java:55)
	at org.eclipse.e4.core.internal.di.InjectorImpl.invokeUsingClass(InjectorImpl.java:282)
	at org.eclipse.e4.core.internal.di.InjectorImpl.invoke(InjectorImpl.java:264)
	at org.eclipse.e4.core.contexts.ContextInjectionFactory.invoke(ContextInjectionFactory.java:132)
	at org.eclipse.e4.core.commands.internal.HandlerServiceHandler.execute(HandlerServiceHandler.java:152)
	at org.eclipse.core.commands.Command.executeWithChecks(Command.java:494)
	at org.eclipse.core.commands.ParameterizedCommand.executeWithChecks(ParameterizedCommand.java:488)
	at org.eclipse.e4.core.commands.internal.HandlerServiceImpl.executeHandler(HandlerServiceImpl.java:210)
	at org.eclipse.e4.ui.bindings.keys.KeyBindingDispatcher.executeCommand(KeyBindingDispatcher.java:286)
	at org.eclipse.e4.ui.bindings.keys.KeyBindingDispatcher.press(KeyBindingDispatcher.java:507)
	at org.eclipse.e4.ui.bindings.keys.KeyBindingDispatcher.processKeyEvent(KeyBindingDispatcher.java:558)
	at org.eclipse.e4.ui.bindings.keys.OutOfOrderListener.handleEvent(OutOfOrderListener.java:72)
	at org.eclipse.swt.widgets.EventTable.sendEvent(EventTable.java:84)
	at org.eclipse.swt.widgets.Display.sendEvent(Display.java:4410)
	at org.eclipse.swt.widgets.Widget.sendEvent(Widget.java:1079)
	at org.eclipse.swt.widgets.Widget.sendEvent(Widget.java:1103)
	at org.eclipse.swt.widgets.Widget.sendEvent(Widget.java:1088)
	at org.eclipse.swt.widgets.Widget.sendKeyEvent(Widget.java:1130)
	at org.eclipse.swt.widgets.Widget.sendKeyEvent(Widget.java:1126)
	at org.eclipse.swt.widgets.Widget.wmKeyDown(Widget.java:1849)
	at org.eclipse.swt.widgets.Control.WM_KEYDOWN(Control.java:5164)
	at org.eclipse.swt.widgets.Tree.WM_KEYDOWN(Tree.java:6211)
	at org.eclipse.swt.widgets.Control.windowProc(Control.java:4823)
	at org.eclipse.swt.widgets.Tree.windowProc(Tree.java:6074)
	at org.eclipse.swt.widgets.Display.windowProc(Display.java:5115)
	at org.eclipse.swt.internal.win32.OS.DispatchMessageW(Native Method)
	at org.eclipse.swt.internal.win32.OS.DispatchMessage(OS.java:2552)
	at org.eclipse.swt.widgets.Display.readAndDispatch(Display.java:3814)
	at org.eclipse.e4.ui.internal.workbench.swt.PartRenderingEngine$4.run(PartRenderingEngine.java:1121)
	at org.eclipse.core.databinding.observable.Realm.runWithDefault(Realm.java:336)
	at org.eclipse.e4.ui.internal.workbench.swt.PartRenderingEngine.run(PartRenderingEngine.java:1022)
	at org.eclipse.e4.ui.internal.workbench.E4Workbench.createAndRunUI(E4Workbench.java:150)
	at org.eclipse.ui.internal.Workbench$5.run(Workbench.java:687)
	at org.eclipse.core.databinding.observable.Realm.runWithDefault(Realm.java:336)
	at org.eclipse.ui.internal.Workbench.createAndRunWorkbench(Workbench.java:604)
	at org.eclipse.ui.PlatformUI.createAndRunWorkbench(PlatformUI.java:148)
	at org.eclipse.ui.internal.ide.application.IDEApplication.start(IDEApplication.java:138)
	at org.eclipse.equinox.internal.app.EclipseAppHandle.run(EclipseAppHandle.java:196)
	at org.eclipse.core.runtime.internal.adaptor.EclipseAppLauncher.runApplication(EclipseAppLauncher.java:134)
	at org.eclipse.core.runtime.internal.adaptor.EclipseAppLauncher.start(EclipseAppLauncher.java:104)
	at org.eclipse.core.runtime.adaptor.EclipseStarter.run(EclipseStarter.java:388)
	at org.eclipse.core.runtime.adaptor.EclipseStarter.run(EclipseStarter.java:243)
	at sun.reflect.NativeMethodAccessorImpl.invoke0(Native Method)
	at sun.reflect.NativeMethodAccessorImpl.invoke(NativeMethodAccessorImpl.java:62)
	at sun.reflect.DelegatingMethodAccessorImpl.invoke(DelegatingMethodAccessorImpl.java:43)
	at java.lang.reflect.Method.invoke(Method.java:498)
	at org.eclipse.equinox.launcher.Main.invokeFramework(Main.java:673)
	at org.eclipse.equinox.launcher.Main.basicRun(Main.java:610)
	at org.eclipse.equinox.launcher.Main.run(Main.java:1519)
10:02:12 WARN  : Could not determine last modfied timestamp of source hardware specification file for project gener4_wrapper_hw_platform_1. Trying to update it now.
10:02:12 ERROR : Unexpected error while saving time stamp of source hardware specification file for project gener4_wrapper_hw_platform_1
org.eclipse.core.internal.resources.ResourceException: Resource '/gener4_wrapper_hw_platform_1' does not exist.
	at org.eclipse.core.internal.resources.Resource.checkExists(Resource.java:335)
	at org.eclipse.core.internal.resources.Resource.checkAccessible(Resource.java:209)
	at org.eclipse.core.internal.resources.Project.checkAccessible(Project.java:141)
	at org.eclipse.core.internal.resources.Resource.checkAccessibleAndLocal(Resource.java:215)
	at org.eclipse.core.internal.resources.Resource.setPersistentProperty(Resource.java:1725)
	at com.xilinx.sdk.hw.HwProjectUtil.saveTimeModified(HwProjectUtil.java:747)
	at com.xilinx.sdk.hw.sync.HwSpecChangeUtil.hasSpecChanged(HwSpecChangeUtil.java:315)
	at com.xilinx.sdk.hw.sync.HwSpecChangeUtil.hasChanges(HwSpecChangeUtil.java:72)
	at com.xilinx.sdk.hw.sync.HwPlatformMonitor.doMonitorTask(HwPlatformMonitor.java:52)
	at com.xilinx.sdk.hw.sync.HwPlatformMonitor.access$0(HwPlatformMonitor.java:41)
	at com.xilinx.sdk.hw.sync.HwPlatformMonitor$1.run(HwPlatformMonitor.java:33)
	at org.eclipse.swt.widgets.RunnableLock.run(RunnableLock.java:35)
	at org.eclipse.swt.widgets.Synchronizer.runAsyncMessages(Synchronizer.java:182)
	at org.eclipse.swt.widgets.Display.runAsyncMessages(Display.java:4203)
	at org.eclipse.swt.widgets.Display.readAndDispatch(Display.java:3819)
	at org.eclipse.jface.operation.ModalContext$ModalContextThread.block(ModalContext.java:165)
	at org.eclipse.jface.operation.ModalContext.run(ModalContext.java:369)
	at org.eclipse.ltk.internal.ui.refactoring.RefactoringWizardDialog2.run(RefactoringWizardDialog2.java:319)
	at org.eclipse.ltk.ui.refactoring.RefactoringWizard.internalPerformFinish(RefactoringWizard.java:636)
	at org.eclipse.ltk.ui.refactoring.UserInputWizardPage.performFinish(UserInputWizardPage.java:145)
	at org.eclipse.ltk.ui.refactoring.resource.DeleteResourcesWizard$DeleteResourcesRefactoringConfigurationPage.performFinish(DeleteResourcesWizard.java:202)
	at org.eclipse.ltk.ui.refactoring.RefactoringWizard.performFinish(RefactoringWizard.java:710)
	at org.eclipse.ltk.internal.ui.refactoring.RefactoringWizardDialog2.okPressed(RefactoringWizardDialog2.java:445)
	at org.eclipse.jface.dialogs.Dialog.buttonPressed(Dialog.java:466)
	at org.eclipse.jface.dialogs.Dialog$2.widgetSelected(Dialog.java:618)
	at org.eclipse.swt.widgets.TypedListener.handleEvent(TypedListener.java:249)
	at org.eclipse.swt.widgets.EventTable.sendEvent(EventTable.java:84)
	at org.eclipse.swt.widgets.Display.sendEvent(Display.java:4410)
	at org.eclipse.swt.widgets.Widget.sendEvent(Widget.java:1079)
	at org.eclipse.swt.widgets.Display.runDeferredEvents(Display.java:4228)
	at org.eclipse.swt.widgets.Display.readAndDispatch(Display.java:3816)
	at org.eclipse.jface.window.Window.runEventLoop(Window.java:818)
	at org.eclipse.jface.window.Window.open(Window.java:794)
	at org.eclipse.ltk.ui.refactoring.RefactoringWizardOpenOperation$1.run(RefactoringWizardOpenOperation.java:188)
	at org.eclipse.swt.custom.BusyIndicator.showWhile(BusyIndicator.java:70)
	at org.eclipse.ltk.ui.refactoring.RefactoringWizardOpenOperation.run(RefactoringWizardOpenOperation.java:203)
	at org.eclipse.ltk.ui.refactoring.RefactoringWizardOpenOperation.run(RefactoringWizardOpenOperation.java:122)
	at org.eclipse.ltk.internal.ui.refactoring.actions.DeleteResourcesHandler.execute(DeleteResourcesHandler.java:41)
	at org.eclipse.ui.internal.handlers.HandlerProxy.execute(HandlerProxy.java:295)
	at org.eclipse.ui.internal.handlers.E4HandlerProxy.execute(E4HandlerProxy.java:90)
	at sun.reflect.NativeMethodAccessorImpl.invoke0(Native Method)
	at sun.reflect.NativeMethodAccessorImpl.invoke(NativeMethodAccessorImpl.java:62)
	at sun.reflect.DelegatingMethodAccessorImpl.invoke(DelegatingMethodAccessorImpl.java:43)
	at java.lang.reflect.Method.invoke(Method.java:498)
	at org.eclipse.e4.core.internal.di.MethodRequestor.execute(MethodRequestor.java:55)
	at org.eclipse.e4.core.internal.di.InjectorImpl.invokeUsingClass(InjectorImpl.java:282)
	at org.eclipse.e4.core.internal.di.InjectorImpl.invoke(InjectorImpl.java:264)
	at org.eclipse.e4.core.contexts.ContextInjectionFactory.invoke(ContextInjectionFactory.java:132)
	at org.eclipse.e4.core.commands.internal.HandlerServiceHandler.execute(HandlerServiceHandler.java:152)
	at org.eclipse.core.commands.Command.executeWithChecks(Command.java:494)
	at org.eclipse.core.commands.ParameterizedCommand.executeWithChecks(ParameterizedCommand.java:488)
	at org.eclipse.e4.core.commands.internal.HandlerServiceImpl.executeHandler(HandlerServiceImpl.java:210)
	at org.eclipse.ui.internal.handlers.LegacyHandlerService.executeCommandInContext(LegacyHandlerService.java:405)
	at org.eclipse.ui.internal.ide.actions.LTKLauncher.runCommand(LTKLauncher.java:96)
	at org.eclipse.ui.internal.ide.actions.LTKLauncher.openDeleteWizard(LTKLauncher.java:48)
	at org.eclipse.ui.actions.DeleteResourceAction.run(DeleteResourceAction.java:445)
	at org.eclipse.ui.actions.BaseSelectionListenerAction.runWithEvent(BaseSelectionListenerAction.java:167)
	at org.eclipse.ui.actions.TextActionHandler$DeleteActionHandler.runWithEvent(TextActionHandler.java:169)
	at org.eclipse.jface.commands.ActionHandler.execute(ActionHandler.java:118)
	at org.eclipse.ui.internal.handlers.E4HandlerProxy.execute(E4HandlerProxy.java:90)
	at sun.reflect.NativeMethodAccessorImpl.invoke0(Native Method)
	at sun.reflect.NativeMethodAccessorImpl.invoke(NativeMethodAccessorImpl.java:62)
	at sun.reflect.DelegatingMethodAccessorImpl.invoke(DelegatingMethodAccessorImpl.java:43)
	at java.lang.reflect.Method.invoke(Method.java:498)
	at org.eclipse.e4.core.internal.di.MethodRequestor.execute(MethodRequestor.java:55)
	at org.eclipse.e4.core.internal.di.InjectorImpl.invokeUsingClass(InjectorImpl.java:282)
	at org.eclipse.e4.core.internal.di.InjectorImpl.invoke(InjectorImpl.java:264)
	at org.eclipse.e4.core.contexts.ContextInjectionFactory.invoke(ContextInjectionFactory.java:132)
	at org.eclipse.e4.core.commands.internal.HandlerServiceHandler.execute(HandlerServiceHandler.java:152)
	at org.eclipse.core.commands.Command.executeWithChecks(Command.java:494)
	at org.eclipse.core.commands.ParameterizedCommand.executeWithChecks(ParameterizedCommand.java:488)
	at org.eclipse.e4.core.commands.internal.HandlerServiceImpl.executeHandler(HandlerServiceImpl.java:210)
	at org.eclipse.e4.ui.bindings.keys.KeyBindingDispatcher.executeCommand(KeyBindingDispatcher.java:286)
	at org.eclipse.e4.ui.bindings.keys.KeyBindingDispatcher.press(KeyBindingDispatcher.java:507)
	at org.eclipse.e4.ui.bindings.keys.KeyBindingDispatcher.processKeyEvent(KeyBindingDispatcher.java:558)
	at org.eclipse.e4.ui.bindings.keys.OutOfOrderListener.handleEvent(OutOfOrderListener.java:72)
	at org.eclipse.swt.widgets.EventTable.sendEvent(EventTable.java:84)
	at org.eclipse.swt.widgets.Display.sendEvent(Display.java:4410)
	at org.eclipse.swt.widgets.Widget.sendEvent(Widget.java:1079)
	at org.eclipse.swt.widgets.Widget.sendEvent(Widget.java:1103)
	at org.eclipse.swt.widgets.Widget.sendEvent(Widget.java:1088)
	at org.eclipse.swt.widgets.Widget.sendKeyEvent(Widget.java:1130)
	at org.eclipse.swt.widgets.Widget.sendKeyEvent(Widget.java:1126)
	at org.eclipse.swt.widgets.Widget.wmKeyDown(Widget.java:1849)
	at org.eclipse.swt.widgets.Control.WM_KEYDOWN(Control.java:5164)
	at org.eclipse.swt.widgets.Tree.WM_KEYDOWN(Tree.java:6211)
	at org.eclipse.swt.widgets.Control.windowProc(Control.java:4823)
	at org.eclipse.swt.widgets.Tree.windowProc(Tree.java:6074)
	at org.eclipse.swt.widgets.Display.windowProc(Display.java:5115)
	at org.eclipse.swt.internal.win32.OS.DispatchMessageW(Native Method)
	at org.eclipse.swt.internal.win32.OS.DispatchMessage(OS.java:2552)
	at org.eclipse.swt.widgets.Display.readAndDispatch(Display.java:3814)
	at org.eclipse.e4.ui.internal.workbench.swt.PartRenderingEngine$4.run(PartRenderingEngine.java:1121)
	at org.eclipse.core.databinding.observable.Realm.runWithDefault(Realm.java:336)
	at org.eclipse.e4.ui.internal.workbench.swt.PartRenderingEngine.run(PartRenderingEngine.java:1022)
	at org.eclipse.e4.ui.internal.workbench.E4Workbench.createAndRunUI(E4Workbench.java:150)
	at org.eclipse.ui.internal.Workbench$5.run(Workbench.java:687)
	at org.eclipse.core.databinding.observable.Realm.runWithDefault(Realm.java:336)
	at org.eclipse.ui.internal.Workbench.createAndRunWorkbench(Workbench.java:604)
	at org.eclipse.ui.PlatformUI.createAndRunWorkbench(PlatformUI.java:148)
	at org.eclipse.ui.internal.ide.application.IDEApplication.start(IDEApplication.java:138)
	at org.eclipse.equinox.internal.app.EclipseAppHandle.run(EclipseAppHandle.java:196)
	at org.eclipse.core.runtime.internal.adaptor.EclipseAppLauncher.runApplication(EclipseAppLauncher.java:134)
	at org.eclipse.core.runtime.internal.adaptor.EclipseAppLauncher.start(EclipseAppLauncher.java:104)
	at org.eclipse.core.runtime.adaptor.EclipseStarter.run(EclipseStarter.java:388)
	at org.eclipse.core.runtime.adaptor.EclipseStarter.run(EclipseStarter.java:243)
	at sun.reflect.NativeMethodAccessorImpl.invoke0(Native Method)
	at sun.reflect.NativeMethodAccessorImpl.invoke(NativeMethodAccessorImpl.java:62)
	at sun.reflect.DelegatingMethodAccessorImpl.invoke(DelegatingMethodAccessorImpl.java:43)
	at java.lang.reflect.Method.invoke(Method.java:498)
	at org.eclipse.equinox.launcher.Main.invokeFramework(Main.java:673)
	at org.eclipse.equinox.launcher.Main.basicRun(Main.java:610)
	at org.eclipse.equinox.launcher.Main.run(Main.java:1519)
10:03:05 ERROR : Failed to closehw "C:/Xilinx/Projects/Gen4/Gen4.sdk/gener4_wrapper_hw_platform_0/system.hdf"
Reason: Cannot close hw design 'C:/Xilinx/Projects/Gen4/Gen4.sdk/gener4_wrapper_hw_platform_0/system.hdf'.
Design is not opened in the current session.

10:04:03 WARN  : channel "tcfchan#1" closed
10:04:07 INFO  : Disconnected from the channel tcfchan#2.
10:08:08 INFO  : Registering command handlers for SDK TCF services
10:08:10 INFO  : Launching XSCT server: xsct.bat -interactive C:\Xilinx\Projects\Gen4\Gen4.sdk\temp_xsdb_launch_script.tcl
10:08:16 INFO  : XSCT server has started successfully.
10:08:16 INFO  : Successfully done setting XSCT server connection channel  
10:08:28 INFO  : Successfully done setting SDK workspace  
10:08:28 INFO  : Processing command line option -hwspec C:/Xilinx/Projects/Gen4/Gen4.sdk/gener4_wrapper.hdf.
10:12:29 INFO  : Refreshed build settings on project fsbl4
10:16:47 INFO  : Refreshed build settings on project tpg_800_600
10:20:15 INFO  : Connected to target on host '127.0.0.1' and port '3121'.
10:20:27 INFO  : ----------------XSDB Script----------------
connect -url tcp:127.0.0.1:3121
----------------End of Script----------------

10:20:45 INFO  : Connected to target on host '127.0.0.1' and port '3121'.
10:21:22 INFO  : Connected to target on host '127.0.0.1' and port '3121'.
10:21:58 INFO  : Connected to target on host '127.0.0.1' and port '3121'.
10:21:59 INFO  : Jtag cable 'Platform Cable USB 00001abcffac01' is selected.
10:21:59 INFO  : 'jtag frequency' command is executed.
10:21:59 INFO  : Sourcing of 'C:/Xilinx/Projects/Gen4/Gen4.sdk/gener4_wrapper_hw_platform_0/ps7_init.tcl' is done.
10:21:59 INFO  : Context for 'APU' is selected.
10:21:59 INFO  : System reset is completed.
10:22:02 INFO  : 'after 3000' command is executed.
10:22:02 INFO  : 'targets -set -filter {jtag_cable_name =~ "Platform Cable USB 00001abcffac01" && level==0} -index 1' command is executed.
10:22:10 INFO  : FPGA configured successfully with bitstream "C:/Xilinx/Projects/Gen4/Gen4.sdk/gener4_wrapper_hw_platform_0/gener4_wrapper.bit"
10:22:11 INFO  : Context for 'APU' is selected.
10:22:11 INFO  : Hardware design information is loaded from 'C:/Xilinx/Projects/Gen4/Gen4.sdk/gener4_wrapper_hw_platform_0/system.hdf'.
10:22:11 INFO  : 'configparams force-mem-access 1' command is executed.
10:22:11 INFO  : Context for 'APU' is selected.
10:22:12 INFO  : 'ps7_init' command is executed.
10:22:12 INFO  : 'ps7_post_config' command is executed.
10:22:12 INFO  : 'configparams force-mem-access 0' command is executed.
10:22:12 INFO  : ----------------XSDB Script----------------
connect -url tcp:127.0.0.1:3121
source C:/Xilinx/Projects/Gen4/Gen4.sdk/gener4_wrapper_hw_platform_0/ps7_init.tcl
targets -set -nocase -filter {name =~"APU*" && jtag_cable_name =~ "Platform Cable USB 00001abcffac01"} -index 0
rst -system
after 3000
targets -set -filter {jtag_cable_name =~ "Platform Cable USB 00001abcffac01" && level==0} -index 1
fpga -file C:/Xilinx/Projects/Gen4/Gen4.sdk/gener4_wrapper_hw_platform_0/gener4_wrapper.bit
targets -set -nocase -filter {name =~"APU*" && jtag_cable_name =~ "Platform Cable USB 00001abcffac01"} -index 0
loadhw -hw C:/Xilinx/Projects/Gen4/Gen4.sdk/gener4_wrapper_hw_platform_0/system.hdf -mem-ranges [list {0x40000000 0xbfffffff}]
configparams force-mem-access 1
targets -set -nocase -filter {name =~"APU*" && jtag_cable_name =~ "Platform Cable USB 00001abcffac01"} -index 0
ps7_init
ps7_post_config
configparams force-mem-access 0
----------------End of Script----------------

10:22:12 INFO  : Memory regions updated for context APU
10:22:12 INFO  : Launch script is exported to file 'C:\Xilinx\Projects\Gen4\Gen4.sdk\.sdk\launch_scripts\xilinx_c-c++_application_(system_debugger)\system_debugger_on_local.tcl'
10:22:43 INFO  : Connected to target on host '127.0.0.1' and port '3121'.
10:22:44 INFO  : 'targets -set -filter {jtag_cable_name =~ "Platform Cable USB 00001abcffac01" && level==0} -index 1' command is executed.
10:22:52 INFO  : FPGA configured successfully with bitstream "C:/Xilinx/Projects/Gen4/Gen4.sdk/gener4_wrapper_hw_platform_0/gener4_wrapper.bit"
10:23:19 INFO  : Disconnected from the channel tcfchan#1.
10:23:20 INFO  : 'targets -set -filter {jtag_cable_name =~ "Platform Cable USB 00001abcffac01" && level==0} -index 1' command is executed.
10:23:20 INFO  : 'fpga -state' command is executed.
10:23:20 INFO  : Connected to target on host '127.0.0.1' and port '3121'.
10:23:21 INFO  : Jtag cable 'Platform Cable USB 00001abcffac01' is selected.
10:23:21 INFO  : 'jtag frequency' command is executed.
10:23:21 INFO  : Sourcing of 'C:/Xilinx/Projects/Gen4/Gen4.sdk/gener4_wrapper_hw_platform_0/ps7_init.tcl' is done.
10:23:21 INFO  : Context for 'APU' is selected.
10:23:24 INFO  : Hardware design information is loaded from 'C:/Xilinx/Projects/Gen4/Gen4.sdk/gener4_wrapper_hw_platform_0/system.hdf'.
10:23:24 INFO  : 'configparams force-mem-access 1' command is executed.
10:23:24 INFO  : Context for 'APU' is selected.
10:23:24 INFO  : 'stop' command is executed.
10:23:25 INFO  : 'ps7_init' command is executed.
10:23:25 INFO  : 'ps7_post_config' command is executed.
10:23:25 INFO  : Context for processor 'ps7_cortexa9_0' is selected.
10:23:25 INFO  : Processor reset is completed for 'ps7_cortexa9_0'.
10:23:25 INFO  : Context for processor 'ps7_cortexa9_0' is selected.
10:23:26 INFO  : The application 'C:/Xilinx/Projects/Gen4/Gen4.sdk/tpg_800_600/Debug/tpg_800_600.elf' is downloaded to processor 'ps7_cortexa9_0'.
10:23:26 INFO  : 'configparams force-mem-access 0' command is executed.
10:23:26 INFO  : ----------------XSDB Script----------------
connect -url tcp:127.0.0.1:3121
source C:/Xilinx/Projects/Gen4/Gen4.sdk/gener4_wrapper_hw_platform_0/ps7_init.tcl
targets -set -nocase -filter {name =~"APU*" && jtag_cable_name =~ "Platform Cable USB 00001abcffac01"} -index 0
loadhw -hw C:/Xilinx/Projects/Gen4/Gen4.sdk/gener4_wrapper_hw_platform_0/system.hdf -mem-ranges [list {0x40000000 0xbfffffff}]
configparams force-mem-access 1
targets -set -nocase -filter {name =~"APU*" && jtag_cable_name =~ "Platform Cable USB 00001abcffac01"} -index 0
stop
ps7_init
ps7_post_config
targets -set -nocase -filter {name =~ "ARM*#0" && jtag_cable_name =~ "Platform Cable USB 00001abcffac01"} -index 0
rst -processor
targets -set -nocase -filter {name =~ "ARM*#0" && jtag_cable_name =~ "Platform Cable USB 00001abcffac01"} -index 0
dow C:/Xilinx/Projects/Gen4/Gen4.sdk/tpg_800_600/Debug/tpg_800_600.elf
configparams force-mem-access 0
----------------End of Script----------------

10:23:26 INFO  : Memory regions updated for context APU
10:23:26 INFO  : Context for processor 'ps7_cortexa9_0' is selected.
10:23:26 INFO  : 'con' command is executed.
10:23:26 INFO  : ----------------XSDB Script (After Launch)----------------
targets -set -nocase -filter {name =~ "ARM*#0" && jtag_cable_name =~ "Platform Cable USB 00001abcffac01"} -index 0
con
----------------End of Script----------------

10:23:26 INFO  : Launch script is exported to file 'C:\Xilinx\Projects\Gen4\Gen4.sdk\.sdk\launch_scripts\xilinx_c-c++_application_(system_debugger)\system_debugger_using_debug_tpg_800_600.elf_on_local.tcl'
10:28:05 INFO  : Invoking Bootgen: bootgen -image tpg_800_600.bif -arch zynq -o C:\Xilinx\Projects\Gen4\Gen4.sdk\tpg_800_600\bootimage\BOOT.bin
10:28:05 INFO  : Creating new bif file C:\Xilinx\Projects\Gen4\Gen4.sdk\tpg_800_600\bootimage\tpg_800_600.bif
10:28:08 INFO  : Bootgen command execution is done.
10:34:19 INFO  : Invoking Bootgen: bootgen -image fsbl4.bif -arch zynq -o C:\Xilinx\Projects\Gen4\Gen4.sdk\fsbl4\bootimage\BOOT.bin
10:34:19 INFO  : Creating new bif file C:\Xilinx\Projects\Gen4\Gen4.sdk\fsbl4\bootimage\fsbl4.bif
10:34:21 INFO  : Bootgen command execution is done.
10:38:46 INFO  : Connected to target on host '127.0.0.1' and port '3121'.
10:39:33 INFO  : Connected to target on host '127.0.0.1' and port '3121'.
10:47:37 INFO  : Connected to target on host '127.0.0.1' and port '3121'.
10:48:01 INFO  : Connected to target on host '127.0.0.1' and port '3121'.
11:01:51 INFO  : Disconnected from the channel tcfchan#2.
