#-----------------------------------------------------------
# Webtalk v2015.4 (64-bit)
# SW Build 1412921 on Wed Nov 18 09:43:45 MST 2015
# 
# Start of session at: Fri Oct 28 09:59:40 2016
# Process ID: 14992
# Current directory: E:/AX7010/labs/vdma_test/vdma_test.sdk/webtalk
# Command line: wbtcv.exe -mode batch -source sdk_webtalk.tcl
# Log file: E:/AX7010/labs/vdma_test/vdma_test.sdk/webtalk/webtalk.log
# Journal file: E:/AX7010/labs/vdma_test/vdma_test.sdk/webtalk\webtalk.jou
#-----------------------------------------------------------
source sdk_webtalk.tcl
# webtalk_init -webtalk_dir E:\\AX7010\\labs\\vdma_test\\vdma_test.sdk\\webtalk
# webtalk_register_client -client project
# webtalk_add_data -client project -key date_generated -value "星期五 十月 28 09:59:39 2016" -context "software_version_and_target_device"
# webtalk_add_data -client project -key product_version -value "SDK v2015.4" -context "software_version_and_target_device"
# webtalk_add_data -client project -key build_version -value "2015.4" -context "software_version_and_target_device"
# webtalk_add_data -client project -key os_platform -value "amd64" -context "software_version_and_target_device"
# webtalk_add_data -client project -key registration_id -value "" -context "software_version_and_target_device"
# webtalk_add_data -client project -key tool_flow -value "SDK" -context "software_version_and_target_device"
# webtalk_add_data -client project -key beta -value "false" -context "software_version_and_target_device"
# webtalk_add_data -client project -key route_design -value "NA" -context "software_version_and_target_device"
# webtalk_add_data -client project -key target_family -value "NA" -context "software_version_and_target_device"
# webtalk_add_data -client project -key target_device -value "NA" -context "software_version_and_target_device"
# webtalk_add_data -client project -key target_package -value "NA" -context "software_version_and_target_device"
# webtalk_add_data -client project -key target_speed -value "NA" -context "software_version_and_target_device"
# webtalk_add_data -client project -key random_id -value "9gr8hiod1eo0hsk4bevqp9ccjo" -context "software_version_and_target_device"
# webtalk_add_data -client project -key project_id -value "2015.4_8" -context "software_version_and_target_device"
# webtalk_add_data -client project -key project_iteration -value "8" -context "software_version_and_target_device"
# webtalk_add_data -client project -key os_name -value "" -context "user_environment"
# webtalk_add_data -client project -key os_release -value "" -context "user_environment"
# webtalk_add_data -client project -key cpu_name -value "" -context "user_environment"
# webtalk_add_data -client project -key cpu_speed -value "" -context "user_environment"
# webtalk_add_data -client project -key total_processors -value "" -context "user_environment"
# webtalk_add_data -client project -key system_ram -value "" -context "user_environment"
# webtalk_register_client -client sdk
# webtalk_add_data -client sdk -key uid -value "1477618553429" -context "sdk\\\\bsp/1477618553429"
# webtalk_add_data -client sdk -key hwid -value "1477549733142" -context "sdk\\\\bsp/1477618553429"
# webtalk_add_data -client sdk -key os -value "standalone" -context "sdk\\\\bsp/1477618553429"
# webtalk_add_data -client sdk -key apptemplate -value "zynq_fsbl" -context "sdk\\\\bsp/1477618553429"
# webtalk_add_data -client sdk -key uid -value "1477618559071" -context "sdk\\\\application/1477618559071"
# webtalk_add_data -client sdk -key hwid -value "1477549733142" -context "sdk\\\\application/1477618559071"
# webtalk_add_data -client sdk -key bspid -value "1477618553429" -context "sdk\\\\application/1477618559071"
# webtalk_add_data -client sdk -key newbsp -value "true" -context "sdk\\\\application/1477618559071"
# webtalk_add_data -client sdk -key os -value "standalone" -context "sdk\\\\application/1477618559071"
# webtalk_add_data -client sdk -key apptemplate -value "zynq_fsbl" -context "sdk\\\\application/1477618559071"
# webtalk_transmit -clientid 1949522177 -regid "" -xml E:\\AX7010\\labs\\vdma_test\\vdma_test.sdk\\webtalk\\usage_statistics_ext_sdk.xml -html E:\\AX7010\\labs\\vdma_test\\vdma_test.sdk\\webtalk\\usage_statistics_ext_sdk.html -wdm E:\\AX7010\\labs\\vdma_test\\vdma_test.sdk\\webtalk\\sdk_webtalk.wdm -intro "<H3>SDK Usage Report</H3><BR>"

    while executing
"webtalk_transmit -clientid 1949522177 -regid "" -xml E:\\AX7010\\labs\\vdma_test\\vdma_test.sdk\\webtalk\\usage_statistics_ext_sdk.xml -html E:\\AX701..."
    (file "sdk_webtalk.tcl" line 35)
INFO: [Common 17-206] Exiting Webtalk at Fri Oct 28 09:59:41 2016...
