#-----------------------------------------------------------
# Webtalk v2018.1 (64-bit)
# SW Build 2188600 on Wed Apr  4 18:40:38 MDT 2018
# 
# Start of session at: Wed Oct  4 11:01:53 2023
# Process ID: 3356
# Current directory: C:/Xilinx/Projects/Gen4/Gen4.sdk/webtalk
# Command line: wbtcv.exe -mode batch -source sdk_webtalk.tcl
# Log file: C:/Xilinx/Projects/Gen4/Gen4.sdk/webtalk/webtalk.log
# Journal file: C:/Xilinx/Projects/Gen4/Gen4.sdk/webtalk\webtalk.jou
#-----------------------------------------------------------
source sdk_webtalk.tcl
# webtalk_init -webtalk_dir C:\\Xilinx\\Projects\\Gen4\\Gen4.sdk\\webtalk
# webtalk_register_client -client project
# webtalk_add_data -client project -key date_generated -value "2023-10-04 11:01:51" -context "software_version_and_target_device"
# webtalk_add_data -client project -key product_version -value "SDK v2018.1" -context "software_version_and_target_device"
# webtalk_add_data -client project -key build_version -value "2018.1" -context "software_version_and_target_device"
# webtalk_add_data -client project -key os_platform -value "amd64" -context "software_version_and_target_device"
# webtalk_add_data -client project -key registration_id -value "" -context "software_version_and_target_device"
# webtalk_add_data -client project -key tool_flow -value "SDK" -context "software_version_and_target_device"
# webtalk_add_data -client project -key beta -value "false" -context "software_version_and_target_device"
# webtalk_add_data -client project -key route_design -value "NA" -context "software_version_and_target_device"
# webtalk_add_data -client project -key target_family -value "NA" -context "software_version_and_target_device"
# webtalk_add_data -client project -key target_device -value "NA" -context "software_version_and_target_device"
# webtalk_add_data -client project -key target_package -value "NA" -context "software_version_and_target_device"
# webtalk_add_data -client project -key target_speed -value "NA" -context "software_version_and_target_device"
# webtalk_add_data -client project -key random_id -value "gjd5is46phv7brvbpv3ipr6oe3" -context "software_version_and_target_device"
# webtalk_add_data -client project -key project_id -value "2018.1_2" -context "software_version_and_target_device"
# webtalk_add_data -client project -key project_iteration -value "2" -context "software_version_and_target_device"
# webtalk_add_data -client project -key os_name -value "Microsoft Windows 7 , 64-bit" -context "user_environment"
# webtalk_add_data -client project -key os_release -value "Service Pack 1  (build 7601)" -context "user_environment"
# webtalk_add_data -client project -key cpu_name -value "Intel(R) Core(TM)2 Duo CPU     E7200  @ 2.53GHz" -context "user_environment"
# webtalk_add_data -client project -key cpu_speed -value "2533 MHz" -context "user_environment"
# webtalk_add_data -client project -key total_processors -value "1" -context "user_environment"
# webtalk_add_data -client project -key system_ram -value "3.210 GB" -context "user_environment"
# webtalk_register_client -client sdk
# webtalk_add_data -client sdk -key uid -value "1696403319673" -context "sdk\\\\hardware/1696403319673"
# webtalk_add_data -client sdk -key isZynq -value "true" -context "sdk\\\\hardware/1696403319673"
# webtalk_add_data -client sdk -key isZynqMP -value "false" -context "sdk\\\\hardware/1696403319673"
# webtalk_add_data -client sdk -key Processors -value "2" -context "sdk\\\\hardware/1696403319673"
# webtalk_add_data -client sdk -key VivadoVersion -value "2018.1" -context "sdk\\\\hardware/1696403319673"
# webtalk_add_data -client sdk -key Arch -value "zynq" -context "sdk\\\\hardware/1696403319673"
# webtalk_add_data -client sdk -key Device -value "7z010" -context "sdk\\\\hardware/1696403319673"
# webtalk_add_data -client sdk -key IsHandoff -value "true" -context "sdk\\\\hardware/1696403319673"
# webtalk_add_data -client sdk -key os -value "NA" -context "sdk\\\\hardware/1696403319673"
# webtalk_add_data -client sdk -key apptemplate -value "NA" -context "sdk\\\\hardware/1696403319673"
# webtalk_add_data -client sdk -key RecordType -value "HWCreation" -context "sdk\\\\hardware/1696403319673"
# webtalk_add_data -client sdk -key uid -value "1696403395790" -context "sdk\\\\bsp/1696403395790"
# webtalk_add_data -client sdk -key hwid -value "1696403319673" -context "sdk\\\\bsp/1696403395790"
# webtalk_add_data -client sdk -key os -value "standalone" -context "sdk\\\\bsp/1696403395790"
# webtalk_add_data -client sdk -key apptemplate -value "zynq_fsbl" -context "sdk\\\\bsp/1696403395790"
# webtalk_add_data -client sdk -key RecordType -value "BSPCreation" -context "sdk\\\\bsp/1696403395790"
# webtalk_add_data -client sdk -key uid -value "1696403418037" -context "sdk\\\\application/1696403418037"
# webtalk_add_data -client sdk -key hwid -value "1696403319673" -context "sdk\\\\application/1696403418037"
# webtalk_add_data -client sdk -key bspid -value "1696403395790" -context "sdk\\\\application/1696403418037"
# webtalk_add_data -client sdk -key newbsp -value "true" -context "sdk\\\\application/1696403418037"
# webtalk_add_data -client sdk -key os -value "standalone" -context "sdk\\\\application/1696403418037"
# webtalk_add_data -client sdk -key apptemplate -value "zynq_fsbl" -context "sdk\\\\application/1696403418037"
# webtalk_add_data -client sdk -key RecordType -value "APPCreation" -context "sdk\\\\application/1696403418037"
# webtalk_add_data -client sdk -key LangUsed -value "C" -context "sdk\\\\application/1696403418037"
# webtalk_add_data -client sdk -key Procused -value "ps7_cortexa9" -context "sdk\\\\application/1696403418037"
# webtalk_add_data -client sdk -key projSize -value "633.765625" -context "sdk\\\\application/1696403418037"
# webtalk_add_data -client sdk -key uid -value "1696403730012" -context "sdk\\\\bsp/1696403730012"
# webtalk_add_data -client sdk -key hwid -value "1696403319673" -context "sdk\\\\bsp/1696403730012"
# webtalk_add_data -client sdk -key os -value "standalone" -context "sdk\\\\bsp/1696403730012"
# webtalk_add_data -client sdk -key apptemplate -value "hello_world" -context "sdk\\\\bsp/1696403730012"
# webtalk_add_data -client sdk -key RecordType -value "BSPCreation" -context "sdk\\\\bsp/1696403730012"
# webtalk_add_data -client sdk -key uid -value "1696403731490" -context "sdk\\\\application/1696403731490"
# webtalk_add_data -client sdk -key hwid -value "1696403319673" -context "sdk\\\\application/1696403731490"
# webtalk_add_data -client sdk -key bspid -value "1696403730012" -context "sdk\\\\application/1696403731490"
# webtalk_add_data -client sdk -key newbsp -value "true" -context "sdk\\\\application/1696403731490"
# webtalk_add_data -client sdk -key os -value "standalone" -context "sdk\\\\application/1696403731490"
# webtalk_add_data -client sdk -key apptemplate -value "hello_world" -context "sdk\\\\application/1696403731490"
# webtalk_add_data -client sdk -key RecordType -value "APPCreation" -context "sdk\\\\application/1696403731490"
# webtalk_add_data -client sdk -key LangUsed -value "C" -context "sdk\\\\application/1696403731490"
# webtalk_add_data -client sdk -key Procused -value "ps7_cortexa9" -context "sdk\\\\application/1696403731490"
# webtalk_add_data -client sdk -key projSize -value "275.16015625" -context "sdk\\\\application/1696403731490"
# webtalk_add_data -client sdk -key uid -value "NA" -context "sdk\\\\bsp/1696406511555"
# webtalk_add_data -client sdk -key RecordType -value "ToolUsage" -context "sdk\\\\bsp/1696406511555"
# webtalk_add_data -client sdk -key BootgenCount -value "2" -context "sdk\\\\bsp/1696406511555"
# webtalk_add_data -client sdk -key DebugCount -value "3" -context "sdk\\\\bsp/1696406511555"
# webtalk_add_data -client sdk -key PerfCount -value "0" -context "sdk\\\\bsp/1696406511555"
# webtalk_add_data -client sdk -key FlashCount -value "7" -context "sdk\\\\bsp/1696406511555"
# webtalk_add_data -client sdk -key CrossTriggCount -value "0" -context "sdk\\\\bsp/1696406511555"
# webtalk_add_data -client sdk -key QemuDebugCount -value "0" -context "sdk\\\\bsp/1696406511555"
# webtalk_transmit -clientid 3639098566 -regid "" -xml C:\\Xilinx\\Projects\\Gen4\\Gen4.sdk\\webtalk\\usage_statistics_ext_sdk.xml -html C:\\Xilinx\\Projects\\Gen4\\Gen4.sdk\\webtalk\\usage_statistics_ext_sdk.html -wdm C:\\Xilinx\\Projects\\Gen4\\Gen4.sdk\\webtalk\\sdk_webtalk.wdm -intro "<H3>SDK Usage Report</H3><BR>"
# webtalk_terminate
INFO: [Common 17-206] Exiting Webtalk at Wed Oct  4 11:01:57 2023...
