#-----------------------------------------------------------
# Webtalk v2018.1 (64-bit)
# SW Build 2188600 on Wed Apr  4 18:40:38 MDT 2018
# 
# Start of session at: Wed Oct  4 06:30:56 2023
# Process ID: 34388
# Current directory: H:/FPGA/VGA/Gen4/Gen4.sdk/webtalk
# Command line: wbtcv.exe -mode batch -source sdk_webtalk.tcl
# Log file: H:/FPGA/VGA/Gen4/Gen4.sdk/webtalk/webtalk.log
# Journal file: H:/FPGA/VGA/Gen4/Gen4.sdk/webtalk\webtalk.jou
#-----------------------------------------------------------
source sdk_webtalk.tcl
# webtalk_init -webtalk_dir H:\\FPGA\\VGA\\Gen4\\Gen4.sdk\\webtalk
# webtalk_register_client -client project
# webtalk_add_data -client project -key date_generated -value "2023-10-04 06:30:50" -context "software_version_and_target_device"
# webtalk_add_data -client project -key product_version -value "SDK v2018.1" -context "software_version_and_target_device"
# webtalk_add_data -client project -key build_version -value "2018.1" -context "software_version_and_target_device"
# webtalk_add_data -client project -key os_platform -value "amd64" -context "software_version_and_target_device"
# webtalk_add_data -client project -key registration_id -value "" -context "software_version_and_target_device"
# webtalk_add_data -client project -key tool_flow -value "SDK" -context "software_version_and_target_device"
# webtalk_add_data -client project -key beta -value "false" -context "software_version_and_target_device"
# webtalk_add_data -client project -key route_design -value "NA" -context "software_version_and_target_device"
# webtalk_add_data -client project -key target_family -value "NA" -context "software_version_and_target_device"
# webtalk_add_data -client project -key target_device -value "NA" -context "software_version_and_target_device"
# webtalk_add_data -client project -key target_package -value "NA" -context "software_version_and_target_device"
# webtalk_add_data -client project -key target_speed -value "NA" -context "software_version_and_target_device"
# webtalk_add_data -client project -key random_id -value "ak4hep9ppccstf3iddeltbm8v9" -context "software_version_and_target_device"
# webtalk_add_data -client project -key project_id -value "2018.1_1" -context "software_version_and_target_device"
# webtalk_add_data -client project -key project_iteration -value "1" -context "software_version_and_target_device"
# webtalk_add_data -client project -key os_name -value "Microsoft Windows 8 or later , 64-bit" -context "user_environment"
# webtalk_add_data -client project -key os_release -value "major release  (build 9200)" -context "user_environment"
# webtalk_add_data -client project -key cpu_name -value "Intel(R) Core(TM) i5-2400 CPU @ 3.10GHz" -context "user_environment"
# webtalk_add_data -client project -key cpu_speed -value "3093 MHz" -context "user_environment"
# webtalk_add_data -client project -key total_processors -value "1" -context "user_environment"
# webtalk_add_data -client project -key system_ram -value "6.252 GB" -context "user_environment"
# webtalk_register_client -client sdk
# webtalk_add_data -client sdk -key uid -value "1696378202702" -context "sdk\\\\hardware/1696378202702"
# webtalk_add_data -client sdk -key isZynq -value "true" -context "sdk\\\\hardware/1696378202702"
# webtalk_add_data -client sdk -key isZynqMP -value "false" -context "sdk\\\\hardware/1696378202702"
# webtalk_add_data -client sdk -key Processors -value "2" -context "sdk\\\\hardware/1696378202702"
# webtalk_add_data -client sdk -key VivadoVersion -value "2018.1" -context "sdk\\\\hardware/1696378202702"
# webtalk_add_data -client sdk -key Arch -value "zynq" -context "sdk\\\\hardware/1696378202702"
# webtalk_add_data -client sdk -key Device -value "7z010" -context "sdk\\\\hardware/1696378202702"
# webtalk_add_data -client sdk -key IsHandoff -value "true" -context "sdk\\\\hardware/1696378202702"
# webtalk_add_data -client sdk -key os -value "NA" -context "sdk\\\\hardware/1696378202702"
# webtalk_add_data -client sdk -key apptemplate -value "NA" -context "sdk\\\\hardware/1696378202702"
# webtalk_add_data -client sdk -key RecordType -value "HWCreation" -context "sdk\\\\hardware/1696378202702"
# webtalk_add_data -client sdk -key uid -value "1696378411464" -context "sdk\\\\bsp/1696378411464"
# webtalk_add_data -client sdk -key hwid -value "1696378202702" -context "sdk\\\\bsp/1696378411464"
# webtalk_add_data -client sdk -key os -value "standalone" -context "sdk\\\\bsp/1696378411464"
# webtalk_add_data -client sdk -key apptemplate -value "hello_world" -context "sdk\\\\bsp/1696378411464"
# webtalk_add_data -client sdk -key RecordType -value "BSPCreation" -context "sdk\\\\bsp/1696378411464"
# webtalk_add_data -client sdk -key uid -value "1696378436641" -context "sdk\\\\application/1696378436641"
# webtalk_add_data -client sdk -key hwid -value "1696378202702" -context "sdk\\\\application/1696378436641"
# webtalk_add_data -client sdk -key bspid -value "1696378411464" -context "sdk\\\\application/1696378436641"
# webtalk_add_data -client sdk -key newbsp -value "true" -context "sdk\\\\application/1696378436641"
# webtalk_add_data -client sdk -key os -value "standalone" -context "sdk\\\\application/1696378436641"
# webtalk_add_data -client sdk -key apptemplate -value "hello_world" -context "sdk\\\\application/1696378436641"
# webtalk_add_data -client sdk -key RecordType -value "APPCreation" -context "sdk\\\\application/1696378436641"
# webtalk_add_data -client sdk -key LangUsed -value "C" -context "sdk\\\\application/1696378436641"
# webtalk_add_data -client sdk -key Procused -value "ps7_cortexa9" -context "sdk\\\\application/1696378436641"
# webtalk_add_data -client sdk -key projSize -value "273.390625" -context "sdk\\\\application/1696378436641"
# webtalk_add_data -client sdk -key uid -value "1696381800891" -context "sdk\\\\bsp/1696381800891"
# webtalk_add_data -client sdk -key hwid -value "1696378202702" -context "sdk\\\\bsp/1696381800891"
# webtalk_add_data -client sdk -key os -value "standalone" -context "sdk\\\\bsp/1696381800891"
# webtalk_add_data -client sdk -key apptemplate -value "zynq_fsbl" -context "sdk\\\\bsp/1696381800891"
# webtalk_add_data -client sdk -key RecordType -value "BSPCreation" -context "sdk\\\\bsp/1696381800891"
# webtalk_add_data -client sdk -key uid -value "1696381833863" -context "sdk\\\\application/1696381833863"
# webtalk_add_data -client sdk -key hwid -value "1696378202702" -context "sdk\\\\application/1696381833863"
# webtalk_add_data -client sdk -key bspid -value "1696381800891" -context "sdk\\\\application/1696381833863"
# webtalk_add_data -client sdk -key newbsp -value "true" -context "sdk\\\\application/1696381833863"
# webtalk_add_data -client sdk -key os -value "standalone" -context "sdk\\\\application/1696381833863"
# webtalk_add_data -client sdk -key apptemplate -value "zynq_fsbl" -context "sdk\\\\application/1696381833863"
# webtalk_add_data -client sdk -key RecordType -value "APPCreation" -context "sdk\\\\application/1696381833863"
# webtalk_add_data -client sdk -key LangUsed -value "C" -context "sdk\\\\application/1696381833863"
# webtalk_add_data -client sdk -key Procused -value "ps7_cortexa9" -context "sdk\\\\application/1696381833863"
# webtalk_add_data -client sdk -key projSize -value "631.953125" -context "sdk\\\\application/1696381833863"
# webtalk_add_data -client sdk -key uid -value "NA" -context "sdk\\\\bsp/1696390250451"
# webtalk_add_data -client sdk -key RecordType -value "ToolUsage" -context "sdk\\\\bsp/1696390250451"
# webtalk_add_data -client sdk -key BootgenCount -value "7" -context "sdk\\\\bsp/1696390250451"
# webtalk_add_data -client sdk -key DebugCount -value "15" -context "sdk\\\\bsp/1696390250451"
# webtalk_add_data -client sdk -key PerfCount -value "0" -context "sdk\\\\bsp/1696390250451"
# webtalk_add_data -client sdk -key FlashCount -value "16" -context "sdk\\\\bsp/1696390250451"
# webtalk_add_data -client sdk -key CrossTriggCount -value "0" -context "sdk\\\\bsp/1696390250451"
# webtalk_add_data -client sdk -key QemuDebugCount -value "0" -context "sdk\\\\bsp/1696390250451"
# webtalk_transmit -clientid 349564174 -regid "" -xml H:\\FPGA\\VGA\\Gen4\\Gen4.sdk\\webtalk\\usage_statistics_ext_sdk.xml -html H:\\FPGA\\VGA\\Gen4\\Gen4.sdk\\webtalk\\usage_statistics_ext_sdk.html -wdm H:\\FPGA\\VGA\\Gen4\\Gen4.sdk\\webtalk\\sdk_webtalk.wdm -intro "<H3>SDK Usage Report</H3><BR>"
# webtalk_terminate
INFO: [Common 17-206] Exiting Webtalk at Wed Oct  4 06:31:17 2023...
