Copyright 1986-2018 Xilinx, Inc. All Rights Reserved.
------------------------------------------------------------------------------------------------------------------------------------
| Tool Version : Vivado v.2018.1 (win64) Build 2188600 Wed Apr  4 18:40:38 MDT 2018
| Date         : Wed Oct  4 09:07:24 2023
| Host         : RA3YDI running 64-bit Service Pack 1  (build 7601)
| Command      : report_drc -file gener4_wrapper_drc_routed.rpt -pb gener4_wrapper_drc_routed.pb -rpx gener4_wrapper_drc_routed.rpx
| Design       : gener4_wrapper
| Device       : xc7z010clg400-1
| Speed File   : -1
| Design State : Routed
------------------------------------------------------------------------------------------------------------------------------------

Report DRC

Table of Contents
-----------------
1. REPORT SUMMARY
2. REPORT DETAILS

1. REPORT SUMMARY
-----------------
            Netlist: netlist
          Floorplan: design_1
      Design limits: <entire design considered>
           Ruledeck: default
             Max violations: <unlimited>
             Violations found: 26
+--------+----------+------------------------+------------+
| Rule   | Severity | Description            | Violations |
+--------+----------+------------------------+------------+
| DPIP-1 | Warning  | Input pipelining       | 10         |
| DPOP-1 | Warning  | PREG Output pipelining | 8          |
| DPOP-2 | Warning  | MREG Output pipelining | 8          |
+--------+----------+------------------------+------------+

2. REPORT DETAILS
-----------------
DPIP-1#1 Warning
Input pipelining  
DSP gener4_i/v_tpg_0/inst/tpgBackground_U0/grp_tpgPatternRainbow_fu_429/v_tpg_mac_muladd_Aem_U42/gener4_v_tpg_0_0_v_tpg_mac_muladd_Aem_DSP48_4_U/p input gener4_i/v_tpg_0/inst/tpgBackground_U0/grp_tpgPatternRainbow_fu_429/v_tpg_mac_muladd_Aem_U42/gener4_v_tpg_0_0_v_tpg_mac_muladd_Aem_DSP48_4_U/p/A[29:0] is not pipelined. Pipelining DSP48 input will improve performance.
Related violations: <none>

DPIP-1#2 Warning
Input pipelining  
DSP gener4_i/v_tpg_0/inst/tpgBackground_U0/grp_tpgPatternRainbow_fu_429/v_tpg_mac_muladd_Bew_U43/gener4_v_tpg_0_0_v_tpg_mac_muladd_Bew_DSP48_5_U/m input gener4_i/v_tpg_0/inst/tpgBackground_U0/grp_tpgPatternRainbow_fu_429/v_tpg_mac_muladd_Bew_U43/gener4_v_tpg_0_0_v_tpg_mac_muladd_Bew_DSP48_5_U/m/A[29:0] is not pipelined. Pipelining DSP48 input will improve performance.
Related violations: <none>

DPIP-1#3 Warning
Input pipelining  
DSP gener4_i/v_tpg_0/inst/tpgBackground_U0/grp_tpgPatternRainbow_fu_429/v_tpg_mac_muladd_Bew_U43/gener4_v_tpg_0_0_v_tpg_mac_muladd_Bew_DSP48_5_U/p input gener4_i/v_tpg_0/inst/tpgBackground_U0/grp_tpgPatternRainbow_fu_429/v_tpg_mac_muladd_Bew_U43/gener4_v_tpg_0_0_v_tpg_mac_muladd_Bew_DSP48_5_U/p/A[29:0] is not pipelined. Pipelining DSP48 input will improve performance.
Related violations: <none>

DPIP-1#4 Warning
Input pipelining  
DSP gener4_i/v_tpg_0/inst/tpgBackground_U0/grp_tpgPatternRainbow_fu_429/v_tpg_mac_muladd_wdI_U38/gener4_v_tpg_0_0_v_tpg_mac_muladd_wdI_DSP48_0_U/p input gener4_i/v_tpg_0/inst/tpgBackground_U0/grp_tpgPatternRainbow_fu_429/v_tpg_mac_muladd_wdI_U38/gener4_v_tpg_0_0_v_tpg_mac_muladd_wdI_DSP48_0_U/p/A[29:0] is not pipelined. Pipelining DSP48 input will improve performance.
Related violations: <none>

DPIP-1#5 Warning
Input pipelining  
DSP gener4_i/v_tpg_0/inst/tpgBackground_U0/grp_tpgPatternRainbow_fu_429/v_tpg_mac_muladd_xdS_U39/gener4_v_tpg_0_0_v_tpg_mac_muladd_xdS_DSP48_1_U/p input gener4_i/v_tpg_0/inst/tpgBackground_U0/grp_tpgPatternRainbow_fu_429/v_tpg_mac_muladd_xdS_U39/gener4_v_tpg_0_0_v_tpg_mac_muladd_xdS_DSP48_1_U/p/A[29:0] is not pipelined. Pipelining DSP48 input will improve performance.
Related violations: <none>

DPIP-1#6 Warning
Input pipelining  
DSP gener4_i/v_tpg_0/inst/tpgBackground_U0/grp_tpgPatternRainbow_fu_429/v_tpg_mac_muladd_xdS_U39/gener4_v_tpg_0_0_v_tpg_mac_muladd_xdS_DSP48_1_U/p input gener4_i/v_tpg_0/inst/tpgBackground_U0/grp_tpgPatternRainbow_fu_429/v_tpg_mac_muladd_xdS_U39/gener4_v_tpg_0_0_v_tpg_mac_muladd_xdS_DSP48_1_U/p/C[47:0] is not pipelined. Pipelining DSP48 input will improve performance.
Related violations: <none>

DPIP-1#7 Warning
Input pipelining  
DSP gener4_i/v_tpg_0/inst/tpgBackground_U0/grp_tpgPatternRainbow_fu_429/v_tpg_mac_muladd_yd2_U40/gener4_v_tpg_0_0_v_tpg_mac_muladd_yd2_DSP48_2_U/p input gener4_i/v_tpg_0/inst/tpgBackground_U0/grp_tpgPatternRainbow_fu_429/v_tpg_mac_muladd_yd2_U40/gener4_v_tpg_0_0_v_tpg_mac_muladd_yd2_DSP48_2_U/p/A[29:0] is not pipelined. Pipelining DSP48 input will improve performance.
Related violations: <none>

DPIP-1#8 Warning
Input pipelining  
DSP gener4_i/v_tpg_0/inst/tpgBackground_U0/grp_tpgPatternRainbow_fu_429/v_tpg_mac_muladd_yd2_U40/gener4_v_tpg_0_0_v_tpg_mac_muladd_yd2_DSP48_2_U/p input gener4_i/v_tpg_0/inst/tpgBackground_U0/grp_tpgPatternRainbow_fu_429/v_tpg_mac_muladd_yd2_U40/gener4_v_tpg_0_0_v_tpg_mac_muladd_yd2_DSP48_2_U/p/C[47:0] is not pipelined. Pipelining DSP48 input will improve performance.
Related violations: <none>

DPIP-1#9 Warning
Input pipelining  
DSP gener4_i/v_tpg_0/inst/tpgBackground_U0/grp_tpgPatternRainbow_fu_429/v_tpg_mac_muladd_zec_U41/gener4_v_tpg_0_0_v_tpg_mac_muladd_zec_DSP48_3_U/p input gener4_i/v_tpg_0/inst/tpgBackground_U0/grp_tpgPatternRainbow_fu_429/v_tpg_mac_muladd_zec_U41/gener4_v_tpg_0_0_v_tpg_mac_muladd_zec_DSP48_3_U/p/A[29:0] is not pipelined. Pipelining DSP48 input will improve performance.
Related violations: <none>

DPIP-1#10 Warning
Input pipelining  
DSP gener4_i/v_tpg_0/inst/tpgBackground_U0/grp_tpgPatternZonePlate_fu_570/v_tpg_mul_mul_9nsOgC_U71/gener4_v_tpg_0_0_v_tpg_mul_mul_9nsOgC_DSP48_8_U/in00 input gener4_i/v_tpg_0/inst/tpgBackground_U0/grp_tpgPatternZonePlate_fu_570/v_tpg_mul_mul_9nsOgC_U71/gener4_v_tpg_0_0_v_tpg_mul_mul_9nsOgC_DSP48_8_U/in00/A[29:0] is not pipelined. Pipelining DSP48 input will improve performance.
Related violations: <none>

DPOP-1#1 Warning
PREG Output pipelining  
DSP gener4_i/v_tpg_0/inst/tpgBackground_U0/grp_tpgPatternRainbow_fu_429/v_tpg_mac_muladd_Bew_U43/gener4_v_tpg_0_0_v_tpg_mac_muladd_Bew_DSP48_5_U/p output gener4_i/v_tpg_0/inst/tpgBackground_U0/grp_tpgPatternRainbow_fu_429/v_tpg_mac_muladd_Bew_U43/gener4_v_tpg_0_0_v_tpg_mac_muladd_Bew_DSP48_5_U/p/P[47:0] is not pipelined (PREG=0). Pipelining the DSP48 output will improve performance and often saves power so it is suggested whenever possible to fully pipeline this function.  If this DSP48 function was inferred, it is suggested to describe an additional register stage after this function.  If the DSP48 was instantiated in the design, it is suggested to set the PREG attribute to 1.
Related violations: <none>

DPOP-1#2 Warning
PREG Output pipelining  
DSP gener4_i/v_tpg_0/inst/tpgBackground_U0/grp_tpgPatternRainbow_fu_429/v_tpg_mac_muladd_wdI_U38/gener4_v_tpg_0_0_v_tpg_mac_muladd_wdI_DSP48_0_U/p output gener4_i/v_tpg_0/inst/tpgBackground_U0/grp_tpgPatternRainbow_fu_429/v_tpg_mac_muladd_wdI_U38/gener4_v_tpg_0_0_v_tpg_mac_muladd_wdI_DSP48_0_U/p/P[47:0] is not pipelined (PREG=0). Pipelining the DSP48 output will improve performance and often saves power so it is suggested whenever possible to fully pipeline this function.  If this DSP48 function was inferred, it is suggested to describe an additional register stage after this function.  If the DSP48 was instantiated in the design, it is suggested to set the PREG attribute to 1.
Related violations: <none>

DPOP-1#3 Warning
PREG Output pipelining  
DSP gener4_i/v_tpg_0/inst/tpgBackground_U0/grp_tpgPatternRainbow_fu_429/v_tpg_mac_muladd_xdS_U39/gener4_v_tpg_0_0_v_tpg_mac_muladd_xdS_DSP48_1_U/p output gener4_i/v_tpg_0/inst/tpgBackground_U0/grp_tpgPatternRainbow_fu_429/v_tpg_mac_muladd_xdS_U39/gener4_v_tpg_0_0_v_tpg_mac_muladd_xdS_DSP48_1_U/p/P[47:0] is not pipelined (PREG=0). Pipelining the DSP48 output will improve performance and often saves power so it is suggested whenever possible to fully pipeline this function.  If this DSP48 function was inferred, it is suggested to describe an additional register stage after this function.  If the DSP48 was instantiated in the design, it is suggested to set the PREG attribute to 1.
Related violations: <none>

DPOP-1#4 Warning
PREG Output pipelining  
DSP gener4_i/v_tpg_0/inst/tpgBackground_U0/grp_tpgPatternRainbow_fu_429/v_tpg_mac_muladd_yd2_U40/gener4_v_tpg_0_0_v_tpg_mac_muladd_yd2_DSP48_2_U/p output gener4_i/v_tpg_0/inst/tpgBackground_U0/grp_tpgPatternRainbow_fu_429/v_tpg_mac_muladd_yd2_U40/gener4_v_tpg_0_0_v_tpg_mac_muladd_yd2_DSP48_2_U/p/P[47:0] is not pipelined (PREG=0). Pipelining the DSP48 output will improve performance and often saves power so it is suggested whenever possible to fully pipeline this function.  If this DSP48 function was inferred, it is suggested to describe an additional register stage after this function.  If the DSP48 was instantiated in the design, it is suggested to set the PREG attribute to 1.
Related violations: <none>

DPOP-1#5 Warning
PREG Output pipelining  
DSP gener4_i/v_tpg_0/inst/tpgBackground_U0/grp_tpgPatternRainbow_fu_429/v_tpg_mac_muladd_zec_U41/gener4_v_tpg_0_0_v_tpg_mac_muladd_zec_DSP48_3_U/p output gener4_i/v_tpg_0/inst/tpgBackground_U0/grp_tpgPatternRainbow_fu_429/v_tpg_mac_muladd_zec_U41/gener4_v_tpg_0_0_v_tpg_mac_muladd_zec_DSP48_3_U/p/P[47:0] is not pipelined (PREG=0). Pipelining the DSP48 output will improve performance and often saves power so it is suggested whenever possible to fully pipeline this function.  If this DSP48 function was inferred, it is suggested to describe an additional register stage after this function.  If the DSP48 was instantiated in the design, it is suggested to set the PREG attribute to 1.
Related violations: <none>

DPOP-1#6 Warning
PREG Output pipelining  
DSP gener4_i/v_tpg_0/inst/tpgBackground_U0/grp_tpgPatternZonePlate_fu_570/v_tpg_am_addmul_1Mgi_U68/gener4_v_tpg_0_0_v_tpg_am_addmul_1Mgi_DSP48_6_U/m output gener4_i/v_tpg_0/inst/tpgBackground_U0/grp_tpgPatternZonePlate_fu_570/v_tpg_am_addmul_1Mgi_U68/gener4_v_tpg_0_0_v_tpg_am_addmul_1Mgi_DSP48_6_U/m/P[47:0] is not pipelined (PREG=0). Pipelining the DSP48 output will improve performance and often saves power so it is suggested whenever possible to fully pipeline this function.  If this DSP48 function was inferred, it is suggested to describe an additional register stage after this function.  If the DSP48 was instantiated in the design, it is suggested to set the PREG attribute to 1.
Related violations: <none>

DPOP-1#7 Warning
PREG Output pipelining  
DSP gener4_i/v_tpg_0/inst/tpgBackground_U0/grp_tpgPatternZonePlate_fu_570/v_tpg_mac_muladd_Ngs_U70/gener4_v_tpg_0_0_v_tpg_mac_muladd_Ngs_DSP48_7_U/p output gener4_i/v_tpg_0/inst/tpgBackground_U0/grp_tpgPatternZonePlate_fu_570/v_tpg_mac_muladd_Ngs_U70/gener4_v_tpg_0_0_v_tpg_mac_muladd_Ngs_DSP48_7_U/p/P[47:0] is not pipelined (PREG=0). Pipelining the DSP48 output will improve performance and often saves power so it is suggested whenever possible to fully pipeline this function.  If this DSP48 function was inferred, it is suggested to describe an additional register stage after this function.  If the DSP48 was instantiated in the design, it is suggested to set the PREG attribute to 1.
Related violations: <none>

DPOP-1#8 Warning
PREG Output pipelining  
DSP gener4_i/v_tpg_0/inst/tpgBackground_U0/grp_tpgPatternZonePlate_fu_570/v_tpg_mul_mul_9nsOgC_U71/gener4_v_tpg_0_0_v_tpg_mul_mul_9nsOgC_DSP48_8_U/in00 output gener4_i/v_tpg_0/inst/tpgBackground_U0/grp_tpgPatternZonePlate_fu_570/v_tpg_mul_mul_9nsOgC_U71/gener4_v_tpg_0_0_v_tpg_mul_mul_9nsOgC_DSP48_8_U/in00/P[47:0] is not pipelined (PREG=0). Pipelining the DSP48 output will improve performance and often saves power so it is suggested whenever possible to fully pipeline this function.  If this DSP48 function was inferred, it is suggested to describe an additional register stage after this function.  If the DSP48 was instantiated in the design, it is suggested to set the PREG attribute to 1.
Related violations: <none>

DPOP-2#1 Warning
MREG Output pipelining  
DSP gener4_i/v_tpg_0/inst/tpgBackground_U0/grp_tpgPatternRainbow_fu_429/v_tpg_mac_muladd_Bew_U43/gener4_v_tpg_0_0_v_tpg_mac_muladd_Bew_DSP48_5_U/p multiplier stage gener4_i/v_tpg_0/inst/tpgBackground_U0/grp_tpgPatternRainbow_fu_429/v_tpg_mac_muladd_Bew_U43/gener4_v_tpg_0_0_v_tpg_mac_muladd_Bew_DSP48_5_U/p/P[47:0] is not pipelined (MREG=0). Pipelining the multiplier function will improve performance and will save significant power so it is suggested whenever possible to fully pipeline this function.  If this multiplier was inferred, it is suggested to describe an additional register stage after this function.  If there is no registered adder/accumulator following the multiply function, two pipeline stages are suggested to allow both the MREG and PREG registers to be used.  If the DSP48 was instantiated in the design, it is suggested to set both the MREG and PREG attributes to 1 when performing multiply functions.
Related violations: <none>

DPOP-2#2 Warning
MREG Output pipelining  
DSP gener4_i/v_tpg_0/inst/tpgBackground_U0/grp_tpgPatternRainbow_fu_429/v_tpg_mac_muladd_wdI_U38/gener4_v_tpg_0_0_v_tpg_mac_muladd_wdI_DSP48_0_U/p multiplier stage gener4_i/v_tpg_0/inst/tpgBackground_U0/grp_tpgPatternRainbow_fu_429/v_tpg_mac_muladd_wdI_U38/gener4_v_tpg_0_0_v_tpg_mac_muladd_wdI_DSP48_0_U/p/P[47:0] is not pipelined (MREG=0). Pipelining the multiplier function will improve performance and will save significant power so it is suggested whenever possible to fully pipeline this function.  If this multiplier was inferred, it is suggested to describe an additional register stage after this function.  If there is no registered adder/accumulator following the multiply function, two pipeline stages are suggested to allow both the MREG and PREG registers to be used.  If the DSP48 was instantiated in the design, it is suggested to set both the MREG and PREG attributes to 1 when performing multiply functions.
Related violations: <none>

DPOP-2#3 Warning
MREG Output pipelining  
DSP gener4_i/v_tpg_0/inst/tpgBackground_U0/grp_tpgPatternRainbow_fu_429/v_tpg_mac_muladd_xdS_U39/gener4_v_tpg_0_0_v_tpg_mac_muladd_xdS_DSP48_1_U/p multiplier stage gener4_i/v_tpg_0/inst/tpgBackground_U0/grp_tpgPatternRainbow_fu_429/v_tpg_mac_muladd_xdS_U39/gener4_v_tpg_0_0_v_tpg_mac_muladd_xdS_DSP48_1_U/p/P[47:0] is not pipelined (MREG=0). Pipelining the multiplier function will improve performance and will save significant power so it is suggested whenever possible to fully pipeline this function.  If this multiplier was inferred, it is suggested to describe an additional register stage after this function.  If there is no registered adder/accumulator following the multiply function, two pipeline stages are suggested to allow both the MREG and PREG registers to be used.  If the DSP48 was instantiated in the design, it is suggested to set both the MREG and PREG attributes to 1 when performing multiply functions.
Related violations: <none>

DPOP-2#4 Warning
MREG Output pipelining  
DSP gener4_i/v_tpg_0/inst/tpgBackground_U0/grp_tpgPatternRainbow_fu_429/v_tpg_mac_muladd_yd2_U40/gener4_v_tpg_0_0_v_tpg_mac_muladd_yd2_DSP48_2_U/p multiplier stage gener4_i/v_tpg_0/inst/tpgBackground_U0/grp_tpgPatternRainbow_fu_429/v_tpg_mac_muladd_yd2_U40/gener4_v_tpg_0_0_v_tpg_mac_muladd_yd2_DSP48_2_U/p/P[47:0] is not pipelined (MREG=0). Pipelining the multiplier function will improve performance and will save significant power so it is suggested whenever possible to fully pipeline this function.  If this multiplier was inferred, it is suggested to describe an additional register stage after this function.  If there is no registered adder/accumulator following the multiply function, two pipeline stages are suggested to allow both the MREG and PREG registers to be used.  If the DSP48 was instantiated in the design, it is suggested to set both the MREG and PREG attributes to 1 when performing multiply functions.
Related violations: <none>

DPOP-2#5 Warning
MREG Output pipelining  
DSP gener4_i/v_tpg_0/inst/tpgBackground_U0/grp_tpgPatternRainbow_fu_429/v_tpg_mac_muladd_zec_U41/gener4_v_tpg_0_0_v_tpg_mac_muladd_zec_DSP48_3_U/p multiplier stage gener4_i/v_tpg_0/inst/tpgBackground_U0/grp_tpgPatternRainbow_fu_429/v_tpg_mac_muladd_zec_U41/gener4_v_tpg_0_0_v_tpg_mac_muladd_zec_DSP48_3_U/p/P[47:0] is not pipelined (MREG=0). Pipelining the multiplier function will improve performance and will save significant power so it is suggested whenever possible to fully pipeline this function.  If this multiplier was inferred, it is suggested to describe an additional register stage after this function.  If there is no registered adder/accumulator following the multiply function, two pipeline stages are suggested to allow both the MREG and PREG registers to be used.  If the DSP48 was instantiated in the design, it is suggested to set both the MREG and PREG attributes to 1 when performing multiply functions.
Related violations: <none>

DPOP-2#6 Warning
MREG Output pipelining  
DSP gener4_i/v_tpg_0/inst/tpgBackground_U0/grp_tpgPatternZonePlate_fu_570/v_tpg_am_addmul_1Mgi_U68/gener4_v_tpg_0_0_v_tpg_am_addmul_1Mgi_DSP48_6_U/m multiplier stage gener4_i/v_tpg_0/inst/tpgBackground_U0/grp_tpgPatternZonePlate_fu_570/v_tpg_am_addmul_1Mgi_U68/gener4_v_tpg_0_0_v_tpg_am_addmul_1Mgi_DSP48_6_U/m/P[47:0] is not pipelined (MREG=0). Pipelining the multiplier function will improve performance and will save significant power so it is suggested whenever possible to fully pipeline this function.  If this multiplier was inferred, it is suggested to describe an additional register stage after this function.  If there is no registered adder/accumulator following the multiply function, two pipeline stages are suggested to allow both the MREG and PREG registers to be used.  If the DSP48 was instantiated in the design, it is suggested to set both the MREG and PREG attributes to 1 when performing multiply functions.
Related violations: <none>

DPOP-2#7 Warning
MREG Output pipelining  
DSP gener4_i/v_tpg_0/inst/tpgBackground_U0/grp_tpgPatternZonePlate_fu_570/v_tpg_mac_muladd_Ngs_U70/gener4_v_tpg_0_0_v_tpg_mac_muladd_Ngs_DSP48_7_U/p multiplier stage gener4_i/v_tpg_0/inst/tpgBackground_U0/grp_tpgPatternZonePlate_fu_570/v_tpg_mac_muladd_Ngs_U70/gener4_v_tpg_0_0_v_tpg_mac_muladd_Ngs_DSP48_7_U/p/P[47:0] is not pipelined (MREG=0). Pipelining the multiplier function will improve performance and will save significant power so it is suggested whenever possible to fully pipeline this function.  If this multiplier was inferred, it is suggested to describe an additional register stage after this function.  If there is no registered adder/accumulator following the multiply function, two pipeline stages are suggested to allow both the MREG and PREG registers to be used.  If the DSP48 was instantiated in the design, it is suggested to set both the MREG and PREG attributes to 1 when performing multiply functions.
Related violations: <none>

DPOP-2#8 Warning
MREG Output pipelining  
DSP gener4_i/v_tpg_0/inst/tpgBackground_U0/grp_tpgPatternZonePlate_fu_570/v_tpg_mul_mul_9nsOgC_U71/gener4_v_tpg_0_0_v_tpg_mul_mul_9nsOgC_DSP48_8_U/in00 multiplier stage gener4_i/v_tpg_0/inst/tpgBackground_U0/grp_tpgPatternZonePlate_fu_570/v_tpg_mul_mul_9nsOgC_U71/gener4_v_tpg_0_0_v_tpg_mul_mul_9nsOgC_DSP48_8_U/in00/P[47:0] is not pipelined (MREG=0). Pipelining the multiplier function will improve performance and will save significant power so it is suggested whenever possible to fully pipeline this function.  If this multiplier was inferred, it is suggested to describe an additional register stage after this function.  If there is no registered adder/accumulator following the multiply function, two pipeline stages are suggested to allow both the MREG and PREG registers to be used.  If the DSP48 was instantiated in the design, it is suggested to set both the MREG and PREG attributes to 1 when performing multiply functions.
Related violations: <none>


