Copyright 1986-2018 Xilinx, Inc. All Rights Reserved.
-------------------------------------------------------------------------------------------
| Tool Version : Vivado v.2018.1 (win64) Build 2188600 Wed Apr  4 18:40:38 MDT 2018
| Date         : Wed Oct  4 09:06:38 2023
| Host         : RA3YDI running 64-bit Service Pack 1  (build 7601)
| Command      : report_control_sets -verbose -file gener4_wrapper_control_sets_placed.rpt
| Design       : gener4_wrapper
| Device       : xc7z010
-------------------------------------------------------------------------------------------

Control Set Information

Table of Contents
-----------------
1. Summary
2. Histogram
3. Flip-Flop Distribution
4. Detailed Control Set Information

1. Summary
----------

+----------------------------------------------------------+-------+
|                          Status                          | Count |
+----------------------------------------------------------+-------+
| Number of unique control sets                            |   130 |
| Unused register locations in slices containing registers |   242 |
+----------------------------------------------------------+-------+


2. Histogram
------------

+--------+--------------+
| Fanout | Control Sets |
+--------+--------------+
|      2 |            4 |
|      3 |            2 |
|      4 |           11 |
|      6 |            4 |
|      8 |           28 |
|      9 |            1 |
|     10 |            8 |
|     11 |            3 |
|     12 |            3 |
|     13 |            2 |
|     14 |            2 |
|     15 |            2 |
|    16+ |           60 |
+--------+--------------+


3. Flip-Flop Distribution
-------------------------

+--------------+-----------------------+------------------------+-----------------+--------------+
| Clock Enable | Synchronous Set/Reset | Asynchronous Set/Reset | Total Registers | Total Slices |
+--------------+-----------------------+------------------------+-----------------+--------------+
| No           | No                    | No                     |             295 |          121 |
| No           | No                    | Yes                    |               8 |            3 |
| No           | Yes                   | No                     |             221 |           98 |
| Yes          | No                    | No                     |             887 |          291 |
| Yes          | No                    | Yes                    |               0 |            0 |
| Yes          | Yes                   | No                     |             723 |          241 |
+--------------+-----------------------+------------------------+-----------------+--------------+


4. Detailed Control Set Information
-----------------------------------

+-----------------------------------------------+----------------------------------------------------------------------------------------------------------------------------------------------------------------------+--------------------------------------------------------------------------------------------------------------------------------------------------------------+------------------+----------------+
|                  Clock Signal                 |                                                                             Enable Signal                                                                            |                                                                       Set/Reset Signal                                                                       | Slice Load Count | Bel Load Count |
+-----------------------------------------------+----------------------------------------------------------------------------------------------------------------------------------------------------------------------+--------------------------------------------------------------------------------------------------------------------------------------------------------------+------------------+----------------+
|  gener4_i/processing_system7_0/inst/FCLK_CLK0 |                                                                                                                                                                      | gener4_i/rgb2dvi_0/U0/ClockGenInternal.ClockGenX/LockLostReset/aRst_int_0                                                                                    |                1 |              2 |
|  gener4_i/processing_system7_0/inst/FCLK_CLK0 |                                                                                                                                                                      | gener4_i/rgb2dvi_0/U0/ClockGenInternal.ClockGenX/in0                                                                                                         |                1 |              2 |
|  gener4_i/processing_system7_0/inst/FCLK_CLK0 | gener4_i/v_tpg_0/inst/tpgBackground_U0/grp_tpgPatternSolidGreen_fu_658/grnYuv_U/gener4_v_tpg_0_0_tpgPatternSolidGrYie_rom_U/grp_tpgPatternSolidGreen_fu_658_ap_ready |                                                                                                                                                              |                2 |              2 |
|  gener4_i/processing_system7_0/inst/FCLK_CLK0 | gener4_i/ps7_0_axi_periph/s00_couplers/auto_pc/inst/gen_axilite.gen_b2s_conv.axilite_b2s/WR.b_channel_0/bid_fifo_0/bresp_push                                        |                                                                                                                                                              |                1 |              2 |
|  gener4_i/processing_system7_0/inst/FCLK_CLK0 |                                                                                                                                                                      | gener4_i/v_axi4s_vid_out_0/inst/SYNC_INST/SR[0]                                                                                                              |                1 |              3 |
|  gener4_i/processing_system7_0/inst/FCLK_CLK0 |                                                                                                                                                                      | gener4_i/v_axi4s_vid_out_0/inst/COUPLER_INST/generate_sync_fifo.FIFO_INST/XPM_FIFO_SYNC_INST/xpm_fifo_base_inst/xpm_fifo_rst_inst/rst_i                      |                1 |              3 |
|  gener4_i/processing_system7_0/inst/FCLK_CLK0 |                                                                                                                                                                      | gener4_i/v_tc_0/U0/U_TC_TOP/GEN_GENERATOR.U_TC_GEN/p_3_in                                                                                                    |                3 |              4 |
|  gener4_i/processing_system7_0/inst/FCLK_CLK0 | gener4_i/ps7_0_axi_periph/s00_couplers/auto_pc/inst/gen_axilite.gen_b2s_conv.axilite_b2s/WR.aw_channel_0/aw_cmd_fsm_0/axaddr_wrap_reg[11][0]                         | gener4_i/ps7_0_axi_periph/s00_couplers/auto_pc/inst/gen_axilite.gen_b2s_conv.axilite_b2s/WR.aw_channel_0/aw_cmd_fsm_0/axlen_cnt_reg[7]_1                     |                1 |              4 |
|  gener4_i/processing_system7_0/inst/FCLK_CLK0 |                                                                                                                                                                      | gener4_i/rst_ps7_0_40M/U0/EXT_LPF/lpf_int                                                                                                                    |                1 |              4 |
|  gener4_i/processing_system7_0/inst/FCLK_CLK0 |                                                                                                                                                                      | gener4_i/v_axi4s_vid_out_0/inst/COUPLER_INST/generate_sync_fifo.FIFO_INST/XPM_FIFO_SYNC_INST/xpm_fifo_base_inst/xpm_fifo_rst_inst/Q[0]                       |                2 |              4 |
|  gener4_i/processing_system7_0/inst/FCLK_CLK0 |                                                                                                                                                                      | gener4_i/rgb2dvi_0/U0/ClockGenInternal.ClockGenX/LockLostReset/SyncAsyncx/oSyncStages[1]                                                                     |                1 |              4 |
|  gener4_i/processing_system7_0/inst/FCLK_CLK0 | gener4_i/v_tpg_0/inst/tpgBackground_U0/grp_tpgPatternSolidRed_fu_667/redYuv_U/gener4_v_tpg_0_0_tpgPatternSolidReZio_rom_U/grp_tpgPatternSolidRed_fu_667_ap_ready     |                                                                                                                                                              |                3 |              4 |
|  gener4_i/processing_system7_0/inst/FCLK_CLK0 | gener4_i/v_tpg_0/inst/v_tpg_CTRL_s_axi_U/ar_hs                                                                                                                       |                                                                                                                                                              |                1 |              4 |
|  gener4_i/processing_system7_0/inst/FCLK_CLK0 | gener4_i/v_tpg_0/inst/tpgBackground_U0/grp_tpgPatternSolidBlue_fu_649/bluYuv_U/gener4_v_tpg_0_0_tpgPatternSolidBlXh4_rom_U/grp_tpgPatternSolidBlue_fu_649_ap_ready   |                                                                                                                                                              |                1 |              4 |
|  gener4_i/processing_system7_0/inst/FCLK_CLK0 |                                                                                                                                                                      | gener4_i/ps7_0_axi_periph/s00_couplers/auto_pc/inst/gen_axilite.gen_b2s_conv.axilite_b2s/SI_REG/ar.ar_pipe/m_valid_i_reg_0                                   |                2 |              4 |
|  gener4_i/processing_system7_0/inst/FCLK_CLK0 |                                                                                                                                                                      | gener4_i/ps7_0_axi_periph/s00_couplers/auto_pc/inst/gen_axilite.gen_b2s_conv.axilite_b2s/SI_REG/aw.aw_pipe/s_ready_i_reg_0                                   |                2 |              4 |
|  gener4_i/processing_system7_0/inst/FCLK_CLK0 | gener4_i/ps7_0_axi_periph/s00_couplers/auto_pc/inst/gen_axilite.gen_b2s_conv.axilite_b2s/RD.ar_channel_0/ar_cmd_fsm_0/E[0]                                           | gener4_i/ps7_0_axi_periph/s00_couplers/auto_pc/inst/gen_axilite.gen_b2s_conv.axilite_b2s/RD.ar_channel_0/ar_cmd_fsm_0/axlen_cnt_reg[7]                       |                2 |              4 |
|  gener4_i/processing_system7_0/inst/FCLK_CLK0 | gener4_i/rst_ps7_0_40M/U0/SEQ/seq_cnt_en                                                                                                                             | gener4_i/rst_ps7_0_40M/U0/SEQ/SEQ_COUNTER/clear                                                                                                              |                1 |              6 |
|  gener4_i/processing_system7_0/inst/FCLK_CLK0 | gener4_i/v_tpg_0/inst/tpgBackground_U0/grp_tpgPatternDPColorSqu_fu_438/DPtpgBarArray_U/gener4_v_tpg_0_0_tpgPatternDPColorbkb_rom_U/xCount_V_2_0_reg[5]               | gener4_i/v_tpg_0/inst/tpgBackground_U0/grp_tpgPatternDPColorSqu_fu_438/xCount_V_2_0[5]_i_1_n_2                                                               |                2 |              6 |
|  gener4_i/processing_system7_0/inst/FCLK_CLK0 | gener4_i/v_tpg_0/inst/tpgForeground_U0/shiftReg_ce_2                                                                                                                 | gener4_i/v_tpg_0/inst/v_tpg_CTRL_s_axi_U/SRL_SIG_reg[0][7]_3                                                                                                 |                2 |              6 |
|  gener4_i/processing_system7_0/inst/FCLK_CLK0 | gener4_i/v_tpg_0/inst/tpgBackground_U0/grp_tpgPatternDPColorSqu_fu_438/yCount_V_40                                                                                   | gener4_i/v_tpg_0/inst/tpgBackground_U0/grp_tpgPatternDPColorSqu_fu_438/yCount_V_4                                                                            |                2 |              6 |
|  gener4_i/processing_system7_0/inst/FCLK_CLK0 | gener4_i/ps7_0_axi_periph/s00_couplers/auto_pc/inst/gen_axilite.gen_b2s_conv.axilite_b2s/WR.aw_channel_0/aw_cmd_fsm_0/E[0]                                           |                                                                                                                                                              |                4 |              8 |
|  gener4_i/processing_system7_0/inst/FCLK_CLK0 | gener4_i/ps7_0_axi_periph/s00_couplers/auto_pc/inst/gen_axilite.gen_b2s_conv.axilite_b2s/WR.aw_channel_0/cmd_translator_0/incr_cmd_0/axaddr_incr[11]_i_1_n_0         |                                                                                                                                                              |                2 |              8 |
|  gener4_i/processing_system7_0/inst/FCLK_CLK0 | gener4_i/v_tpg_0/inst/tpgBackground_U0/call_ret3_tpgPatternVerticalRa_fu_625/rampVal                                                                                 |                                                                                                                                                              |                4 |              8 |
|  gener4_i/processing_system7_0/inst/FCLK_CLK0 | gener4_i/v_tpg_0/inst/tpgForeground_U0/shiftReg_ce                                                                                                                   | gener4_i/v_tpg_0/inst/v_tpg_CTRL_s_axi_U/SRL_SIG_reg[0][7]_4                                                                                                 |                2 |              8 |
|  gener4_i/processing_system7_0/inst/FCLK_CLK0 | gener4_i/v_tpg_0/inst/tpgForeground_U0/shiftReg_ce                                                                                                                   |                                                                                                                                                              |                4 |              8 |
|  gener4_i/processing_system7_0/inst/FCLK_CLK0 | gener4_i/v_tpg_0/inst/tpgForeground_U0/shiftReg_ce_3                                                                                                                 |                                                                                                                                                              |                4 |              8 |
|  gener4_i/processing_system7_0/inst/FCLK_CLK0 | gener4_i/v_tpg_0/inst/tpgForeground_U0/shiftReg_ce_3                                                                                                                 | gener4_i/v_tpg_0/inst/v_tpg_CTRL_s_axi_U/SRL_SIG_reg[0][7]_2                                                                                                 |                3 |              8 |
|  gener4_i/processing_system7_0/inst/FCLK_CLK0 | gener4_i/v_tpg_0/inst/v_tpg_CTRL_s_axi_U/int_bckgndId[7]_i_1_n_2                                                                                                     | gener4_i/v_tpg_0/inst/v_tpg_CTRL_s_axi_U/ap_rst_n_inv                                                                                                        |                3 |              8 |
|  gener4_i/processing_system7_0/inst/FCLK_CLK0 | gener4_i/v_tpg_0/inst/v_tpg_CTRL_s_axi_U/hdata_reg[0][0]                                                                                                             |                                                                                                                                                              |                5 |              8 |
|  gener4_i/processing_system7_0/inst/FCLK_CLK0 | gener4_i/v_tpg_0/inst/tpgBackground_U0/grp_tpgPatternRainbow_fu_429/tpgSinTableArray_9bi_1_U/gener4_v_tpg_0_0_tpgPatternRainbowvdy_rom_U/g_reg_665_reg[7]            | gener4_i/v_tpg_0/inst/tpgBackground_U0/grp_tpgPatternRainbow_fu_429/tpgSinTableArray_9bi_1_U/gener4_v_tpg_0_0_tpgPatternRainbowvdy_rom_U/g_reg_665_reg[0][0] |                2 |              8 |
|  gener4_i/processing_system7_0/inst/FCLK_CLK0 | gener4_i/v_tpg_0/inst/tpgBackground_U0/grp_tpgPatternRainbow_fu_429/tpgSinTableArray_9bi_1_U/gener4_v_tpg_0_0_tpgPatternRainbowvdy_rom_U/g_reg_665_reg[7]            | gener4_i/v_tpg_0/inst/tpgBackground_U0/grp_tpgPatternRainbow_fu_429/tpgSinTableArray_9bi_1_U/gener4_v_tpg_0_0_tpgPatternRainbowvdy_rom_U/b_reg_671_reg[0][0] |                5 |              8 |
|  gener4_i/processing_system7_0/inst/FCLK_CLK0 | gener4_i/v_tpg_0/inst/tpgBackground_U0/grp_tpgPatternRainbow_fu_429/tpgSinTableArray_9bi_1_U/gener4_v_tpg_0_0_tpgPatternRainbowvdy_rom_U/g_reg_665_reg[7]            | gener4_i/v_tpg_0/inst/tpgBackground_U0/grp_tpgPatternRainbow_fu_429/tpgSinTableArray_9bi_1_U/gener4_v_tpg_0_0_tpgPatternRainbowvdy_rom_U/SS[0]               |                3 |              8 |
|  gener4_i/processing_system7_0/inst/FCLK_CLK0 | gener4_i/v_tpg_0/inst/v_tpg_CTRL_s_axi_U/int_colorFormat[7]_i_1_n_2                                                                                                  | gener4_i/v_tpg_0/inst/v_tpg_CTRL_s_axi_U/ap_rst_n_inv                                                                                                        |                2 |              8 |
|  gener4_i/processing_system7_0/inst/FCLK_CLK0 | gener4_i/ps7_0_axi_periph/s00_couplers/auto_pc/inst/gen_axilite.gen_b2s_conv.axilite_b2s/WR.b_channel_0/mhandshake_r                                                 | gener4_i/ps7_0_axi_periph/s00_couplers/auto_pc/inst/gen_axilite.gen_b2s_conv.axilite_b2s/WR.b_channel_0/bid_fifo_0/SR[0]                                     |                4 |              8 |
|  gener4_i/processing_system7_0/inst/FCLK_CLK0 | gener4_i/v_tpg_0/inst/v_tpg_CTRL_s_axi_U/int_ap_ready_reg_0[0]                                                                                                       |                                                                                                                                                              |                2 |              8 |
|  gener4_i/processing_system7_0/inst/FCLK_CLK0 | gener4_i/v_tpg_0/inst/v_tpg_CTRL_s_axi_U/int_dpDynamicRange[7]_i_1_n_2                                                                                               | gener4_i/v_tpg_0/inst/v_tpg_CTRL_s_axi_U/ap_rst_n_inv                                                                                                        |                3 |              8 |
|  gener4_i/processing_system7_0/inst/FCLK_CLK0 | gener4_i/v_tpg_0/inst/v_tpg_CTRL_s_axi_U/int_dpYUVCoef[7]_i_1_n_2                                                                                                    | gener4_i/v_tpg_0/inst/v_tpg_CTRL_s_axi_U/ap_rst_n_inv                                                                                                        |                3 |              8 |
|  gener4_i/processing_system7_0/inst/FCLK_CLK0 | gener4_i/ps7_0_axi_periph/s00_couplers/auto_pc/inst/gen_axilite.gen_b2s_conv.axilite_b2s/RD.ar_channel_0/ar_cmd_fsm_0/wrap_boundary_axaddr_r_reg[11][0]              |                                                                                                                                                              |                5 |              8 |
|  gener4_i/processing_system7_0/inst/FCLK_CLK0 | gener4_i/v_tpg_0/inst/v_tpg_CTRL_s_axi_U/int_maskId[7]_i_1_n_2                                                                                                       | gener4_i/v_tpg_0/inst/v_tpg_CTRL_s_axi_U/ap_rst_n_inv                                                                                                        |                3 |              8 |
|  gener4_i/processing_system7_0/inst/FCLK_CLK0 | gener4_i/v_tpg_0/inst/v_tpg_CTRL_s_axi_U/int_motionSpeed[7]_i_1_n_2                                                                                                  | gener4_i/v_tpg_0/inst/v_tpg_CTRL_s_axi_U/ap_rst_n_inv                                                                                                        |                2 |              8 |
|  gener4_i/processing_system7_0/inst/FCLK_CLK0 | gener4_i/v_tpg_0/inst/v_tpg_CTRL_s_axi_U/int_ovrlayId[7]_i_1_n_2                                                                                                     | gener4_i/v_tpg_0/inst/v_tpg_CTRL_s_axi_U/ap_rst_n_inv                                                                                                        |                2 |              8 |
|  gener4_i/processing_system7_0/inst/FCLK_CLK0 | gener4_i/ps7_0_axi_periph/s00_couplers/auto_pc/inst/gen_axilite.gen_b2s_conv.axilite_b2s/RD.ar_channel_0/ar_cmd_fsm_0/axaddr_incr_reg[0][0]                          |                                                                                                                                                              |                3 |              8 |
|  gener4_i/processing_system7_0/inst/FCLK_CLK0 | gener4_i/v_tpg_0/inst/v_tpg_CTRL_s_axi_U/waddr                                                                                                                       |                                                                                                                                                              |                3 |              8 |
|  gener4_i/processing_system7_0/inst/FCLK_CLK0 | gener4_i/v_tpg_0/inst/v_tpg_CTRL_s_axi_U/rampStart_load_reg_1432_reg[7][0]                                                                                           |                                                                                                                                                              |                3 |              8 |
|  gener4_i/processing_system7_0/inst/FCLK_CLK0 | gener4_i/v_tpg_0/inst/v_tpg_CTRL_s_axi_U/rampVal_1_reg[0][0]                                                                                                         |                                                                                                                                                              |                6 |              8 |
|  gener4_i/processing_system7_0/inst/FCLK_CLK0 | gener4_i/v_axi4s_vid_out_0/inst/SYNC_INST/fifo_sof_cnt                                                                                                               | gener4_i/v_axi4s_vid_out_0/inst/SYNC_INST/vtg_sof_cnt[7]_i_1_n_0                                                                                             |                3 |              8 |
|  gener4_i/processing_system7_0/inst/FCLK_CLK0 | gener4_i/v_axi4s_vid_out_0/inst/SYNC_INST/vtg_sof_dly                                                                                                                | gener4_i/v_axi4s_vid_out_0/inst/SYNC_INST/vtg_sof_cnt[7]_i_1_n_0                                                                                             |                2 |              8 |
|  gener4_i/processing_system7_0/inst/FCLK_CLK0 | gener4_i/v_tpg_0/inst/v_tpg_CTRL_s_axi_U/rampVal_2_reg[0][0]                                                                                                         |                                                                                                                                                              |                3 |              8 |
|  gener4_i/processing_system7_0/inst/FCLK_CLK0 |                                                                                                                                                                      | gener4_i/v_axi4s_vid_out_0/inst/COUPLER_INST/generate_sync_fifo.FIFO_INST/XPM_FIFO_SYNC_INST/xpm_fifo_base_inst/xpm_fifo_rst_inst/SR[0]                      |                3 |              9 |
|  gener4_i/processing_system7_0/inst/FCLK_CLK0 |                                                                                                                                                                      | gener4_i/v_axi4s_vid_out_0/inst/SYNC_INST/status_reg[25]_i_1_n_0                                                                                             |                7 |             10 |
|  gener4_i/processing_system7_0/inst/FCLK_CLK0 |                                                                                                                                                                      | gener4_i/rgb2dvi_0/U0/DataEncoders[0].DataEncoder/pDataOutRaw[9]_i_1__1_n_0                                                                                  |                3 |             10 |
|  gener4_i/processing_system7_0/inst/FCLK_CLK0 | gener4_i/v_tpg_0/inst/v_tpg_CTRL_s_axi_U/xCount_V_0_reg[9]_2                                                                                                         | gener4_i/v_tpg_0/inst/v_tpg_CTRL_s_axi_U/SR[0]                                                                                                               |                3 |             10 |
|  gener4_i/processing_system7_0/inst/FCLK_CLK0 | gener4_i/v_tpg_0/inst/v_tpg_CTRL_s_axi_U/grp_tpgPatternTartanColo_fu_516_ap_ready                                                                                    | gener4_i/v_tpg_0/inst/v_tpg_CTRL_s_axi_U/xCount_V_3_0_reg[0][0]                                                                                              |                3 |             10 |
|  gener4_i/processing_system7_0/inst/FCLK_CLK0 | gener4_i/v_tpg_0/inst/tpgBackground_U0/grp_tpgPatternCheckerBoa_fu_483/yCount_V[9]_i_2_n_2                                                                           | gener4_i/v_tpg_0/inst/tpgBackground_U0/grp_tpgPatternCheckerBoa_fu_483/yCount_V                                                                              |                3 |             10 |
|  gener4_i/processing_system7_0/inst/FCLK_CLK0 | gener4_i/v_tpg_0/inst/tpgBackground_U0/grp_tpgPatternTartanColo_fu_516/yCount_V_30                                                                                   | gener4_i/v_tpg_0/inst/tpgBackground_U0/grp_tpgPatternTartanColo_fu_516/yCount_V_3                                                                            |                2 |             10 |
|  gener4_i/processing_system7_0/inst/FCLK_CLK0 | gener4_i/v_tpg_0/inst/tpgForeground_U0/shiftReg_ce_2                                                                                                                 |                                                                                                                                                              |                4 |             10 |
|  gener4_i/processing_system7_0/inst/FCLK_CLK0 | gener4_i/v_tpg_0/inst/tpgBackground_U0/grp_tpgPatternCrossHatch_fu_549/grp_reg_ap_uint_10_s_fu_189/E[0]                                                              | gener4_i/v_tpg_0/inst/tpgBackground_U0/grp_tpgPatternCrossHatch_fu_549/grp_reg_ap_uint_10_s_fu_189/SR[0]                                                     |                3 |             10 |
|  gener4_i/processing_system7_0/inst/FCLK_CLK0 | gener4_i/v_tpg_0/inst/tpgBackground_U0/grp_tpgPatternCrossHatch_fu_549/vHatch[0]_i_2_n_2                                                                             | gener4_i/v_tpg_0/inst/tpgBackground_U0/grp_tpgPatternCrossHatch_fu_549/vHatch0                                                                               |                3 |             11 |
|  gener4_i/processing_system7_0/inst/FCLK_CLK0 | gener4_i/v_tpg_0/inst/v_tpg_CTRL_s_axi_U/grp_tpgPatternColorBars_fu_590_ap_ready                                                                                     | gener4_i/v_tpg_0/inst/tpgBackground_U0/grp_tpgPatternColorBars_fu_590/xBar_V_0[10]_i_1_n_2                                                                   |                4 |             11 |
|  gener4_i/processing_system7_0/inst/FCLK_CLK0 | gener4_i/v_tpg_0/inst/v_tpg_CTRL_s_axi_U/ap_return_reg[9]_0                                                                                                          |                                                                                                                                                              |                4 |             11 |
|  gener4_i/processing_system7_0/inst/FCLK_CLK0 | gener4_i/v_tpg_0/inst/v_tpg_CTRL_s_axi_U/ar_hs                                                                                                                       | gener4_i/v_tpg_0/inst/v_tpg_CTRL_s_axi_U/rdata[15]_i_1_n_2                                                                                                   |                8 |             12 |
|  gener4_i/processing_system7_0/inst/FCLK_CLK0 | gener4_i/v_axi4s_vid_out_0/inst/SYNC_INST/vtg_ce                                                                                                                     | gener4_i/v_tc_0/U0/U_TC_TOP/GEN_GENERATOR.U_TC_GEN/h_count[0]_i_1_n_0                                                                                        |                3 |             12 |
|  gener4_i/processing_system7_0/inst/FCLK_CLK0 | gener4_i/v_tc_0/U0/U_TC_TOP/GEN_GENERATOR.U_TC_GEN/v_count058_out                                                                                                    | gener4_i/v_tc_0/U0/U_TC_TOP/GEN_GENERATOR.U_TC_GEN/v_count[0]_i_1_n_0                                                                                        |                3 |             12 |
|  gener4_i/processing_system7_0/inst/FCLK_CLK0 | gener4_i/ps7_0_axi_periph/s00_couplers/auto_pc/inst/gen_axilite.gen_b2s_conv.axilite_b2s/RD.r_channel_0/r_push_r                                                     |                                                                                                                                                              |                4 |             13 |
|  gener4_i/processing_system7_0/inst/FCLK_CLK0 | gener4_i/v_axi4s_vid_out_0/inst/SYNC_INST/fifo_eol_re_dly                                                                                                            | gener4_i/v_axi4s_vid_out_0/inst/SYNC_INST/fifo_eol_cnt[0]_i_1_n_0                                                                                            |                4 |             13 |
|  gener4_i/processing_system7_0/inst/FCLK_CLK0 | gener4_i/ps7_0_axi_periph/s00_couplers/auto_pc/inst/gen_axilite.gen_b2s_conv.axilite_b2s/SI_REG/b.b_pipe/p_1_in                                                      |                                                                                                                                                              |                2 |             14 |
|  gener4_i/processing_system7_0/inst/FCLK_CLK0 | gener4_i/ps7_0_axi_periph/s00_couplers/auto_pc/inst/gen_axilite.gen_b2s_conv.axilite_b2s/SI_REG/b.b_pipe/skid_buffer_reg[0]_0                                        |                                                                                                                                                              |                5 |             14 |
|  gener4_i/processing_system7_0/inst/FCLK_CLK0 | gener4_i/v_tpg_0/inst/v_tpg_CTRL_s_axi_U/grp_tpgPatternColorBars_fu_590_ap_ready                                                                                     |                                                                                                                                                              |                6 |             15 |
|  gener4_i/processing_system7_0/inst/FCLK_CLK0 | gener4_i/v_tpg_0/inst/v_tpg_CTRL_s_axi_U/E[0]                                                                                                                        |                                                                                                                                                              |                4 |             15 |
|  gener4_i/processing_system7_0/inst/FCLK_CLK0 | gener4_i/ps7_0_axi_periph/s00_couplers/auto_pc/inst/gen_axilite.gen_b2s_conv.axilite_b2s/RD.ar_channel_0/ar_cmd_fsm_0/E[0]                                           |                                                                                                                                                              |                4 |             16 |
|  gener4_i/processing_system7_0/inst/FCLK_CLK0 | gener4_i/v_tpg_0/inst/v_tpg_CTRL_s_axi_U/int_width[15]_i_1_n_2                                                                                                       | gener4_i/v_tpg_0/inst/v_tpg_CTRL_s_axi_U/ap_rst_n_inv                                                                                                        |                2 |             16 |
|  gener4_i/processing_system7_0/inst/FCLK_CLK0 | gener4_i/v_tpg_0/inst/v_tpg_CTRL_s_axi_U/int_height[15]_i_1_n_2                                                                                                      | gener4_i/v_tpg_0/inst/v_tpg_CTRL_s_axi_U/ap_rst_n_inv                                                                                                        |                5 |             16 |
|  gener4_i/processing_system7_0/inst/FCLK_CLK0 | gener4_i/ps7_0_axi_periph/s00_couplers/auto_pc/inst/gen_axilite.gen_b2s_conv.axilite_b2s/RD.r_channel_0/rd_data_fifo_0/wr_en0                                        |                                                                                                                                                              |                4 |             16 |
|  gener4_i/processing_system7_0/inst/FCLK_CLK0 | gener4_i/v_tpg_0/inst/v_tpg_CTRL_s_axi_U/int_crossHairY[15]_i_1_n_2                                                                                                  | gener4_i/v_tpg_0/inst/v_tpg_CTRL_s_axi_U/ap_rst_n_inv                                                                                                        |                5 |             16 |
|  gener4_i/processing_system7_0/inst/FCLK_CLK0 | gener4_i/v_tpg_0/inst/v_tpg_CTRL_s_axi_U/int_crossHairX[15]_i_1_n_2                                                                                                  | gener4_i/v_tpg_0/inst/v_tpg_CTRL_s_axi_U/ap_rst_n_inv                                                                                                        |                3 |             16 |
|  gener4_i/processing_system7_0/inst/FCLK_CLK0 | gener4_i/v_tpg_0/inst/v_tpg_CTRL_s_axi_U/int_boxSize[15]_i_1_n_2                                                                                                     | gener4_i/v_tpg_0/inst/v_tpg_CTRL_s_axi_U/ap_rst_n_inv                                                                                                        |                4 |             16 |
|  gener4_i/processing_system7_0/inst/FCLK_CLK0 | gener4_i/v_tpg_0/inst/MultiPixStream2AXIvi_U0/ap_CS_fsm_state7                                                                                                       | gener4_i/v_tpg_0/inst/MultiPixStream2AXIvi_U0/grp_reg_unsigned_short_s_fu_257/SR[0]                                                                          |                4 |             16 |
|  gener4_i/processing_system7_0/inst/FCLK_CLK0 | gener4_i/v_tpg_0/inst/v_tpg_CTRL_s_axi_U/int_boxColorG[15]_i_1_n_2                                                                                                   | gener4_i/v_tpg_0/inst/v_tpg_CTRL_s_axi_U/ap_rst_n_inv                                                                                                        |                6 |             16 |
|  gener4_i/processing_system7_0/inst/FCLK_CLK0 | gener4_i/v_tpg_0/inst/v_tpg_CTRL_s_axi_U/int_boxColorB[15]_i_1_n_2                                                                                                   | gener4_i/v_tpg_0/inst/v_tpg_CTRL_s_axi_U/ap_rst_n_inv                                                                                                        |                6 |             16 |
|  gener4_i/processing_system7_0/inst/FCLK_CLK0 | gener4_i/v_tpg_0/inst/v_tpg_CTRL_s_axi_U/int_ZplateVerContStart[15]_i_1_n_2                                                                                          | gener4_i/v_tpg_0/inst/v_tpg_CTRL_s_axi_U/ap_rst_n_inv                                                                                                        |                7 |             16 |
|  gener4_i/processing_system7_0/inst/FCLK_CLK0 | gener4_i/v_tpg_0/inst/v_tpg_CTRL_s_axi_U/int_ZplateVerContDelta[15]_i_1_n_2                                                                                          | gener4_i/v_tpg_0/inst/v_tpg_CTRL_s_axi_U/ap_rst_n_inv                                                                                                        |                3 |             16 |
|  gener4_i/processing_system7_0/inst/FCLK_CLK0 | gener4_i/v_axi4s_vid_out_0/inst/SYNC_INST/vtg_ce                                                                                                                     | gener4_i/v_tc_0/U0/U_TC_TOP/GEN_GENERATOR.U_TC_GEN/p_3_in                                                                                                    |                6 |             16 |
|  gener4_i/processing_system7_0/inst/FCLK_CLK0 | gener4_i/v_tpg_0/inst/tpgBackground_U0/ap_CS_fsm_state8                                                                                                              | gener4_i/v_tpg_0/inst/tpgBackground_U0/y_reg_405                                                                                                             |                6 |             16 |
|  gener4_i/processing_system7_0/inst/FCLK_CLK0 | gener4_i/v_tpg_0/inst/tpgBackground_U0/x_2_reg_1455[0]_i_1_n_2                                                                                                       |                                                                                                                                                              |                4 |             16 |
|  gener4_i/processing_system7_0/inst/FCLK_CLK0 | gener4_i/v_tpg_0/inst/tpgBackground_U0/SRL_SIG_reg[1][0][0]                                                                                                          |                                                                                                                                                              |                5 |             16 |
|  gener4_i/processing_system7_0/inst/FCLK_CLK0 | gener4_i/v_tpg_0/inst/tpgBackground_U0/SRL_SIG_reg[1][0]_0[0]                                                                                                        |                                                                                                                                                              |                5 |             16 |
|  gener4_i/processing_system7_0/inst/FCLK_CLK0 | gener4_i/v_tpg_0/inst/tpgBackground_U0/SRL_SIG_reg[1][0]_1[0]                                                                                                        |                                                                                                                                                              |                3 |             16 |
|  gener4_i/processing_system7_0/inst/FCLK_CLK0 | gener4_i/v_tpg_0/inst/tpgBackground_U0/y_2_reg_1446_reg[15]_0[1]                                                                                                     |                                                                                                                                                              |                5 |             16 |
|  gener4_i/processing_system7_0/inst/FCLK_CLK0 | gener4_i/v_tpg_0/inst/tpgForeground_U0/ap_CS_fsm_state2                                                                                                              |                                                                                                                                                              |                5 |             16 |
|  gener4_i/processing_system7_0/inst/FCLK_CLK0 | gener4_i/v_tpg_0/inst/tpgForeground_U0/ap_CS_fsm_state6                                                                                                              | gener4_i/v_tpg_0/inst/tpgForeground_U0/y_reg_259                                                                                                             |                4 |             16 |
|  gener4_i/processing_system7_0/inst/FCLK_CLK0 | gener4_i/v_tpg_0/inst/v_tpg_CTRL_s_axi_U/int_boxColorR[15]_i_1_n_2                                                                                                   | gener4_i/v_tpg_0/inst/v_tpg_CTRL_s_axi_U/ap_rst_n_inv                                                                                                        |                7 |             16 |
|  gener4_i/processing_system7_0/inst/FCLK_CLK0 | gener4_i/ps7_0_axi_periph/s00_couplers/auto_pc/inst/gen_axilite.gen_b2s_conv.axilite_b2s/WR.aw_channel_0/aw_cmd_fsm_0/axaddr_wrap_reg[11][0]                         |                                                                                                                                                              |                8 |             16 |
|  gener4_i/processing_system7_0/inst/FCLK_CLK0 | gener4_i/v_tpg_0/inst/MultiPixStream2AXIvi_U0/j_reg_2100                                                                                                             | gener4_i/v_tpg_0/inst/MultiPixStream2AXIvi_U0/ap_NS_fsm1                                                                                                     |                4 |             16 |
|  gener4_i/processing_system7_0/inst/FCLK_CLK0 | gener4_i/v_tpg_0/inst/tpgForeground_U0/tpgForeground_U0_srcImg_V_val_2_V_read                                                                                        | gener4_i/v_tpg_0/inst/tpgForeground_U0/ap_enable_reg_pp0_iter00                                                                                              |                6 |             16 |
|  gener4_i/processing_system7_0/inst/FCLK_CLK0 | gener4_i/v_tpg_0/inst/tpgForeground_U0/x_1_reg_5720                                                                                                                  |                                                                                                                                                              |                4 |             16 |
|  gener4_i/processing_system7_0/inst/FCLK_CLK0 | gener4_i/v_tpg_0/inst/tpgBackground_U0/grp_tpgPatternZonePlate_fu_570/v_tpg_am_addmul_1Mgi_U68/gener4_v_tpg_0_0_v_tpg_am_addmul_1Mgi_DSP48_6_U/E[0]                  | gener4_i/v_tpg_0/inst/tpgBackground_U0/grp_tpgPatternZonePlate_fu_570/v_tpg_am_addmul_1Mgi_U68/gener4_v_tpg_0_0_v_tpg_am_addmul_1Mgi_DSP48_6_U/SR[0]         |                7 |             16 |
|  gener4_i/processing_system7_0/inst/FCLK_CLK0 | gener4_i/v_tpg_0/inst/v_tpg_CTRL_s_axi_U/int_ZplateHorContDelta_reg[15]_0[0]                                                                                         | gener4_i/v_tpg_0/inst/v_tpg_CTRL_s_axi_U/ap_rst_n_inv                                                                                                        |                9 |             16 |
|  gener4_i/processing_system7_0/inst/FCLK_CLK0 | gener4_i/v_tpg_0/inst/v_tpg_CTRL_s_axi_U/int_ZplateHorContStart_reg[0]_0[0]                                                                                          | gener4_i/v_tpg_0/inst/v_tpg_CTRL_s_axi_U/ap_rst_n_inv                                                                                                        |                8 |             16 |
|  gener4_i/processing_system7_0/inst/FCLK_CLK0 | gener4_i/v_tpg_0/inst/MultiPixStream2AXIvi_U0/i_1_reg_4810                                                                                                           |                                                                                                                                                              |                5 |             16 |
|  gener4_i/processing_system7_0/inst/FCLK_CLK0 | gener4_i/v_tpg_0/inst/MultiPixStream2AXIvi_U0/grp_reg_unsigned_short_s_fu_263/ap_NS_fsm1                                                                             |                                                                                                                                                              |                3 |             16 |
|  gener4_i/processing_system7_0/inst/FCLK_CLK0 | gener4_i/ps7_0_axi_periph/s00_couplers/auto_pc/inst/gen_axilite.gen_b2s_conv.axilite_b2s/WR.aw_channel_0/aw_cmd_fsm_0/b_push                                         |                                                                                                                                                              |                3 |             16 |
|  gener4_i/processing_system7_0/inst/FCLK_CLK0 | gener4_i/v_tpg_0/inst/MultiPixStream2AXIvi_U0/grp_reg_unsigned_short_s_fu_257/ap_NS_fsm1                                                                             |                                                                                                                                                              |                4 |             16 |
|  gener4_i/processing_system7_0/inst/FCLK_CLK0 | gener4_i/v_tpg_0/inst/tpgBackground_U0/ap_block_pp0_stage0_subdone                                                                                                   |                                                                                                                                                              |                7 |             18 |
|  gener4_i/processing_system7_0/inst/FCLK_CLK0 | gener4_i/v_tpg_0/inst/tpgBackground_U0/grp_tpgPatternRainbow_fu_429/tpgSinTableArray_9bi_1_U/gener4_v_tpg_0_0_tpgPatternRainbowvdy_rom_U/g_reg_665_reg[7]            |                                                                                                                                                              |                8 |             19 |
|  gener4_i/processing_system7_0/inst/FCLK_CLK0 | gener4_i/v_axi4s_vid_out_0/inst/COUPLER_INST/generate_sync_fifo.FIFO_INST/XPM_FIFO_SYNC_INST/xpm_fifo_base_inst/xpm_fifo_rst_inst/ram_wr_en_pf                       | gener4_i/v_axi4s_vid_out_0/inst/COUPLER_INST/generate_sync_fifo.FIFO_INST/XPM_FIFO_SYNC_INST/xpm_fifo_base_inst/xpm_fifo_rst_inst/Q[0]                       |                7 |             21 |
|  gener4_i/processing_system7_0/inst/FCLK_CLK0 | gener4_i/v_axi4s_vid_out_0/inst/COUPLER_INST/generate_sync_fifo.FIFO_INST/XPM_FIFO_SYNC_INST/xpm_fifo_base_inst/rdpp1_inst/ram_rd_en_pf                              | gener4_i/v_axi4s_vid_out_0/inst/COUPLER_INST/generate_sync_fifo.FIFO_INST/XPM_FIFO_SYNC_INST/xpm_fifo_base_inst/xpm_fifo_rst_inst/Q[0]                       |                8 |             21 |
|  gener4_i/processing_system7_0/inst/FCLK_CLK0 | gener4_i/v_tpg_0/inst/MultiPixStream2AXIvi_U0/AXI_video_strm_V_data_V_1_load_B                                                                                       |                                                                                                                                                              |                7 |             24 |
|  gener4_i/processing_system7_0/inst/FCLK_CLK0 | gener4_i/v_axi4s_vid_out_0/inst/SYNC_INST/E[0]                                                                                                                       | gener4_i/v_axi4s_vid_out_0/inst/SYNC_INST/SR[0]                                                                                                              |                8 |             24 |
|  gener4_i/processing_system7_0/inst/FCLK_CLK0 | gener4_i/v_tpg_0/inst/tpgForeground_U0/ap_condition_272                                                                                                              |                                                                                                                                                              |                7 |             24 |
|  gener4_i/processing_system7_0/inst/FCLK_CLK0 | gener4_i/v_tpg_0/inst/MultiPixStream2AXIvi_U0/AXI_video_strm_V_data_V_1_load_A                                                                                       |                                                                                                                                                              |                6 |             24 |
|  gener4_i/processing_system7_0/inst/FCLK_CLK0 | gener4_i/v_tpg_0/inst/v_tpg_CTRL_s_axi_U/tmp_val_2_V_fu_322_reg[0]_2[0]                                                                                              |                                                                                                                                                              |               17 |             24 |
|  gener4_i/processing_system7_0/inst/FCLK_CLK0 | gener4_i/v_tpg_0/inst/tpgForeground_U0/grp_tpgPatternCrossHair_fu_376/E[0]                                                                                           |                                                                                                                                                              |               12 |             27 |
|  gener4_i/processing_system7_0/inst/FCLK_CLK0 | gener4_i/ps7_0_axi_periph/s00_couplers/auto_pc/inst/gen_axilite.gen_b2s_conv.axilite_b2s/RD.ar_channel_0/ar_cmd_fsm_0/m_payload_i_reg[0]_1[0]                        |                                                                                                                                                              |                7 |             28 |
|  gener4_i/processing_system7_0/inst/FCLK_CLK0 | gener4_i/ps7_0_axi_periph/s00_couplers/auto_pc/inst/gen_axilite.gen_b2s_conv.axilite_b2s/SI_REG/ar.ar_pipe/s_axi_arready                                             |                                                                                                                                                              |                9 |             28 |
|  gener4_i/processing_system7_0/inst/FCLK_CLK0 | gener4_i/ps7_0_axi_periph/s00_couplers/auto_pc/inst/gen_axilite.gen_b2s_conv.axilite_b2s/SI_REG/aw.aw_pipe/s_axi_awready                                             |                                                                                                                                                              |                7 |             28 |
|  gener4_i/processing_system7_0/inst/FCLK_CLK0 | gener4_i/v_tpg_0/inst/tpgBackground_U0/grp_tpgPatternDPColorSqu_fu_438/DPtpgBarSelYuv_709_y_U/gener4_v_tpg_0_0_tpgPatternDPColorjbC_rom_U/E[0]                       |                                                                                                                                                              |                8 |             28 |
|  gener4_i/processing_system7_0/inst/FCLK_CLK0 | gener4_i/ps7_0_axi_periph/s00_couplers/auto_pc/inst/gen_axilite.gen_b2s_conv.axilite_b2s/WR.aw_channel_0/aw_cmd_fsm_0/m_payload_i_reg[0][0]                          |                                                                                                                                                              |                8 |             28 |
|  gener4_i/processing_system7_0/inst/FCLK_CLK0 | gener4_i/ps7_0_axi_periph/s00_couplers/auto_pc/inst/gen_axilite.gen_b2s_conv.axilite_b2s/SI_REG/r.r_pipe/p_1_in                                                      |                                                                                                                                                              |                6 |             29 |
|  gener4_i/processing_system7_0/inst/FCLK_CLK0 | gener4_i/ps7_0_axi_periph/s00_couplers/auto_pc/inst/gen_axilite.gen_b2s_conv.axilite_b2s/SI_REG/r.r_pipe/skid_buffer_reg[0]_0                                        |                                                                                                                                                              |                8 |             29 |
|  gener4_i/processing_system7_0/inst/FCLK_CLK0 | gener4_i/v_axi4s_vid_out_0/inst/SYNC_INST/vtg_lag                                                                                                                    | gener4_i/v_axi4s_vid_out_0/inst/SYNC_INST/vtg_lag[0]_i_1_n_0                                                                                                 |                8 |             32 |
|  gener4_i/processing_system7_0/inst/FCLK_CLK0 | gener4_i/v_tpg_0/inst/tpgBackground_U0/grp_tpgPatternZonePlate_fu_570/zonePlateVDelta[0]_i_1_n_2                                                                     |                                                                                                                                                              |                8 |             32 |
|  gener4_i/processing_system7_0/inst/FCLK_CLK0 |                                                                                                                                                                      | gener4_i/rgb2dvi_0/U0/DataEncoders[0].DataEncoder/SR[0]                                                                                                      |               15 |             32 |
|  gener4_i/processing_system7_0/inst/FCLK_CLK0 | gener4_i/v_tpg_0/inst/tpgForeground_U0/call_ret1_tpgPatternBox_fu_349/ap_condition_119                                                                               |                                                                                                                                                              |                8 |             32 |
|  gener4_i/processing_system7_0/inst/FCLK_CLK0 | gener4_i/v_tpg_0/inst/v_tpg_CTRL_s_axi_U/call_ret15_tpgPRBS_fu_694_ap_ready                                                                                          |                                                                                                                                                              |               16 |             33 |
|  gener4_i/processing_system7_0/inst/FCLK_CLK0 | gener4_i/v_axi4s_vid_out_0/inst/SYNC_INST/vtg_ce                                                                                                                     | gener4_i/v_tc_0/U0/U_TC_TOP/GEN_GENERATOR.U_TC_GEN/htotal[11]_i_1_n_0                                                                                        |               17 |             48 |
|  gener4_i/processing_system7_0/inst/FCLK_CLK0 | gener4_i/v_tpg_0/inst/MultiPixStream2AXIvi_U0/grp_reg_unsigned_short_s_fu_257/tmp_124_reg_472_reg[0][0]                                                              |                                                                                                                                                              |               10 |             49 |
|  gener4_i/processing_system7_0/inst/FCLK_CLK0 |                                                                                                                                                                      | gener4_i/ps7_0_axi_periph/s00_couplers/auto_pc/inst/gen_axilite.gen_b2s_conv.axilite_b2s/areset_d1                                                           |               15 |             50 |
|  gener4_i/processing_system7_0/inst/FCLK_CLK0 |                                                                                                                                                                      | gener4_i/v_tpg_0/inst/v_tpg_CTRL_s_axi_U/ap_rst_n_inv                                                                                                        |               43 |             84 |
|  gener4_i/processing_system7_0/inst/FCLK_CLK0 |                                                                                                                                                                      |                                                                                                                                                              |              122 |            296 |
+-----------------------------------------------+----------------------------------------------------------------------------------------------------------------------------------------------------------------------+--------------------------------------------------------------------------------------------------------------------------------------------------------------+------------------+----------------+


