Copyright 1986-2018 Xilinx, Inc. All Rights Reserved.
--------------------------------------------------------------------------------------------------------------------------------------------------------------------------------
| Tool Version : Vivado v.2018.1 (win64) Build 2188600 Wed Apr  4 18:40:38 MDT 2018
| Date         : Wed Oct  4 09:07:30 2023
| Host         : RA3YDI running 64-bit Service Pack 1  (build 7601)
| Command      : report_methodology -file gener4_wrapper_methodology_drc_routed.rpt -pb gener4_wrapper_methodology_drc_routed.pb -rpx gener4_wrapper_methodology_drc_routed.rpx
| Design       : gener4_wrapper
| Device       : xc7z010clg400-1
| Speed File   : -1
| Design State : Routed
--------------------------------------------------------------------------------------------------------------------------------------------------------------------------------

Report Methodology

Table of Contents
-----------------
1. REPORT SUMMARY
2. REPORT DETAILS

1. REPORT SUMMARY
-----------------
            Netlist: netlist
          Floorplan: design_1
      Design limits: <entire design considered>
             Max violations: <unlimited>
             Violations found: 1
+--------+----------+---------------------------------------------+------------+
| Rule   | Severity | Description                                 | Violations |
+--------+----------+---------------------------------------------+------------+
| XDCB-5 | Warning  | Runtime inefficient way to find pin objects | 1          |
+--------+----------+---------------------------------------------+------------+

2. REPORT DETAILS
-----------------
XDCB-5#1 Warning
Runtime inefficient way to find pin objects  
The option '-through : [get_pins -filter {NAME =~ *SyncAsync*/oSyncStages_reg[0]/D} -hier]' of constraint 'set_false_path' uses inefficient query to find pin objects (see constraint position '5' in the Timing Constraint window in Vivado IDE). To reduce runtime, it is recommended to get the pins through the cell objects. Please refer to Using Constraints Guide (Constraints Efficiency). An example of optimal query is: get_pins -filter {REF_PIN_NAME=~yy*} -of_objects [get_cells -hierarchical xx*].
Current XDC: c:/Xilinx/Projects/Gen4/Gen4.srcs/sources_1/bd/gener4/ip/gener4_rgb2dvi_0_0/src/rgb2dvi.xdc (Line: 5)
Related violations: <none>


