#-----------------------------------------------------------
# Webtalk v2015.4 (64-bit)
# SW Build 1412921 on Wed Nov 18 09:43:45 MST 2015
# 
# Start of session at: Sat Nov 05 19:59:25 2016
# Process ID: 11376
# Current directory: E:/AX7010/labs/linux_hw/linux_hw.sdk/webtalk
# Command line: wbtcv.exe -mode batch -source sdk_webtalk.tcl
# Log file: E:/AX7010/labs/linux_hw/linux_hw.sdk/webtalk/webtalk.log
# Journal file: E:/AX7010/labs/linux_hw/linux_hw.sdk/webtalk\webtalk.jou
#-----------------------------------------------------------
source sdk_webtalk.tcl
# webtalk_init -webtalk_dir E:\\AX7010\\labs\\linux_hw\\linux_hw.sdk\\webtalk
# webtalk_register_client -client project
# webtalk_add_data -client project -key date_generated -value "星期六 十一月 5 19:59:23 2016" -context "software_version_and_target_device"
# webtalk_add_data -client project -key product_version -value "SDK v2015.4" -context "software_version_and_target_device"
# webtalk_add_data -client project -key build_version -value "2015.4" -context "software_version_and_target_device"
# webtalk_add_data -client project -key os_platform -value "amd64" -context "software_version_and_target_device"
# webtalk_add_data -client project -key registration_id -value "" -context "software_version_and_target_device"
# webtalk_add_data -client project -key tool_flow -value "SDK" -context "software_version_and_target_device"
# webtalk_add_data -client project -key beta -value "false" -context "software_version_and_target_device"
# webtalk_add_data -client project -key route_design -value "NA" -context "software_version_and_target_device"
# webtalk_add_data -client project -key target_family -value "NA" -context "software_version_and_target_device"
# webtalk_add_data -client project -key target_device -value "NA" -context "software_version_and_target_device"
# webtalk_add_data -client project -key target_package -value "NA" -context "software_version_and_target_device"
# webtalk_add_data -client project -key target_speed -value "NA" -context "software_version_and_target_device"
# webtalk_add_data -client project -key random_id -value "a0d3vt898u63ir3i95o3ohj3ho" -context "software_version_and_target_device"
# webtalk_add_data -client project -key project_id -value "2015.4_14" -context "software_version_and_target_device"
# webtalk_add_data -client project -key project_iteration -value "14" -context "software_version_and_target_device"
# webtalk_add_data -client project -key os_name -value "" -context "user_environment"
# webtalk_add_data -client project -key os_release -value "" -context "user_environment"
# webtalk_add_data -client project -key cpu_name -value "" -context "user_environment"
# webtalk_add_data -client project -key cpu_speed -value "" -context "user_environment"
# webtalk_add_data -client project -key total_processors -value "" -context "user_environment"
# webtalk_add_data -client project -key system_ram -value "" -context "user_environment"
# webtalk_register_client -client sdk
# webtalk_add_data -client sdk -key uid -value "1478346669535" -context "sdk\\\\bsp/1478346669535"
# webtalk_add_data -client sdk -key hwid -value "1478226838749" -context "sdk\\\\bsp/1478346669535"
# webtalk_add_data -client sdk -key os -value "standalone" -context "sdk\\\\bsp/1478346669535"
# webtalk_add_data -client sdk -key apptemplate -value "zynq_fsbl" -context "sdk\\\\bsp/1478346669535"
# webtalk_add_data -client sdk -key uid -value "1478346675971" -context "sdk\\\\application/1478346675971"
# webtalk_add_data -client sdk -key hwid -value "1478226838749" -context "sdk\\\\application/1478346675971"
# webtalk_add_data -client sdk -key bspid -value "1478346669535" -context "sdk\\\\application/1478346675971"
# webtalk_add_data -client sdk -key newbsp -value "true" -context "sdk\\\\application/1478346675971"
# webtalk_add_data -client sdk -key os -value "standalone" -context "sdk\\\\application/1478346675971"
# webtalk_add_data -client sdk -key apptemplate -value "zynq_fsbl" -context "sdk\\\\application/1478346675971"
# webtalk_transmit -clientid 1107834116 -regid "" -xml E:\\AX7010\\labs\\linux_hw\\linux_hw.sdk\\webtalk\\usage_statistics_ext_sdk.xml -html E:\\AX7010\\labs\\linux_hw\\linux_hw.sdk\\webtalk\\usage_statistics_ext_sdk.html -wdm E:\\AX7010\\labs\\linux_hw\\linux_hw.sdk\\webtalk\\sdk_webtalk.wdm -intro "<H3>SDK Usage Report</H3><BR>"
# webtalk_terminate
INFO: [Common 17-206] Exiting Webtalk at Sat Nov 05 19:59:29 2016...
