#-----------------------------------------------------------
# Webtalk v2015.4 (64-bit)
# SW Build 1412921 on Wed Nov 18 09:43:45 MST 2015
# 
# Start of session at: Mon Jun 26 17:46:12 2017
# Process ID: 29440
# Current directory: Y:/project/AX/AX7010/AX7010_CD/02_source/vivado_project/10_linux_hw/linux_hw.sdk/webtalk
# Command line: wbtcv.exe -mode batch -source sdk_webtalk.tcl
# Log file: Y:/project/AX/AX7010/AX7010_CD/02_source/vivado_project/10_linux_hw/linux_hw.sdk/webtalk/webtalk.log
# Journal file: Y:/project/AX/AX7010/AX7010_CD/02_source/vivado_project/10_linux_hw/linux_hw.sdk/webtalk\webtalk.jou
#-----------------------------------------------------------
source sdk_webtalk.tcl
# webtalk_init -webtalk_dir Y:\\project\\AX\\AX7010\\AX7010_CD\\02_source\\vivado_project\\10_linux_hw\\linux_hw.sdk\\webtalk
# webtalk_register_client -client project
# webtalk_add_data -client project -key date_generated -value "ÐÇÆÚÒ» ÁùÔÂ 26 17:46:10 2017" -context "software_version_and_target_device"
# webtalk_add_data -client project -key product_version -value "SDK v2015.4" -context "software_version_and_target_device"
# webtalk_add_data -client project -key build_version -value "2015.4" -context "software_version_and_target_device"
# webtalk_add_data -client project -key os_platform -value "amd64" -context "software_version_and_target_device"
# webtalk_add_data -client project -key registration_id -value "" -context "software_version_and_target_device"
# webtalk_add_data -client project -key tool_flow -value "SDK" -context "software_version_and_target_device"
# webtalk_add_data -client project -key beta -value "false" -context "software_version_and_target_device"
# webtalk_add_data -client project -key route_design -value "NA" -context "software_version_and_target_device"
# webtalk_add_data -client project -key target_family -value "NA" -context "software_version_and_target_device"
# webtalk_add_data -client project -key target_device -value "NA" -context "software_version_and_target_device"
# webtalk_add_data -client project -key target_package -value "NA" -context "software_version_and_target_device"
# webtalk_add_data -client project -key target_speed -value "NA" -context "software_version_and_target_device"
# webtalk_add_data -client project -key random_id -value "hq8r6hl9tojoh7ut3lposs3svo" -context "software_version_and_target_device"
# webtalk_add_data -client project -key project_id -value "2015.4_64" -context "software_version_and_target_device"
# webtalk_add_data -client project -key project_iteration -value "64" -context "software_version_and_target_device"
# webtalk_add_data -client project -key os_name -value "" -context "user_environment"
# webtalk_add_data -client project -key os_release -value "" -context "user_environment"
# webtalk_add_data -client project -key cpu_name -value "" -context "user_environment"
# webtalk_add_data -client project -key cpu_speed -value "" -context "user_environment"
# webtalk_add_data -client project -key total_processors -value "" -context "user_environment"
# webtalk_add_data -client project -key system_ram -value "" -context "user_environment"
# webtalk_register_client -client sdk
# webtalk_add_data -client sdk -key uid -value "1498446131798" -context "sdk\\\\hardware/1498446131798"
# webtalk_add_data -client sdk -key isZynq -value "true" -context "sdk\\\\hardware/1498446131798"
# webtalk_add_data -client sdk -key Processors -value "2" -context "sdk\\\\hardware/1498446131798"
# webtalk_add_data -client sdk -key VivadoVersion -value "2015.4" -context "sdk\\\\hardware/1498446131798"
# webtalk_add_data -client sdk -key Arch -value "zynq" -context "sdk\\\\hardware/1498446131798"
# webtalk_add_data -client sdk -key Device -value "7z010" -context "sdk\\\\hardware/1498446131798"
# webtalk_add_data -client sdk -key IsHandoff -value "true" -context "sdk\\\\hardware/1498446131798"
# webtalk_transmit -clientid 2355697982 -regid "" -xml Y:\\project\\AX\\AX7010\\AX7010_CD\\02_source\\vivado_project\\10_linux_hw\\linux_hw.sdk\\webtalk\\usage_statistics_ext_sdk.xml -html Y:\\project\\AX\\AX7010\\AX7010_CD\\02_source\\vivado_project\\10_linux_hw\\linux_hw.sdk\\webtalk\\usage_statistics_ext_sdk.html -wdm Y:\\project\\AX\\AX7010\\AX7010_CD\\02_source\\vivado_project\\10_linux_hw\\linux_hw.sdk\\webtalk\\sdk_webtalk.wdm -intro "<H3>SDK Usage Report</H3><BR>"
# webtalk_terminate
INFO: [Common 17-206] Exiting Webtalk at Mon Jun 26 17:46:25 2017...
