
*** Running vivado
    with args -log gener4_wrapper.vds -m64 -product Vivado -mode batch -messageDb vivado.pb -notrace -source gener4_wrapper.tcl


****** Vivado v2018.1 (64-bit)
  **** SW Build 2188600 on Wed Apr  4 18:40:38 MDT 2018
  **** IP Build 2185939 on Wed Apr  4 20:55:05 MDT 2018
    ** Copyright 1986-2018 Xilinx, Inc. All Rights Reserved.

source gener4_wrapper.tcl -notrace
INFO: [IP_Flow 19-234] Refreshing IP repositories
WARNING: [IP_Flow 19-395] Problem validating against XML schema: see 'xilinx:packagingInfo' : Bad end of element
CRITICAL WARNING: [IP_Flow 19-1977] Unable to read IP file c:/XVES/vivado-library-master/ip/Zmods/ZmodDigitizerController/component.xml. This IP will not be included in the IP Catalog.
WARNING: [IP_Flow 19-395] Problem validating against XML schema: see 'xilinx:componentInstanceExtensions' : Bad end of element
INFO: [IP_Flow 19-1700] Loaded user IP repository 'c:/XVES/vivado-library-master'.
INFO: [IP_Flow 19-2313] Loaded Vivado IP repository 'C:/Xilinx/Vivado/2018.1/data/ip'.
add_files: Time (s): cpu = 00:00:12 ; elapsed = 00:00:22 . Memory (MB): peak = 311.141 ; gain = 80.301
Command: synth_design -top gener4_wrapper -part xc7z010clg400-1 -flatten_hierarchy none -directive RuntimeOptimized -fsm_extraction off
Starting synth_design
Attempting to get a license for feature 'Synthesis' and/or device 'xc7z010'
INFO: [Common 17-349] Got license for feature 'Synthesis' and/or device 'xc7z010'
INFO: Launching helper process for spawning children vivado processes
INFO: Helper process launched with PID 3540 
---------------------------------------------------------------------------------
Starting RTL Elaboration : Time (s): cpu = 00:00:14 ; elapsed = 00:00:14 . Memory (MB): peak = 427.426 ; gain = 113.711
---------------------------------------------------------------------------------
INFO: [Synth 8-6157] synthesizing module 'gener4_wrapper' [C:/Xilinx/Projects/Gen4/Gen4.srcs/sources_1/bd/gener4/hdl/gener4_wrapper.v:12]
INFO: [Synth 8-6157] synthesizing module 'gener4' [C:/Xilinx/Projects/Gen4/Gen4.srcs/sources_1/bd/gener4/synth/gener4.v:13]
INFO: [Synth 8-6157] synthesizing module 'gener4_processing_system7_0_0' [C:/Xilinx/Projects/Gen4/Gen4.runs/synth_1/.Xil/Vivado-628-RA3YDI/realtime/gener4_processing_system7_0_0_stub.v:6]
INFO: [Synth 8-6155] done synthesizing module 'gener4_processing_system7_0_0' (1#1) [C:/Xilinx/Projects/Gen4/Gen4.runs/synth_1/.Xil/Vivado-628-RA3YDI/realtime/gener4_processing_system7_0_0_stub.v:6]
WARNING: [Synth 8-350] instance 'processing_system7_0' of module 'gener4_processing_system7_0_0' requires 65 connections, but only 63 given [C:/Xilinx/Projects/Gen4/Gen4.srcs/sources_1/bd/gener4/synth/gener4.v:169]
INFO: [Synth 8-6157] synthesizing module 'gener4_ps7_0_axi_periph_0' [C:/Xilinx/Projects/Gen4/Gen4.srcs/sources_1/bd/gener4/synth/gener4.v:373]
INFO: [Synth 8-6157] synthesizing module 's00_couplers_imp_89DCXP' [C:/Xilinx/Projects/Gen4/Gen4.srcs/sources_1/bd/gener4/synth/gener4.v:678]
INFO: [Synth 8-6157] synthesizing module 'gener4_auto_pc_0' [C:/Xilinx/Projects/Gen4/Gen4.runs/synth_1/.Xil/Vivado-628-RA3YDI/realtime/gener4_auto_pc_0_stub.v:6]
INFO: [Synth 8-6155] done synthesizing module 'gener4_auto_pc_0' (2#1) [C:/Xilinx/Projects/Gen4/Gen4.runs/synth_1/.Xil/Vivado-628-RA3YDI/realtime/gener4_auto_pc_0_stub.v:6]
WARNING: [Synth 8-350] instance 'auto_pc' of module 'gener4_auto_pc_0' requires 59 connections, but only 57 given [C:/Xilinx/Projects/Gen4/Gen4.srcs/sources_1/bd/gener4/synth/gener4.v:913]
INFO: [Synth 8-6155] done synthesizing module 's00_couplers_imp_89DCXP' (3#1) [C:/Xilinx/Projects/Gen4/Gen4.srcs/sources_1/bd/gener4/synth/gener4.v:678]
INFO: [Synth 8-6155] done synthesizing module 'gener4_ps7_0_axi_periph_0' (4#1) [C:/Xilinx/Projects/Gen4/Gen4.srcs/sources_1/bd/gener4/synth/gener4.v:373]
INFO: [Synth 8-6157] synthesizing module 'gener4_rgb2dvi_0_0' [C:/Xilinx/Projects/Gen4/Gen4.runs/synth_1/.Xil/Vivado-628-RA3YDI/realtime/gener4_rgb2dvi_0_0_stub.v:6]
INFO: [Synth 8-6155] done synthesizing module 'gener4_rgb2dvi_0_0' (5#1) [C:/Xilinx/Projects/Gen4/Gen4.runs/synth_1/.Xil/Vivado-628-RA3YDI/realtime/gener4_rgb2dvi_0_0_stub.v:6]
INFO: [Synth 8-6157] synthesizing module 'gener4_rst_ps7_0_40M_0' [C:/Xilinx/Projects/Gen4/Gen4.runs/synth_1/.Xil/Vivado-628-RA3YDI/realtime/gener4_rst_ps7_0_40M_0_stub.v:6]
INFO: [Synth 8-6155] done synthesizing module 'gener4_rst_ps7_0_40M_0' (6#1) [C:/Xilinx/Projects/Gen4/Gen4.runs/synth_1/.Xil/Vivado-628-RA3YDI/realtime/gener4_rst_ps7_0_40M_0_stub.v:6]
WARNING: [Synth 8-350] instance 'rst_ps7_0_40M' of module 'gener4_rst_ps7_0_40M_0' requires 10 connections, but only 7 given [C:/Xilinx/Projects/Gen4/Gen4.srcs/sources_1/bd/gener4/synth/gener4.v:306]
INFO: [Synth 8-6157] synthesizing module 'gener4_v_axi4s_vid_out_0_0' [C:/Xilinx/Projects/Gen4/Gen4.runs/synth_1/.Xil/Vivado-628-RA3YDI/realtime/gener4_v_axi4s_vid_out_0_0_stub.v:6]
INFO: [Synth 8-6155] done synthesizing module 'gener4_v_axi4s_vid_out_0_0' (7#1) [C:/Xilinx/Projects/Gen4/Gen4.runs/synth_1/.Xil/Vivado-628-RA3YDI/realtime/gener4_v_axi4s_vid_out_0_0_stub.v:6]
WARNING: [Synth 8-350] instance 'v_axi4s_vid_out_0' of module 'gener4_v_axi4s_vid_out_0_0' requires 28 connections, but only 21 given [C:/Xilinx/Projects/Gen4/Gen4.srcs/sources_1/bd/gener4/synth/gener4.v:314]
INFO: [Synth 8-6157] synthesizing module 'gener4_v_tc_0_0' [C:/Xilinx/Projects/Gen4/Gen4.runs/synth_1/.Xil/Vivado-628-RA3YDI/realtime/gener4_v_tc_0_0_stub.v:6]
INFO: [Synth 8-6155] done synthesizing module 'gener4_v_tc_0_0' (8#1) [C:/Xilinx/Projects/Gen4/Gen4.runs/synth_1/.Xil/Vivado-628-RA3YDI/realtime/gener4_v_tc_0_0_stub.v:6]
WARNING: [Synth 8-350] instance 'v_tc_0' of module 'gener4_v_tc_0_0' requires 10 connections, but only 9 given [C:/Xilinx/Projects/Gen4/Gen4.srcs/sources_1/bd/gener4/synth/gener4.v:336]
INFO: [Synth 8-6157] synthesizing module 'gener4_v_tpg_0_0' [C:/Xilinx/Projects/Gen4/Gen4.runs/synth_1/.Xil/Vivado-628-RA3YDI/realtime/gener4_v_tpg_0_0_stub.v:6]
INFO: [Synth 8-6155] done synthesizing module 'gener4_v_tpg_0_0' (9#1) [C:/Xilinx/Projects/Gen4/Gen4.runs/synth_1/.Xil/Vivado-628-RA3YDI/realtime/gener4_v_tpg_0_0_stub.v:6]
WARNING: [Synth 8-350] instance 'v_tpg_0' of module 'gener4_v_tpg_0_0' requires 29 connections, but only 24 given [C:/Xilinx/Projects/Gen4/Gen4.srcs/sources_1/bd/gener4/synth/gener4.v:346]
INFO: [Synth 8-6155] done synthesizing module 'gener4' (10#1) [C:/Xilinx/Projects/Gen4/Gen4.srcs/sources_1/bd/gener4/synth/gener4.v:13]
INFO: [Synth 8-6155] done synthesizing module 'gener4_wrapper' (11#1) [C:/Xilinx/Projects/Gen4/Gen4.srcs/sources_1/bd/gener4/hdl/gener4_wrapper.v:12]
WARNING: [Synth 8-3331] design s00_couplers_imp_89DCXP has unconnected port M_ACLK
WARNING: [Synth 8-3331] design s00_couplers_imp_89DCXP has unconnected port M_ARESETN
WARNING: [Synth 8-3331] design gener4_ps7_0_axi_periph_0 has unconnected port ACLK
WARNING: [Synth 8-3331] design gener4_ps7_0_axi_periph_0 has unconnected port ARESETN
---------------------------------------------------------------------------------
Finished RTL Elaboration : Time (s): cpu = 00:00:15 ; elapsed = 00:00:16 . Memory (MB): peak = 476.367 ; gain = 162.652
---------------------------------------------------------------------------------

Report Check Netlist: 
+------+------------------+-------+---------+-------+------------------+
|      |Item              |Errors |Warnings |Status |Description       |
+------+------------------+-------+---------+-------+------------------+
|1     |multi_driven_nets |      0|        0|Passed |Multi driven nets |
+------+------------------+-------+---------+-------+------------------+
---------------------------------------------------------------------------------
Start Handling Custom Attributes
---------------------------------------------------------------------------------
---------------------------------------------------------------------------------
Finished Handling Custom Attributes : Time (s): cpu = 00:00:15 ; elapsed = 00:00:16 . Memory (MB): peak = 476.367 ; gain = 162.652
---------------------------------------------------------------------------------
---------------------------------------------------------------------------------
Finished RTL Optimization Phase 1 : Time (s): cpu = 00:00:15 ; elapsed = 00:00:16 . Memory (MB): peak = 476.367 ; gain = 162.652
---------------------------------------------------------------------------------
INFO: [Device 21-403] Loading part xc7z010clg400-1
INFO: [Project 1-570] Preparing netlist for logic optimization

Processing XDC Constraints
Initializing timing engine
Parsing XDC File [c:/Xilinx/Projects/Gen4/Gen4.srcs/sources_1/bd/gener4/ip/gener4_processing_system7_0_0/gener4_processing_system7_0_0/gener4_processing_system7_0_0_in_context.xdc] for cell 'gener4_i/processing_system7_0'
Finished Parsing XDC File [c:/Xilinx/Projects/Gen4/Gen4.srcs/sources_1/bd/gener4/ip/gener4_processing_system7_0_0/gener4_processing_system7_0_0/gener4_processing_system7_0_0_in_context.xdc] for cell 'gener4_i/processing_system7_0'
Parsing XDC File [c:/Xilinx/Projects/Gen4/Gen4.srcs/sources_1/bd/gener4/ip/gener4_v_tpg_0_0/gener4_v_tpg_0_0/gener4_v_tpg_0_0_in_context.xdc] for cell 'gener4_i/v_tpg_0'
Finished Parsing XDC File [c:/Xilinx/Projects/Gen4/Gen4.srcs/sources_1/bd/gener4/ip/gener4_v_tpg_0_0/gener4_v_tpg_0_0/gener4_v_tpg_0_0_in_context.xdc] for cell 'gener4_i/v_tpg_0'
Parsing XDC File [c:/Xilinx/Projects/Gen4/Gen4.srcs/sources_1/bd/gener4/ip/gener4_rst_ps7_0_40M_0/gener4_rst_ps7_0_40M_0/gener4_rst_ps7_0_40M_0_in_context.xdc] for cell 'gener4_i/rst_ps7_0_40M'
Finished Parsing XDC File [c:/Xilinx/Projects/Gen4/Gen4.srcs/sources_1/bd/gener4/ip/gener4_rst_ps7_0_40M_0/gener4_rst_ps7_0_40M_0/gener4_rst_ps7_0_40M_0_in_context.xdc] for cell 'gener4_i/rst_ps7_0_40M'
Parsing XDC File [c:/Xilinx/Projects/Gen4/Gen4.srcs/sources_1/bd/gener4/ip/gener4_v_axi4s_vid_out_0_0/gener4_v_axi4s_vid_out_0_0/gener4_v_axi4s_vid_out_0_0_in_context.xdc] for cell 'gener4_i/v_axi4s_vid_out_0'
Finished Parsing XDC File [c:/Xilinx/Projects/Gen4/Gen4.srcs/sources_1/bd/gener4/ip/gener4_v_axi4s_vid_out_0_0/gener4_v_axi4s_vid_out_0_0/gener4_v_axi4s_vid_out_0_0_in_context.xdc] for cell 'gener4_i/v_axi4s_vid_out_0'
Parsing XDC File [c:/Xilinx/Projects/Gen4/Gen4.srcs/sources_1/bd/gener4/ip/gener4_v_tc_0_0/gener4_v_tc_0_0/gener4_v_tc_0_0_in_context.xdc] for cell 'gener4_i/v_tc_0'
Finished Parsing XDC File [c:/Xilinx/Projects/Gen4/Gen4.srcs/sources_1/bd/gener4/ip/gener4_v_tc_0_0/gener4_v_tc_0_0/gener4_v_tc_0_0_in_context.xdc] for cell 'gener4_i/v_tc_0'
Parsing XDC File [c:/Xilinx/Projects/Gen4/Gen4.srcs/sources_1/bd/gener4/ip/gener4_rgb2dvi_0_0/gener4_rgb2dvi_0_0/gener4_rgb2dvi_0_0_in_context.xdc] for cell 'gener4_i/rgb2dvi_0'
Finished Parsing XDC File [c:/Xilinx/Projects/Gen4/Gen4.srcs/sources_1/bd/gener4/ip/gener4_rgb2dvi_0_0/gener4_rgb2dvi_0_0/gener4_rgb2dvi_0_0_in_context.xdc] for cell 'gener4_i/rgb2dvi_0'
Parsing XDC File [c:/Xilinx/Projects/Gen4/Gen4.srcs/sources_1/bd/gener4/ip/gener4_auto_pc_0/gener4_auto_pc_0/gener4_auto_pc_0_in_context.xdc] for cell 'gener4_i/ps7_0_axi_periph/s00_couplers/auto_pc'
Finished Parsing XDC File [c:/Xilinx/Projects/Gen4/Gen4.srcs/sources_1/bd/gener4/ip/gener4_auto_pc_0/gener4_auto_pc_0/gener4_auto_pc_0_in_context.xdc] for cell 'gener4_i/ps7_0_axi_periph/s00_couplers/auto_pc'
Parsing XDC File [C:/Xilinx/Projects/Gen4/Gen4.srcs/constrs_1/new/hdmi4.xdc]
Finished Parsing XDC File [C:/Xilinx/Projects/Gen4/Gen4.srcs/constrs_1/new/hdmi4.xdc]
INFO: [Project 1-236] Implementation specific constraints were found while reading constraint file [C:/Xilinx/Projects/Gen4/Gen4.srcs/constrs_1/new/hdmi4.xdc]. These constraints will be ignored for synthesis but will be used in implementation. Impacted constraints are listed in the file [.Xil/gener4_wrapper_propImpl.xdc].
Resolution: To avoid this warning, move constraints listed in [.Xil/gener4_wrapper_propImpl.xdc] to another XDC file and exclude this new file from synthesis with the used_in_synthesis property (File Properties dialog in GUI) and re-run elaboration/synthesis.
Parsing XDC File [C:/Xilinx/Projects/Gen4/Gen4.runs/synth_1/dont_touch.xdc]
Finished Parsing XDC File [C:/Xilinx/Projects/Gen4/Gen4.runs/synth_1/dont_touch.xdc]
Completed Processing XDC Constraints

INFO: [Project 1-111] Unisim Transformation Summary:
No Unisim elements were transformed.

Constraint Validation Runtime : Time (s): cpu = 00:00:00 ; elapsed = 00:00:00.058 . Memory (MB): peak = 743.949 ; gain = 0.000
---------------------------------------------------------------------------------
Finished Constraint Validation : Time (s): cpu = 00:00:43 ; elapsed = 00:00:46 . Memory (MB): peak = 743.949 ; gain = 430.234
---------------------------------------------------------------------------------
---------------------------------------------------------------------------------
Start Loading Part and Timing Information
---------------------------------------------------------------------------------
Loading part: xc7z010clg400-1
---------------------------------------------------------------------------------
Finished Loading Part and Timing Information : Time (s): cpu = 00:00:43 ; elapsed = 00:00:46 . Memory (MB): peak = 743.949 ; gain = 430.234
---------------------------------------------------------------------------------
---------------------------------------------------------------------------------
Start Applying 'set_property' XDC Constraints
---------------------------------------------------------------------------------
Applied set_property IO_BUFFER_TYPE = NONE for DDR_addr[0]. (constraint file  c:/Xilinx/Projects/Gen4/Gen4.srcs/sources_1/bd/gener4/ip/gener4_processing_system7_0_0/gener4_processing_system7_0_0/gener4_processing_system7_0_0_in_context.xdc, line 2).
Applied set_property CLOCK_BUFFER_TYPE = NONE for DDR_addr[0]. (constraint file  c:/Xilinx/Projects/Gen4/Gen4.srcs/sources_1/bd/gener4/ip/gener4_processing_system7_0_0/gener4_processing_system7_0_0/gener4_processing_system7_0_0_in_context.xdc, line 3).
Applied set_property IO_BUFFER_TYPE = NONE for DDR_addr[10]. (constraint file  c:/Xilinx/Projects/Gen4/Gen4.srcs/sources_1/bd/gener4/ip/gener4_processing_system7_0_0/gener4_processing_system7_0_0/gener4_processing_system7_0_0_in_context.xdc, line 4).
Applied set_property CLOCK_BUFFER_TYPE = NONE for DDR_addr[10]. (constraint file  c:/Xilinx/Projects/Gen4/Gen4.srcs/sources_1/bd/gener4/ip/gener4_processing_system7_0_0/gener4_processing_system7_0_0/gener4_processing_system7_0_0_in_context.xdc, line 5).
Applied set_property IO_BUFFER_TYPE = NONE for DDR_addr[11]. (constraint file  c:/Xilinx/Projects/Gen4/Gen4.srcs/sources_1/bd/gener4/ip/gener4_processing_system7_0_0/gener4_processing_system7_0_0/gener4_processing_system7_0_0_in_context.xdc, line 6).
Applied set_property CLOCK_BUFFER_TYPE = NONE for DDR_addr[11]. (constraint file  c:/Xilinx/Projects/Gen4/Gen4.srcs/sources_1/bd/gener4/ip/gener4_processing_system7_0_0/gener4_processing_system7_0_0/gener4_processing_system7_0_0_in_context.xdc, line 7).
Applied set_property IO_BUFFER_TYPE = NONE for DDR_addr[12]. (constraint file  c:/Xilinx/Projects/Gen4/Gen4.srcs/sources_1/bd/gener4/ip/gener4_processing_system7_0_0/gener4_processing_system7_0_0/gener4_processing_system7_0_0_in_context.xdc, line 8).
Applied set_property CLOCK_BUFFER_TYPE = NONE for DDR_addr[12]. (constraint file  c:/Xilinx/Projects/Gen4/Gen4.srcs/sources_1/bd/gener4/ip/gener4_processing_system7_0_0/gener4_processing_system7_0_0/gener4_processing_system7_0_0_in_context.xdc, line 9).
Applied set_property IO_BUFFER_TYPE = NONE for DDR_addr[13]. (constraint file  c:/Xilinx/Projects/Gen4/Gen4.srcs/sources_1/bd/gener4/ip/gener4_processing_system7_0_0/gener4_processing_system7_0_0/gener4_processing_system7_0_0_in_context.xdc, line 10).
Applied set_property CLOCK_BUFFER_TYPE = NONE for DDR_addr[13]. (constraint file  c:/Xilinx/Projects/Gen4/Gen4.srcs/sources_1/bd/gener4/ip/gener4_processing_system7_0_0/gener4_processing_system7_0_0/gener4_processing_system7_0_0_in_context.xdc, line 11).
Applied set_property IO_BUFFER_TYPE = NONE for DDR_addr[14]. (constraint file  c:/Xilinx/Projects/Gen4/Gen4.srcs/sources_1/bd/gener4/ip/gener4_processing_system7_0_0/gener4_processing_system7_0_0/gener4_processing_system7_0_0_in_context.xdc, line 12).
Applied set_property CLOCK_BUFFER_TYPE = NONE for DDR_addr[14]. (constraint file  c:/Xilinx/Projects/Gen4/Gen4.srcs/sources_1/bd/gener4/ip/gener4_processing_system7_0_0/gener4_processing_system7_0_0/gener4_processing_system7_0_0_in_context.xdc, line 13).
Applied set_property IO_BUFFER_TYPE = NONE for DDR_addr[1]. (constraint file  c:/Xilinx/Projects/Gen4/Gen4.srcs/sources_1/bd/gener4/ip/gener4_processing_system7_0_0/gener4_processing_system7_0_0/gener4_processing_system7_0_0_in_context.xdc, line 14).
Applied set_property CLOCK_BUFFER_TYPE = NONE for DDR_addr[1]. (constraint file  c:/Xilinx/Projects/Gen4/Gen4.srcs/sources_1/bd/gener4/ip/gener4_processing_system7_0_0/gener4_processing_system7_0_0/gener4_processing_system7_0_0_in_context.xdc, line 15).
Applied set_property IO_BUFFER_TYPE = NONE for DDR_addr[2]. (constraint file  c:/Xilinx/Projects/Gen4/Gen4.srcs/sources_1/bd/gener4/ip/gener4_processing_system7_0_0/gener4_processing_system7_0_0/gener4_processing_system7_0_0_in_context.xdc, line 16).
Applied set_property CLOCK_BUFFER_TYPE = NONE for DDR_addr[2]. (constraint file  c:/Xilinx/Projects/Gen4/Gen4.srcs/sources_1/bd/gener4/ip/gener4_processing_system7_0_0/gener4_processing_system7_0_0/gener4_processing_system7_0_0_in_context.xdc, line 17).
Applied set_property IO_BUFFER_TYPE = NONE for DDR_addr[3]. (constraint file  c:/Xilinx/Projects/Gen4/Gen4.srcs/sources_1/bd/gener4/ip/gener4_processing_system7_0_0/gener4_processing_system7_0_0/gener4_processing_system7_0_0_in_context.xdc, line 18).
Applied set_property CLOCK_BUFFER_TYPE = NONE for DDR_addr[3]. (constraint file  c:/Xilinx/Projects/Gen4/Gen4.srcs/sources_1/bd/gener4/ip/gener4_processing_system7_0_0/gener4_processing_system7_0_0/gener4_processing_system7_0_0_in_context.xdc, line 19).
Applied set_property IO_BUFFER_TYPE = NONE for DDR_addr[4]. (constraint file  c:/Xilinx/Projects/Gen4/Gen4.srcs/sources_1/bd/gener4/ip/gener4_processing_system7_0_0/gener4_processing_system7_0_0/gener4_processing_system7_0_0_in_context.xdc, line 20).
Applied set_property CLOCK_BUFFER_TYPE = NONE for DDR_addr[4]. (constraint file  c:/Xilinx/Projects/Gen4/Gen4.srcs/sources_1/bd/gener4/ip/gener4_processing_system7_0_0/gener4_processing_system7_0_0/gener4_processing_system7_0_0_in_context.xdc, line 21).
Applied set_property IO_BUFFER_TYPE = NONE for DDR_addr[5]. (constraint file  c:/Xilinx/Projects/Gen4/Gen4.srcs/sources_1/bd/gener4/ip/gener4_processing_system7_0_0/gener4_processing_system7_0_0/gener4_processing_system7_0_0_in_context.xdc, line 22).
Applied set_property CLOCK_BUFFER_TYPE = NONE for DDR_addr[5]. (constraint file  c:/Xilinx/Projects/Gen4/Gen4.srcs/sources_1/bd/gener4/ip/gener4_processing_system7_0_0/gener4_processing_system7_0_0/gener4_processing_system7_0_0_in_context.xdc, line 23).
Applied set_property IO_BUFFER_TYPE = NONE for DDR_addr[6]. (constraint file  c:/Xilinx/Projects/Gen4/Gen4.srcs/sources_1/bd/gener4/ip/gener4_processing_system7_0_0/gener4_processing_system7_0_0/gener4_processing_system7_0_0_in_context.xdc, line 24).
Applied set_property CLOCK_BUFFER_TYPE = NONE for DDR_addr[6]. (constraint file  c:/Xilinx/Projects/Gen4/Gen4.srcs/sources_1/bd/gener4/ip/gener4_processing_system7_0_0/gener4_processing_system7_0_0/gener4_processing_system7_0_0_in_context.xdc, line 25).
Applied set_property IO_BUFFER_TYPE = NONE for DDR_addr[7]. (constraint file  c:/Xilinx/Projects/Gen4/Gen4.srcs/sources_1/bd/gener4/ip/gener4_processing_system7_0_0/gener4_processing_system7_0_0/gener4_processing_system7_0_0_in_context.xdc, line 26).
Applied set_property CLOCK_BUFFER_TYPE = NONE for DDR_addr[7]. (constraint file  c:/Xilinx/Projects/Gen4/Gen4.srcs/sources_1/bd/gener4/ip/gener4_processing_system7_0_0/gener4_processing_system7_0_0/gener4_processing_system7_0_0_in_context.xdc, line 27).
Applied set_property IO_BUFFER_TYPE = NONE for DDR_addr[8]. (constraint file  c:/Xilinx/Projects/Gen4/Gen4.srcs/sources_1/bd/gener4/ip/gener4_processing_system7_0_0/gener4_processing_system7_0_0/gener4_processing_system7_0_0_in_context.xdc, line 28).
Applied set_property CLOCK_BUFFER_TYPE = NONE for DDR_addr[8]. (constraint file  c:/Xilinx/Projects/Gen4/Gen4.srcs/sources_1/bd/gener4/ip/gener4_processing_system7_0_0/gener4_processing_system7_0_0/gener4_processing_system7_0_0_in_context.xdc, line 29).
Applied set_property IO_BUFFER_TYPE = NONE for DDR_addr[9]. (constraint file  c:/Xilinx/Projects/Gen4/Gen4.srcs/sources_1/bd/gener4/ip/gener4_processing_system7_0_0/gener4_processing_system7_0_0/gener4_processing_system7_0_0_in_context.xdc, line 30).
Applied set_property CLOCK_BUFFER_TYPE = NONE for DDR_addr[9]. (constraint file  c:/Xilinx/Projects/Gen4/Gen4.srcs/sources_1/bd/gener4/ip/gener4_processing_system7_0_0/gener4_processing_system7_0_0/gener4_processing_system7_0_0_in_context.xdc, line 31).
Applied set_property IO_BUFFER_TYPE = NONE for DDR_ba[0]. (constraint file  c:/Xilinx/Projects/Gen4/Gen4.srcs/sources_1/bd/gener4/ip/gener4_processing_system7_0_0/gener4_processing_system7_0_0/gener4_processing_system7_0_0_in_context.xdc, line 32).
Applied set_property CLOCK_BUFFER_TYPE = NONE for DDR_ba[0]. (constraint file  c:/Xilinx/Projects/Gen4/Gen4.srcs/sources_1/bd/gener4/ip/gener4_processing_system7_0_0/gener4_processing_system7_0_0/gener4_processing_system7_0_0_in_context.xdc, line 33).
Applied set_property IO_BUFFER_TYPE = NONE for DDR_ba[1]. (constraint file  c:/Xilinx/Projects/Gen4/Gen4.srcs/sources_1/bd/gener4/ip/gener4_processing_system7_0_0/gener4_processing_system7_0_0/gener4_processing_system7_0_0_in_context.xdc, line 34).
Applied set_property CLOCK_BUFFER_TYPE = NONE for DDR_ba[1]. (constraint file  c:/Xilinx/Projects/Gen4/Gen4.srcs/sources_1/bd/gener4/ip/gener4_processing_system7_0_0/gener4_processing_system7_0_0/gener4_processing_system7_0_0_in_context.xdc, line 35).
Applied set_property IO_BUFFER_TYPE = NONE for DDR_ba[2]. (constraint file  c:/Xilinx/Projects/Gen4/Gen4.srcs/sources_1/bd/gener4/ip/gener4_processing_system7_0_0/gener4_processing_system7_0_0/gener4_processing_system7_0_0_in_context.xdc, line 36).
Applied set_property CLOCK_BUFFER_TYPE = NONE for DDR_ba[2]. (constraint file  c:/Xilinx/Projects/Gen4/Gen4.srcs/sources_1/bd/gener4/ip/gener4_processing_system7_0_0/gener4_processing_system7_0_0/gener4_processing_system7_0_0_in_context.xdc, line 37).
Applied set_property IO_BUFFER_TYPE = NONE for DDR_cas_n. (constraint file  c:/Xilinx/Projects/Gen4/Gen4.srcs/sources_1/bd/gener4/ip/gener4_processing_system7_0_0/gener4_processing_system7_0_0/gener4_processing_system7_0_0_in_context.xdc, line 38).
Applied set_property CLOCK_BUFFER_TYPE = NONE for DDR_cas_n. (constraint file  c:/Xilinx/Projects/Gen4/Gen4.srcs/sources_1/bd/gener4/ip/gener4_processing_system7_0_0/gener4_processing_system7_0_0/gener4_processing_system7_0_0_in_context.xdc, line 39).
Applied set_property IO_BUFFER_TYPE = NONE for DDR_cke. (constraint file  c:/Xilinx/Projects/Gen4/Gen4.srcs/sources_1/bd/gener4/ip/gener4_processing_system7_0_0/gener4_processing_system7_0_0/gener4_processing_system7_0_0_in_context.xdc, line 40).
Applied set_property CLOCK_BUFFER_TYPE = NONE for DDR_cke. (constraint file  c:/Xilinx/Projects/Gen4/Gen4.srcs/sources_1/bd/gener4/ip/gener4_processing_system7_0_0/gener4_processing_system7_0_0/gener4_processing_system7_0_0_in_context.xdc, line 41).
Applied set_property IO_BUFFER_TYPE = NONE for DDR_cs_n. (constraint file  c:/Xilinx/Projects/Gen4/Gen4.srcs/sources_1/bd/gener4/ip/gener4_processing_system7_0_0/gener4_processing_system7_0_0/gener4_processing_system7_0_0_in_context.xdc, line 42).
Applied set_property CLOCK_BUFFER_TYPE = NONE for DDR_cs_n. (constraint file  c:/Xilinx/Projects/Gen4/Gen4.srcs/sources_1/bd/gener4/ip/gener4_processing_system7_0_0/gener4_processing_system7_0_0/gener4_processing_system7_0_0_in_context.xdc, line 43).
Applied set_property IO_BUFFER_TYPE = NONE for DDR_ck_p. (constraint file  c:/Xilinx/Projects/Gen4/Gen4.srcs/sources_1/bd/gener4/ip/gener4_processing_system7_0_0/gener4_processing_system7_0_0/gener4_processing_system7_0_0_in_context.xdc, line 44).
Applied set_property CLOCK_BUFFER_TYPE = NONE for DDR_ck_p. (constraint file  c:/Xilinx/Projects/Gen4/Gen4.srcs/sources_1/bd/gener4/ip/gener4_processing_system7_0_0/gener4_processing_system7_0_0/gener4_processing_system7_0_0_in_context.xdc, line 45).
Applied set_property IO_BUFFER_TYPE = NONE for DDR_ck_n. (constraint file  c:/Xilinx/Projects/Gen4/Gen4.srcs/sources_1/bd/gener4/ip/gener4_processing_system7_0_0/gener4_processing_system7_0_0/gener4_processing_system7_0_0_in_context.xdc, line 46).
Applied set_property CLOCK_BUFFER_TYPE = NONE for DDR_ck_n. (constraint file  c:/Xilinx/Projects/Gen4/Gen4.srcs/sources_1/bd/gener4/ip/gener4_processing_system7_0_0/gener4_processing_system7_0_0/gener4_processing_system7_0_0_in_context.xdc, line 47).
Applied set_property IO_BUFFER_TYPE = NONE for DDR_dm[0]. (constraint file  c:/Xilinx/Projects/Gen4/Gen4.srcs/sources_1/bd/gener4/ip/gener4_processing_system7_0_0/gener4_processing_system7_0_0/gener4_processing_system7_0_0_in_context.xdc, line 48).
Applied set_property CLOCK_BUFFER_TYPE = NONE for DDR_dm[0]. (constraint file  c:/Xilinx/Projects/Gen4/Gen4.srcs/sources_1/bd/gener4/ip/gener4_processing_system7_0_0/gener4_processing_system7_0_0/gener4_processing_system7_0_0_in_context.xdc, line 49).
Applied set_property IO_BUFFER_TYPE = NONE for DDR_dm[1]. (constraint file  c:/Xilinx/Projects/Gen4/Gen4.srcs/sources_1/bd/gener4/ip/gener4_processing_system7_0_0/gener4_processing_system7_0_0/gener4_processing_system7_0_0_in_context.xdc, line 50).
Applied set_property CLOCK_BUFFER_TYPE = NONE for DDR_dm[1]. (constraint file  c:/Xilinx/Projects/Gen4/Gen4.srcs/sources_1/bd/gener4/ip/gener4_processing_system7_0_0/gener4_processing_system7_0_0/gener4_processing_system7_0_0_in_context.xdc, line 51).
Applied set_property IO_BUFFER_TYPE = NONE for DDR_dm[2]. (constraint file  c:/Xilinx/Projects/Gen4/Gen4.srcs/sources_1/bd/gener4/ip/gener4_processing_system7_0_0/gener4_processing_system7_0_0/gener4_processing_system7_0_0_in_context.xdc, line 52).
Applied set_property CLOCK_BUFFER_TYPE = NONE for DDR_dm[2]. (constraint file  c:/Xilinx/Projects/Gen4/Gen4.srcs/sources_1/bd/gener4/ip/gener4_processing_system7_0_0/gener4_processing_system7_0_0/gener4_processing_system7_0_0_in_context.xdc, line 53).
Applied set_property IO_BUFFER_TYPE = NONE for DDR_dm[3]. (constraint file  c:/Xilinx/Projects/Gen4/Gen4.srcs/sources_1/bd/gener4/ip/gener4_processing_system7_0_0/gener4_processing_system7_0_0/gener4_processing_system7_0_0_in_context.xdc, line 54).
Applied set_property CLOCK_BUFFER_TYPE = NONE for DDR_dm[3]. (constraint file  c:/Xilinx/Projects/Gen4/Gen4.srcs/sources_1/bd/gener4/ip/gener4_processing_system7_0_0/gener4_processing_system7_0_0/gener4_processing_system7_0_0_in_context.xdc, line 55).
Applied set_property IO_BUFFER_TYPE = NONE for DDR_dqs_p[0]. (constraint file  c:/Xilinx/Projects/Gen4/Gen4.srcs/sources_1/bd/gener4/ip/gener4_processing_system7_0_0/gener4_processing_system7_0_0/gener4_processing_system7_0_0_in_context.xdc, line 56).
Applied set_property CLOCK_BUFFER_TYPE = NONE for DDR_dqs_p[0]. (constraint file  c:/Xilinx/Projects/Gen4/Gen4.srcs/sources_1/bd/gener4/ip/gener4_processing_system7_0_0/gener4_processing_system7_0_0/gener4_processing_system7_0_0_in_context.xdc, line 57).
Applied set_property IO_BUFFER_TYPE = NONE for DDR_dqs_p[1]. (constraint file  c:/Xilinx/Projects/Gen4/Gen4.srcs/sources_1/bd/gener4/ip/gener4_processing_system7_0_0/gener4_processing_system7_0_0/gener4_processing_system7_0_0_in_context.xdc, line 58).
Applied set_property CLOCK_BUFFER_TYPE = NONE for DDR_dqs_p[1]. (constraint file  c:/Xilinx/Projects/Gen4/Gen4.srcs/sources_1/bd/gener4/ip/gener4_processing_system7_0_0/gener4_processing_system7_0_0/gener4_processing_system7_0_0_in_context.xdc, line 59).
Applied set_property IO_BUFFER_TYPE = NONE for DDR_dqs_p[2]. (constraint file  c:/Xilinx/Projects/Gen4/Gen4.srcs/sources_1/bd/gener4/ip/gener4_processing_system7_0_0/gener4_processing_system7_0_0/gener4_processing_system7_0_0_in_context.xdc, line 60).
Applied set_property CLOCK_BUFFER_TYPE = NONE for DDR_dqs_p[2]. (constraint file  c:/Xilinx/Projects/Gen4/Gen4.srcs/sources_1/bd/gener4/ip/gener4_processing_system7_0_0/gener4_processing_system7_0_0/gener4_processing_system7_0_0_in_context.xdc, line 61).
Applied set_property IO_BUFFER_TYPE = NONE for DDR_dqs_p[3]. (constraint file  c:/Xilinx/Projects/Gen4/Gen4.srcs/sources_1/bd/gener4/ip/gener4_processing_system7_0_0/gener4_processing_system7_0_0/gener4_processing_system7_0_0_in_context.xdc, line 62).
Applied set_property CLOCK_BUFFER_TYPE = NONE for DDR_dqs_p[3]. (constraint file  c:/Xilinx/Projects/Gen4/Gen4.srcs/sources_1/bd/gener4/ip/gener4_processing_system7_0_0/gener4_processing_system7_0_0/gener4_processing_system7_0_0_in_context.xdc, line 63).
Applied set_property IO_BUFFER_TYPE = NONE for DDR_dqs_n[0]. (constraint file  c:/Xilinx/Projects/Gen4/Gen4.srcs/sources_1/bd/gener4/ip/gener4_processing_system7_0_0/gener4_processing_system7_0_0/gener4_processing_system7_0_0_in_context.xdc, line 64).
Applied set_property CLOCK_BUFFER_TYPE = NONE for DDR_dqs_n[0]. (constraint file  c:/Xilinx/Projects/Gen4/Gen4.srcs/sources_1/bd/gener4/ip/gener4_processing_system7_0_0/gener4_processing_system7_0_0/gener4_processing_system7_0_0_in_context.xdc, line 65).
Applied set_property IO_BUFFER_TYPE = NONE for DDR_dqs_n[1]. (constraint file  c:/Xilinx/Projects/Gen4/Gen4.srcs/sources_1/bd/gener4/ip/gener4_processing_system7_0_0/gener4_processing_system7_0_0/gener4_processing_system7_0_0_in_context.xdc, line 66).
Applied set_property CLOCK_BUFFER_TYPE = NONE for DDR_dqs_n[1]. (constraint file  c:/Xilinx/Projects/Gen4/Gen4.srcs/sources_1/bd/gener4/ip/gener4_processing_system7_0_0/gener4_processing_system7_0_0/gener4_processing_system7_0_0_in_context.xdc, line 67).
Applied set_property IO_BUFFER_TYPE = NONE for DDR_dqs_n[2]. (constraint file  c:/Xilinx/Projects/Gen4/Gen4.srcs/sources_1/bd/gener4/ip/gener4_processing_system7_0_0/gener4_processing_system7_0_0/gener4_processing_system7_0_0_in_context.xdc, line 68).
Applied set_property CLOCK_BUFFER_TYPE = NONE for DDR_dqs_n[2]. (constraint file  c:/Xilinx/Projects/Gen4/Gen4.srcs/sources_1/bd/gener4/ip/gener4_processing_system7_0_0/gener4_processing_system7_0_0/gener4_processing_system7_0_0_in_context.xdc, line 69).
Applied set_property IO_BUFFER_TYPE = NONE for DDR_dqs_n[3]. (constraint file  c:/Xilinx/Projects/Gen4/Gen4.srcs/sources_1/bd/gener4/ip/gener4_processing_system7_0_0/gener4_processing_system7_0_0/gener4_processing_system7_0_0_in_context.xdc, line 70).
Applied set_property CLOCK_BUFFER_TYPE = NONE for DDR_dqs_n[3]. (constraint file  c:/Xilinx/Projects/Gen4/Gen4.srcs/sources_1/bd/gener4/ip/gener4_processing_system7_0_0/gener4_processing_system7_0_0/gener4_processing_system7_0_0_in_context.xdc, line 71).
Applied set_property IO_BUFFER_TYPE = NONE for DDR_dq[0]. (constraint file  c:/Xilinx/Projects/Gen4/Gen4.srcs/sources_1/bd/gener4/ip/gener4_processing_system7_0_0/gener4_processing_system7_0_0/gener4_processing_system7_0_0_in_context.xdc, line 72).
Applied set_property CLOCK_BUFFER_TYPE = NONE for DDR_dq[0]. (constraint file  c:/Xilinx/Projects/Gen4/Gen4.srcs/sources_1/bd/gener4/ip/gener4_processing_system7_0_0/gener4_processing_system7_0_0/gener4_processing_system7_0_0_in_context.xdc, line 73).
Applied set_property IO_BUFFER_TYPE = NONE for DDR_dq[10]. (constraint file  c:/Xilinx/Projects/Gen4/Gen4.srcs/sources_1/bd/gener4/ip/gener4_processing_system7_0_0/gener4_processing_system7_0_0/gener4_processing_system7_0_0_in_context.xdc, line 74).
Applied set_property CLOCK_BUFFER_TYPE = NONE for DDR_dq[10]. (constraint file  c:/Xilinx/Projects/Gen4/Gen4.srcs/sources_1/bd/gener4/ip/gener4_processing_system7_0_0/gener4_processing_system7_0_0/gener4_processing_system7_0_0_in_context.xdc, line 75).
Applied set_property IO_BUFFER_TYPE = NONE for DDR_dq[11]. (constraint file  c:/Xilinx/Projects/Gen4/Gen4.srcs/sources_1/bd/gener4/ip/gener4_processing_system7_0_0/gener4_processing_system7_0_0/gener4_processing_system7_0_0_in_context.xdc, line 76).
Applied set_property CLOCK_BUFFER_TYPE = NONE for DDR_dq[11]. (constraint file  c:/Xilinx/Projects/Gen4/Gen4.srcs/sources_1/bd/gener4/ip/gener4_processing_system7_0_0/gener4_processing_system7_0_0/gener4_processing_system7_0_0_in_context.xdc, line 77).
Applied set_property IO_BUFFER_TYPE = NONE for DDR_dq[12]. (constraint file  c:/Xilinx/Projects/Gen4/Gen4.srcs/sources_1/bd/gener4/ip/gener4_processing_system7_0_0/gener4_processing_system7_0_0/gener4_processing_system7_0_0_in_context.xdc, line 78).
Applied set_property CLOCK_BUFFER_TYPE = NONE for DDR_dq[12]. (constraint file  c:/Xilinx/Projects/Gen4/Gen4.srcs/sources_1/bd/gener4/ip/gener4_processing_system7_0_0/gener4_processing_system7_0_0/gener4_processing_system7_0_0_in_context.xdc, line 79).
Applied set_property IO_BUFFER_TYPE = NONE for DDR_dq[13]. (constraint file  c:/Xilinx/Projects/Gen4/Gen4.srcs/sources_1/bd/gener4/ip/gener4_processing_system7_0_0/gener4_processing_system7_0_0/gener4_processing_system7_0_0_in_context.xdc, line 80).
Applied set_property CLOCK_BUFFER_TYPE = NONE for DDR_dq[13]. (constraint file  c:/Xilinx/Projects/Gen4/Gen4.srcs/sources_1/bd/gener4/ip/gener4_processing_system7_0_0/gener4_processing_system7_0_0/gener4_processing_system7_0_0_in_context.xdc, line 81).
Applied set_property IO_BUFFER_TYPE = NONE for DDR_dq[14]. (constraint file  c:/Xilinx/Projects/Gen4/Gen4.srcs/sources_1/bd/gener4/ip/gener4_processing_system7_0_0/gener4_processing_system7_0_0/gener4_processing_system7_0_0_in_context.xdc, line 82).
Applied set_property CLOCK_BUFFER_TYPE = NONE for DDR_dq[14]. (constraint file  c:/Xilinx/Projects/Gen4/Gen4.srcs/sources_1/bd/gener4/ip/gener4_processing_system7_0_0/gener4_processing_system7_0_0/gener4_processing_system7_0_0_in_context.xdc, line 83).
Applied set_property IO_BUFFER_TYPE = NONE for DDR_dq[15]. (constraint file  c:/Xilinx/Projects/Gen4/Gen4.srcs/sources_1/bd/gener4/ip/gener4_processing_system7_0_0/gener4_processing_system7_0_0/gener4_processing_system7_0_0_in_context.xdc, line 84).
Applied set_property CLOCK_BUFFER_TYPE = NONE for DDR_dq[15]. (constraint file  c:/Xilinx/Projects/Gen4/Gen4.srcs/sources_1/bd/gener4/ip/gener4_processing_system7_0_0/gener4_processing_system7_0_0/gener4_processing_system7_0_0_in_context.xdc, line 85).
Applied set_property IO_BUFFER_TYPE = NONE for DDR_dq[16]. (constraint file  c:/Xilinx/Projects/Gen4/Gen4.srcs/sources_1/bd/gener4/ip/gener4_processing_system7_0_0/gener4_processing_system7_0_0/gener4_processing_system7_0_0_in_context.xdc, line 86).
Applied set_property CLOCK_BUFFER_TYPE = NONE for DDR_dq[16]. (constraint file  c:/Xilinx/Projects/Gen4/Gen4.srcs/sources_1/bd/gener4/ip/gener4_processing_system7_0_0/gener4_processing_system7_0_0/gener4_processing_system7_0_0_in_context.xdc, line 87).
Applied set_property IO_BUFFER_TYPE = NONE for DDR_dq[17]. (constraint file  c:/Xilinx/Projects/Gen4/Gen4.srcs/sources_1/bd/gener4/ip/gener4_processing_system7_0_0/gener4_processing_system7_0_0/gener4_processing_system7_0_0_in_context.xdc, line 88).
Applied set_property CLOCK_BUFFER_TYPE = NONE for DDR_dq[17]. (constraint file  c:/Xilinx/Projects/Gen4/Gen4.srcs/sources_1/bd/gener4/ip/gener4_processing_system7_0_0/gener4_processing_system7_0_0/gener4_processing_system7_0_0_in_context.xdc, line 89).
Applied set_property IO_BUFFER_TYPE = NONE for DDR_dq[18]. (constraint file  c:/Xilinx/Projects/Gen4/Gen4.srcs/sources_1/bd/gener4/ip/gener4_processing_system7_0_0/gener4_processing_system7_0_0/gener4_processing_system7_0_0_in_context.xdc, line 90).
Applied set_property CLOCK_BUFFER_TYPE = NONE for DDR_dq[18]. (constraint file  c:/Xilinx/Projects/Gen4/Gen4.srcs/sources_1/bd/gener4/ip/gener4_processing_system7_0_0/gener4_processing_system7_0_0/gener4_processing_system7_0_0_in_context.xdc, line 91).
Applied set_property IO_BUFFER_TYPE = NONE for DDR_dq[19]. (constraint file  c:/Xilinx/Projects/Gen4/Gen4.srcs/sources_1/bd/gener4/ip/gener4_processing_system7_0_0/gener4_processing_system7_0_0/gener4_processing_system7_0_0_in_context.xdc, line 92).
Applied set_property CLOCK_BUFFER_TYPE = NONE for DDR_dq[19]. (constraint file  c:/Xilinx/Projects/Gen4/Gen4.srcs/sources_1/bd/gener4/ip/gener4_processing_system7_0_0/gener4_processing_system7_0_0/gener4_processing_system7_0_0_in_context.xdc, line 93).
Applied set_property IO_BUFFER_TYPE = NONE for DDR_dq[1]. (constraint file  c:/Xilinx/Projects/Gen4/Gen4.srcs/sources_1/bd/gener4/ip/gener4_processing_system7_0_0/gener4_processing_system7_0_0/gener4_processing_system7_0_0_in_context.xdc, line 94).
Applied set_property CLOCK_BUFFER_TYPE = NONE for DDR_dq[1]. (constraint file  c:/Xilinx/Projects/Gen4/Gen4.srcs/sources_1/bd/gener4/ip/gener4_processing_system7_0_0/gener4_processing_system7_0_0/gener4_processing_system7_0_0_in_context.xdc, line 95).
Applied set_property IO_BUFFER_TYPE = NONE for DDR_dq[20]. (constraint file  c:/Xilinx/Projects/Gen4/Gen4.srcs/sources_1/bd/gener4/ip/gener4_processing_system7_0_0/gener4_processing_system7_0_0/gener4_processing_system7_0_0_in_context.xdc, line 96).
Applied set_property CLOCK_BUFFER_TYPE = NONE for DDR_dq[20]. (constraint file  c:/Xilinx/Projects/Gen4/Gen4.srcs/sources_1/bd/gener4/ip/gener4_processing_system7_0_0/gener4_processing_system7_0_0/gener4_processing_system7_0_0_in_context.xdc, line 97).
Applied set_property IO_BUFFER_TYPE = NONE for DDR_dq[21]. (constraint file  c:/Xilinx/Projects/Gen4/Gen4.srcs/sources_1/bd/gener4/ip/gener4_processing_system7_0_0/gener4_processing_system7_0_0/gener4_processing_system7_0_0_in_context.xdc, line 98).
Applied set_property CLOCK_BUFFER_TYPE = NONE for DDR_dq[21]. (constraint file  c:/Xilinx/Projects/Gen4/Gen4.srcs/sources_1/bd/gener4/ip/gener4_processing_system7_0_0/gener4_processing_system7_0_0/gener4_processing_system7_0_0_in_context.xdc, line 99).
Applied set_property IO_BUFFER_TYPE = NONE for DDR_dq[22]. (constraint file  c:/Xilinx/Projects/Gen4/Gen4.srcs/sources_1/bd/gener4/ip/gener4_processing_system7_0_0/gener4_processing_system7_0_0/gener4_processing_system7_0_0_in_context.xdc, line 100).
Applied set_property CLOCK_BUFFER_TYPE = NONE for DDR_dq[22]. (constraint file  c:/Xilinx/Projects/Gen4/Gen4.srcs/sources_1/bd/gener4/ip/gener4_processing_system7_0_0/gener4_processing_system7_0_0/gener4_processing_system7_0_0_in_context.xdc, line 101).
Applied set_property IO_BUFFER_TYPE = NONE for DDR_dq[23]. (constraint file  c:/Xilinx/Projects/Gen4/Gen4.srcs/sources_1/bd/gener4/ip/gener4_processing_system7_0_0/gener4_processing_system7_0_0/gener4_processing_system7_0_0_in_context.xdc, line 102).
Applied set_property CLOCK_BUFFER_TYPE = NONE for DDR_dq[23]. (constraint file  c:/Xilinx/Projects/Gen4/Gen4.srcs/sources_1/bd/gener4/ip/gener4_processing_system7_0_0/gener4_processing_system7_0_0/gener4_processing_system7_0_0_in_context.xdc, line 103).
Applied set_property IO_BUFFER_TYPE = NONE for DDR_dq[24]. (constraint file  c:/Xilinx/Projects/Gen4/Gen4.srcs/sources_1/bd/gener4/ip/gener4_processing_system7_0_0/gener4_processing_system7_0_0/gener4_processing_system7_0_0_in_context.xdc, line 104).
Applied set_property CLOCK_BUFFER_TYPE = NONE for DDR_dq[24]. (constraint file  c:/Xilinx/Projects/Gen4/Gen4.srcs/sources_1/bd/gener4/ip/gener4_processing_system7_0_0/gener4_processing_system7_0_0/gener4_processing_system7_0_0_in_context.xdc, line 105).
Applied set_property IO_BUFFER_TYPE = NONE for DDR_dq[25]. (constraint file  c:/Xilinx/Projects/Gen4/Gen4.srcs/sources_1/bd/gener4/ip/gener4_processing_system7_0_0/gener4_processing_system7_0_0/gener4_processing_system7_0_0_in_context.xdc, line 106).
Applied set_property CLOCK_BUFFER_TYPE = NONE for DDR_dq[25]. (constraint file  c:/Xilinx/Projects/Gen4/Gen4.srcs/sources_1/bd/gener4/ip/gener4_processing_system7_0_0/gener4_processing_system7_0_0/gener4_processing_system7_0_0_in_context.xdc, line 107).
Applied set_property IO_BUFFER_TYPE = NONE for DDR_dq[26]. (constraint file  c:/Xilinx/Projects/Gen4/Gen4.srcs/sources_1/bd/gener4/ip/gener4_processing_system7_0_0/gener4_processing_system7_0_0/gener4_processing_system7_0_0_in_context.xdc, line 108).
Applied set_property CLOCK_BUFFER_TYPE = NONE for DDR_dq[26]. (constraint file  c:/Xilinx/Projects/Gen4/Gen4.srcs/sources_1/bd/gener4/ip/gener4_processing_system7_0_0/gener4_processing_system7_0_0/gener4_processing_system7_0_0_in_context.xdc, line 109).
Applied set_property IO_BUFFER_TYPE = NONE for DDR_dq[27]. (constraint file  c:/Xilinx/Projects/Gen4/Gen4.srcs/sources_1/bd/gener4/ip/gener4_processing_system7_0_0/gener4_processing_system7_0_0/gener4_processing_system7_0_0_in_context.xdc, line 110).
Applied set_property CLOCK_BUFFER_TYPE = NONE for DDR_dq[27]. (constraint file  c:/Xilinx/Projects/Gen4/Gen4.srcs/sources_1/bd/gener4/ip/gener4_processing_system7_0_0/gener4_processing_system7_0_0/gener4_processing_system7_0_0_in_context.xdc, line 111).
Applied set_property IO_BUFFER_TYPE = NONE for DDR_dq[28]. (constraint file  c:/Xilinx/Projects/Gen4/Gen4.srcs/sources_1/bd/gener4/ip/gener4_processing_system7_0_0/gener4_processing_system7_0_0/gener4_processing_system7_0_0_in_context.xdc, line 112).
Applied set_property CLOCK_BUFFER_TYPE = NONE for DDR_dq[28]. (constraint file  c:/Xilinx/Projects/Gen4/Gen4.srcs/sources_1/bd/gener4/ip/gener4_processing_system7_0_0/gener4_processing_system7_0_0/gener4_processing_system7_0_0_in_context.xdc, line 113).
Applied set_property IO_BUFFER_TYPE = NONE for DDR_dq[29]. (constraint file  c:/Xilinx/Projects/Gen4/Gen4.srcs/sources_1/bd/gener4/ip/gener4_processing_system7_0_0/gener4_processing_system7_0_0/gener4_processing_system7_0_0_in_context.xdc, line 114).
Applied set_property CLOCK_BUFFER_TYPE = NONE for DDR_dq[29]. (constraint file  c:/Xilinx/Projects/Gen4/Gen4.srcs/sources_1/bd/gener4/ip/gener4_processing_system7_0_0/gener4_processing_system7_0_0/gener4_processing_system7_0_0_in_context.xdc, line 115).
Applied set_property IO_BUFFER_TYPE = NONE for DDR_dq[2]. (constraint file  c:/Xilinx/Projects/Gen4/Gen4.srcs/sources_1/bd/gener4/ip/gener4_processing_system7_0_0/gener4_processing_system7_0_0/gener4_processing_system7_0_0_in_context.xdc, line 116).
Applied set_property CLOCK_BUFFER_TYPE = NONE for DDR_dq[2]. (constraint file  c:/Xilinx/Projects/Gen4/Gen4.srcs/sources_1/bd/gener4/ip/gener4_processing_system7_0_0/gener4_processing_system7_0_0/gener4_processing_system7_0_0_in_context.xdc, line 117).
Applied set_property IO_BUFFER_TYPE = NONE for DDR_dq[30]. (constraint file  c:/Xilinx/Projects/Gen4/Gen4.srcs/sources_1/bd/gener4/ip/gener4_processing_system7_0_0/gener4_processing_system7_0_0/gener4_processing_system7_0_0_in_context.xdc, line 118).
Applied set_property CLOCK_BUFFER_TYPE = NONE for DDR_dq[30]. (constraint file  c:/Xilinx/Projects/Gen4/Gen4.srcs/sources_1/bd/gener4/ip/gener4_processing_system7_0_0/gener4_processing_system7_0_0/gener4_processing_system7_0_0_in_context.xdc, line 119).
Applied set_property IO_BUFFER_TYPE = NONE for DDR_dq[31]. (constraint file  c:/Xilinx/Projects/Gen4/Gen4.srcs/sources_1/bd/gener4/ip/gener4_processing_system7_0_0/gener4_processing_system7_0_0/gener4_processing_system7_0_0_in_context.xdc, line 120).
Applied set_property CLOCK_BUFFER_TYPE = NONE for DDR_dq[31]. (constraint file  c:/Xilinx/Projects/Gen4/Gen4.srcs/sources_1/bd/gener4/ip/gener4_processing_system7_0_0/gener4_processing_system7_0_0/gener4_processing_system7_0_0_in_context.xdc, line 121).
Applied set_property IO_BUFFER_TYPE = NONE for DDR_dq[3]. (constraint file  c:/Xilinx/Projects/Gen4/Gen4.srcs/sources_1/bd/gener4/ip/gener4_processing_system7_0_0/gener4_processing_system7_0_0/gener4_processing_system7_0_0_in_context.xdc, line 122).
Applied set_property CLOCK_BUFFER_TYPE = NONE for DDR_dq[3]. (constraint file  c:/Xilinx/Projects/Gen4/Gen4.srcs/sources_1/bd/gener4/ip/gener4_processing_system7_0_0/gener4_processing_system7_0_0/gener4_processing_system7_0_0_in_context.xdc, line 123).
Applied set_property IO_BUFFER_TYPE = NONE for DDR_dq[4]. (constraint file  c:/Xilinx/Projects/Gen4/Gen4.srcs/sources_1/bd/gener4/ip/gener4_processing_system7_0_0/gener4_processing_system7_0_0/gener4_processing_system7_0_0_in_context.xdc, line 124).
Applied set_property CLOCK_BUFFER_TYPE = NONE for DDR_dq[4]. (constraint file  c:/Xilinx/Projects/Gen4/Gen4.srcs/sources_1/bd/gener4/ip/gener4_processing_system7_0_0/gener4_processing_system7_0_0/gener4_processing_system7_0_0_in_context.xdc, line 125).
Applied set_property IO_BUFFER_TYPE = NONE for DDR_dq[5]. (constraint file  c:/Xilinx/Projects/Gen4/Gen4.srcs/sources_1/bd/gener4/ip/gener4_processing_system7_0_0/gener4_processing_system7_0_0/gener4_processing_system7_0_0_in_context.xdc, line 126).
Applied set_property CLOCK_BUFFER_TYPE = NONE for DDR_dq[5]. (constraint file  c:/Xilinx/Projects/Gen4/Gen4.srcs/sources_1/bd/gener4/ip/gener4_processing_system7_0_0/gener4_processing_system7_0_0/gener4_processing_system7_0_0_in_context.xdc, line 127).
Applied set_property IO_BUFFER_TYPE = NONE for DDR_dq[6]. (constraint file  c:/Xilinx/Projects/Gen4/Gen4.srcs/sources_1/bd/gener4/ip/gener4_processing_system7_0_0/gener4_processing_system7_0_0/gener4_processing_system7_0_0_in_context.xdc, line 128).
Applied set_property CLOCK_BUFFER_TYPE = NONE for DDR_dq[6]. (constraint file  c:/Xilinx/Projects/Gen4/Gen4.srcs/sources_1/bd/gener4/ip/gener4_processing_system7_0_0/gener4_processing_system7_0_0/gener4_processing_system7_0_0_in_context.xdc, line 129).
Applied set_property IO_BUFFER_TYPE = NONE for DDR_dq[7]. (constraint file  c:/Xilinx/Projects/Gen4/Gen4.srcs/sources_1/bd/gener4/ip/gener4_processing_system7_0_0/gener4_processing_system7_0_0/gener4_processing_system7_0_0_in_context.xdc, line 130).
Applied set_property CLOCK_BUFFER_TYPE = NONE for DDR_dq[7]. (constraint file  c:/Xilinx/Projects/Gen4/Gen4.srcs/sources_1/bd/gener4/ip/gener4_processing_system7_0_0/gener4_processing_system7_0_0/gener4_processing_system7_0_0_in_context.xdc, line 131).
Applied set_property IO_BUFFER_TYPE = NONE for DDR_dq[8]. (constraint file  c:/Xilinx/Projects/Gen4/Gen4.srcs/sources_1/bd/gener4/ip/gener4_processing_system7_0_0/gener4_processing_system7_0_0/gener4_processing_system7_0_0_in_context.xdc, line 132).
Applied set_property CLOCK_BUFFER_TYPE = NONE for DDR_dq[8]. (constraint file  c:/Xilinx/Projects/Gen4/Gen4.srcs/sources_1/bd/gener4/ip/gener4_processing_system7_0_0/gener4_processing_system7_0_0/gener4_processing_system7_0_0_in_context.xdc, line 133).
Applied set_property IO_BUFFER_TYPE = NONE for DDR_dq[9]. (constraint file  c:/Xilinx/Projects/Gen4/Gen4.srcs/sources_1/bd/gener4/ip/gener4_processing_system7_0_0/gener4_processing_system7_0_0/gener4_processing_system7_0_0_in_context.xdc, line 134).
Applied set_property CLOCK_BUFFER_TYPE = NONE for DDR_dq[9]. (constraint file  c:/Xilinx/Projects/Gen4/Gen4.srcs/sources_1/bd/gener4/ip/gener4_processing_system7_0_0/gener4_processing_system7_0_0/gener4_processing_system7_0_0_in_context.xdc, line 135).
Applied set_property IO_BUFFER_TYPE = NONE for DDR_reset_n. (constraint file  c:/Xilinx/Projects/Gen4/Gen4.srcs/sources_1/bd/gener4/ip/gener4_processing_system7_0_0/gener4_processing_system7_0_0/gener4_processing_system7_0_0_in_context.xdc, line 136).
Applied set_property CLOCK_BUFFER_TYPE = NONE for DDR_reset_n. (constraint file  c:/Xilinx/Projects/Gen4/Gen4.srcs/sources_1/bd/gener4/ip/gener4_processing_system7_0_0/gener4_processing_system7_0_0/gener4_processing_system7_0_0_in_context.xdc, line 137).
Applied set_property IO_BUFFER_TYPE = NONE for DDR_odt. (constraint file  c:/Xilinx/Projects/Gen4/Gen4.srcs/sources_1/bd/gener4/ip/gener4_processing_system7_0_0/gener4_processing_system7_0_0/gener4_processing_system7_0_0_in_context.xdc, line 138).
Applied set_property CLOCK_BUFFER_TYPE = NONE for DDR_odt. (constraint file  c:/Xilinx/Projects/Gen4/Gen4.srcs/sources_1/bd/gener4/ip/gener4_processing_system7_0_0/gener4_processing_system7_0_0/gener4_processing_system7_0_0_in_context.xdc, line 139).
Applied set_property IO_BUFFER_TYPE = NONE for DDR_ras_n. (constraint file  c:/Xilinx/Projects/Gen4/Gen4.srcs/sources_1/bd/gener4/ip/gener4_processing_system7_0_0/gener4_processing_system7_0_0/gener4_processing_system7_0_0_in_context.xdc, line 140).
Applied set_property CLOCK_BUFFER_TYPE = NONE for DDR_ras_n. (constraint file  c:/Xilinx/Projects/Gen4/Gen4.srcs/sources_1/bd/gener4/ip/gener4_processing_system7_0_0/gener4_processing_system7_0_0/gener4_processing_system7_0_0_in_context.xdc, line 141).
Applied set_property IO_BUFFER_TYPE = NONE for FIXED_IO_ddr_vrn. (constraint file  c:/Xilinx/Projects/Gen4/Gen4.srcs/sources_1/bd/gener4/ip/gener4_processing_system7_0_0/gener4_processing_system7_0_0/gener4_processing_system7_0_0_in_context.xdc, line 142).
Applied set_property CLOCK_BUFFER_TYPE = NONE for FIXED_IO_ddr_vrn. (constraint file  c:/Xilinx/Projects/Gen4/Gen4.srcs/sources_1/bd/gener4/ip/gener4_processing_system7_0_0/gener4_processing_system7_0_0/gener4_processing_system7_0_0_in_context.xdc, line 143).
Applied set_property IO_BUFFER_TYPE = NONE for FIXED_IO_ddr_vrp. (constraint file  c:/Xilinx/Projects/Gen4/Gen4.srcs/sources_1/bd/gener4/ip/gener4_processing_system7_0_0/gener4_processing_system7_0_0/gener4_processing_system7_0_0_in_context.xdc, line 144).
Applied set_property CLOCK_BUFFER_TYPE = NONE for FIXED_IO_ddr_vrp. (constraint file  c:/Xilinx/Projects/Gen4/Gen4.srcs/sources_1/bd/gener4/ip/gener4_processing_system7_0_0/gener4_processing_system7_0_0/gener4_processing_system7_0_0_in_context.xdc, line 145).
Applied set_property IO_BUFFER_TYPE = NONE for DDR_we_n. (constraint file  c:/Xilinx/Projects/Gen4/Gen4.srcs/sources_1/bd/gener4/ip/gener4_processing_system7_0_0/gener4_processing_system7_0_0/gener4_processing_system7_0_0_in_context.xdc, line 146).
Applied set_property CLOCK_BUFFER_TYPE = NONE for DDR_we_n. (constraint file  c:/Xilinx/Projects/Gen4/Gen4.srcs/sources_1/bd/gener4/ip/gener4_processing_system7_0_0/gener4_processing_system7_0_0/gener4_processing_system7_0_0_in_context.xdc, line 147).
Applied set_property IO_BUFFER_TYPE = NONE for FIXED_IO_mio[0]. (constraint file  c:/Xilinx/Projects/Gen4/Gen4.srcs/sources_1/bd/gener4/ip/gener4_processing_system7_0_0/gener4_processing_system7_0_0/gener4_processing_system7_0_0_in_context.xdc, line 148).
Applied set_property CLOCK_BUFFER_TYPE = NONE for FIXED_IO_mio[0]. (constraint file  c:/Xilinx/Projects/Gen4/Gen4.srcs/sources_1/bd/gener4/ip/gener4_processing_system7_0_0/gener4_processing_system7_0_0/gener4_processing_system7_0_0_in_context.xdc, line 149).
Applied set_property IO_BUFFER_TYPE = NONE for FIXED_IO_mio[10]. (constraint file  c:/Xilinx/Projects/Gen4/Gen4.srcs/sources_1/bd/gener4/ip/gener4_processing_system7_0_0/gener4_processing_system7_0_0/gener4_processing_system7_0_0_in_context.xdc, line 150).
Applied set_property CLOCK_BUFFER_TYPE = NONE for FIXED_IO_mio[10]. (constraint file  c:/Xilinx/Projects/Gen4/Gen4.srcs/sources_1/bd/gener4/ip/gener4_processing_system7_0_0/gener4_processing_system7_0_0/gener4_processing_system7_0_0_in_context.xdc, line 151).
Applied set_property IO_BUFFER_TYPE = NONE for FIXED_IO_mio[11]. (constraint file  c:/Xilinx/Projects/Gen4/Gen4.srcs/sources_1/bd/gener4/ip/gener4_processing_system7_0_0/gener4_processing_system7_0_0/gener4_processing_system7_0_0_in_context.xdc, line 152).
Applied set_property CLOCK_BUFFER_TYPE = NONE for FIXED_IO_mio[11]. (constraint file  c:/Xilinx/Projects/Gen4/Gen4.srcs/sources_1/bd/gener4/ip/gener4_processing_system7_0_0/gener4_processing_system7_0_0/gener4_processing_system7_0_0_in_context.xdc, line 153).
Applied set_property IO_BUFFER_TYPE = NONE for FIXED_IO_mio[12]. (constraint file  c:/Xilinx/Projects/Gen4/Gen4.srcs/sources_1/bd/gener4/ip/gener4_processing_system7_0_0/gener4_processing_system7_0_0/gener4_processing_system7_0_0_in_context.xdc, line 154).
Applied set_property CLOCK_BUFFER_TYPE = NONE for FIXED_IO_mio[12]. (constraint file  c:/Xilinx/Projects/Gen4/Gen4.srcs/sources_1/bd/gener4/ip/gener4_processing_system7_0_0/gener4_processing_system7_0_0/gener4_processing_system7_0_0_in_context.xdc, line 155).
Applied set_property IO_BUFFER_TYPE = NONE for FIXED_IO_mio[13]. (constraint file  c:/Xilinx/Projects/Gen4/Gen4.srcs/sources_1/bd/gener4/ip/gener4_processing_system7_0_0/gener4_processing_system7_0_0/gener4_processing_system7_0_0_in_context.xdc, line 156).
Applied set_property CLOCK_BUFFER_TYPE = NONE for FIXED_IO_mio[13]. (constraint file  c:/Xilinx/Projects/Gen4/Gen4.srcs/sources_1/bd/gener4/ip/gener4_processing_system7_0_0/gener4_processing_system7_0_0/gener4_processing_system7_0_0_in_context.xdc, line 157).
Applied set_property IO_BUFFER_TYPE = NONE for FIXED_IO_mio[14]. (constraint file  c:/Xilinx/Projects/Gen4/Gen4.srcs/sources_1/bd/gener4/ip/gener4_processing_system7_0_0/gener4_processing_system7_0_0/gener4_processing_system7_0_0_in_context.xdc, line 158).
Applied set_property CLOCK_BUFFER_TYPE = NONE for FIXED_IO_mio[14]. (constraint file  c:/Xilinx/Projects/Gen4/Gen4.srcs/sources_1/bd/gener4/ip/gener4_processing_system7_0_0/gener4_processing_system7_0_0/gener4_processing_system7_0_0_in_context.xdc, line 159).
Applied set_property IO_BUFFER_TYPE = NONE for FIXED_IO_mio[15]. (constraint file  c:/Xilinx/Projects/Gen4/Gen4.srcs/sources_1/bd/gener4/ip/gener4_processing_system7_0_0/gener4_processing_system7_0_0/gener4_processing_system7_0_0_in_context.xdc, line 160).
Applied set_property CLOCK_BUFFER_TYPE = NONE for FIXED_IO_mio[15]. (constraint file  c:/Xilinx/Projects/Gen4/Gen4.srcs/sources_1/bd/gener4/ip/gener4_processing_system7_0_0/gener4_processing_system7_0_0/gener4_processing_system7_0_0_in_context.xdc, line 161).
Applied set_property IO_BUFFER_TYPE = NONE for FIXED_IO_mio[16]. (constraint file  c:/Xilinx/Projects/Gen4/Gen4.srcs/sources_1/bd/gener4/ip/gener4_processing_system7_0_0/gener4_processing_system7_0_0/gener4_processing_system7_0_0_in_context.xdc, line 162).
Applied set_property CLOCK_BUFFER_TYPE = NONE for FIXED_IO_mio[16]. (constraint file  c:/Xilinx/Projects/Gen4/Gen4.srcs/sources_1/bd/gener4/ip/gener4_processing_system7_0_0/gener4_processing_system7_0_0/gener4_processing_system7_0_0_in_context.xdc, line 163).
Applied set_property IO_BUFFER_TYPE = NONE for FIXED_IO_mio[17]. (constraint file  c:/Xilinx/Projects/Gen4/Gen4.srcs/sources_1/bd/gener4/ip/gener4_processing_system7_0_0/gener4_processing_system7_0_0/gener4_processing_system7_0_0_in_context.xdc, line 164).
Applied set_property CLOCK_BUFFER_TYPE = NONE for FIXED_IO_mio[17]. (constraint file  c:/Xilinx/Projects/Gen4/Gen4.srcs/sources_1/bd/gener4/ip/gener4_processing_system7_0_0/gener4_processing_system7_0_0/gener4_processing_system7_0_0_in_context.xdc, line 165).
Applied set_property IO_BUFFER_TYPE = NONE for FIXED_IO_mio[18]. (constraint file  c:/Xilinx/Projects/Gen4/Gen4.srcs/sources_1/bd/gener4/ip/gener4_processing_system7_0_0/gener4_processing_system7_0_0/gener4_processing_system7_0_0_in_context.xdc, line 166).
Applied set_property CLOCK_BUFFER_TYPE = NONE for FIXED_IO_mio[18]. (constraint file  c:/Xilinx/Projects/Gen4/Gen4.srcs/sources_1/bd/gener4/ip/gener4_processing_system7_0_0/gener4_processing_system7_0_0/gener4_processing_system7_0_0_in_context.xdc, line 167).
Applied set_property IO_BUFFER_TYPE = NONE for FIXED_IO_mio[19]. (constraint file  c:/Xilinx/Projects/Gen4/Gen4.srcs/sources_1/bd/gener4/ip/gener4_processing_system7_0_0/gener4_processing_system7_0_0/gener4_processing_system7_0_0_in_context.xdc, line 168).
Applied set_property CLOCK_BUFFER_TYPE = NONE for FIXED_IO_mio[19]. (constraint file  c:/Xilinx/Projects/Gen4/Gen4.srcs/sources_1/bd/gener4/ip/gener4_processing_system7_0_0/gener4_processing_system7_0_0/gener4_processing_system7_0_0_in_context.xdc, line 169).
Applied set_property IO_BUFFER_TYPE = NONE for FIXED_IO_mio[1]. (constraint file  c:/Xilinx/Projects/Gen4/Gen4.srcs/sources_1/bd/gener4/ip/gener4_processing_system7_0_0/gener4_processing_system7_0_0/gener4_processing_system7_0_0_in_context.xdc, line 170).
Applied set_property CLOCK_BUFFER_TYPE = NONE for FIXED_IO_mio[1]. (constraint file  c:/Xilinx/Projects/Gen4/Gen4.srcs/sources_1/bd/gener4/ip/gener4_processing_system7_0_0/gener4_processing_system7_0_0/gener4_processing_system7_0_0_in_context.xdc, line 171).
Applied set_property IO_BUFFER_TYPE = NONE for FIXED_IO_mio[20]. (constraint file  c:/Xilinx/Projects/Gen4/Gen4.srcs/sources_1/bd/gener4/ip/gener4_processing_system7_0_0/gener4_processing_system7_0_0/gener4_processing_system7_0_0_in_context.xdc, line 172).
Applied set_property CLOCK_BUFFER_TYPE = NONE for FIXED_IO_mio[20]. (constraint file  c:/Xilinx/Projects/Gen4/Gen4.srcs/sources_1/bd/gener4/ip/gener4_processing_system7_0_0/gener4_processing_system7_0_0/gener4_processing_system7_0_0_in_context.xdc, line 173).
Applied set_property IO_BUFFER_TYPE = NONE for FIXED_IO_mio[21]. (constraint file  c:/Xilinx/Projects/Gen4/Gen4.srcs/sources_1/bd/gener4/ip/gener4_processing_system7_0_0/gener4_processing_system7_0_0/gener4_processing_system7_0_0_in_context.xdc, line 174).
Applied set_property CLOCK_BUFFER_TYPE = NONE for FIXED_IO_mio[21]. (constraint file  c:/Xilinx/Projects/Gen4/Gen4.srcs/sources_1/bd/gener4/ip/gener4_processing_system7_0_0/gener4_processing_system7_0_0/gener4_processing_system7_0_0_in_context.xdc, line 175).
Applied set_property IO_BUFFER_TYPE = NONE for FIXED_IO_mio[22]. (constraint file  c:/Xilinx/Projects/Gen4/Gen4.srcs/sources_1/bd/gener4/ip/gener4_processing_system7_0_0/gener4_processing_system7_0_0/gener4_processing_system7_0_0_in_context.xdc, line 176).
Applied set_property CLOCK_BUFFER_TYPE = NONE for FIXED_IO_mio[22]. (constraint file  c:/Xilinx/Projects/Gen4/Gen4.srcs/sources_1/bd/gener4/ip/gener4_processing_system7_0_0/gener4_processing_system7_0_0/gener4_processing_system7_0_0_in_context.xdc, line 177).
Applied set_property IO_BUFFER_TYPE = NONE for FIXED_IO_mio[23]. (constraint file  c:/Xilinx/Projects/Gen4/Gen4.srcs/sources_1/bd/gener4/ip/gener4_processing_system7_0_0/gener4_processing_system7_0_0/gener4_processing_system7_0_0_in_context.xdc, line 178).
Applied set_property CLOCK_BUFFER_TYPE = NONE for FIXED_IO_mio[23]. (constraint file  c:/Xilinx/Projects/Gen4/Gen4.srcs/sources_1/bd/gener4/ip/gener4_processing_system7_0_0/gener4_processing_system7_0_0/gener4_processing_system7_0_0_in_context.xdc, line 179).
Applied set_property IO_BUFFER_TYPE = NONE for FIXED_IO_mio[24]. (constraint file  c:/Xilinx/Projects/Gen4/Gen4.srcs/sources_1/bd/gener4/ip/gener4_processing_system7_0_0/gener4_processing_system7_0_0/gener4_processing_system7_0_0_in_context.xdc, line 180).
Applied set_property CLOCK_BUFFER_TYPE = NONE for FIXED_IO_mio[24]. (constraint file  c:/Xilinx/Projects/Gen4/Gen4.srcs/sources_1/bd/gener4/ip/gener4_processing_system7_0_0/gener4_processing_system7_0_0/gener4_processing_system7_0_0_in_context.xdc, line 181).
Applied set_property IO_BUFFER_TYPE = NONE for FIXED_IO_mio[25]. (constraint file  c:/Xilinx/Projects/Gen4/Gen4.srcs/sources_1/bd/gener4/ip/gener4_processing_system7_0_0/gener4_processing_system7_0_0/gener4_processing_system7_0_0_in_context.xdc, line 182).
Applied set_property CLOCK_BUFFER_TYPE = NONE for FIXED_IO_mio[25]. (constraint file  c:/Xilinx/Projects/Gen4/Gen4.srcs/sources_1/bd/gener4/ip/gener4_processing_system7_0_0/gener4_processing_system7_0_0/gener4_processing_system7_0_0_in_context.xdc, line 183).
Applied set_property IO_BUFFER_TYPE = NONE for FIXED_IO_mio[26]. (constraint file  c:/Xilinx/Projects/Gen4/Gen4.srcs/sources_1/bd/gener4/ip/gener4_processing_system7_0_0/gener4_processing_system7_0_0/gener4_processing_system7_0_0_in_context.xdc, line 184).
Applied set_property CLOCK_BUFFER_TYPE = NONE for FIXED_IO_mio[26]. (constraint file  c:/Xilinx/Projects/Gen4/Gen4.srcs/sources_1/bd/gener4/ip/gener4_processing_system7_0_0/gener4_processing_system7_0_0/gener4_processing_system7_0_0_in_context.xdc, line 185).
Applied set_property IO_BUFFER_TYPE = NONE for FIXED_IO_mio[27]. (constraint file  c:/Xilinx/Projects/Gen4/Gen4.srcs/sources_1/bd/gener4/ip/gener4_processing_system7_0_0/gener4_processing_system7_0_0/gener4_processing_system7_0_0_in_context.xdc, line 186).
Applied set_property CLOCK_BUFFER_TYPE = NONE for FIXED_IO_mio[27]. (constraint file  c:/Xilinx/Projects/Gen4/Gen4.srcs/sources_1/bd/gener4/ip/gener4_processing_system7_0_0/gener4_processing_system7_0_0/gener4_processing_system7_0_0_in_context.xdc, line 187).
Applied set_property IO_BUFFER_TYPE = NONE for FIXED_IO_mio[28]. (constraint file  c:/Xilinx/Projects/Gen4/Gen4.srcs/sources_1/bd/gener4/ip/gener4_processing_system7_0_0/gener4_processing_system7_0_0/gener4_processing_system7_0_0_in_context.xdc, line 188).
Applied set_property CLOCK_BUFFER_TYPE = NONE for FIXED_IO_mio[28]. (constraint file  c:/Xilinx/Projects/Gen4/Gen4.srcs/sources_1/bd/gener4/ip/gener4_processing_system7_0_0/gener4_processing_system7_0_0/gener4_processing_system7_0_0_in_context.xdc, line 189).
Applied set_property IO_BUFFER_TYPE = NONE for FIXED_IO_mio[29]. (constraint file  c:/Xilinx/Projects/Gen4/Gen4.srcs/sources_1/bd/gener4/ip/gener4_processing_system7_0_0/gener4_processing_system7_0_0/gener4_processing_system7_0_0_in_context.xdc, line 190).
Applied set_property CLOCK_BUFFER_TYPE = NONE for FIXED_IO_mio[29]. (constraint file  c:/Xilinx/Projects/Gen4/Gen4.srcs/sources_1/bd/gener4/ip/gener4_processing_system7_0_0/gener4_processing_system7_0_0/gener4_processing_system7_0_0_in_context.xdc, line 191).
Applied set_property IO_BUFFER_TYPE = NONE for FIXED_IO_mio[2]. (constraint file  c:/Xilinx/Projects/Gen4/Gen4.srcs/sources_1/bd/gener4/ip/gener4_processing_system7_0_0/gener4_processing_system7_0_0/gener4_processing_system7_0_0_in_context.xdc, line 192).
Applied set_property CLOCK_BUFFER_TYPE = NONE for FIXED_IO_mio[2]. (constraint file  c:/Xilinx/Projects/Gen4/Gen4.srcs/sources_1/bd/gener4/ip/gener4_processing_system7_0_0/gener4_processing_system7_0_0/gener4_processing_system7_0_0_in_context.xdc, line 193).
Applied set_property IO_BUFFER_TYPE = NONE for FIXED_IO_mio[30]. (constraint file  c:/Xilinx/Projects/Gen4/Gen4.srcs/sources_1/bd/gener4/ip/gener4_processing_system7_0_0/gener4_processing_system7_0_0/gener4_processing_system7_0_0_in_context.xdc, line 194).
Applied set_property CLOCK_BUFFER_TYPE = NONE for FIXED_IO_mio[30]. (constraint file  c:/Xilinx/Projects/Gen4/Gen4.srcs/sources_1/bd/gener4/ip/gener4_processing_system7_0_0/gener4_processing_system7_0_0/gener4_processing_system7_0_0_in_context.xdc, line 195).
Applied set_property IO_BUFFER_TYPE = NONE for FIXED_IO_mio[31]. (constraint file  c:/Xilinx/Projects/Gen4/Gen4.srcs/sources_1/bd/gener4/ip/gener4_processing_system7_0_0/gener4_processing_system7_0_0/gener4_processing_system7_0_0_in_context.xdc, line 196).
Applied set_property CLOCK_BUFFER_TYPE = NONE for FIXED_IO_mio[31]. (constraint file  c:/Xilinx/Projects/Gen4/Gen4.srcs/sources_1/bd/gener4/ip/gener4_processing_system7_0_0/gener4_processing_system7_0_0/gener4_processing_system7_0_0_in_context.xdc, line 197).
Applied set_property IO_BUFFER_TYPE = NONE for FIXED_IO_mio[32]. (constraint file  c:/Xilinx/Projects/Gen4/Gen4.srcs/sources_1/bd/gener4/ip/gener4_processing_system7_0_0/gener4_processing_system7_0_0/gener4_processing_system7_0_0_in_context.xdc, line 198).
Applied set_property CLOCK_BUFFER_TYPE = NONE for FIXED_IO_mio[32]. (constraint file  c:/Xilinx/Projects/Gen4/Gen4.srcs/sources_1/bd/gener4/ip/gener4_processing_system7_0_0/gener4_processing_system7_0_0/gener4_processing_system7_0_0_in_context.xdc, line 199).
Applied set_property IO_BUFFER_TYPE = NONE for FIXED_IO_mio[33]. (constraint file  c:/Xilinx/Projects/Gen4/Gen4.srcs/sources_1/bd/gener4/ip/gener4_processing_system7_0_0/gener4_processing_system7_0_0/gener4_processing_system7_0_0_in_context.xdc, line 200).
Applied set_property CLOCK_BUFFER_TYPE = NONE for FIXED_IO_mio[33]. (constraint file  c:/Xilinx/Projects/Gen4/Gen4.srcs/sources_1/bd/gener4/ip/gener4_processing_system7_0_0/gener4_processing_system7_0_0/gener4_processing_system7_0_0_in_context.xdc, line 201).
Applied set_property IO_BUFFER_TYPE = NONE for FIXED_IO_mio[34]. (constraint file  c:/Xilinx/Projects/Gen4/Gen4.srcs/sources_1/bd/gener4/ip/gener4_processing_system7_0_0/gener4_processing_system7_0_0/gener4_processing_system7_0_0_in_context.xdc, line 202).
Applied set_property CLOCK_BUFFER_TYPE = NONE for FIXED_IO_mio[34]. (constraint file  c:/Xilinx/Projects/Gen4/Gen4.srcs/sources_1/bd/gener4/ip/gener4_processing_system7_0_0/gener4_processing_system7_0_0/gener4_processing_system7_0_0_in_context.xdc, line 203).
Applied set_property IO_BUFFER_TYPE = NONE for FIXED_IO_mio[35]. (constraint file  c:/Xilinx/Projects/Gen4/Gen4.srcs/sources_1/bd/gener4/ip/gener4_processing_system7_0_0/gener4_processing_system7_0_0/gener4_processing_system7_0_0_in_context.xdc, line 204).
Applied set_property CLOCK_BUFFER_TYPE = NONE for FIXED_IO_mio[35]. (constraint file  c:/Xilinx/Projects/Gen4/Gen4.srcs/sources_1/bd/gener4/ip/gener4_processing_system7_0_0/gener4_processing_system7_0_0/gener4_processing_system7_0_0_in_context.xdc, line 205).
Applied set_property IO_BUFFER_TYPE = NONE for FIXED_IO_mio[36]. (constraint file  c:/Xilinx/Projects/Gen4/Gen4.srcs/sources_1/bd/gener4/ip/gener4_processing_system7_0_0/gener4_processing_system7_0_0/gener4_processing_system7_0_0_in_context.xdc, line 206).
Applied set_property CLOCK_BUFFER_TYPE = NONE for FIXED_IO_mio[36]. (constraint file  c:/Xilinx/Projects/Gen4/Gen4.srcs/sources_1/bd/gener4/ip/gener4_processing_system7_0_0/gener4_processing_system7_0_0/gener4_processing_system7_0_0_in_context.xdc, line 207).
Applied set_property IO_BUFFER_TYPE = NONE for FIXED_IO_mio[37]. (constraint file  c:/Xilinx/Projects/Gen4/Gen4.srcs/sources_1/bd/gener4/ip/gener4_processing_system7_0_0/gener4_processing_system7_0_0/gener4_processing_system7_0_0_in_context.xdc, line 208).
Applied set_property CLOCK_BUFFER_TYPE = NONE for FIXED_IO_mio[37]. (constraint file  c:/Xilinx/Projects/Gen4/Gen4.srcs/sources_1/bd/gener4/ip/gener4_processing_system7_0_0/gener4_processing_system7_0_0/gener4_processing_system7_0_0_in_context.xdc, line 209).
Applied set_property IO_BUFFER_TYPE = NONE for FIXED_IO_mio[38]. (constraint file  c:/Xilinx/Projects/Gen4/Gen4.srcs/sources_1/bd/gener4/ip/gener4_processing_system7_0_0/gener4_processing_system7_0_0/gener4_processing_system7_0_0_in_context.xdc, line 210).
Applied set_property CLOCK_BUFFER_TYPE = NONE for FIXED_IO_mio[38]. (constraint file  c:/Xilinx/Projects/Gen4/Gen4.srcs/sources_1/bd/gener4/ip/gener4_processing_system7_0_0/gener4_processing_system7_0_0/gener4_processing_system7_0_0_in_context.xdc, line 211).
Applied set_property IO_BUFFER_TYPE = NONE for FIXED_IO_mio[39]. (constraint file  c:/Xilinx/Projects/Gen4/Gen4.srcs/sources_1/bd/gener4/ip/gener4_processing_system7_0_0/gener4_processing_system7_0_0/gener4_processing_system7_0_0_in_context.xdc, line 212).
Applied set_property CLOCK_BUFFER_TYPE = NONE for FIXED_IO_mio[39]. (constraint file  c:/Xilinx/Projects/Gen4/Gen4.srcs/sources_1/bd/gener4/ip/gener4_processing_system7_0_0/gener4_processing_system7_0_0/gener4_processing_system7_0_0_in_context.xdc, line 213).
Applied set_property IO_BUFFER_TYPE = NONE for FIXED_IO_mio[3]. (constraint file  c:/Xilinx/Projects/Gen4/Gen4.srcs/sources_1/bd/gener4/ip/gener4_processing_system7_0_0/gener4_processing_system7_0_0/gener4_processing_system7_0_0_in_context.xdc, line 214).
Applied set_property CLOCK_BUFFER_TYPE = NONE for FIXED_IO_mio[3]. (constraint file  c:/Xilinx/Projects/Gen4/Gen4.srcs/sources_1/bd/gener4/ip/gener4_processing_system7_0_0/gener4_processing_system7_0_0/gener4_processing_system7_0_0_in_context.xdc, line 215).
Applied set_property IO_BUFFER_TYPE = NONE for FIXED_IO_mio[40]. (constraint file  c:/Xilinx/Projects/Gen4/Gen4.srcs/sources_1/bd/gener4/ip/gener4_processing_system7_0_0/gener4_processing_system7_0_0/gener4_processing_system7_0_0_in_context.xdc, line 216).
Applied set_property CLOCK_BUFFER_TYPE = NONE for FIXED_IO_mio[40]. (constraint file  c:/Xilinx/Projects/Gen4/Gen4.srcs/sources_1/bd/gener4/ip/gener4_processing_system7_0_0/gener4_processing_system7_0_0/gener4_processing_system7_0_0_in_context.xdc, line 217).
Applied set_property IO_BUFFER_TYPE = NONE for FIXED_IO_mio[41]. (constraint file  c:/Xilinx/Projects/Gen4/Gen4.srcs/sources_1/bd/gener4/ip/gener4_processing_system7_0_0/gener4_processing_system7_0_0/gener4_processing_system7_0_0_in_context.xdc, line 218).
Applied set_property CLOCK_BUFFER_TYPE = NONE for FIXED_IO_mio[41]. (constraint file  c:/Xilinx/Projects/Gen4/Gen4.srcs/sources_1/bd/gener4/ip/gener4_processing_system7_0_0/gener4_processing_system7_0_0/gener4_processing_system7_0_0_in_context.xdc, line 219).
Applied set_property IO_BUFFER_TYPE = NONE for FIXED_IO_mio[42]. (constraint file  c:/Xilinx/Projects/Gen4/Gen4.srcs/sources_1/bd/gener4/ip/gener4_processing_system7_0_0/gener4_processing_system7_0_0/gener4_processing_system7_0_0_in_context.xdc, line 220).
Applied set_property CLOCK_BUFFER_TYPE = NONE for FIXED_IO_mio[42]. (constraint file  c:/Xilinx/Projects/Gen4/Gen4.srcs/sources_1/bd/gener4/ip/gener4_processing_system7_0_0/gener4_processing_system7_0_0/gener4_processing_system7_0_0_in_context.xdc, line 221).
Applied set_property IO_BUFFER_TYPE = NONE for FIXED_IO_mio[43]. (constraint file  c:/Xilinx/Projects/Gen4/Gen4.srcs/sources_1/bd/gener4/ip/gener4_processing_system7_0_0/gener4_processing_system7_0_0/gener4_processing_system7_0_0_in_context.xdc, line 222).
Applied set_property CLOCK_BUFFER_TYPE = NONE for FIXED_IO_mio[43]. (constraint file  c:/Xilinx/Projects/Gen4/Gen4.srcs/sources_1/bd/gener4/ip/gener4_processing_system7_0_0/gener4_processing_system7_0_0/gener4_processing_system7_0_0_in_context.xdc, line 223).
Applied set_property IO_BUFFER_TYPE = NONE for FIXED_IO_mio[44]. (constraint file  c:/Xilinx/Projects/Gen4/Gen4.srcs/sources_1/bd/gener4/ip/gener4_processing_system7_0_0/gener4_processing_system7_0_0/gener4_processing_system7_0_0_in_context.xdc, line 224).
Applied set_property CLOCK_BUFFER_TYPE = NONE for FIXED_IO_mio[44]. (constraint file  c:/Xilinx/Projects/Gen4/Gen4.srcs/sources_1/bd/gener4/ip/gener4_processing_system7_0_0/gener4_processing_system7_0_0/gener4_processing_system7_0_0_in_context.xdc, line 225).
Applied set_property IO_BUFFER_TYPE = NONE for FIXED_IO_mio[45]. (constraint file  c:/Xilinx/Projects/Gen4/Gen4.srcs/sources_1/bd/gener4/ip/gener4_processing_system7_0_0/gener4_processing_system7_0_0/gener4_processing_system7_0_0_in_context.xdc, line 226).
Applied set_property CLOCK_BUFFER_TYPE = NONE for FIXED_IO_mio[45]. (constraint file  c:/Xilinx/Projects/Gen4/Gen4.srcs/sources_1/bd/gener4/ip/gener4_processing_system7_0_0/gener4_processing_system7_0_0/gener4_processing_system7_0_0_in_context.xdc, line 227).
Applied set_property IO_BUFFER_TYPE = NONE for FIXED_IO_mio[46]. (constraint file  c:/Xilinx/Projects/Gen4/Gen4.srcs/sources_1/bd/gener4/ip/gener4_processing_system7_0_0/gener4_processing_system7_0_0/gener4_processing_system7_0_0_in_context.xdc, line 228).
Applied set_property CLOCK_BUFFER_TYPE = NONE for FIXED_IO_mio[46]. (constraint file  c:/Xilinx/Projects/Gen4/Gen4.srcs/sources_1/bd/gener4/ip/gener4_processing_system7_0_0/gener4_processing_system7_0_0/gener4_processing_system7_0_0_in_context.xdc, line 229).
Applied set_property IO_BUFFER_TYPE = NONE for FIXED_IO_mio[47]. (constraint file  c:/Xilinx/Projects/Gen4/Gen4.srcs/sources_1/bd/gener4/ip/gener4_processing_system7_0_0/gener4_processing_system7_0_0/gener4_processing_system7_0_0_in_context.xdc, line 230).
Applied set_property CLOCK_BUFFER_TYPE = NONE for FIXED_IO_mio[47]. (constraint file  c:/Xilinx/Projects/Gen4/Gen4.srcs/sources_1/bd/gener4/ip/gener4_processing_system7_0_0/gener4_processing_system7_0_0/gener4_processing_system7_0_0_in_context.xdc, line 231).
Applied set_property IO_BUFFER_TYPE = NONE for FIXED_IO_mio[48]. (constraint file  c:/Xilinx/Projects/Gen4/Gen4.srcs/sources_1/bd/gener4/ip/gener4_processing_system7_0_0/gener4_processing_system7_0_0/gener4_processing_system7_0_0_in_context.xdc, line 232).
Applied set_property CLOCK_BUFFER_TYPE = NONE for FIXED_IO_mio[48]. (constraint file  c:/Xilinx/Projects/Gen4/Gen4.srcs/sources_1/bd/gener4/ip/gener4_processing_system7_0_0/gener4_processing_system7_0_0/gener4_processing_system7_0_0_in_context.xdc, line 233).
Applied set_property IO_BUFFER_TYPE = NONE for FIXED_IO_mio[49]. (constraint file  c:/Xilinx/Projects/Gen4/Gen4.srcs/sources_1/bd/gener4/ip/gener4_processing_system7_0_0/gener4_processing_system7_0_0/gener4_processing_system7_0_0_in_context.xdc, line 234).
Applied set_property CLOCK_BUFFER_TYPE = NONE for FIXED_IO_mio[49]. (constraint file  c:/Xilinx/Projects/Gen4/Gen4.srcs/sources_1/bd/gener4/ip/gener4_processing_system7_0_0/gener4_processing_system7_0_0/gener4_processing_system7_0_0_in_context.xdc, line 235).
Applied set_property IO_BUFFER_TYPE = NONE for FIXED_IO_mio[4]. (constraint file  c:/Xilinx/Projects/Gen4/Gen4.srcs/sources_1/bd/gener4/ip/gener4_processing_system7_0_0/gener4_processing_system7_0_0/gener4_processing_system7_0_0_in_context.xdc, line 236).
Applied set_property CLOCK_BUFFER_TYPE = NONE for FIXED_IO_mio[4]. (constraint file  c:/Xilinx/Projects/Gen4/Gen4.srcs/sources_1/bd/gener4/ip/gener4_processing_system7_0_0/gener4_processing_system7_0_0/gener4_processing_system7_0_0_in_context.xdc, line 237).
Applied set_property IO_BUFFER_TYPE = NONE for FIXED_IO_mio[50]. (constraint file  c:/Xilinx/Projects/Gen4/Gen4.srcs/sources_1/bd/gener4/ip/gener4_processing_system7_0_0/gener4_processing_system7_0_0/gener4_processing_system7_0_0_in_context.xdc, line 238).
Applied set_property CLOCK_BUFFER_TYPE = NONE for FIXED_IO_mio[50]. (constraint file  c:/Xilinx/Projects/Gen4/Gen4.srcs/sources_1/bd/gener4/ip/gener4_processing_system7_0_0/gener4_processing_system7_0_0/gener4_processing_system7_0_0_in_context.xdc, line 239).
Applied set_property IO_BUFFER_TYPE = NONE for FIXED_IO_mio[51]. (constraint file  c:/Xilinx/Projects/Gen4/Gen4.srcs/sources_1/bd/gener4/ip/gener4_processing_system7_0_0/gener4_processing_system7_0_0/gener4_processing_system7_0_0_in_context.xdc, line 240).
Applied set_property CLOCK_BUFFER_TYPE = NONE for FIXED_IO_mio[51]. (constraint file  c:/Xilinx/Projects/Gen4/Gen4.srcs/sources_1/bd/gener4/ip/gener4_processing_system7_0_0/gener4_processing_system7_0_0/gener4_processing_system7_0_0_in_context.xdc, line 241).
Applied set_property IO_BUFFER_TYPE = NONE for FIXED_IO_mio[52]. (constraint file  c:/Xilinx/Projects/Gen4/Gen4.srcs/sources_1/bd/gener4/ip/gener4_processing_system7_0_0/gener4_processing_system7_0_0/gener4_processing_system7_0_0_in_context.xdc, line 242).
Applied set_property CLOCK_BUFFER_TYPE = NONE for FIXED_IO_mio[52]. (constraint file  c:/Xilinx/Projects/Gen4/Gen4.srcs/sources_1/bd/gener4/ip/gener4_processing_system7_0_0/gener4_processing_system7_0_0/gener4_processing_system7_0_0_in_context.xdc, line 243).
Applied set_property IO_BUFFER_TYPE = NONE for FIXED_IO_mio[53]. (constraint file  c:/Xilinx/Projects/Gen4/Gen4.srcs/sources_1/bd/gener4/ip/gener4_processing_system7_0_0/gener4_processing_system7_0_0/gener4_processing_system7_0_0_in_context.xdc, line 244).
Applied set_property CLOCK_BUFFER_TYPE = NONE for FIXED_IO_mio[53]. (constraint file  c:/Xilinx/Projects/Gen4/Gen4.srcs/sources_1/bd/gener4/ip/gener4_processing_system7_0_0/gener4_processing_system7_0_0/gener4_processing_system7_0_0_in_context.xdc, line 245).
Applied set_property IO_BUFFER_TYPE = NONE for FIXED_IO_mio[5]. (constraint file  c:/Xilinx/Projects/Gen4/Gen4.srcs/sources_1/bd/gener4/ip/gener4_processing_system7_0_0/gener4_processing_system7_0_0/gener4_processing_system7_0_0_in_context.xdc, line 246).
Applied set_property CLOCK_BUFFER_TYPE = NONE for FIXED_IO_mio[5]. (constraint file  c:/Xilinx/Projects/Gen4/Gen4.srcs/sources_1/bd/gener4/ip/gener4_processing_system7_0_0/gener4_processing_system7_0_0/gener4_processing_system7_0_0_in_context.xdc, line 247).
Applied set_property IO_BUFFER_TYPE = NONE for FIXED_IO_mio[6]. (constraint file  c:/Xilinx/Projects/Gen4/Gen4.srcs/sources_1/bd/gener4/ip/gener4_processing_system7_0_0/gener4_processing_system7_0_0/gener4_processing_system7_0_0_in_context.xdc, line 248).
Applied set_property CLOCK_BUFFER_TYPE = NONE for FIXED_IO_mio[6]. (constraint file  c:/Xilinx/Projects/Gen4/Gen4.srcs/sources_1/bd/gener4/ip/gener4_processing_system7_0_0/gener4_processing_system7_0_0/gener4_processing_system7_0_0_in_context.xdc, line 249).
Applied set_property IO_BUFFER_TYPE = NONE for FIXED_IO_mio[7]. (constraint file  c:/Xilinx/Projects/Gen4/Gen4.srcs/sources_1/bd/gener4/ip/gener4_processing_system7_0_0/gener4_processing_system7_0_0/gener4_processing_system7_0_0_in_context.xdc, line 250).
Applied set_property CLOCK_BUFFER_TYPE = NONE for FIXED_IO_mio[7]. (constraint file  c:/Xilinx/Projects/Gen4/Gen4.srcs/sources_1/bd/gener4/ip/gener4_processing_system7_0_0/gener4_processing_system7_0_0/gener4_processing_system7_0_0_in_context.xdc, line 251).
Applied set_property IO_BUFFER_TYPE = NONE for FIXED_IO_mio[8]. (constraint file  c:/Xilinx/Projects/Gen4/Gen4.srcs/sources_1/bd/gener4/ip/gener4_processing_system7_0_0/gener4_processing_system7_0_0/gener4_processing_system7_0_0_in_context.xdc, line 252).
Applied set_property CLOCK_BUFFER_TYPE = NONE for FIXED_IO_mio[8]. (constraint file  c:/Xilinx/Projects/Gen4/Gen4.srcs/sources_1/bd/gener4/ip/gener4_processing_system7_0_0/gener4_processing_system7_0_0/gener4_processing_system7_0_0_in_context.xdc, line 253).
Applied set_property IO_BUFFER_TYPE = NONE for FIXED_IO_mio[9]. (constraint file  c:/Xilinx/Projects/Gen4/Gen4.srcs/sources_1/bd/gener4/ip/gener4_processing_system7_0_0/gener4_processing_system7_0_0/gener4_processing_system7_0_0_in_context.xdc, line 254).
Applied set_property CLOCK_BUFFER_TYPE = NONE for FIXED_IO_mio[9]. (constraint file  c:/Xilinx/Projects/Gen4/Gen4.srcs/sources_1/bd/gener4/ip/gener4_processing_system7_0_0/gener4_processing_system7_0_0/gener4_processing_system7_0_0_in_context.xdc, line 255).
Applied set_property IO_BUFFER_TYPE = NONE for FIXED_IO_ps_clk. (constraint file  c:/Xilinx/Projects/Gen4/Gen4.srcs/sources_1/bd/gener4/ip/gener4_processing_system7_0_0/gener4_processing_system7_0_0/gener4_processing_system7_0_0_in_context.xdc, line 256).
Applied set_property CLOCK_BUFFER_TYPE = NONE for FIXED_IO_ps_clk. (constraint file  c:/Xilinx/Projects/Gen4/Gen4.srcs/sources_1/bd/gener4/ip/gener4_processing_system7_0_0/gener4_processing_system7_0_0/gener4_processing_system7_0_0_in_context.xdc, line 257).
Applied set_property IO_BUFFER_TYPE = NONE for FIXED_IO_ps_porb. (constraint file  c:/Xilinx/Projects/Gen4/Gen4.srcs/sources_1/bd/gener4/ip/gener4_processing_system7_0_0/gener4_processing_system7_0_0/gener4_processing_system7_0_0_in_context.xdc, line 258).
Applied set_property CLOCK_BUFFER_TYPE = NONE for FIXED_IO_ps_porb. (constraint file  c:/Xilinx/Projects/Gen4/Gen4.srcs/sources_1/bd/gener4/ip/gener4_processing_system7_0_0/gener4_processing_system7_0_0/gener4_processing_system7_0_0_in_context.xdc, line 259).
Applied set_property IO_BUFFER_TYPE = NONE for FIXED_IO_ps_srstb. (constraint file  c:/Xilinx/Projects/Gen4/Gen4.srcs/sources_1/bd/gener4/ip/gener4_processing_system7_0_0/gener4_processing_system7_0_0/gener4_processing_system7_0_0_in_context.xdc, line 260).
Applied set_property CLOCK_BUFFER_TYPE = NONE for FIXED_IO_ps_srstb. (constraint file  c:/Xilinx/Projects/Gen4/Gen4.srcs/sources_1/bd/gener4/ip/gener4_processing_system7_0_0/gener4_processing_system7_0_0/gener4_processing_system7_0_0_in_context.xdc, line 261).
Applied set_property IO_BUFFER_TYPE = NONE for TMDS_Clk_n_0. (constraint file  c:/Xilinx/Projects/Gen4/Gen4.srcs/sources_1/bd/gener4/ip/gener4_rgb2dvi_0_0/gener4_rgb2dvi_0_0/gener4_rgb2dvi_0_0_in_context.xdc, line 1).
Applied set_property CLOCK_BUFFER_TYPE = NONE for TMDS_Clk_n_0. (constraint file  c:/Xilinx/Projects/Gen4/Gen4.srcs/sources_1/bd/gener4/ip/gener4_rgb2dvi_0_0/gener4_rgb2dvi_0_0/gener4_rgb2dvi_0_0_in_context.xdc, line 2).
Applied set_property IO_BUFFER_TYPE = NONE for TMDS_Clk_p_0. (constraint file  c:/Xilinx/Projects/Gen4/Gen4.srcs/sources_1/bd/gener4/ip/gener4_rgb2dvi_0_0/gener4_rgb2dvi_0_0/gener4_rgb2dvi_0_0_in_context.xdc, line 3).
Applied set_property CLOCK_BUFFER_TYPE = NONE for TMDS_Clk_p_0. (constraint file  c:/Xilinx/Projects/Gen4/Gen4.srcs/sources_1/bd/gener4/ip/gener4_rgb2dvi_0_0/gener4_rgb2dvi_0_0/gener4_rgb2dvi_0_0_in_context.xdc, line 4).
Applied set_property IO_BUFFER_TYPE = NONE for TMDS_Data_n_0[0]. (constraint file  c:/Xilinx/Projects/Gen4/Gen4.srcs/sources_1/bd/gener4/ip/gener4_rgb2dvi_0_0/gener4_rgb2dvi_0_0/gener4_rgb2dvi_0_0_in_context.xdc, line 5).
Applied set_property CLOCK_BUFFER_TYPE = NONE for TMDS_Data_n_0[0]. (constraint file  c:/Xilinx/Projects/Gen4/Gen4.srcs/sources_1/bd/gener4/ip/gener4_rgb2dvi_0_0/gener4_rgb2dvi_0_0/gener4_rgb2dvi_0_0_in_context.xdc, line 6).
Applied set_property IO_BUFFER_TYPE = NONE for TMDS_Data_n_0[1]. (constraint file  c:/Xilinx/Projects/Gen4/Gen4.srcs/sources_1/bd/gener4/ip/gener4_rgb2dvi_0_0/gener4_rgb2dvi_0_0/gener4_rgb2dvi_0_0_in_context.xdc, line 7).
Applied set_property CLOCK_BUFFER_TYPE = NONE for TMDS_Data_n_0[1]. (constraint file  c:/Xilinx/Projects/Gen4/Gen4.srcs/sources_1/bd/gener4/ip/gener4_rgb2dvi_0_0/gener4_rgb2dvi_0_0/gener4_rgb2dvi_0_0_in_context.xdc, line 8).
Applied set_property IO_BUFFER_TYPE = NONE for TMDS_Data_n_0[2]. (constraint file  c:/Xilinx/Projects/Gen4/Gen4.srcs/sources_1/bd/gener4/ip/gener4_rgb2dvi_0_0/gener4_rgb2dvi_0_0/gener4_rgb2dvi_0_0_in_context.xdc, line 9).
Applied set_property CLOCK_BUFFER_TYPE = NONE for TMDS_Data_n_0[2]. (constraint file  c:/Xilinx/Projects/Gen4/Gen4.srcs/sources_1/bd/gener4/ip/gener4_rgb2dvi_0_0/gener4_rgb2dvi_0_0/gener4_rgb2dvi_0_0_in_context.xdc, line 10).
Applied set_property IO_BUFFER_TYPE = NONE for TMDS_Data_p_0[0]. (constraint file  c:/Xilinx/Projects/Gen4/Gen4.srcs/sources_1/bd/gener4/ip/gener4_rgb2dvi_0_0/gener4_rgb2dvi_0_0/gener4_rgb2dvi_0_0_in_context.xdc, line 11).
Applied set_property CLOCK_BUFFER_TYPE = NONE for TMDS_Data_p_0[0]. (constraint file  c:/Xilinx/Projects/Gen4/Gen4.srcs/sources_1/bd/gener4/ip/gener4_rgb2dvi_0_0/gener4_rgb2dvi_0_0/gener4_rgb2dvi_0_0_in_context.xdc, line 12).
Applied set_property IO_BUFFER_TYPE = NONE for TMDS_Data_p_0[1]. (constraint file  c:/Xilinx/Projects/Gen4/Gen4.srcs/sources_1/bd/gener4/ip/gener4_rgb2dvi_0_0/gener4_rgb2dvi_0_0/gener4_rgb2dvi_0_0_in_context.xdc, line 13).
Applied set_property CLOCK_BUFFER_TYPE = NONE for TMDS_Data_p_0[1]. (constraint file  c:/Xilinx/Projects/Gen4/Gen4.srcs/sources_1/bd/gener4/ip/gener4_rgb2dvi_0_0/gener4_rgb2dvi_0_0/gener4_rgb2dvi_0_0_in_context.xdc, line 14).
Applied set_property IO_BUFFER_TYPE = NONE for TMDS_Data_p_0[2]. (constraint file  c:/Xilinx/Projects/Gen4/Gen4.srcs/sources_1/bd/gener4/ip/gener4_rgb2dvi_0_0/gener4_rgb2dvi_0_0/gener4_rgb2dvi_0_0_in_context.xdc, line 15).
Applied set_property CLOCK_BUFFER_TYPE = NONE for TMDS_Data_p_0[2]. (constraint file  c:/Xilinx/Projects/Gen4/Gen4.srcs/sources_1/bd/gener4/ip/gener4_rgb2dvi_0_0/gener4_rgb2dvi_0_0/gener4_rgb2dvi_0_0_in_context.xdc, line 16).
Applied set_property DONT_TOUCH = true for gener4_i. (constraint file  auto generated constraint, line ).
Applied set_property DONT_TOUCH = true for gener4_i/processing_system7_0. (constraint file  auto generated constraint, line ).
Applied set_property DONT_TOUCH = true for gener4_i/v_tpg_0. (constraint file  auto generated constraint, line ).
Applied set_property DONT_TOUCH = true for gener4_i/ps7_0_axi_periph. (constraint file  auto generated constraint, line ).
Applied set_property DONT_TOUCH = true for gener4_i/rst_ps7_0_40M. (constraint file  auto generated constraint, line ).
Applied set_property DONT_TOUCH = true for gener4_i/v_axi4s_vid_out_0. (constraint file  auto generated constraint, line ).
Applied set_property DONT_TOUCH = true for gener4_i/v_tc_0. (constraint file  auto generated constraint, line ).
Applied set_property DONT_TOUCH = true for gener4_i/rgb2dvi_0. (constraint file  auto generated constraint, line ).
Applied set_property DONT_TOUCH = true for gener4_i/ps7_0_axi_periph/s00_couplers/auto_pc. (constraint file  auto generated constraint, line ).
---------------------------------------------------------------------------------
Finished applying 'set_property' XDC Constraints : Time (s): cpu = 00:00:43 ; elapsed = 00:00:46 . Memory (MB): peak = 743.949 ; gain = 430.234
---------------------------------------------------------------------------------
---------------------------------------------------------------------------------
Finished RTL Optimization Phase 2 : Time (s): cpu = 00:00:44 ; elapsed = 00:00:46 . Memory (MB): peak = 743.949 ; gain = 430.234
---------------------------------------------------------------------------------

Report RTL Partitions: 
+-+--------------+------------+----------+
| |RTL Partition |Replication |Instances |
+-+--------------+------------+----------+
+-+--------------+------------+----------+
---------------------------------------------------------------------------------
Start RTL Component Statistics 
---------------------------------------------------------------------------------
Detailed RTL Component Info : 
---------------------------------------------------------------------------------
Finished RTL Component Statistics 
---------------------------------------------------------------------------------
---------------------------------------------------------------------------------
Start RTL Hierarchical Component Statistics 
---------------------------------------------------------------------------------
Hierarchical RTL Component report 
---------------------------------------------------------------------------------
Finished RTL Hierarchical Component Statistics
---------------------------------------------------------------------------------
---------------------------------------------------------------------------------
Start Part Resource Summary
---------------------------------------------------------------------------------
Part Resources:
DSPs: 80 (col length:40)
BRAMs: 120 (col length: RAMB18 40 RAMB36 20)
---------------------------------------------------------------------------------
Finished Part Resource Summary
---------------------------------------------------------------------------------
---------------------------------------------------------------------------------
Start Cross Boundary and Area Optimization
---------------------------------------------------------------------------------
Warning: Parallel synthesis criteria is not met 
---------------------------------------------------------------------------------
Finished Cross Boundary and Area Optimization : Time (s): cpu = 00:00:45 ; elapsed = 00:00:48 . Memory (MB): peak = 743.949 ; gain = 430.234
---------------------------------------------------------------------------------

Report RTL Partitions: 
+-+--------------+------------+----------+
| |RTL Partition |Replication |Instances |
+-+--------------+------------+----------+
+-+--------------+------------+----------+
---------------------------------------------------------------------------------
Start Applying XDC Timing Constraints
---------------------------------------------------------------------------------
INFO: [Synth 8-5578] Moved timing constraint from pin 'gener4_i/processing_system7_0/FCLK_CLK0' to pin 'gener4_i/processing_system7_0/bbstub_FCLK_CLK0/O'
INFO: [Synth 8-5819] Moved 1 constraints on hierarchical pins to their respective driving/loading pins
---------------------------------------------------------------------------------
Finished Applying XDC Timing Constraints : Time (s): cpu = 00:01:03 ; elapsed = 00:01:06 . Memory (MB): peak = 779.379 ; gain = 465.664
---------------------------------------------------------------------------------

Report RTL Partitions: 
+-+--------------+------------+----------+
| |RTL Partition |Replication |Instances |
+-+--------------+------------+----------+
+-+--------------+------------+----------+
---------------------------------------------------------------------------------
Start Technology Mapping
---------------------------------------------------------------------------------
---------------------------------------------------------------------------------
Finished Technology Mapping : Time (s): cpu = 00:01:03 ; elapsed = 00:01:06 . Memory (MB): peak = 779.871 ; gain = 466.156
---------------------------------------------------------------------------------

Report RTL Partitions: 
+-+--------------+------------+----------+
| |RTL Partition |Replication |Instances |
+-+--------------+------------+----------+
+-+--------------+------------+----------+
---------------------------------------------------------------------------------
Start IO Insertion
---------------------------------------------------------------------------------
---------------------------------------------------------------------------------
Start Final Netlist Cleanup
---------------------------------------------------------------------------------
---------------------------------------------------------------------------------
Finished Final Netlist Cleanup
---------------------------------------------------------------------------------
---------------------------------------------------------------------------------
Finished IO Insertion : Time (s): cpu = 00:01:04 ; elapsed = 00:01:08 . Memory (MB): peak = 781.113 ; gain = 467.398
---------------------------------------------------------------------------------

Report Check Netlist: 
+------+------------------+-------+---------+-------+------------------+
|      |Item              |Errors |Warnings |Status |Description       |
+------+------------------+-------+---------+-------+------------------+
|1     |multi_driven_nets |      0|        0|Passed |Multi driven nets |
+------+------------------+-------+---------+-------+------------------+
---------------------------------------------------------------------------------
Start Renaming Generated Instances
---------------------------------------------------------------------------------
---------------------------------------------------------------------------------
Finished Renaming Generated Instances : Time (s): cpu = 00:01:04 ; elapsed = 00:01:08 . Memory (MB): peak = 781.113 ; gain = 467.398
---------------------------------------------------------------------------------

Report RTL Partitions: 
+-+--------------+------------+----------+
| |RTL Partition |Replication |Instances |
+-+--------------+------------+----------+
+-+--------------+------------+----------+
---------------------------------------------------------------------------------
Start Handling Custom Attributes
---------------------------------------------------------------------------------
---------------------------------------------------------------------------------
Finished Handling Custom Attributes : Time (s): cpu = 00:01:04 ; elapsed = 00:01:08 . Memory (MB): peak = 781.113 ; gain = 467.398
---------------------------------------------------------------------------------
---------------------------------------------------------------------------------
Start Writing Synthesis Report
---------------------------------------------------------------------------------

Report BlackBoxes: 
+------+------------------------------+----------+
|      |BlackBox name                 |Instances |
+------+------------------------------+----------+
|1     |gener4_auto_pc_0              |         1|
|2     |gener4_processing_system7_0_0 |         1|
|3     |gener4_rgb2dvi_0_0            |         1|
|4     |gener4_rst_ps7_0_40M_0        |         1|
|5     |gener4_v_axi4s_vid_out_0_0    |         1|
|6     |gener4_v_tc_0_0               |         1|
|7     |gener4_v_tpg_0_0              |         1|
+------+------------------------------+----------+

Report Cell Usage: 
+------+------------------------------+------+
|      |Cell                          |Count |
+------+------------------------------+------+
|1     |gener4_auto_pc_0              |     1|
|2     |gener4_processing_system7_0_0 |     1|
|3     |gener4_rgb2dvi_0_0            |     1|
|4     |gener4_rst_ps7_0_40M_0        |     1|
|5     |gener4_v_axi4s_vid_out_0_0    |     1|
|6     |gener4_v_tc_0_0               |     1|
|7     |gener4_v_tpg_0_0              |     1|
+------+------------------------------+------+

Report Instance Areas: 
+------+---------------------+--------------------------+------+
|      |Instance             |Module                    |Cells |
+------+---------------------+--------------------------+------+
|1     |top                  |                          |   531|
|2     |  gener4_i           |gener4                    |   531|
|3     |    ps7_0_axi_periph |gener4_ps7_0_axi_periph_0 |   177|
|4     |      s00_couplers   |s00_couplers_imp_89DCXP   |   177|
+------+---------------------+--------------------------+------+
---------------------------------------------------------------------------------
Finished Writing Synthesis Report : Time (s): cpu = 00:01:04 ; elapsed = 00:01:08 . Memory (MB): peak = 781.113 ; gain = 467.398
---------------------------------------------------------------------------------
Synthesis finished with 0 errors, 0 critical warnings and 0 warnings.
Synthesis Optimization Runtime : Time (s): cpu = 00:00:36 ; elapsed = 00:00:53 . Memory (MB): peak = 781.113 ; gain = 199.816
Synthesis Optimization Complete : Time (s): cpu = 00:01:05 ; elapsed = 00:01:08 . Memory (MB): peak = 781.113 ; gain = 467.398
INFO: [Project 1-571] Translating synthesized netlist
INFO: [Project 1-570] Preparing netlist for logic optimization
INFO: [Opt 31-138] Pushed 0 inverter(s) to 0 load pin(s).
INFO: [Project 1-111] Unisim Transformation Summary:
No Unisim elements were transformed.

INFO: [Common 17-83] Releasing license: Synthesis
37 Infos, 12 Warnings, 1 Critical Warnings and 0 Errors encountered.
synth_design completed successfully
synth_design: Time (s): cpu = 00:01:07 ; elapsed = 00:01:14 . Memory (MB): peak = 804.137 ; gain = 492.996
INFO: [Common 17-1381] The checkpoint 'C:/Xilinx/Projects/Gen4/Gen4.runs/synth_1/gener4_wrapper.dcp' has been generated.
INFO: [runtcl-4] Executing : report_utilization -file gener4_wrapper_utilization_synth.rpt -pb gener4_wrapper_utilization_synth.pb
report_utilization: Time (s): cpu = 00:00:00 ; elapsed = 00:00:00.029 . Memory (MB): peak = 804.137 ; gain = 0.000
INFO: [Common 17-206] Exiting Vivado at Wed Oct  4 09:04:13 2023...
