
*** Running vivado
    with args -log system_axis_subset_converter_0_0.vds -m64 -product Vivado -mode batch -messageDb vivado.pb -notrace -source system_axis_subset_converter_0_0.tcl


****** Vivado v2018.2 (64-bit)
  **** SW Build 2258646 on Thu Jun 14 20:03:12 MDT 2018
  **** IP Build 2256618 on Thu Jun 14 22:10:49 MDT 2018
    ** Copyright 1986-2018 Xilinx, Inc. All Rights Reserved.

source system_axis_subset_converter_0_0.tcl -notrace
Command: synth_design -top system_axis_subset_converter_0_0 -part xc7z010clg400-1 -mode out_of_context
Starting synth_design
Attempting to get a license for feature 'Synthesis' and/or device 'xc7z010'
INFO: [Common 17-349] Got license for feature 'Synthesis' and/or device 'xc7z010'
INFO: Launching helper process for spawning children vivado processes
INFO: Helper process launched with PID 6272 
---------------------------------------------------------------------------------
Starting RTL Elaboration : Time (s): cpu = 00:00:04 ; elapsed = 00:00:04 . Memory (MB): peak = 376.363 ; gain = 101.477
---------------------------------------------------------------------------------
INFO: [Synth 8-6157] synthesizing module 'system_axis_subset_converter_0_0' [h:/FPGA/VGA/AX7010/Linux14_1/Linux14_1.srcs/sources_1/bd/system/ip/system_axis_subset_converter_0_0/synth/system_axis_subset_converter_0_0.v:58]
INFO: [Synth 8-6157] synthesizing module 'top_system_axis_subset_converter_0_0' [h:/FPGA/VGA/AX7010/Linux14_1/Linux14_1.srcs/sources_1/bd/system/ip/system_axis_subset_converter_0_0/hdl/top_system_axis_subset_converter_0_0.v:60]
	Parameter C_FAMILY bound to: zynq - type: string 
	Parameter C_S_AXIS_TDATA_WIDTH bound to: 32 - type: integer 
	Parameter C_S_AXIS_TID_WIDTH bound to: 1 - type: integer 
	Parameter C_S_AXIS_TDEST_WIDTH bound to: 1 - type: integer 
	Parameter C_S_AXIS_TUSER_WIDTH bound to: 1 - type: integer 
	Parameter C_S_AXIS_SIGNAL_SET bound to: 32'b00000000000000000000000010011011 
	Parameter C_M_AXIS_TDATA_WIDTH bound to: 24 - type: integer 
	Parameter C_M_AXIS_TID_WIDTH bound to: 1 - type: integer 
	Parameter C_M_AXIS_TDEST_WIDTH bound to: 1 - type: integer 
	Parameter C_M_AXIS_SIGNAL_SET bound to: 32'b00000000000000000000000010011011 
	Parameter C_M_AXIS_TUSER_WIDTH bound to: 1 - type: integer 
	Parameter C_DEFAULT_TLAST bound to: 0 - type: integer 
	Parameter G_INDX_SS_TREADY bound to: 0 - type: integer 
	Parameter G_INDX_SS_TDATA bound to: 1 - type: integer 
	Parameter G_INDX_SS_TSTRB bound to: 2 - type: integer 
	Parameter G_INDX_SS_TKEEP bound to: 3 - type: integer 
	Parameter G_INDX_SS_TLAST bound to: 4 - type: integer 
	Parameter G_INDX_SS_TID bound to: 5 - type: integer 
	Parameter G_INDX_SS_TDEST bound to: 6 - type: integer 
	Parameter G_INDX_SS_TUSER bound to: 7 - type: integer 
	Parameter G_MASK_SS_TREADY bound to: 1 - type: integer 
	Parameter G_MASK_SS_TDATA bound to: 2 - type: integer 
	Parameter G_MASK_SS_TSTRB bound to: 4 - type: integer 
	Parameter G_MASK_SS_TKEEP bound to: 8 - type: integer 
	Parameter G_MASK_SS_TLAST bound to: 16 - type: integer 
	Parameter G_MASK_SS_TID bound to: 32 - type: integer 
	Parameter G_MASK_SS_TDEST bound to: 64 - type: integer 
	Parameter G_MASK_SS_TUSER bound to: 128 - type: integer 
	Parameter G_TASK_SEVERITY_ERR bound to: 2 - type: integer 
	Parameter G_TASK_SEVERITY_WARNING bound to: 1 - type: integer 
	Parameter G_TASK_SEVERITY_INFO bound to: 0 - type: integer 
INFO: [Synth 8-6157] synthesizing module 'axis_subset_converter_v1_1_17_core' [h:/FPGA/VGA/AX7010/Linux14_1/Linux14_1.srcs/sources_1/bd/system/ipshared/5a7d/hdl/axis_subset_converter_v1_1_vl_rfs.v:62]
	Parameter C_FAMILY bound to: zynq - type: string 
	Parameter C_AXIS_TDATA_WIDTH bound to: 32 - type: integer 
	Parameter C_S_AXIS_TID_WIDTH bound to: 1 - type: integer 
	Parameter C_S_AXIS_TDEST_WIDTH bound to: 1 - type: integer 
	Parameter C_AXIS_TUSER_WIDTH bound to: 1 - type: integer 
	Parameter C_S_AXIS_SIGNAL_SET bound to: 32'b00000000000000000000000010011011 
	Parameter C_M_AXIS_TID_WIDTH bound to: 1 - type: integer 
	Parameter C_M_AXIS_TDEST_WIDTH bound to: 1 - type: integer 
	Parameter C_M_AXIS_SIGNAL_SET bound to: 32'b00000000000000000000000010011011 
	Parameter C_DEFAULT_TLAST bound to: 0 - type: integer 
	Parameter G_INDX_SS_TREADY bound to: 0 - type: integer 
	Parameter G_INDX_SS_TDATA bound to: 1 - type: integer 
	Parameter G_INDX_SS_TSTRB bound to: 2 - type: integer 
	Parameter G_INDX_SS_TKEEP bound to: 3 - type: integer 
	Parameter G_INDX_SS_TLAST bound to: 4 - type: integer 
	Parameter G_INDX_SS_TID bound to: 5 - type: integer 
	Parameter G_INDX_SS_TDEST bound to: 6 - type: integer 
	Parameter G_INDX_SS_TUSER bound to: 7 - type: integer 
	Parameter G_MASK_SS_TREADY bound to: 1 - type: integer 
	Parameter G_MASK_SS_TDATA bound to: 2 - type: integer 
	Parameter G_MASK_SS_TSTRB bound to: 4 - type: integer 
	Parameter G_MASK_SS_TKEEP bound to: 8 - type: integer 
	Parameter G_MASK_SS_TLAST bound to: 16 - type: integer 
	Parameter G_MASK_SS_TID bound to: 32 - type: integer 
	Parameter G_MASK_SS_TDEST bound to: 64 - type: integer 
	Parameter G_MASK_SS_TUSER bound to: 128 - type: integer 
	Parameter G_TASK_SEVERITY_ERR bound to: 2 - type: integer 
	Parameter G_TASK_SEVERITY_WARNING bound to: 1 - type: integer 
	Parameter G_TASK_SEVERITY_INFO bound to: 0 - type: integer 
	Parameter P_SIGNAL_SET_XOR bound to: 32'b00000000000000000000000000000000 
	Parameter P_SIGNAL_SET_ADD bound to: 32'b00000000000000000000000000000000 
	Parameter P_SIGNAL_SET_REM bound to: 32'b00000000000000000000000000000000 
	Parameter P_TLAST_CNTR_WIDTH bound to: 1 - type: integer 
INFO: [Synth 8-6155] done synthesizing module 'axis_subset_converter_v1_1_17_core' (1#1) [h:/FPGA/VGA/AX7010/Linux14_1/Linux14_1.srcs/sources_1/bd/system/ipshared/5a7d/hdl/axis_subset_converter_v1_1_vl_rfs.v:62]
INFO: [Synth 8-6157] synthesizing module 'tdata_system_axis_subset_converter_0_0' [h:/FPGA/VGA/AX7010/Linux14_1/Linux14_1.srcs/sources_1/bd/system/ip/system_axis_subset_converter_0_0/hdl/tdata_system_axis_subset_converter_0_0.v:48]
	Parameter C_S_AXIS_TDATA_WIDTH bound to: 32 - type: integer 
	Parameter C_S_AXIS_TUSER_WIDTH bound to: 1 - type: integer 
	Parameter C_S_AXIS_TID_WIDTH bound to: 1 - type: integer 
	Parameter C_S_AXIS_TDEST_WIDTH bound to: 1 - type: integer 
	Parameter C_M_AXIS_TDATA_WIDTH bound to: 24 - type: integer 
INFO: [Synth 8-6155] done synthesizing module 'tdata_system_axis_subset_converter_0_0' (2#1) [h:/FPGA/VGA/AX7010/Linux14_1/Linux14_1.srcs/sources_1/bd/system/ip/system_axis_subset_converter_0_0/hdl/tdata_system_axis_subset_converter_0_0.v:48]
INFO: [Synth 8-6157] synthesizing module 'tuser_system_axis_subset_converter_0_0' [h:/FPGA/VGA/AX7010/Linux14_1/Linux14_1.srcs/sources_1/bd/system/ip/system_axis_subset_converter_0_0/hdl/tuser_system_axis_subset_converter_0_0.v:48]
	Parameter C_S_AXIS_TUSER_WIDTH bound to: 1 - type: integer 
	Parameter C_S_AXIS_TDATA_WIDTH bound to: 32 - type: integer 
	Parameter C_S_AXIS_TID_WIDTH bound to: 1 - type: integer 
	Parameter C_S_AXIS_TDEST_WIDTH bound to: 1 - type: integer 
	Parameter C_M_AXIS_TUSER_WIDTH bound to: 1 - type: integer 
INFO: [Synth 8-6155] done synthesizing module 'tuser_system_axis_subset_converter_0_0' (3#1) [h:/FPGA/VGA/AX7010/Linux14_1/Linux14_1.srcs/sources_1/bd/system/ip/system_axis_subset_converter_0_0/hdl/tuser_system_axis_subset_converter_0_0.v:48]
INFO: [Synth 8-6157] synthesizing module 'tid_system_axis_subset_converter_0_0' [h:/FPGA/VGA/AX7010/Linux14_1/Linux14_1.srcs/sources_1/bd/system/ip/system_axis_subset_converter_0_0/hdl/tid_system_axis_subset_converter_0_0.v:48]
	Parameter C_S_AXIS_TID_WIDTH bound to: 1 - type: integer 
	Parameter C_S_AXIS_TUSER_WIDTH bound to: 1 - type: integer 
	Parameter C_S_AXIS_TDATA_WIDTH bound to: 32 - type: integer 
	Parameter C_S_AXIS_TDEST_WIDTH bound to: 1 - type: integer 
	Parameter C_M_AXIS_TID_WIDTH bound to: 1 - type: integer 
INFO: [Synth 8-6155] done synthesizing module 'tid_system_axis_subset_converter_0_0' (4#1) [h:/FPGA/VGA/AX7010/Linux14_1/Linux14_1.srcs/sources_1/bd/system/ip/system_axis_subset_converter_0_0/hdl/tid_system_axis_subset_converter_0_0.v:48]
INFO: [Synth 8-6157] synthesizing module 'tdest_system_axis_subset_converter_0_0' [h:/FPGA/VGA/AX7010/Linux14_1/Linux14_1.srcs/sources_1/bd/system/ip/system_axis_subset_converter_0_0/hdl/tdest_system_axis_subset_converter_0_0.v:48]
	Parameter C_S_AXIS_TDATA_WIDTH bound to: 32 - type: integer 
	Parameter C_S_AXIS_TUSER_WIDTH bound to: 1 - type: integer 
	Parameter C_S_AXIS_TID_WIDTH bound to: 1 - type: integer 
	Parameter C_S_AXIS_TDEST_WIDTH bound to: 1 - type: integer 
	Parameter C_M_AXIS_TDEST_WIDTH bound to: 1 - type: integer 
INFO: [Synth 8-6155] done synthesizing module 'tdest_system_axis_subset_converter_0_0' (5#1) [h:/FPGA/VGA/AX7010/Linux14_1/Linux14_1.srcs/sources_1/bd/system/ip/system_axis_subset_converter_0_0/hdl/tdest_system_axis_subset_converter_0_0.v:48]
INFO: [Synth 8-6157] synthesizing module 'tstrb_system_axis_subset_converter_0_0' [h:/FPGA/VGA/AX7010/Linux14_1/Linux14_1.srcs/sources_1/bd/system/ip/system_axis_subset_converter_0_0/hdl/tstrb_system_axis_subset_converter_0_0.v:48]
	Parameter C_S_AXIS_TDATA_WIDTH bound to: 32 - type: integer 
	Parameter C_S_AXIS_TUSER_WIDTH bound to: 1 - type: integer 
	Parameter C_S_AXIS_TID_WIDTH bound to: 1 - type: integer 
	Parameter C_S_AXIS_TDEST_WIDTH bound to: 1 - type: integer 
	Parameter C_M_AXIS_TDATA_WIDTH bound to: 24 - type: integer 
INFO: [Synth 8-6155] done synthesizing module 'tstrb_system_axis_subset_converter_0_0' (6#1) [h:/FPGA/VGA/AX7010/Linux14_1/Linux14_1.srcs/sources_1/bd/system/ip/system_axis_subset_converter_0_0/hdl/tstrb_system_axis_subset_converter_0_0.v:48]
INFO: [Synth 8-6157] synthesizing module 'tkeep_system_axis_subset_converter_0_0' [h:/FPGA/VGA/AX7010/Linux14_1/Linux14_1.srcs/sources_1/bd/system/ip/system_axis_subset_converter_0_0/hdl/tkeep_system_axis_subset_converter_0_0.v:48]
	Parameter C_S_AXIS_TDATA_WIDTH bound to: 32 - type: integer 
	Parameter C_S_AXIS_TUSER_WIDTH bound to: 1 - type: integer 
	Parameter C_S_AXIS_TID_WIDTH bound to: 1 - type: integer 
	Parameter C_S_AXIS_TDEST_WIDTH bound to: 1 - type: integer 
	Parameter C_M_AXIS_TDATA_WIDTH bound to: 24 - type: integer 
INFO: [Synth 8-6155] done synthesizing module 'tkeep_system_axis_subset_converter_0_0' (7#1) [h:/FPGA/VGA/AX7010/Linux14_1/Linux14_1.srcs/sources_1/bd/system/ip/system_axis_subset_converter_0_0/hdl/tkeep_system_axis_subset_converter_0_0.v:48]
INFO: [Synth 8-6157] synthesizing module 'tlast_system_axis_subset_converter_0_0' [h:/FPGA/VGA/AX7010/Linux14_1/Linux14_1.srcs/sources_1/bd/system/ip/system_axis_subset_converter_0_0/hdl/tlast_system_axis_subset_converter_0_0.v:48]
	Parameter C_S_AXIS_TID_WIDTH bound to: 1 - type: integer 
	Parameter C_S_AXIS_TUSER_WIDTH bound to: 1 - type: integer 
	Parameter C_S_AXIS_TDATA_WIDTH bound to: 32 - type: integer 
	Parameter C_S_AXIS_TDEST_WIDTH bound to: 1 - type: integer 
INFO: [Synth 8-6155] done synthesizing module 'tlast_system_axis_subset_converter_0_0' (8#1) [h:/FPGA/VGA/AX7010/Linux14_1/Linux14_1.srcs/sources_1/bd/system/ip/system_axis_subset_converter_0_0/hdl/tlast_system_axis_subset_converter_0_0.v:48]
INFO: [Synth 8-6155] done synthesizing module 'top_system_axis_subset_converter_0_0' (9#1) [h:/FPGA/VGA/AX7010/Linux14_1/Linux14_1.srcs/sources_1/bd/system/ip/system_axis_subset_converter_0_0/hdl/top_system_axis_subset_converter_0_0.v:60]
INFO: [Synth 8-6155] done synthesizing module 'system_axis_subset_converter_0_0' (10#1) [h:/FPGA/VGA/AX7010/Linux14_1/Linux14_1.srcs/sources_1/bd/system/ip/system_axis_subset_converter_0_0/synth/system_axis_subset_converter_0_0.v:58]
WARNING: [Synth 8-3331] design tlast_system_axis_subset_converter_0_0 has unconnected port tid[0]
WARNING: [Synth 8-3331] design tlast_system_axis_subset_converter_0_0 has unconnected port tdata[31]
WARNING: [Synth 8-3331] design tlast_system_axis_subset_converter_0_0 has unconnected port tdata[30]
WARNING: [Synth 8-3331] design tlast_system_axis_subset_converter_0_0 has unconnected port tdata[29]
WARNING: [Synth 8-3331] design tlast_system_axis_subset_converter_0_0 has unconnected port tdata[28]
WARNING: [Synth 8-3331] design tlast_system_axis_subset_converter_0_0 has unconnected port tdata[27]
WARNING: [Synth 8-3331] design tlast_system_axis_subset_converter_0_0 has unconnected port tdata[26]
WARNING: [Synth 8-3331] design tlast_system_axis_subset_converter_0_0 has unconnected port tdata[25]
WARNING: [Synth 8-3331] design tlast_system_axis_subset_converter_0_0 has unconnected port tdata[24]
WARNING: [Synth 8-3331] design tlast_system_axis_subset_converter_0_0 has unconnected port tdata[23]
WARNING: [Synth 8-3331] design tlast_system_axis_subset_converter_0_0 has unconnected port tdata[22]
WARNING: [Synth 8-3331] design tlast_system_axis_subset_converter_0_0 has unconnected port tdata[21]
WARNING: [Synth 8-3331] design tlast_system_axis_subset_converter_0_0 has unconnected port tdata[20]
WARNING: [Synth 8-3331] design tlast_system_axis_subset_converter_0_0 has unconnected port tdata[19]
WARNING: [Synth 8-3331] design tlast_system_axis_subset_converter_0_0 has unconnected port tdata[18]
WARNING: [Synth 8-3331] design tlast_system_axis_subset_converter_0_0 has unconnected port tdata[17]
WARNING: [Synth 8-3331] design tlast_system_axis_subset_converter_0_0 has unconnected port tdata[16]
WARNING: [Synth 8-3331] design tlast_system_axis_subset_converter_0_0 has unconnected port tdata[15]
WARNING: [Synth 8-3331] design tlast_system_axis_subset_converter_0_0 has unconnected port tdata[14]
WARNING: [Synth 8-3331] design tlast_system_axis_subset_converter_0_0 has unconnected port tdata[13]
WARNING: [Synth 8-3331] design tlast_system_axis_subset_converter_0_0 has unconnected port tdata[12]
WARNING: [Synth 8-3331] design tlast_system_axis_subset_converter_0_0 has unconnected port tdata[11]
WARNING: [Synth 8-3331] design tlast_system_axis_subset_converter_0_0 has unconnected port tdata[10]
WARNING: [Synth 8-3331] design tlast_system_axis_subset_converter_0_0 has unconnected port tdata[9]
WARNING: [Synth 8-3331] design tlast_system_axis_subset_converter_0_0 has unconnected port tdata[8]
WARNING: [Synth 8-3331] design tlast_system_axis_subset_converter_0_0 has unconnected port tdata[7]
WARNING: [Synth 8-3331] design tlast_system_axis_subset_converter_0_0 has unconnected port tdata[6]
WARNING: [Synth 8-3331] design tlast_system_axis_subset_converter_0_0 has unconnected port tdata[5]
WARNING: [Synth 8-3331] design tlast_system_axis_subset_converter_0_0 has unconnected port tdata[4]
WARNING: [Synth 8-3331] design tlast_system_axis_subset_converter_0_0 has unconnected port tdata[3]
WARNING: [Synth 8-3331] design tlast_system_axis_subset_converter_0_0 has unconnected port tdata[2]
WARNING: [Synth 8-3331] design tlast_system_axis_subset_converter_0_0 has unconnected port tdata[1]
WARNING: [Synth 8-3331] design tlast_system_axis_subset_converter_0_0 has unconnected port tdata[0]
WARNING: [Synth 8-3331] design tlast_system_axis_subset_converter_0_0 has unconnected port tuser[0]
WARNING: [Synth 8-3331] design tlast_system_axis_subset_converter_0_0 has unconnected port tdest[0]
WARNING: [Synth 8-3331] design tlast_system_axis_subset_converter_0_0 has unconnected port tkeep[3]
WARNING: [Synth 8-3331] design tlast_system_axis_subset_converter_0_0 has unconnected port tkeep[2]
WARNING: [Synth 8-3331] design tlast_system_axis_subset_converter_0_0 has unconnected port tkeep[1]
WARNING: [Synth 8-3331] design tlast_system_axis_subset_converter_0_0 has unconnected port tkeep[0]
WARNING: [Synth 8-3331] design tlast_system_axis_subset_converter_0_0 has unconnected port tstrb[3]
WARNING: [Synth 8-3331] design tlast_system_axis_subset_converter_0_0 has unconnected port tstrb[2]
WARNING: [Synth 8-3331] design tlast_system_axis_subset_converter_0_0 has unconnected port tstrb[1]
WARNING: [Synth 8-3331] design tlast_system_axis_subset_converter_0_0 has unconnected port tstrb[0]
WARNING: [Synth 8-3331] design tkeep_system_axis_subset_converter_0_0 has unconnected port tdata[31]
WARNING: [Synth 8-3331] design tkeep_system_axis_subset_converter_0_0 has unconnected port tdata[30]
WARNING: [Synth 8-3331] design tkeep_system_axis_subset_converter_0_0 has unconnected port tdata[29]
WARNING: [Synth 8-3331] design tkeep_system_axis_subset_converter_0_0 has unconnected port tdata[28]
WARNING: [Synth 8-3331] design tkeep_system_axis_subset_converter_0_0 has unconnected port tdata[27]
WARNING: [Synth 8-3331] design tkeep_system_axis_subset_converter_0_0 has unconnected port tdata[26]
WARNING: [Synth 8-3331] design tkeep_system_axis_subset_converter_0_0 has unconnected port tdata[25]
WARNING: [Synth 8-3331] design tkeep_system_axis_subset_converter_0_0 has unconnected port tdata[24]
WARNING: [Synth 8-3331] design tkeep_system_axis_subset_converter_0_0 has unconnected port tdata[23]
WARNING: [Synth 8-3331] design tkeep_system_axis_subset_converter_0_0 has unconnected port tdata[22]
WARNING: [Synth 8-3331] design tkeep_system_axis_subset_converter_0_0 has unconnected port tdata[21]
WARNING: [Synth 8-3331] design tkeep_system_axis_subset_converter_0_0 has unconnected port tdata[20]
WARNING: [Synth 8-3331] design tkeep_system_axis_subset_converter_0_0 has unconnected port tdata[19]
WARNING: [Synth 8-3331] design tkeep_system_axis_subset_converter_0_0 has unconnected port tdata[18]
WARNING: [Synth 8-3331] design tkeep_system_axis_subset_converter_0_0 has unconnected port tdata[17]
WARNING: [Synth 8-3331] design tkeep_system_axis_subset_converter_0_0 has unconnected port tdata[16]
WARNING: [Synth 8-3331] design tkeep_system_axis_subset_converter_0_0 has unconnected port tdata[15]
WARNING: [Synth 8-3331] design tkeep_system_axis_subset_converter_0_0 has unconnected port tdata[14]
WARNING: [Synth 8-3331] design tkeep_system_axis_subset_converter_0_0 has unconnected port tdata[13]
WARNING: [Synth 8-3331] design tkeep_system_axis_subset_converter_0_0 has unconnected port tdata[12]
WARNING: [Synth 8-3331] design tkeep_system_axis_subset_converter_0_0 has unconnected port tdata[11]
WARNING: [Synth 8-3331] design tkeep_system_axis_subset_converter_0_0 has unconnected port tdata[10]
WARNING: [Synth 8-3331] design tkeep_system_axis_subset_converter_0_0 has unconnected port tdata[9]
WARNING: [Synth 8-3331] design tkeep_system_axis_subset_converter_0_0 has unconnected port tdata[8]
WARNING: [Synth 8-3331] design tkeep_system_axis_subset_converter_0_0 has unconnected port tdata[7]
WARNING: [Synth 8-3331] design tkeep_system_axis_subset_converter_0_0 has unconnected port tdata[6]
WARNING: [Synth 8-3331] design tkeep_system_axis_subset_converter_0_0 has unconnected port tdata[5]
WARNING: [Synth 8-3331] design tkeep_system_axis_subset_converter_0_0 has unconnected port tdata[4]
WARNING: [Synth 8-3331] design tkeep_system_axis_subset_converter_0_0 has unconnected port tdata[3]
WARNING: [Synth 8-3331] design tkeep_system_axis_subset_converter_0_0 has unconnected port tdata[2]
WARNING: [Synth 8-3331] design tkeep_system_axis_subset_converter_0_0 has unconnected port tdata[1]
WARNING: [Synth 8-3331] design tkeep_system_axis_subset_converter_0_0 has unconnected port tdata[0]
WARNING: [Synth 8-3331] design tkeep_system_axis_subset_converter_0_0 has unconnected port tuser[0]
WARNING: [Synth 8-3331] design tkeep_system_axis_subset_converter_0_0 has unconnected port tid[0]
WARNING: [Synth 8-3331] design tkeep_system_axis_subset_converter_0_0 has unconnected port tdest[0]
WARNING: [Synth 8-3331] design tkeep_system_axis_subset_converter_0_0 has unconnected port tkeep[3]
WARNING: [Synth 8-3331] design tkeep_system_axis_subset_converter_0_0 has unconnected port tstrb[3]
WARNING: [Synth 8-3331] design tkeep_system_axis_subset_converter_0_0 has unconnected port tstrb[2]
WARNING: [Synth 8-3331] design tkeep_system_axis_subset_converter_0_0 has unconnected port tstrb[1]
WARNING: [Synth 8-3331] design tkeep_system_axis_subset_converter_0_0 has unconnected port tstrb[0]
WARNING: [Synth 8-3331] design tkeep_system_axis_subset_converter_0_0 has unconnected port tlast
WARNING: [Synth 8-3331] design tstrb_system_axis_subset_converter_0_0 has unconnected port tdata[31]
WARNING: [Synth 8-3331] design tstrb_system_axis_subset_converter_0_0 has unconnected port tdata[30]
WARNING: [Synth 8-3331] design tstrb_system_axis_subset_converter_0_0 has unconnected port tdata[29]
WARNING: [Synth 8-3331] design tstrb_system_axis_subset_converter_0_0 has unconnected port tdata[28]
WARNING: [Synth 8-3331] design tstrb_system_axis_subset_converter_0_0 has unconnected port tdata[27]
WARNING: [Synth 8-3331] design tstrb_system_axis_subset_converter_0_0 has unconnected port tdata[26]
WARNING: [Synth 8-3331] design tstrb_system_axis_subset_converter_0_0 has unconnected port tdata[25]
WARNING: [Synth 8-3331] design tstrb_system_axis_subset_converter_0_0 has unconnected port tdata[24]
WARNING: [Synth 8-3331] design tstrb_system_axis_subset_converter_0_0 has unconnected port tdata[23]
WARNING: [Synth 8-3331] design tstrb_system_axis_subset_converter_0_0 has unconnected port tdata[22]
WARNING: [Synth 8-3331] design tstrb_system_axis_subset_converter_0_0 has unconnected port tdata[21]
WARNING: [Synth 8-3331] design tstrb_system_axis_subset_converter_0_0 has unconnected port tdata[20]
WARNING: [Synth 8-3331] design tstrb_system_axis_subset_converter_0_0 has unconnected port tdata[19]
WARNING: [Synth 8-3331] design tstrb_system_axis_subset_converter_0_0 has unconnected port tdata[18]
WARNING: [Synth 8-3331] design tstrb_system_axis_subset_converter_0_0 has unconnected port tdata[17]
WARNING: [Synth 8-3331] design tstrb_system_axis_subset_converter_0_0 has unconnected port tdata[16]
INFO: [Common 17-14] Message 'Synth 8-3331' appears 100 times and further instances of the messages will be disabled. Use the Tcl command set_msg_config to change the current settings.
---------------------------------------------------------------------------------
Finished RTL Elaboration : Time (s): cpu = 00:00:06 ; elapsed = 00:00:06 . Memory (MB): peak = 431.340 ; gain = 156.453
---------------------------------------------------------------------------------

Report Check Netlist: 
+------+------------------+-------+---------+-------+------------------+
|      |Item              |Errors |Warnings |Status |Description       |
+------+------------------+-------+---------+-------+------------------+
|1     |multi_driven_nets |      0|        0|Passed |Multi driven nets |
+------+------------------+-------+---------+-------+------------------+
---------------------------------------------------------------------------------
Start Handling Custom Attributes
---------------------------------------------------------------------------------
---------------------------------------------------------------------------------
Finished Handling Custom Attributes : Time (s): cpu = 00:00:06 ; elapsed = 00:00:06 . Memory (MB): peak = 431.340 ; gain = 156.453
---------------------------------------------------------------------------------
---------------------------------------------------------------------------------
Finished RTL Optimization Phase 1 : Time (s): cpu = 00:00:06 ; elapsed = 00:00:06 . Memory (MB): peak = 431.340 ; gain = 156.453
---------------------------------------------------------------------------------
INFO: [Device 21-403] Loading part xc7z010clg400-1
INFO: [Project 1-570] Preparing netlist for logic optimization

Processing XDC Constraints
Initializing timing engine
Parsing XDC File [h:/FPGA/VGA/AX7010/Linux14_1/Linux14_1.srcs/sources_1/bd/system/ip/system_axis_subset_converter_0_0/system_axis_subset_converter_0_0_ooc.xdc] for cell 'inst'
Finished Parsing XDC File [h:/FPGA/VGA/AX7010/Linux14_1/Linux14_1.srcs/sources_1/bd/system/ip/system_axis_subset_converter_0_0/system_axis_subset_converter_0_0_ooc.xdc] for cell 'inst'
Parsing XDC File [H:/FPGA/VGA/AX7010/Linux14_1/Linux14_1.runs/system_axis_subset_converter_0_0_synth_1/dont_touch.xdc]
Finished Parsing XDC File [H:/FPGA/VGA/AX7010/Linux14_1/Linux14_1.runs/system_axis_subset_converter_0_0_synth_1/dont_touch.xdc]
Completed Processing XDC Constraints

INFO: [Project 1-111] Unisim Transformation Summary:
No Unisim elements were transformed.

Constraint Validation Runtime : Time (s): cpu = 00:00:00 ; elapsed = 00:00:00.054 . Memory (MB): peak = 668.941 ; gain = 0.371
---------------------------------------------------------------------------------
Finished Constraint Validation : Time (s): cpu = 00:00:19 ; elapsed = 00:00:21 . Memory (MB): peak = 668.941 ; gain = 394.055
---------------------------------------------------------------------------------
---------------------------------------------------------------------------------
Start Loading Part and Timing Information
---------------------------------------------------------------------------------
Loading part: xc7z010clg400-1
---------------------------------------------------------------------------------
Finished Loading Part and Timing Information : Time (s): cpu = 00:00:19 ; elapsed = 00:00:21 . Memory (MB): peak = 668.941 ; gain = 394.055
---------------------------------------------------------------------------------
---------------------------------------------------------------------------------
Start Applying 'set_property' XDC Constraints
---------------------------------------------------------------------------------
Applied set_property DONT_TOUCH = true for inst. (constraint file  H:/FPGA/VGA/AX7010/Linux14_1/Linux14_1.runs/system_axis_subset_converter_0_0_synth_1/dont_touch.xdc, line 9).
---------------------------------------------------------------------------------
Finished applying 'set_property' XDC Constraints : Time (s): cpu = 00:00:19 ; elapsed = 00:00:21 . Memory (MB): peak = 668.941 ; gain = 394.055
---------------------------------------------------------------------------------
---------------------------------------------------------------------------------
Finished RTL Optimization Phase 2 : Time (s): cpu = 00:00:19 ; elapsed = 00:00:21 . Memory (MB): peak = 668.941 ; gain = 394.055
---------------------------------------------------------------------------------

Report RTL Partitions: 
+-+--------------+------------+----------+
| |RTL Partition |Replication |Instances |
+-+--------------+------------+----------+
+-+--------------+------------+----------+
---------------------------------------------------------------------------------
Start RTL Component Statistics 
---------------------------------------------------------------------------------
Detailed RTL Component Info : 
---------------------------------------------------------------------------------
Finished RTL Component Statistics 
---------------------------------------------------------------------------------
---------------------------------------------------------------------------------
Start RTL Hierarchical Component Statistics 
---------------------------------------------------------------------------------
Hierarchical RTL Component report 
---------------------------------------------------------------------------------
Finished RTL Hierarchical Component Statistics
---------------------------------------------------------------------------------
---------------------------------------------------------------------------------
Start Part Resource Summary
---------------------------------------------------------------------------------
Part Resources:
DSPs: 80 (col length:40)
BRAMs: 120 (col length: RAMB18 40 RAMB36 20)
---------------------------------------------------------------------------------
Finished Part Resource Summary
---------------------------------------------------------------------------------
---------------------------------------------------------------------------------
Start Cross Boundary and Area Optimization
---------------------------------------------------------------------------------
Warning: Parallel synthesis criteria is not met 
---------------------------------------------------------------------------------
Finished Cross Boundary and Area Optimization : Time (s): cpu = 00:00:20 ; elapsed = 00:00:22 . Memory (MB): peak = 668.941 ; gain = 394.055
---------------------------------------------------------------------------------

Report RTL Partitions: 
+-+--------------+------------+----------+
| |RTL Partition |Replication |Instances |
+-+--------------+------------+----------+
+-+--------------+------------+----------+
---------------------------------------------------------------------------------
Start Applying XDC Timing Constraints
---------------------------------------------------------------------------------
---------------------------------------------------------------------------------
Finished Applying XDC Timing Constraints : Time (s): cpu = 00:00:32 ; elapsed = 00:00:36 . Memory (MB): peak = 736.168 ; gain = 461.281
---------------------------------------------------------------------------------
---------------------------------------------------------------------------------
Start Timing Optimization
---------------------------------------------------------------------------------
---------------------------------------------------------------------------------
Finished Timing Optimization : Time (s): cpu = 00:00:32 ; elapsed = 00:00:36 . Memory (MB): peak = 736.168 ; gain = 461.281
---------------------------------------------------------------------------------

Report RTL Partitions: 
+-+--------------+------------+----------+
| |RTL Partition |Replication |Instances |
+-+--------------+------------+----------+
+-+--------------+------------+----------+
---------------------------------------------------------------------------------
Start Technology Mapping
---------------------------------------------------------------------------------
---------------------------------------------------------------------------------
Finished Technology Mapping : Time (s): cpu = 00:00:32 ; elapsed = 00:00:36 . Memory (MB): peak = 736.168 ; gain = 461.281
---------------------------------------------------------------------------------

Report RTL Partitions: 
+-+--------------+------------+----------+
| |RTL Partition |Replication |Instances |
+-+--------------+------------+----------+
+-+--------------+------------+----------+
---------------------------------------------------------------------------------
Start IO Insertion
---------------------------------------------------------------------------------
---------------------------------------------------------------------------------
Start Flattening Before IO Insertion
---------------------------------------------------------------------------------
---------------------------------------------------------------------------------
Finished Flattening Before IO Insertion
---------------------------------------------------------------------------------
---------------------------------------------------------------------------------
Start Final Netlist Cleanup
---------------------------------------------------------------------------------
---------------------------------------------------------------------------------
Finished Final Netlist Cleanup
---------------------------------------------------------------------------------
---------------------------------------------------------------------------------
Finished IO Insertion : Time (s): cpu = 00:00:34 ; elapsed = 00:00:37 . Memory (MB): peak = 737.293 ; gain = 462.406
---------------------------------------------------------------------------------

Report Check Netlist: 
+------+------------------+-------+---------+-------+------------------+
|      |Item              |Errors |Warnings |Status |Description       |
+------+------------------+-------+---------+-------+------------------+
|1     |multi_driven_nets |      0|        0|Passed |Multi driven nets |
+------+------------------+-------+---------+-------+------------------+
---------------------------------------------------------------------------------
Start Renaming Generated Instances
---------------------------------------------------------------------------------
---------------------------------------------------------------------------------
Finished Renaming Generated Instances : Time (s): cpu = 00:00:34 ; elapsed = 00:00:37 . Memory (MB): peak = 737.293 ; gain = 462.406
---------------------------------------------------------------------------------

Report RTL Partitions: 
+-+--------------+------------+----------+
| |RTL Partition |Replication |Instances |
+-+--------------+------------+----------+
+-+--------------+------------+----------+
---------------------------------------------------------------------------------
Start Rebuilding User Hierarchy
---------------------------------------------------------------------------------
---------------------------------------------------------------------------------
Finished Rebuilding User Hierarchy : Time (s): cpu = 00:00:34 ; elapsed = 00:00:37 . Memory (MB): peak = 737.293 ; gain = 462.406
---------------------------------------------------------------------------------
---------------------------------------------------------------------------------
Start Renaming Generated Ports
---------------------------------------------------------------------------------
---------------------------------------------------------------------------------
Finished Renaming Generated Ports : Time (s): cpu = 00:00:34 ; elapsed = 00:00:37 . Memory (MB): peak = 737.293 ; gain = 462.406
---------------------------------------------------------------------------------
---------------------------------------------------------------------------------
Start Handling Custom Attributes
---------------------------------------------------------------------------------
---------------------------------------------------------------------------------
Finished Handling Custom Attributes : Time (s): cpu = 00:00:34 ; elapsed = 00:00:37 . Memory (MB): peak = 737.293 ; gain = 462.406
---------------------------------------------------------------------------------
---------------------------------------------------------------------------------
Start Renaming Generated Nets
---------------------------------------------------------------------------------
---------------------------------------------------------------------------------
Finished Renaming Generated Nets : Time (s): cpu = 00:00:34 ; elapsed = 00:00:37 . Memory (MB): peak = 737.293 ; gain = 462.406
---------------------------------------------------------------------------------
---------------------------------------------------------------------------------
Start Writing Synthesis Report
---------------------------------------------------------------------------------

Report BlackBoxes: 
+-+--------------+----------+
| |BlackBox name |Instances |
+-+--------------+----------+
+-+--------------+----------+

Report Cell Usage: 
+-+-----+------+
| |Cell |Count |
+-+-----+------+
+-+-----+------+

Report Instance Areas: 
+------+---------+-------------------------------------+------+
|      |Instance |Module                               |Cells |
+------+---------+-------------------------------------+------+
|1     |top      |                                     |     0|
|2     |  inst   |top_system_axis_subset_converter_0_0 |     0|
+------+---------+-------------------------------------+------+
---------------------------------------------------------------------------------
Finished Writing Synthesis Report : Time (s): cpu = 00:00:34 ; elapsed = 00:00:37 . Memory (MB): peak = 737.293 ; gain = 462.406
---------------------------------------------------------------------------------
Synthesis finished with 0 errors, 0 critical warnings and 18 warnings.
Synthesis Optimization Runtime : Time (s): cpu = 00:00:19 ; elapsed = 00:00:26 . Memory (MB): peak = 737.293 ; gain = 224.805
Synthesis Optimization Complete : Time (s): cpu = 00:00:34 ; elapsed = 00:00:38 . Memory (MB): peak = 737.293 ; gain = 462.406
INFO: [Project 1-571] Translating synthesized netlist
INFO: [Project 1-570] Preparing netlist for logic optimization
INFO: [Opt 31-138] Pushed 0 inverter(s) to 0 load pin(s).
INFO: [Project 1-111] Unisim Transformation Summary:
No Unisim elements were transformed.

INFO: [Common 17-83] Releasing license: Synthesis
30 Infos, 100 Warnings, 0 Critical Warnings and 0 Errors encountered.
synth_design completed successfully
synth_design: Time (s): cpu = 00:00:36 ; elapsed = 00:00:40 . Memory (MB): peak = 760.473 ; gain = 493.238
WARNING: [Constraints 18-5210] No constraint will be written out.
INFO: [Common 17-1381] The checkpoint 'H:/FPGA/VGA/AX7010/Linux14_1/Linux14_1.runs/system_axis_subset_converter_0_0_synth_1/system_axis_subset_converter_0_0.dcp' has been generated.
INFO: [Coretcl 2-1482] Added synthesis output to IP cache for IP h:/FPGA/VGA/AX7010/Linux14_1/Linux14_1.srcs/sources_1/bd/system/ip/system_axis_subset_converter_0_0/system_axis_subset_converter_0_0.xci
WARNING: [Constraints 18-5210] No constraint will be written out.
INFO: [Common 17-1381] The checkpoint 'H:/FPGA/VGA/AX7010/Linux14_1/Linux14_1.runs/system_axis_subset_converter_0_0_synth_1/system_axis_subset_converter_0_0.dcp' has been generated.
INFO: [runtcl-4] Executing : report_utilization -file system_axis_subset_converter_0_0_utilization_synth.rpt -pb system_axis_subset_converter_0_0_utilization_synth.pb
report_utilization: Time (s): cpu = 00:00:00 ; elapsed = 00:00:00.049 . Memory (MB): peak = 760.945 ; gain = 0.000
INFO: [Common 17-206] Exiting Vivado at Mon Jan 29 01:30:30 2024...
